2024-12-14 10:01:56,572 - INFO - Application started
2024-12-14 10:02:03,959 - INFO - ----------Processing loop started----------
2024-12-14 10:02:30,449 - INFO - ----New round of detections----
2024-12-14 10:02:34,143 - INFO - the objects are: [{'object_id_r': 0, 'object_id_l': 0, 'object_name_right': 'potted plant', 'object_name_left': 'potted plant', 'object_center_right': {'x': 1046, 'y': 622}, 'object_center_left': {'x': 1131, 'y': 631}, 'right_image_aov': {'x': 2.786, 'y': 3.705}, 'left_image_aov': {'x': 5.54, 'y': 4.112}, 'orb_result': 179}, {'object_id_r': 1, 'object_id_l': 0, 'object_name_right': 'couch', 'object_name_left': 'potted plant', 'object_center_right': {'x': 439, 'y': 672}, 'object_center_left': {'x': 1131, 'y': 631}, 'right_image_aov': {'x': -16.878, 'y': 5.964}, 'left_image_aov': {'x': 5.54, 'y': 4.112}, 'orb_result': 83}]
2024-12-14 10:02:34,143 - INFO - -----------------------------------------------------
2024-12-14 10:02:34,153 - INFO - 
the correlation matrixe: [[(True, 179, {'object_id_r': 0, 'object_id_l': 0, 'object_name_right': 'potted plant', 'object_name_left': 'potted plant', 'object_center_right': {'x': 1046, 'y': 622}, 'object_center_left': {'x': 1131, 'y': 631}, 'right_image_aov': {'x': 2.786, 'y': 3.705}, 'left_image_aov': {'x': 5.54, 'y': 4.112}, 'orb_result': 179})
  (True, 83, {'object_id_r': 1, 'object_id_l': 0, 'object_name_right': 'couch', 'object_name_left': 'potted plant', 'object_center_right': {'x': 439, 'y': 672}, 'object_center_left': {'x': 1131, 'y': 631}, 'right_image_aov': {'x': -16.878, 'y': 5.964}, 'left_image_aov': {'x': 5.54, 'y': 4.112}, 'orb_result': 83})]]
2024-12-14 10:02:39,461 - INFO - The results of Max orb pairs are: [((0, 0), 179)]
2024-12-14 10:02:40,031 - INFO - The data of objects: [{'name': 'potted plant', 'distance': 4.4, 'angle': 4.16}]
2024-12-14 10:02:40,149 - INFO - ----New round of detections----
2024-12-14 10:02:41,372 - INFO - the objects are: [{'object_id_r': 0, 'object_id_l': 0, 'object_name_right': 'potted plant', 'object_name_left': 'potted plant', 'object_center_right': {'x': 1047, 'y': 622}, 'object_center_left': {'x': 1126, 'y': 633}, 'right_image_aov': {'x': 2.818, 'y': 3.705}, 'left_image_aov': {'x': 5.378, 'y': 4.202}, 'orb_result': 172}, {'object_id_r': 1, 'object_id_l': 0, 'object_name_right': 'couch', 'object_name_left': 'potted plant', 'object_center_right': {'x': 439, 'y': 671}, 'object_center_left': {'x': 1126, 'y': 633}, 'right_image_aov': {'x': -16.878, 'y': 5.919}, 'left_image_aov': {'x': 5.378, 'y': 4.202}, 'orb_result': 90}]
2024-12-14 10:02:41,372 - INFO - -----------------------------------------------------
2024-12-14 10:02:41,372 - INFO - 
the correlation matrixe: [[(True, 172, {'object_id_r': 0, 'object_id_l': 0, 'object_name_right': 'potted plant', 'object_name_left': 'potted plant', 'object_center_right': {'x': 1047, 'y': 622}, 'object_center_left': {'x': 1126, 'y': 633}, 'right_image_aov': {'x': 2.818, 'y': 3.705}, 'left_image_aov': {'x': 5.378, 'y': 4.202}, 'orb_result': 172})
  (True, 90, {'object_id_r': 1, 'object_id_l': 0, 'object_name_right': 'couch', 'object_name_left': 'potted plant', 'object_center_right': {'x': 439, 'y': 671}, 'object_center_left': {'x': 1126, 'y': 633}, 'right_image_aov': {'x': -16.878, 'y': 5.919}, 'left_image_aov': {'x': 5.378, 'y': 4.202}, 'orb_result': 90})]]
2024-12-14 10:02:41,372 - INFO - The results of Max orb pairs are: [((0, 0), 172)]
2024-12-14 10:02:41,780 - INFO - The data of objects: [{'name': 'potted plant', 'distance': 4.73, 'angle': 4.1}]
2024-12-14 10:02:41,886 - INFO - ----New round of detections----
2024-12-14 10:02:43,072 - INFO - the objects are: [{'object_id_r': 0, 'object_id_l': 0, 'object_name_right': 'potted plant', 'object_name_left': 'potted plant', 'object_center_right': {'x': 1050, 'y': 626}, 'object_center_left': {'x': 1125, 'y': 627}, 'right_image_aov': {'x': 2.916, 'y': 3.886}, 'left_image_aov': {'x': 5.345, 'y': 3.931}, 'orb_result': 160}, {'object_id_r': 1, 'object_id_l': 0, 'object_name_right': 'couch', 'object_name_left': 'potted plant', 'object_center_right': {'x': 441, 'y': 671}, 'object_center_left': {'x': 1125, 'y': 627}, 'right_image_aov': {'x': -16.813, 'y': 5.919}, 'left_image_aov': {'x': 5.345, 'y': 3.931}, 'orb_result': 86}]
2024-12-14 10:02:43,072 - INFO - -----------------------------------------------------
2024-12-14 10:02:43,072 - INFO - 
the correlation matrixe: [[(True, 160, {'object_id_r': 0, 'object_id_l': 0, 'object_name_right': 'potted plant', 'object_name_left': 'potted plant', 'object_center_right': {'x': 1050, 'y': 626}, 'object_center_left': {'x': 1125, 'y': 627}, 'right_image_aov': {'x': 2.916, 'y': 3.886}, 'left_image_aov': {'x': 5.345, 'y': 3.931}, 'orb_result': 160})
  (True, 86, {'object_id_r': 1, 'object_id_l': 0, 'object_name_right': 'couch', 'object_name_left': 'potted plant', 'object_center_right': {'x': 441, 'y': 671}, 'object_center_left': {'x': 1125, 'y': 627}, 'right_image_aov': {'x': -16.813, 'y': 5.919}, 'left_image_aov': {'x': 5.345, 'y': 3.931}, 'orb_result': 86})]]
2024-12-14 10:02:43,072 - INFO - The results of Max orb pairs are: [((0, 0), 160)]
2024-12-14 10:02:43,473 - INFO - The data of objects: [{'name': 'potted plant', 'distance': 4.99, 'angle': 4.13}]
2024-12-14 10:02:43,579 - INFO - ----New round of detections----
2024-12-14 10:02:44,739 - INFO - the objects are: [{'object_id_r': 0, 'object_id_l': 0, 'object_name_right': 'potted plant', 'object_name_left': 'potted plant', 'object_center_right': {'x': 1047, 'y': 623}, 'object_center_left': {'x': 1126, 'y': 629}, 'right_image_aov': {'x': 2.818, 'y': 3.75}, 'left_image_aov': {'x': 5.378, 'y': 4.021}, 'orb_result': 178}, {'object_id_r': 1, 'object_id_l': 0, 'object_name_right': 'couch', 'object_name_left': 'potted plant', 'object_center_right': {'x': 440, 'y': 670}, 'object_center_left': {'x': 1126, 'y': 629}, 'right_image_aov': {'x': -16.846, 'y': 5.874}, 'left_image_aov': {'x': 5.378, 'y': 4.021}, 'orb_result': 105}]
2024-12-14 10:02:44,739 - INFO - -----------------------------------------------------
2024-12-14 10:02:44,739 - INFO - 
the correlation matrixe: [[(True, 178, {'object_id_r': 0, 'object_id_l': 0, 'object_name_right': 'potted plant', 'object_name_left': 'potted plant', 'object_center_right': {'x': 1047, 'y': 623}, 'object_center_left': {'x': 1126, 'y': 629}, 'right_image_aov': {'x': 2.818, 'y': 3.75}, 'left_image_aov': {'x': 5.378, 'y': 4.021}, 'orb_result': 178})
  (True, 105, {'object_id_r': 1, 'object_id_l': 0, 'object_name_right': 'couch', 'object_name_left': 'potted plant', 'object_center_right': {'x': 440, 'y': 670}, 'object_center_left': {'x': 1126, 'y': 629}, 'right_image_aov': {'x': -16.846, 'y': 5.874}, 'left_image_aov': {'x': 5.378, 'y': 4.021}, 'orb_result': 105})]]
2024-12-14 10:02:44,739 - INFO - The results of Max orb pairs are: [((0, 0), 178)]
2024-12-14 10:02:45,109 - INFO - The data of objects: [{'name': 'potted plant', 'distance': 4.73, 'angle': 4.1}]
2024-12-14 10:02:45,226 - INFO - ----New round of detections----
2024-12-14 10:02:46,383 - INFO - the objects are: [{'object_id_r': 0, 'object_id_l': 0, 'object_name_right': 'potted plant', 'object_name_left': 'potted plant', 'object_center_right': {'x': 1047, 'y': 622}, 'object_center_left': {'x': 1126, 'y': 628}, 'right_image_aov': {'x': 2.818, 'y': 3.705}, 'left_image_aov': {'x': 5.378, 'y': 3.976}, 'orb_result': 160}, {'object_id_r': 1, 'object_id_l': 0, 'object_name_right': 'couch', 'object_name_left': 'potted plant', 'object_center_right': {'x': 444, 'y': 675}, 'object_center_left': {'x': 1126, 'y': 628}, 'right_image_aov': {'x': -16.716, 'y': 6.1}, 'left_image_aov': {'x': 5.378, 'y': 3.976}, 'orb_result': 98}]
2024-12-14 10:02:46,384 - INFO - -----------------------------------------------------
2024-12-14 10:02:46,384 - INFO - 
the correlation matrixe: [[(True, 160, {'object_id_r': 0, 'object_id_l': 0, 'object_name_right': 'potted plant', 'object_name_left': 'potted plant', 'object_center_right': {'x': 1047, 'y': 622}, 'object_center_left': {'x': 1126, 'y': 628}, 'right_image_aov': {'x': 2.818, 'y': 3.705}, 'left_image_aov': {'x': 5.378, 'y': 3.976}, 'orb_result': 160})
  (True, 98, {'object_id_r': 1, 'object_id_l': 0, 'object_name_right': 'couch', 'object_name_left': 'potted plant', 'object_center_right': {'x': 444, 'y': 675}, 'object_center_left': {'x': 1126, 'y': 628}, 'right_image_aov': {'x': -16.716, 'y': 6.1}, 'left_image_aov': {'x': 5.378, 'y': 3.976}, 'orb_result': 98})]]
2024-12-14 10:02:46,384 - INFO - The results of Max orb pairs are: [((0, 0), 160)]
2024-12-14 10:02:46,838 - INFO - The data of objects: [{'name': 'potted plant', 'distance': 4.73, 'angle': 4.1}]
2024-12-14 10:02:46,950 - INFO - ----New round of detections----
2024-12-14 10:02:48,221 - INFO - the objects are: [{'object_id_r': 0, 'object_id_l': 0, 'object_name_right': 'potted plant', 'object_name_left': 'potted plant', 'object_center_right': {'x': 1047, 'y': 623}, 'object_center_left': {'x': 1125, 'y': 633}, 'right_image_aov': {'x': 2.818, 'y': 3.75}, 'left_image_aov': {'x': 5.345, 'y': 4.202}, 'orb_result': 166}, {'object_id_r': 1, 'object_id_l': 0, 'object_name_right': 'couch', 'object_name_left': 'potted plant', 'object_center_right': {'x': 442, 'y': 672}, 'object_center_left': {'x': 1125, 'y': 633}, 'right_image_aov': {'x': -16.781, 'y': 5.964}, 'left_image_aov': {'x': 5.345, 'y': 4.202}, 'orb_result': 90}]
2024-12-14 10:02:48,222 - INFO - -----------------------------------------------------
2024-12-14 10:02:48,223 - INFO - 
the correlation matrixe: [[(True, 166, {'object_id_r': 0, 'object_id_l': 0, 'object_name_right': 'potted plant', 'object_name_left': 'potted plant', 'object_center_right': {'x': 1047, 'y': 623}, 'object_center_left': {'x': 1125, 'y': 633}, 'right_image_aov': {'x': 2.818, 'y': 3.75}, 'left_image_aov': {'x': 5.345, 'y': 4.202}, 'orb_result': 166})
  (True, 90, {'object_id_r': 1, 'object_id_l': 0, 'object_name_right': 'couch', 'object_name_left': 'potted plant', 'object_center_right': {'x': 442, 'y': 672}, 'object_center_left': {'x': 1125, 'y': 633}, 'right_image_aov': {'x': -16.781, 'y': 5.964}, 'left_image_aov': {'x': 5.345, 'y': 4.202}, 'orb_result': 90})]]
2024-12-14 10:02:48,223 - INFO - The results of Max orb pairs are: [((0, 0), 166)]
2024-12-14 10:02:48,603 - INFO - The data of objects: [{'name': 'potted plant', 'distance': 4.79, 'angle': 4.08}]
2024-12-14 10:02:48,716 - INFO - ----New round of detections----
2024-12-14 10:02:49,819 - INFO - the objects are: [{'object_id_r': 0, 'object_id_l': 0, 'object_name_right': 'potted plant', 'object_name_left': 'potted plant', 'object_center_right': {'x': 1050, 'y': 626}, 'object_center_left': {'x': 1123, 'y': 632}, 'right_image_aov': {'x': 2.916, 'y': 3.886}, 'left_image_aov': {'x': 5.281, 'y': 4.157}, 'orb_result': 162}, {'object_id_r': 1, 'object_id_l': 0, 'object_name_right': 'couch', 'object_name_left': 'potted plant', 'object_center_right': {'x': 443, 'y': 672}, 'object_center_left': {'x': 1123, 'y': 632}, 'right_image_aov': {'x': -16.749, 'y': 5.964}, 'left_image_aov': {'x': 5.281, 'y': 4.157}, 'orb_result': 90}]
2024-12-14 10:02:49,821 - INFO - -----------------------------------------------------
2024-12-14 10:02:49,822 - INFO - 
the correlation matrixe: [[(True, 162, {'object_id_r': 0, 'object_id_l': 0, 'object_name_right': 'potted plant', 'object_name_left': 'potted plant', 'object_center_right': {'x': 1050, 'y': 626}, 'object_center_left': {'x': 1123, 'y': 632}, 'right_image_aov': {'x': 2.916, 'y': 3.886}, 'left_image_aov': {'x': 5.281, 'y': 4.157}, 'orb_result': 162})
  (True, 90, {'object_id_r': 1, 'object_id_l': 0, 'object_name_right': 'couch', 'object_name_left': 'potted plant', 'object_center_right': {'x': 443, 'y': 672}, 'object_center_left': {'x': 1123, 'y': 632}, 'right_image_aov': {'x': -16.749, 'y': 5.964}, 'left_image_aov': {'x': 5.281, 'y': 4.157}, 'orb_result': 90})]]
2024-12-14 10:02:49,822 - INFO - The results of Max orb pairs are: [((0, 0), 162)]
2024-12-14 10:02:50,207 - INFO - The data of objects: [{'name': 'potted plant', 'distance': 5.12, 'angle': 4.1}]
2024-12-14 10:02:50,324 - INFO - ----New round of detections----
2024-12-14 10:02:51,504 - INFO - the objects are: [{'object_id_r': 0, 'object_id_l': 0, 'object_name_right': 'potted plant', 'object_name_left': 'potted plant', 'object_center_right': {'x': 1047, 'y': 622}, 'object_center_left': {'x': 1128, 'y': 631}, 'right_image_aov': {'x': 2.818, 'y': 3.705}, 'left_image_aov': {'x': 5.442, 'y': 4.112}, 'orb_result': 159}, {'object_id_r': 1, 'object_id_l': 0, 'object_name_right': 'couch', 'object_name_left': 'potted plant', 'object_center_right': {'x': 442, 'y': 672}, 'object_center_left': {'x': 1128, 'y': 631}, 'right_image_aov': {'x': -16.781, 'y': 5.964}, 'left_image_aov': {'x': 5.442, 'y': 4.112}, 'orb_result': 99}]
2024-12-14 10:02:51,506 - INFO - -----------------------------------------------------
2024-12-14 10:02:51,506 - INFO - 
the correlation matrixe: [[(True, 159, {'object_id_r': 0, 'object_id_l': 0, 'object_name_right': 'potted plant', 'object_name_left': 'potted plant', 'object_center_right': {'x': 1047, 'y': 622}, 'object_center_left': {'x': 1128, 'y': 631}, 'right_image_aov': {'x': 2.818, 'y': 3.705}, 'left_image_aov': {'x': 5.442, 'y': 4.112}, 'orb_result': 159})
  (True, 99, {'object_id_r': 1, 'object_id_l': 0, 'object_name_right': 'couch', 'object_name_left': 'potted plant', 'object_center_right': {'x': 442, 'y': 672}, 'object_center_left': {'x': 1128, 'y': 631}, 'right_image_aov': {'x': -16.781, 'y': 5.964}, 'left_image_aov': {'x': 5.442, 'y': 4.112}, 'orb_result': 99})]]
2024-12-14 10:02:51,509 - INFO - The results of Max orb pairs are: [((0, 0), 159)]
2024-12-14 10:02:51,909 - INFO - The data of objects: [{'name': 'potted plant', 'distance': 4.62, 'angle': 4.13}]
2024-12-14 10:02:52,012 - INFO - ----New round of detections----
2024-12-14 10:02:53,242 - INFO - the objects are: [{'object_id_r': 0, 'object_id_l': 0, 'object_name_right': 'potted plant', 'object_name_left': 'potted plant', 'object_center_right': {'x': 1047, 'y': 622}, 'object_center_left': {'x': 1128, 'y': 630}, 'right_image_aov': {'x': 2.818, 'y': 3.705}, 'left_image_aov': {'x': 5.442, 'y': 4.067}, 'orb_result': 161}, {'object_id_r': 1, 'object_id_l': 0, 'object_name_right': 'couch', 'object_name_left': 'potted plant', 'object_center_right': {'x': 444, 'y': 673}, 'object_center_left': {'x': 1128, 'y': 630}, 'right_image_aov': {'x': -16.716, 'y': 6.01}, 'left_image_aov': {'x': 5.442, 'y': 4.067}, 'orb_result': 84}]
2024-12-14 10:02:53,242 - INFO - -----------------------------------------------------
2024-12-14 10:02:53,242 - INFO - 
the correlation matrixe: [[(True, 161, {'object_id_r': 0, 'object_id_l': 0, 'object_name_right': 'potted plant', 'object_name_left': 'potted plant', 'object_center_right': {'x': 1047, 'y': 622}, 'object_center_left': {'x': 1128, 'y': 630}, 'right_image_aov': {'x': 2.818, 'y': 3.705}, 'left_image_aov': {'x': 5.442, 'y': 4.067}, 'orb_result': 161})
  (True, 84, {'object_id_r': 1, 'object_id_l': 0, 'object_name_right': 'couch', 'object_name_left': 'potted plant', 'object_center_right': {'x': 444, 'y': 673}, 'object_center_left': {'x': 1128, 'y': 630}, 'right_image_aov': {'x': -16.716, 'y': 6.01}, 'left_image_aov': {'x': 5.442, 'y': 4.067}, 'orb_result': 84})]]
2024-12-14 10:02:53,242 - INFO - The results of Max orb pairs are: [((0, 0), 161)]
2024-12-14 10:02:53,692 - INFO - The data of objects: [{'name': 'potted plant', 'distance': 4.62, 'angle': 4.13}]
2024-12-14 10:02:53,806 - INFO - ----New round of detections----
2024-12-14 10:02:54,959 - INFO - the objects are: [{'object_id_r': 0, 'object_id_l': 0, 'object_name_right': 'potted plant', 'object_name_left': 'potted plant', 'object_center_right': {'x': 1046, 'y': 622}, 'object_center_left': {'x': 1128, 'y': 624}, 'right_image_aov': {'x': 2.786, 'y': 3.705}, 'left_image_aov': {'x': 5.442, 'y': 3.796}, 'orb_result': 184}, {'object_id_r': 1, 'object_id_l': 0, 'object_name_right': 'couch', 'object_name_left': 'potted plant', 'object_center_right': {'x': 439, 'y': 670}, 'object_center_left': {'x': 1128, 'y': 624}, 'right_image_aov': {'x': -16.878, 'y': 5.874}, 'left_image_aov': {'x': 5.442, 'y': 3.796}, 'orb_result': 89}]
2024-12-14 10:02:54,959 - INFO - -----------------------------------------------------
2024-12-14 10:02:54,959 - INFO - 
the correlation matrixe: [[(True, 184, {'object_id_r': 0, 'object_id_l': 0, 'object_name_right': 'potted plant', 'object_name_left': 'potted plant', 'object_center_right': {'x': 1046, 'y': 622}, 'object_center_left': {'x': 1128, 'y': 624}, 'right_image_aov': {'x': 2.786, 'y': 3.705}, 'left_image_aov': {'x': 5.442, 'y': 3.796}, 'orb_result': 184})
  (True, 89, {'object_id_r': 1, 'object_id_l': 0, 'object_name_right': 'couch', 'object_name_left': 'potted plant', 'object_center_right': {'x': 439, 'y': 670}, 'object_center_left': {'x': 1128, 'y': 624}, 'right_image_aov': {'x': -16.878, 'y': 5.874}, 'left_image_aov': {'x': 5.442, 'y': 3.796}, 'orb_result': 89})]]
2024-12-14 10:02:54,959 - INFO - The results of Max orb pairs are: [((0, 0), 184)]
2024-12-14 10:02:55,443 - INFO - The data of objects: [{'name': 'potted plant', 'distance': 4.56, 'angle': 4.11}]
2024-12-14 10:02:55,555 - INFO - ----New round of detections----
2024-12-14 10:02:56,794 - INFO - the objects are: [{'object_id_r': 0, 'object_id_l': 0, 'object_name_right': 'potted plant', 'object_name_left': 'potted plant', 'object_center_right': {'x': 1047, 'y': 623}, 'object_center_left': {'x': 1126, 'y': 631}, 'right_image_aov': {'x': 2.818, 'y': 3.75}, 'left_image_aov': {'x': 5.378, 'y': 4.112}, 'orb_result': 161}, {'object_id_r': 1, 'object_id_l': 0, 'object_name_right': 'couch', 'object_name_left': 'potted plant', 'object_center_right': {'x': 443, 'y': 671}, 'object_center_left': {'x': 1126, 'y': 631}, 'right_image_aov': {'x': -16.749, 'y': 5.919}, 'left_image_aov': {'x': 5.378, 'y': 4.112}, 'orb_result': 95}]
2024-12-14 10:02:56,794 - INFO - -----------------------------------------------------
2024-12-14 10:02:56,794 - INFO - 
the correlation matrixe: [[(True, 161, {'object_id_r': 0, 'object_id_l': 0, 'object_name_right': 'potted plant', 'object_name_left': 'potted plant', 'object_center_right': {'x': 1047, 'y': 623}, 'object_center_left': {'x': 1126, 'y': 631}, 'right_image_aov': {'x': 2.818, 'y': 3.75}, 'left_image_aov': {'x': 5.378, 'y': 4.112}, 'orb_result': 161})
  (True, 95, {'object_id_r': 1, 'object_id_l': 0, 'object_name_right': 'couch', 'object_name_left': 'potted plant', 'object_center_right': {'x': 443, 'y': 671}, 'object_center_left': {'x': 1126, 'y': 631}, 'right_image_aov': {'x': -16.749, 'y': 5.919}, 'left_image_aov': {'x': 5.378, 'y': 4.112}, 'orb_result': 95})]]
2024-12-14 10:02:56,794 - INFO - The results of Max orb pairs are: [((0, 0), 161)]
2024-12-14 10:02:57,199 - INFO - The data of objects: [{'name': 'potted plant', 'distance': 4.73, 'angle': 4.1}]
2024-12-14 10:02:57,305 - INFO - ----New round of detections----
2024-12-14 10:02:58,503 - INFO - the objects are: [{'object_id_r': 0, 'object_id_l': 0, 'object_name_right': 'potted plant', 'object_name_left': 'potted plant', 'object_center_right': {'x': 1050, 'y': 625}, 'object_center_left': {'x': 1125, 'y': 633}, 'right_image_aov': {'x': 2.916, 'y': 3.841}, 'left_image_aov': {'x': 5.345, 'y': 4.202}, 'orb_result': 161}, {'object_id_r': 1, 'object_id_l': 0, 'object_name_right': 'couch', 'object_name_left': 'potted plant', 'object_center_right': {'x': 436, 'y': 673}, 'object_center_left': {'x': 1125, 'y': 633}, 'right_image_aov': {'x': -16.975, 'y': 6.01}, 'left_image_aov': {'x': 5.345, 'y': 4.202}, 'orb_result': 92}]
2024-12-14 10:02:58,503 - INFO - -----------------------------------------------------
2024-12-14 10:02:58,503 - INFO - 
the correlation matrixe: [[(True, 161, {'object_id_r': 0, 'object_id_l': 0, 'object_name_right': 'potted plant', 'object_name_left': 'potted plant', 'object_center_right': {'x': 1050, 'y': 625}, 'object_center_left': {'x': 1125, 'y': 633}, 'right_image_aov': {'x': 2.916, 'y': 3.841}, 'left_image_aov': {'x': 5.345, 'y': 4.202}, 'orb_result': 161})
  (True, 92, {'object_id_r': 1, 'object_id_l': 0, 'object_name_right': 'couch', 'object_name_left': 'potted plant', 'object_center_right': {'x': 436, 'y': 673}, 'object_center_left': {'x': 1125, 'y': 633}, 'right_image_aov': {'x': -16.975, 'y': 6.01}, 'left_image_aov': {'x': 5.345, 'y': 4.202}, 'orb_result': 92})]]
2024-12-14 10:02:58,503 - INFO - The results of Max orb pairs are: [((0, 0), 161)]
2024-12-14 10:02:58,910 - INFO - The data of objects: [{'name': 'potted plant', 'distance': 4.99, 'angle': 4.13}]
2024-12-14 10:02:59,023 - INFO - ----New round of detections----
2024-12-14 10:03:00,202 - INFO - the objects are: [{'object_id_r': 0, 'object_id_l': 0, 'object_name_right': 'potted plant', 'object_name_left': 'potted plant', 'object_center_right': {'x': 1047, 'y': 620}, 'object_center_left': {'x': 1127, 'y': 627}, 'right_image_aov': {'x': 2.818, 'y': 3.615}, 'left_image_aov': {'x': 5.41, 'y': 3.931}, 'orb_result': 166}, {'object_id_r': 1, 'object_id_l': 0, 'object_name_right': 'couch', 'object_name_left': 'potted plant', 'object_center_right': {'x': 439, 'y': 670}, 'object_center_left': {'x': 1127, 'y': 627}, 'right_image_aov': {'x': -16.878, 'y': 5.874}, 'left_image_aov': {'x': 5.41, 'y': 3.931}, 'orb_result': 92}]
2024-12-14 10:03:00,215 - INFO - -----------------------------------------------------
2024-12-14 10:03:00,215 - INFO - 
the correlation matrixe: [[(True, 166, {'object_id_r': 0, 'object_id_l': 0, 'object_name_right': 'potted plant', 'object_name_left': 'potted plant', 'object_center_right': {'x': 1047, 'y': 620}, 'object_center_left': {'x': 1127, 'y': 627}, 'right_image_aov': {'x': 2.818, 'y': 3.615}, 'left_image_aov': {'x': 5.41, 'y': 3.931}, 'orb_result': 166})
  (True, 92, {'object_id_r': 1, 'object_id_l': 0, 'object_name_right': 'couch', 'object_name_left': 'potted plant', 'object_center_right': {'x': 439, 'y': 670}, 'object_center_left': {'x': 1127, 'y': 627}, 'right_image_aov': {'x': -16.878, 'y': 5.874}, 'left_image_aov': {'x': 5.41, 'y': 3.931}, 'orb_result': 92})]]
2024-12-14 10:03:00,215 - INFO - The results of Max orb pairs are: [((0, 0), 166)]
2024-12-14 10:03:00,619 - INFO - The data of objects: [{'name': 'potted plant', 'distance': 4.67, 'angle': 4.11}]
2024-12-14 10:03:00,727 - INFO - ----New round of detections----
