2024-12-14 10:51:26,708 - INFO - Application started
2024-12-14 10:51:32,219 - INFO - ----------Processing loop started----------
2024-12-14 10:51:56,945 - INFO - ----New round of detections----
2024-12-14 10:52:00,766 - INFO - the objects are: [{'object_id_r': 0, 'object_id_l': 0, 'object_name_right': 'person', 'object_name_left': 'person', 'object_center_right': {'x': 159, 'y': 533}, 'object_center_left': {'x': 261, 'y': 539}, 'right_image_aov': {'x': -25.949, 'y': -0.316}, 'left_image_aov': {'x': -22.645, 'y': -0.045}, 'orb_result': 111}, {'object_id_r': 0, 'object_id_l': 1, 'object_name_right': 'person', 'object_name_left': 'potted plant', 'object_center_right': {'x': 159, 'y': 533}, 'object_center_left': {'x': 743, 'y': 699}, 'right_image_aov': {'x': -25.949, 'y': -0.316}, 'left_image_aov': {'x': -7.03, 'y': 7.184}, 'orb_result': 132}, {'object_id_r': 1, 'object_id_l': 0, 'object_name_right': 'potted plant', 'object_name_left': 'person', 'object_center_right': {'x': 666, 'y': 709}, 'object_center_left': {'x': 261, 'y': 539}, 'right_image_aov': {'x': -9.524, 'y': 7.636}, 'left_image_aov': {'x': -22.645, 'y': -0.045}, 'orb_result': 125}, {'object_id_r': 1, 'object_id_l': 1, 'object_name_right': 'potted plant', 'object_name_left': 'potted plant', 'object_center_right': {'x': 666, 'y': 709}, 'object_center_left': {'x': 743, 'y': 699}, 'right_image_aov': {'x': -9.524, 'y': 7.636}, 'left_image_aov': {'x': -7.03, 'y': 7.184}, 'orb_result': 168}]
2024-12-14 10:52:00,766 - INFO - -----------------------------------------------------
2024-12-14 10:52:00,770 - INFO - 
the correlation matrixe: [[(True, 111, {'object_id_r': 0, 'object_id_l': 0, 'object_name_right': 'person', 'object_name_left': 'person', 'object_center_right': {'x': 159, 'y': 533}, 'object_center_left': {'x': 261, 'y': 539}, 'right_image_aov': {'x': -25.949, 'y': -0.316}, 'left_image_aov': {'x': -22.645, 'y': -0.045}, 'orb_result': 111})
  (True, 125, {'object_id_r': 1, 'object_id_l': 0, 'object_name_right': 'potted plant', 'object_name_left': 'person', 'object_center_right': {'x': 666, 'y': 709}, 'object_center_left': {'x': 261, 'y': 539}, 'right_image_aov': {'x': -9.524, 'y': 7.636}, 'left_image_aov': {'x': -22.645, 'y': -0.045}, 'orb_result': 125})]
 [(True, 132, {'object_id_r': 0, 'object_id_l': 1, 'object_name_right': 'person', 'object_name_left': 'potted plant', 'object_center_right': {'x': 159, 'y': 533}, 'object_center_left': {'x': 743, 'y': 699}, 'right_image_aov': {'x': -25.949, 'y': -0.316}, 'left_image_aov': {'x': -7.03, 'y': 7.184}, 'orb_result': 132})
  (True, 168, {'object_id_r': 1, 'object_id_l': 1, 'object_name_right': 'potted plant', 'object_name_left': 'potted plant', 'object_center_right': {'x': 666, 'y': 709}, 'object_center_left': {'x': 743, 'y': 699}, 'right_image_aov': {'x': -9.524, 'y': 7.636}, 'left_image_aov': {'x': -7.03, 'y': 7.184}, 'orb_result': 168})]]
2024-12-14 10:52:00,770 - INFO - The results of Max orb pairs are: [((1, 1), 168), ((0, 0), 111)]
2024-12-14 10:52:01,012 - INFO - The data of objects: [{'name': 'potted plant', 'distance': 4.86, 'angle': -8.28}, {'name': 'person', 'distance': 3.67, 'angle': -24.3}]
2024-12-14 10:52:01,122 - INFO - ----New round of detections----
2024-12-14 10:52:02,587 - INFO - the objects are: [{'object_id_r': 0, 'object_id_l': 0, 'object_name_right': 'potted plant', 'object_name_left': 'person', 'object_center_right': {'x': 666, 'y': 705}, 'object_center_left': {'x': 300, 'y': 545}, 'right_image_aov': {'x': -9.524, 'y': 7.456}, 'left_image_aov': {'x': -21.381, 'y': 0.226}, 'orb_result': 137}, {'object_id_r': 0, 'object_id_l': 1, 'object_name_right': 'potted plant', 'object_name_left': 'potted plant', 'object_center_right': {'x': 666, 'y': 705}, 'object_center_left': {'x': 755, 'y': 698}, 'right_image_aov': {'x': -9.524, 'y': 7.456}, 'left_image_aov': {'x': -6.641, 'y': 7.139}, 'orb_result': 159}, {'object_id_r': 1, 'object_id_l': 0, 'object_name_right': 'person', 'object_name_left': 'person', 'object_center_right': {'x': 206, 'y': 559}, 'object_center_left': {'x': 300, 'y': 545}, 'right_image_aov': {'x': -24.426, 'y': 0.859}, 'left_image_aov': {'x': -21.381, 'y': 0.226}, 'orb_result': 160}, {'object_id_r': 1, 'object_id_l': 1, 'object_name_right': 'person', 'object_name_left': 'potted plant', 'object_center_right': {'x': 206, 'y': 559}, 'object_center_left': {'x': 755, 'y': 698}, 'right_image_aov': {'x': -24.426, 'y': 0.859}, 'left_image_aov': {'x': -6.641, 'y': 7.139}, 'orb_result': 121}]
2024-12-14 10:52:02,587 - INFO - -----------------------------------------------------
2024-12-14 10:52:02,587 - INFO - 
the correlation matrixe: [[(True, 137, {'object_id_r': 0, 'object_id_l': 0, 'object_name_right': 'potted plant', 'object_name_left': 'person', 'object_center_right': {'x': 666, 'y': 705}, 'object_center_left': {'x': 300, 'y': 545}, 'right_image_aov': {'x': -9.524, 'y': 7.456}, 'left_image_aov': {'x': -21.381, 'y': 0.226}, 'orb_result': 137})
  (True, 160, {'object_id_r': 1, 'object_id_l': 0, 'object_name_right': 'person', 'object_name_left': 'person', 'object_center_right': {'x': 206, 'y': 559}, 'object_center_left': {'x': 300, 'y': 545}, 'right_image_aov': {'x': -24.426, 'y': 0.859}, 'left_image_aov': {'x': -21.381, 'y': 0.226}, 'orb_result': 160})]
 [(True, 159, {'object_id_r': 0, 'object_id_l': 1, 'object_name_right': 'potted plant', 'object_name_left': 'potted plant', 'object_center_right': {'x': 666, 'y': 705}, 'object_center_left': {'x': 755, 'y': 698}, 'right_image_aov': {'x': -9.524, 'y': 7.456}, 'left_image_aov': {'x': -6.641, 'y': 7.139}, 'orb_result': 159})
  (True, 121, {'object_id_r': 1, 'object_id_l': 1, 'object_name_right': 'person', 'object_name_left': 'potted plant', 'object_center_right': {'x': 206, 'y': 559}, 'object_center_left': {'x': 755, 'y': 698}, 'right_image_aov': {'x': -24.426, 'y': 0.859}, 'left_image_aov': {'x': -6.641, 'y': 7.139}, 'orb_result': 121})]]
2024-12-14 10:52:02,587 - INFO - The results of Max orb pairs are: [((0, 1), 160), ((1, 0), 159)]
2024-12-14 10:52:02,763 - INFO - The data of objects: [{'name': 'person', 'distance': 3.98, 'angle': -22.9}, {'name': 'potted plant', 'distance': 4.2, 'angle': -8.08}]
2024-12-14 10:52:02,867 - INFO - ----New round of detections----
2024-12-14 10:52:04,435 - INFO - the objects are: [{'object_id_r': 0, 'object_id_l': 0, 'object_name_right': 'potted plant', 'object_name_left': 'person', 'object_center_right': {'x': 666, 'y': 707}, 'object_center_left': {'x': 300, 'y': 539}, 'right_image_aov': {'x': -9.524, 'y': 7.546}, 'left_image_aov': {'x': -21.381, 'y': -0.045}, 'orb_result': 128}, {'object_id_r': 0, 'object_id_l': 1, 'object_name_right': 'potted plant', 'object_name_left': 'potted plant', 'object_center_right': {'x': 666, 'y': 707}, 'object_center_left': {'x': 758, 'y': 697}, 'right_image_aov': {'x': -9.524, 'y': 7.546}, 'left_image_aov': {'x': -6.544, 'y': 7.094}, 'orb_result': 157}, {'object_id_r': 1, 'object_id_l': 0, 'object_name_right': 'person', 'object_name_left': 'person', 'object_center_right': {'x': 188, 'y': 556}, 'object_center_left': {'x': 300, 'y': 539}, 'right_image_aov': {'x': -25.01, 'y': 0.723}, 'left_image_aov': {'x': -21.381, 'y': -0.045}, 'orb_result': 149}, {'object_id_r': 1, 'object_id_l': 1, 'object_name_right': 'person', 'object_name_left': 'potted plant', 'object_center_right': {'x': 188, 'y': 556}, 'object_center_left': {'x': 758, 'y': 697}, 'right_image_aov': {'x': -25.01, 'y': 0.723}, 'left_image_aov': {'x': -6.544, 'y': 7.094}, 'orb_result': 120}]
2024-12-14 10:52:04,435 - INFO - -----------------------------------------------------
2024-12-14 10:52:04,435 - INFO - 
the correlation matrixe: [[(True, 128, {'object_id_r': 0, 'object_id_l': 0, 'object_name_right': 'potted plant', 'object_name_left': 'person', 'object_center_right': {'x': 666, 'y': 707}, 'object_center_left': {'x': 300, 'y': 539}, 'right_image_aov': {'x': -9.524, 'y': 7.546}, 'left_image_aov': {'x': -21.381, 'y': -0.045}, 'orb_result': 128})
  (True, 149, {'object_id_r': 1, 'object_id_l': 0, 'object_name_right': 'person', 'object_name_left': 'person', 'object_center_right': {'x': 188, 'y': 556}, 'object_center_left': {'x': 300, 'y': 539}, 'right_image_aov': {'x': -25.01, 'y': 0.723}, 'left_image_aov': {'x': -21.381, 'y': -0.045}, 'orb_result': 149})]
 [(True, 157, {'object_id_r': 0, 'object_id_l': 1, 'object_name_right': 'potted plant', 'object_name_left': 'potted plant', 'object_center_right': {'x': 666, 'y': 707}, 'object_center_left': {'x': 758, 'y': 697}, 'right_image_aov': {'x': -9.524, 'y': 7.546}, 'left_image_aov': {'x': -6.544, 'y': 7.094}, 'orb_result': 157})
  (True, 120, {'object_id_r': 1, 'object_id_l': 1, 'object_name_right': 'person', 'object_name_left': 'potted plant', 'object_center_right': {'x': 188, 'y': 556}, 'object_center_left': {'x': 758, 'y': 697}, 'right_image_aov': {'x': -25.01, 'y': 0.723}, 'left_image_aov': {'x': -6.544, 'y': 7.094}, 'orb_result': 120})]]
2024-12-14 10:52:04,435 - INFO - The results of Max orb pairs are: [((1, 0), 157), ((0, 1), 149)]
2024-12-14 10:52:04,604 - INFO - The data of objects: [{'name': 'potted plant', 'distance': 4.07, 'angle': -8.03}, {'name': 'person', 'distance': 3.34, 'angle': -23.2}]
2024-12-14 10:52:04,718 - INFO - ----New round of detections----
2024-12-14 10:52:06,003 - INFO - the objects are: [{'object_id_r': 0, 'object_id_l': 0, 'object_name_right': 'potted plant', 'object_name_left': 'person', 'object_center_right': {'x': 667, 'y': 709}, 'object_center_left': {'x': 310, 'y': 546}, 'right_image_aov': {'x': -9.492, 'y': 7.636}, 'left_image_aov': {'x': -21.057, 'y': 0.271}, 'orb_result': 155}, {'object_id_r': 0, 'object_id_l': 1, 'object_name_right': 'potted plant', 'object_name_left': 'potted plant', 'object_center_right': {'x': 667, 'y': 709}, 'object_center_left': {'x': 755, 'y': 693}, 'right_image_aov': {'x': -9.492, 'y': 7.636}, 'left_image_aov': {'x': -6.641, 'y': 6.913}, 'orb_result': 169}, {'object_id_r': 1, 'object_id_l': 0, 'object_name_right': 'person', 'object_name_left': 'person', 'object_center_right': {'x': 198, 'y': 537}, 'object_center_left': {'x': 310, 'y': 546}, 'right_image_aov': {'x': -24.686, 'y': -0.136}, 'left_image_aov': {'x': -21.057, 'y': 0.271}, 'orb_result': 159}, {'object_id_r': 1, 'object_id_l': 1, 'object_name_right': 'person', 'object_name_left': 'potted plant', 'object_center_right': {'x': 198, 'y': 537}, 'object_center_left': {'x': 755, 'y': 693}, 'right_image_aov': {'x': -24.686, 'y': -0.136}, 'left_image_aov': {'x': -6.641, 'y': 6.913}, 'orb_result': 155}]
2024-12-14 10:52:06,003 - INFO - -----------------------------------------------------
2024-12-14 10:52:06,003 - INFO - 
the correlation matrixe: [[(True, 155, {'object_id_r': 0, 'object_id_l': 0, 'object_name_right': 'potted plant', 'object_name_left': 'person', 'object_center_right': {'x': 667, 'y': 709}, 'object_center_left': {'x': 310, 'y': 546}, 'right_image_aov': {'x': -9.492, 'y': 7.636}, 'left_image_aov': {'x': -21.057, 'y': 0.271}, 'orb_result': 155})
  (True, 159, {'object_id_r': 1, 'object_id_l': 0, 'object_name_right': 'person', 'object_name_left': 'person', 'object_center_right': {'x': 198, 'y': 537}, 'object_center_left': {'x': 310, 'y': 546}, 'right_image_aov': {'x': -24.686, 'y': -0.136}, 'left_image_aov': {'x': -21.057, 'y': 0.271}, 'orb_result': 159})]
 [(True, 169, {'object_id_r': 0, 'object_id_l': 1, 'object_name_right': 'potted plant', 'object_name_left': 'potted plant', 'object_center_right': {'x': 667, 'y': 709}, 'object_center_left': {'x': 755, 'y': 693}, 'right_image_aov': {'x': -9.492, 'y': 7.636}, 'left_image_aov': {'x': -6.641, 'y': 6.913}, 'orb_result': 169})
  (True, 155, {'object_id_r': 1, 'object_id_l': 1, 'object_name_right': 'person', 'object_name_left': 'potted plant', 'object_center_right': {'x': 198, 'y': 537}, 'object_center_left': {'x': 755, 'y': 693}, 'right_image_aov': {'x': -24.686, 'y': -0.136}, 'left_image_aov': {'x': -6.641, 'y': 6.913}, 'orb_result': 155})]]
2024-12-14 10:52:06,003 - INFO - The results of Max orb pairs are: [((1, 0), 169), ((0, 1), 159)]
2024-12-14 10:52:06,184 - INFO - The data of objects: [{'name': 'potted plant', 'distance': 4.25, 'angle': -8.07}, {'name': 'person', 'distance': 3.34, 'angle': -22.87}]
2024-12-14 10:52:06,292 - INFO - ----New round of detections----
2024-12-14 10:52:07,787 - INFO - the objects are: [{'object_id_r': 0, 'object_id_l': 0, 'object_name_right': 'potted plant', 'object_name_left': 'person', 'object_center_right': {'x': 666, 'y': 707}, 'object_center_left': {'x': 280, 'y': 535}, 'right_image_aov': {'x': -9.524, 'y': 7.546}, 'left_image_aov': {'x': -22.029, 'y': -0.226}, 'orb_result': 154}, {'object_id_r': 0, 'object_id_l': 1, 'object_name_right': 'potted plant', 'object_name_left': 'potted plant', 'object_center_right': {'x': 666, 'y': 707}, 'object_center_left': {'x': 754, 'y': 691}, 'right_image_aov': {'x': -9.524, 'y': 7.546}, 'left_image_aov': {'x': -6.674, 'y': 6.823}, 'orb_result': 176}, {'object_id_r': 1, 'object_id_l': 0, 'object_name_right': 'person', 'object_name_left': 'person', 'object_center_right': {'x': 172, 'y': 536}, 'object_center_left': {'x': 280, 'y': 535}, 'right_image_aov': {'x': -25.528, 'y': -0.181}, 'left_image_aov': {'x': -22.029, 'y': -0.226}, 'orb_result': 163}, {'object_id_r': 1, 'object_id_l': 1, 'object_name_right': 'person', 'object_name_left': 'potted plant', 'object_center_right': {'x': 172, 'y': 536}, 'object_center_left': {'x': 754, 'y': 691}, 'right_image_aov': {'x': -25.528, 'y': -0.181}, 'left_image_aov': {'x': -6.674, 'y': 6.823}, 'orb_result': 123}]
2024-12-14 10:52:07,795 - INFO - -----------------------------------------------------
2024-12-14 10:52:07,795 - INFO - 
the correlation matrixe: [[(True, 154, {'object_id_r': 0, 'object_id_l': 0, 'object_name_right': 'potted plant', 'object_name_left': 'person', 'object_center_right': {'x': 666, 'y': 707}, 'object_center_left': {'x': 280, 'y': 535}, 'right_image_aov': {'x': -9.524, 'y': 7.546}, 'left_image_aov': {'x': -22.029, 'y': -0.226}, 'orb_result': 154})
  (True, 163, {'object_id_r': 1, 'object_id_l': 0, 'object_name_right': 'person', 'object_name_left': 'person', 'object_center_right': {'x': 172, 'y': 536}, 'object_center_left': {'x': 280, 'y': 535}, 'right_image_aov': {'x': -25.528, 'y': -0.181}, 'left_image_aov': {'x': -22.029, 'y': -0.226}, 'orb_result': 163})]
 [(True, 176, {'object_id_r': 0, 'object_id_l': 1, 'object_name_right': 'potted plant', 'object_name_left': 'potted plant', 'object_center_right': {'x': 666, 'y': 707}, 'object_center_left': {'x': 754, 'y': 691}, 'right_image_aov': {'x': -9.524, 'y': 7.546}, 'left_image_aov': {'x': -6.674, 'y': 6.823}, 'orb_result': 176})
  (True, 123, {'object_id_r': 1, 'object_id_l': 1, 'object_name_right': 'person', 'object_name_left': 'potted plant', 'object_center_right': {'x': 172, 'y': 536}, 'object_center_left': {'x': 754, 'y': 691}, 'right_image_aov': {'x': -25.528, 'y': -0.181}, 'left_image_aov': {'x': -6.674, 'y': 6.823}, 'orb_result': 123})]]
2024-12-14 10:52:07,795 - INFO - The results of Max orb pairs are: [((1, 0), 176), ((0, 1), 163)]
2024-12-14 10:52:07,976 - INFO - The data of objects: [{'name': 'potted plant', 'distance': 4.25, 'angle': -8.1}, {'name': 'person', 'distance': 3.46, 'angle': -23.78}]
2024-12-14 10:52:08,086 - INFO - ----New round of detections----
2024-12-14 10:52:09,554 - INFO - the objects are: [{'object_id_r': 0, 'object_id_l': 0, 'object_name_right': 'potted plant', 'object_name_left': 'person', 'object_center_right': {'x': 667, 'y': 710}, 'object_center_left': {'x': 270, 'y': 538}, 'right_image_aov': {'x': -9.492, 'y': 7.681}, 'left_image_aov': {'x': -22.353, 'y': -0.09}, 'orb_result': 130}, {'object_id_r': 0, 'object_id_l': 1, 'object_name_right': 'potted plant', 'object_name_left': 'potted plant', 'object_center_right': {'x': 667, 'y': 710}, 'object_center_left': {'x': 753, 'y': 696}, 'right_image_aov': {'x': -9.492, 'y': 7.681}, 'left_image_aov': {'x': -6.706, 'y': 7.049}, 'orb_result': 167}, {'object_id_r': 1, 'object_id_l': 0, 'object_name_right': 'person', 'object_name_left': 'person', 'object_center_right': {'x': 164, 'y': 541}, 'object_center_left': {'x': 270, 'y': 538}, 'right_image_aov': {'x': -25.787, 'y': 0.045}, 'left_image_aov': {'x': -22.353, 'y': -0.09}, 'orb_result': 147}, {'object_id_r': 1, 'object_id_l': 1, 'object_name_right': 'person', 'object_name_left': 'potted plant', 'object_center_right': {'x': 164, 'y': 541}, 'object_center_left': {'x': 753, 'y': 696}, 'right_image_aov': {'x': -25.787, 'y': 0.045}, 'left_image_aov': {'x': -6.706, 'y': 7.049}, 'orb_result': 119}]
2024-12-14 10:52:09,554 - INFO - -----------------------------------------------------
2024-12-14 10:52:09,557 - INFO - 
the correlation matrixe: [[(True, 130, {'object_id_r': 0, 'object_id_l': 0, 'object_name_right': 'potted plant', 'object_name_left': 'person', 'object_center_right': {'x': 667, 'y': 710}, 'object_center_left': {'x': 270, 'y': 538}, 'right_image_aov': {'x': -9.492, 'y': 7.681}, 'left_image_aov': {'x': -22.353, 'y': -0.09}, 'orb_result': 130})
  (True, 147, {'object_id_r': 1, 'object_id_l': 0, 'object_name_right': 'person', 'object_name_left': 'person', 'object_center_right': {'x': 164, 'y': 541}, 'object_center_left': {'x': 270, 'y': 538}, 'right_image_aov': {'x': -25.787, 'y': 0.045}, 'left_image_aov': {'x': -22.353, 'y': -0.09}, 'orb_result': 147})]
 [(True, 167, {'object_id_r': 0, 'object_id_l': 1, 'object_name_right': 'potted plant', 'object_name_left': 'potted plant', 'object_center_right': {'x': 667, 'y': 710}, 'object_center_left': {'x': 753, 'y': 696}, 'right_image_aov': {'x': -9.492, 'y': 7.681}, 'left_image_aov': {'x': -6.706, 'y': 7.049}, 'orb_result': 167})
  (True, 119, {'object_id_r': 1, 'object_id_l': 1, 'object_name_right': 'person', 'object_name_left': 'potted plant', 'object_center_right': {'x': 164, 'y': 541}, 'object_center_left': {'x': 753, 'y': 696}, 'right_image_aov': {'x': -25.787, 'y': 0.045}, 'left_image_aov': {'x': -6.706, 'y': 7.049}, 'orb_result': 119})]]
2024-12-14 10:52:09,557 - INFO - The results of Max orb pairs are: [((1, 0), 167), ((0, 1), 147)]
2024-12-14 10:52:09,698 - INFO - The data of objects: [{'name': 'potted plant', 'distance': 4.35, 'angle': -8.1}, {'name': 'person', 'distance': 3.53, 'angle': -24.07}]
2024-12-14 10:52:09,813 - INFO - ----New round of detections----
2024-12-14 10:52:11,254 - INFO - the objects are: [{'object_id_r': 0, 'object_id_l': 0, 'object_name_right': 'person', 'object_name_left': 'person', 'object_center_right': {'x': 162, 'y': 540}, 'object_center_left': {'x': 275, 'y': 544}, 'right_image_aov': {'x': -25.852, 'y': 0.0}, 'left_image_aov': {'x': -22.191, 'y': 0.181}, 'orb_result': 144}, {'object_id_r': 0, 'object_id_l': 1, 'object_name_right': 'person', 'object_name_left': 'potted plant', 'object_center_right': {'x': 162, 'y': 540}, 'object_center_left': {'x': 755, 'y': 695}, 'right_image_aov': {'x': -25.852, 'y': 0.0}, 'left_image_aov': {'x': -6.641, 'y': 7.004}, 'orb_result': 140}, {'object_id_r': 1, 'object_id_l': 0, 'object_name_right': 'potted plant', 'object_name_left': 'person', 'object_center_right': {'x': 668, 'y': 707}, 'object_center_left': {'x': 275, 'y': 544}, 'right_image_aov': {'x': -9.46, 'y': 7.546}, 'left_image_aov': {'x': -22.191, 'y': 0.181}, 'orb_result': 151}, {'object_id_r': 1, 'object_id_l': 1, 'object_name_right': 'potted plant', 'object_name_left': 'potted plant', 'object_center_right': {'x': 668, 'y': 707}, 'object_center_left': {'x': 755, 'y': 695}, 'right_image_aov': {'x': -9.46, 'y': 7.546}, 'left_image_aov': {'x': -6.641, 'y': 7.004}, 'orb_result': 157}]
2024-12-14 10:52:11,254 - INFO - -----------------------------------------------------
2024-12-14 10:52:11,254 - INFO - 
the correlation matrixe: [[(True, 144, {'object_id_r': 0, 'object_id_l': 0, 'object_name_right': 'person', 'object_name_left': 'person', 'object_center_right': {'x': 162, 'y': 540}, 'object_center_left': {'x': 275, 'y': 544}, 'right_image_aov': {'x': -25.852, 'y': 0.0}, 'left_image_aov': {'x': -22.191, 'y': 0.181}, 'orb_result': 144})
  (True, 151, {'object_id_r': 1, 'object_id_l': 0, 'object_name_right': 'potted plant', 'object_name_left': 'person', 'object_center_right': {'x': 668, 'y': 707}, 'object_center_left': {'x': 275, 'y': 544}, 'right_image_aov': {'x': -9.46, 'y': 7.546}, 'left_image_aov': {'x': -22.191, 'y': 0.181}, 'orb_result': 151})]
 [(True, 140, {'object_id_r': 0, 'object_id_l': 1, 'object_name_right': 'person', 'object_name_left': 'potted plant', 'object_center_right': {'x': 162, 'y': 540}, 'object_center_left': {'x': 755, 'y': 695}, 'right_image_aov': {'x': -25.852, 'y': 0.0}, 'left_image_aov': {'x': -6.641, 'y': 7.004}, 'orb_result': 140})
  (True, 157, {'object_id_r': 1, 'object_id_l': 1, 'object_name_right': 'potted plant', 'object_name_left': 'potted plant', 'object_center_right': {'x': 668, 'y': 707}, 'object_center_left': {'x': 755, 'y': 695}, 'right_image_aov': {'x': -9.46, 'y': 7.546}, 'left_image_aov': {'x': -6.641, 'y': 7.004}, 'orb_result': 157})]]
2024-12-14 10:52:11,254 - INFO - The results of Max orb pairs are: [((1, 1), 157), ((0, 0), 144)]
2024-12-14 10:52:11,413 - INFO - The data of objects: [{'name': 'potted plant', 'distance': 4.3, 'angle': -8.05}, {'name': 'person', 'distance': 3.31, 'angle': -24.02}]
2024-12-14 10:52:11,518 - INFO - ----New round of detections----
2024-12-14 10:52:13,035 - INFO - the objects are: [{'object_id_r': 0, 'object_id_l': 0, 'object_name_right': 'person', 'object_name_left': 'person', 'object_center_right': {'x': 162, 'y': 543}, 'object_center_left': {'x': 278, 'y': 542}, 'right_image_aov': {'x': -25.852, 'y': 0.136}, 'left_image_aov': {'x': -22.094, 'y': 0.09}, 'orb_result': 152}, {'object_id_r': 0, 'object_id_l': 1, 'object_name_right': 'person', 'object_name_left': 'potted plant', 'object_center_right': {'x': 162, 'y': 543}, 'object_center_left': {'x': 758, 'y': 696}, 'right_image_aov': {'x': -25.852, 'y': 0.136}, 'left_image_aov': {'x': -6.544, 'y': 7.049}, 'orb_result': 130}, {'object_id_r': 1, 'object_id_l': 0, 'object_name_right': 'potted plant', 'object_name_left': 'person', 'object_center_right': {'x': 669, 'y': 704}, 'object_center_left': {'x': 278, 'y': 542}, 'right_image_aov': {'x': -9.427, 'y': 7.41}, 'left_image_aov': {'x': -22.094, 'y': 0.09}, 'orb_result': 116}, {'object_id_r': 1, 'object_id_l': 1, 'object_name_right': 'potted plant', 'object_name_left': 'potted plant', 'object_center_right': {'x': 669, 'y': 704}, 'object_center_left': {'x': 758, 'y': 696}, 'right_image_aov': {'x': -9.427, 'y': 7.41}, 'left_image_aov': {'x': -6.544, 'y': 7.049}, 'orb_result': 181}]
2024-12-14 10:52:13,035 - INFO - -----------------------------------------------------
2024-12-14 10:52:13,035 - INFO - 
the correlation matrixe: [[(True, 152, {'object_id_r': 0, 'object_id_l': 0, 'object_name_right': 'person', 'object_name_left': 'person', 'object_center_right': {'x': 162, 'y': 543}, 'object_center_left': {'x': 278, 'y': 542}, 'right_image_aov': {'x': -25.852, 'y': 0.136}, 'left_image_aov': {'x': -22.094, 'y': 0.09}, 'orb_result': 152})
  (True, 116, {'object_id_r': 1, 'object_id_l': 0, 'object_name_right': 'potted plant', 'object_name_left': 'person', 'object_center_right': {'x': 669, 'y': 704}, 'object_center_left': {'x': 278, 'y': 542}, 'right_image_aov': {'x': -9.427, 'y': 7.41}, 'left_image_aov': {'x': -22.094, 'y': 0.09}, 'orb_result': 116})]
 [(True, 130, {'object_id_r': 0, 'object_id_l': 1, 'object_name_right': 'person', 'object_name_left': 'potted plant', 'object_center_right': {'x': 162, 'y': 543}, 'object_center_left': {'x': 758, 'y': 696}, 'right_image_aov': {'x': -25.852, 'y': 0.136}, 'left_image_aov': {'x': -6.544, 'y': 7.049}, 'orb_result': 130})
  (True, 181, {'object_id_r': 1, 'object_id_l': 1, 'object_name_right': 'potted plant', 'object_name_left': 'potted plant', 'object_center_right': {'x': 669, 'y': 704}, 'object_center_left': {'x': 758, 'y': 696}, 'right_image_aov': {'x': -9.427, 'y': 7.41}, 'left_image_aov': {'x': -6.544, 'y': 7.049}, 'orb_result': 181})]]
2024-12-14 10:52:13,035 - INFO - The results of Max orb pairs are: [((1, 1), 181), ((0, 0), 152)]
2024-12-14 10:52:13,209 - INFO - The data of objects: [{'name': 'potted plant', 'distance': 4.2, 'angle': -7.99}, {'name': 'person', 'distance': 3.22, 'angle': -23.97}]
2024-12-14 10:52:13,313 - INFO - ----New round of detections----
