2024-12-02 13:22:21,946 - INFO - Application started
2024-12-02 13:22:28,957 - INFO - ----------Processing loop started----------
2024-12-02 13:22:28,957 - INFO - ----New round of detections----
2024-12-02 13:22:29,734 - INFO - the objects are: [{'object_id_r': 0, 'object_id_l': 0, 'object_name_right': 'person', 'object_name_left': 'person', 'object_center_right': {'x': 270, 'y': 539}, 'object_center_left': {'x': 1025, 'y': 537}, 'right_image_aov': {'x': -22.353, 'y': -0.045}, 'left_image_aov': {'x': 2.106, 'y': -0.136}, 'orb_result': 127}, {'object_id_r': 0, 'object_id_l': 1, 'object_name_right': 'person', 'object_name_left': 'person', 'object_center_right': {'x': 270, 'y': 539}, 'object_center_left': {'x': 444, 'y': 543}, 'right_image_aov': {'x': -22.353, 'y': -0.045}, 'left_image_aov': {'x': -16.716, 'y': 0.136}, 'orb_result': 235}, {'object_id_r': 0, 'object_id_l': 2, 'object_name_right': 'person', 'object_name_left': 'suitcase', 'object_center_right': {'x': 270, 'y': 539}, 'object_center_left': {'x': 787, 'y': 928}, 'right_image_aov': {'x': -22.353, 'y': -0.045}, 'left_image_aov': {'x': -5.604, 'y': 17.532}, 'orb_result': 21}, {'object_id_r': 1, 'object_id_l': 0, 'object_name_right': 'person', 'object_name_left': 'person', 'object_center_right': {'x': 862, 'y': 529}, 'object_center_left': {'x': 1025, 'y': 537}, 'right_image_aov': {'x': -3.175, 'y': -0.497}, 'left_image_aov': {'x': 2.106, 'y': -0.136}, 'orb_result': 202}, {'object_id_r': 1, 'object_id_l': 1, 'object_name_right': 'person', 'object_name_left': 'person', 'object_center_right': {'x': 862, 'y': 529}, 'object_center_left': {'x': 444, 'y': 543}, 'right_image_aov': {'x': -3.175, 'y': -0.497}, 'left_image_aov': {'x': -16.716, 'y': 0.136}, 'orb_result': 108}, {'object_id_r': 1, 'object_id_l': 2, 'object_name_right': 'person', 'object_name_left': 'suitcase', 'object_center_right': {'x': 862, 'y': 529}, 'object_center_left': {'x': 787, 'y': 928}, 'right_image_aov': {'x': -3.175, 'y': -0.497}, 'left_image_aov': {'x': -5.604, 'y': 17.532}, 'orb_result': 18}]
2024-12-02 13:22:29,734 - INFO - -----------------------------------------------------
2024-12-02 13:22:29,735 - INFO - 
the correlation matrixe: [[(True, 127, {'object_id_r': 0, 'object_id_l': 0, 'object_name_right': 'person', 'object_name_left': 'person', 'object_center_right': {'x': 270, 'y': 539}, 'object_center_left': {'x': 1025, 'y': 537}, 'right_image_aov': {'x': -22.353, 'y': -0.045}, 'left_image_aov': {'x': 2.106, 'y': -0.136}, 'orb_result': 127})
  (True, 202, {'object_id_r': 1, 'object_id_l': 0, 'object_name_right': 'person', 'object_name_left': 'person', 'object_center_right': {'x': 862, 'y': 529}, 'object_center_left': {'x': 1025, 'y': 537}, 'right_image_aov': {'x': -3.175, 'y': -0.497}, 'left_image_aov': {'x': 2.106, 'y': -0.136}, 'orb_result': 202})]
 [(True, 235, {'object_id_r': 0, 'object_id_l': 1, 'object_name_right': 'person', 'object_name_left': 'person', 'object_center_right': {'x': 270, 'y': 539}, 'object_center_left': {'x': 444, 'y': 543}, 'right_image_aov': {'x': -22.353, 'y': -0.045}, 'left_image_aov': {'x': -16.716, 'y': 0.136}, 'orb_result': 235})
  (True, 108, {'object_id_r': 1, 'object_id_l': 1, 'object_name_right': 'person', 'object_name_left': 'person', 'object_center_right': {'x': 862, 'y': 529}, 'object_center_left': {'x': 444, 'y': 543}, 'right_image_aov': {'x': -3.175, 'y': -0.497}, 'left_image_aov': {'x': -16.716, 'y': 0.136}, 'orb_result': 108})]
 [(True, 21, {'object_id_r': 0, 'object_id_l': 2, 'object_name_right': 'person', 'object_name_left': 'suitcase', 'object_center_right': {'x': 270, 'y': 539}, 'object_center_left': {'x': 787, 'y': 928}, 'right_image_aov': {'x': -22.353, 'y': -0.045}, 'left_image_aov': {'x': -5.604, 'y': 17.532}, 'orb_result': 21})
  (True, 18, {'object_id_r': 1, 'object_id_l': 2, 'object_name_right': 'person', 'object_name_left': 'suitcase', 'object_center_right': {'x': 862, 'y': 529}, 'object_center_left': {'x': 787, 'y': 928}, 'right_image_aov': {'x': -3.175, 'y': -0.497}, 'left_image_aov': {'x': -5.604, 'y': 17.532}, 'orb_result': 18})]]
2024-12-02 13:22:29,735 - INFO - The results of Max orb pairs are: [((1, 0), 235), ((0, 1), 202)]
2024-12-02 13:22:29,791 - INFO - The data of objects: [{'name': 'person', 'distance': 2.25, 'angle': -19.53}, {'name': 'person', 'distance': 2.55, 'angle': -0.53}]
2024-12-02 13:22:29,906 - INFO - ----New round of detections----
2024-12-02 13:22:30,389 - INFO - the objects are: [{'object_id_r': 0, 'object_id_l': 0, 'object_name_right': 'person', 'object_name_left': 'person', 'object_center_right': {'x': 270, 'y': 539}, 'object_center_left': {'x': 1025, 'y': 537}, 'right_image_aov': {'x': -22.353, 'y': -0.045}, 'left_image_aov': {'x': 2.106, 'y': -0.136}, 'orb_result': 127}, {'object_id_r': 0, 'object_id_l': 1, 'object_name_right': 'person', 'object_name_left': 'person', 'object_center_right': {'x': 270, 'y': 539}, 'object_center_left': {'x': 444, 'y': 543}, 'right_image_aov': {'x': -22.353, 'y': -0.045}, 'left_image_aov': {'x': -16.716, 'y': 0.136}, 'orb_result': 235}, {'object_id_r': 0, 'object_id_l': 2, 'object_name_right': 'person', 'object_name_left': 'suitcase', 'object_center_right': {'x': 270, 'y': 539}, 'object_center_left': {'x': 787, 'y': 928}, 'right_image_aov': {'x': -22.353, 'y': -0.045}, 'left_image_aov': {'x': -5.604, 'y': 17.532}, 'orb_result': 21}, {'object_id_r': 1, 'object_id_l': 0, 'object_name_right': 'person', 'object_name_left': 'person', 'object_center_right': {'x': 862, 'y': 529}, 'object_center_left': {'x': 1025, 'y': 537}, 'right_image_aov': {'x': -3.175, 'y': -0.497}, 'left_image_aov': {'x': 2.106, 'y': -0.136}, 'orb_result': 202}, {'object_id_r': 1, 'object_id_l': 1, 'object_name_right': 'person', 'object_name_left': 'person', 'object_center_right': {'x': 862, 'y': 529}, 'object_center_left': {'x': 444, 'y': 543}, 'right_image_aov': {'x': -3.175, 'y': -0.497}, 'left_image_aov': {'x': -16.716, 'y': 0.136}, 'orb_result': 108}, {'object_id_r': 1, 'object_id_l': 2, 'object_name_right': 'person', 'object_name_left': 'suitcase', 'object_center_right': {'x': 862, 'y': 529}, 'object_center_left': {'x': 787, 'y': 928}, 'right_image_aov': {'x': -3.175, 'y': -0.497}, 'left_image_aov': {'x': -5.604, 'y': 17.532}, 'orb_result': 18}]
2024-12-02 13:22:30,389 - INFO - -----------------------------------------------------
2024-12-02 13:22:30,389 - INFO - 
the correlation matrixe: [[(True, 127, {'object_id_r': 0, 'object_id_l': 0, 'object_name_right': 'person', 'object_name_left': 'person', 'object_center_right': {'x': 270, 'y': 539}, 'object_center_left': {'x': 1025, 'y': 537}, 'right_image_aov': {'x': -22.353, 'y': -0.045}, 'left_image_aov': {'x': 2.106, 'y': -0.136}, 'orb_result': 127})
  (True, 202, {'object_id_r': 1, 'object_id_l': 0, 'object_name_right': 'person', 'object_name_left': 'person', 'object_center_right': {'x': 862, 'y': 529}, 'object_center_left': {'x': 1025, 'y': 537}, 'right_image_aov': {'x': -3.175, 'y': -0.497}, 'left_image_aov': {'x': 2.106, 'y': -0.136}, 'orb_result': 202})]
 [(True, 235, {'object_id_r': 0, 'object_id_l': 1, 'object_name_right': 'person', 'object_name_left': 'person', 'object_center_right': {'x': 270, 'y': 539}, 'object_center_left': {'x': 444, 'y': 543}, 'right_image_aov': {'x': -22.353, 'y': -0.045}, 'left_image_aov': {'x': -16.716, 'y': 0.136}, 'orb_result': 235})
  (True, 108, {'object_id_r': 1, 'object_id_l': 1, 'object_name_right': 'person', 'object_name_left': 'person', 'object_center_right': {'x': 862, 'y': 529}, 'object_center_left': {'x': 444, 'y': 543}, 'right_image_aov': {'x': -3.175, 'y': -0.497}, 'left_image_aov': {'x': -16.716, 'y': 0.136}, 'orb_result': 108})]
 [(True, 21, {'object_id_r': 0, 'object_id_l': 2, 'object_name_right': 'person', 'object_name_left': 'suitcase', 'object_center_right': {'x': 270, 'y': 539}, 'object_center_left': {'x': 787, 'y': 928}, 'right_image_aov': {'x': -22.353, 'y': -0.045}, 'left_image_aov': {'x': -5.604, 'y': 17.532}, 'orb_result': 21})
  (True, 18, {'object_id_r': 1, 'object_id_l': 2, 'object_name_right': 'person', 'object_name_left': 'suitcase', 'object_center_right': {'x': 862, 'y': 529}, 'object_center_left': {'x': 787, 'y': 928}, 'right_image_aov': {'x': -3.175, 'y': -0.497}, 'left_image_aov': {'x': -5.604, 'y': 17.532}, 'orb_result': 18})]]
2024-12-02 13:22:30,389 - INFO - The results of Max orb pairs are: [((1, 0), 235), ((0, 1), 202)]
2024-12-02 13:22:30,436 - INFO - The data of objects: [{'name': 'person', 'distance': 2.25, 'angle': -19.53}, {'name': 'person', 'distance': 2.55, 'angle': -0.53}]
2024-12-02 13:22:30,543 - INFO - ----New round of detections----
2024-12-02 13:22:30,979 - INFO - the objects are: [{'object_id_r': 0, 'object_id_l': 0, 'object_name_right': 'person', 'object_name_left': 'person', 'object_center_right': {'x': 270, 'y': 539}, 'object_center_left': {'x': 1025, 'y': 537}, 'right_image_aov': {'x': -22.353, 'y': -0.045}, 'left_image_aov': {'x': 2.106, 'y': -0.136}, 'orb_result': 127}, {'object_id_r': 0, 'object_id_l': 1, 'object_name_right': 'person', 'object_name_left': 'person', 'object_center_right': {'x': 270, 'y': 539}, 'object_center_left': {'x': 444, 'y': 543}, 'right_image_aov': {'x': -22.353, 'y': -0.045}, 'left_image_aov': {'x': -16.716, 'y': 0.136}, 'orb_result': 235}, {'object_id_r': 0, 'object_id_l': 2, 'object_name_right': 'person', 'object_name_left': 'suitcase', 'object_center_right': {'x': 270, 'y': 539}, 'object_center_left': {'x': 787, 'y': 928}, 'right_image_aov': {'x': -22.353, 'y': -0.045}, 'left_image_aov': {'x': -5.604, 'y': 17.532}, 'orb_result': 21}, {'object_id_r': 1, 'object_id_l': 0, 'object_name_right': 'person', 'object_name_left': 'person', 'object_center_right': {'x': 862, 'y': 529}, 'object_center_left': {'x': 1025, 'y': 537}, 'right_image_aov': {'x': -3.175, 'y': -0.497}, 'left_image_aov': {'x': 2.106, 'y': -0.136}, 'orb_result': 202}, {'object_id_r': 1, 'object_id_l': 1, 'object_name_right': 'person', 'object_name_left': 'person', 'object_center_right': {'x': 862, 'y': 529}, 'object_center_left': {'x': 444, 'y': 543}, 'right_image_aov': {'x': -3.175, 'y': -0.497}, 'left_image_aov': {'x': -16.716, 'y': 0.136}, 'orb_result': 108}, {'object_id_r': 1, 'object_id_l': 2, 'object_name_right': 'person', 'object_name_left': 'suitcase', 'object_center_right': {'x': 862, 'y': 529}, 'object_center_left': {'x': 787, 'y': 928}, 'right_image_aov': {'x': -3.175, 'y': -0.497}, 'left_image_aov': {'x': -5.604, 'y': 17.532}, 'orb_result': 18}]
2024-12-02 13:22:30,979 - INFO - -----------------------------------------------------
2024-12-02 13:22:30,979 - INFO - 
the correlation matrixe: [[(True, 127, {'object_id_r': 0, 'object_id_l': 0, 'object_name_right': 'person', 'object_name_left': 'person', 'object_center_right': {'x': 270, 'y': 539}, 'object_center_left': {'x': 1025, 'y': 537}, 'right_image_aov': {'x': -22.353, 'y': -0.045}, 'left_image_aov': {'x': 2.106, 'y': -0.136}, 'orb_result': 127})
  (True, 202, {'object_id_r': 1, 'object_id_l': 0, 'object_name_right': 'person', 'object_name_left': 'person', 'object_center_right': {'x': 862, 'y': 529}, 'object_center_left': {'x': 1025, 'y': 537}, 'right_image_aov': {'x': -3.175, 'y': -0.497}, 'left_image_aov': {'x': 2.106, 'y': -0.136}, 'orb_result': 202})]
 [(True, 235, {'object_id_r': 0, 'object_id_l': 1, 'object_name_right': 'person', 'object_name_left': 'person', 'object_center_right': {'x': 270, 'y': 539}, 'object_center_left': {'x': 444, 'y': 543}, 'right_image_aov': {'x': -22.353, 'y': -0.045}, 'left_image_aov': {'x': -16.716, 'y': 0.136}, 'orb_result': 235})
  (True, 108, {'object_id_r': 1, 'object_id_l': 1, 'object_name_right': 'person', 'object_name_left': 'person', 'object_center_right': {'x': 862, 'y': 529}, 'object_center_left': {'x': 444, 'y': 543}, 'right_image_aov': {'x': -3.175, 'y': -0.497}, 'left_image_aov': {'x': -16.716, 'y': 0.136}, 'orb_result': 108})]
 [(True, 21, {'object_id_r': 0, 'object_id_l': 2, 'object_name_right': 'person', 'object_name_left': 'suitcase', 'object_center_right': {'x': 270, 'y': 539}, 'object_center_left': {'x': 787, 'y': 928}, 'right_image_aov': {'x': -22.353, 'y': -0.045}, 'left_image_aov': {'x': -5.604, 'y': 17.532}, 'orb_result': 21})
  (True, 18, {'object_id_r': 1, 'object_id_l': 2, 'object_name_right': 'person', 'object_name_left': 'suitcase', 'object_center_right': {'x': 862, 'y': 529}, 'object_center_left': {'x': 787, 'y': 928}, 'right_image_aov': {'x': -3.175, 'y': -0.497}, 'left_image_aov': {'x': -5.604, 'y': 17.532}, 'orb_result': 18})]]
2024-12-02 13:22:30,979 - INFO - The results of Max orb pairs are: [((1, 0), 235), ((0, 1), 202)]
2024-12-02 13:22:31,027 - INFO - The data of objects: [{'name': 'person', 'distance': 2.25, 'angle': -19.53}, {'name': 'person', 'distance': 2.55, 'angle': -0.53}]
2024-12-02 13:22:31,132 - INFO - ----New round of detections----
2024-12-02 13:22:31,611 - INFO - the objects are: [{'object_id_r': 0, 'object_id_l': 0, 'object_name_right': 'person', 'object_name_left': 'person', 'object_center_right': {'x': 270, 'y': 539}, 'object_center_left': {'x': 1025, 'y': 537}, 'right_image_aov': {'x': -22.353, 'y': -0.045}, 'left_image_aov': {'x': 2.106, 'y': -0.136}, 'orb_result': 127}, {'object_id_r': 0, 'object_id_l': 1, 'object_name_right': 'person', 'object_name_left': 'person', 'object_center_right': {'x': 270, 'y': 539}, 'object_center_left': {'x': 444, 'y': 543}, 'right_image_aov': {'x': -22.353, 'y': -0.045}, 'left_image_aov': {'x': -16.716, 'y': 0.136}, 'orb_result': 235}, {'object_id_r': 0, 'object_id_l': 2, 'object_name_right': 'person', 'object_name_left': 'suitcase', 'object_center_right': {'x': 270, 'y': 539}, 'object_center_left': {'x': 787, 'y': 928}, 'right_image_aov': {'x': -22.353, 'y': -0.045}, 'left_image_aov': {'x': -5.604, 'y': 17.532}, 'orb_result': 21}, {'object_id_r': 1, 'object_id_l': 0, 'object_name_right': 'person', 'object_name_left': 'person', 'object_center_right': {'x': 862, 'y': 529}, 'object_center_left': {'x': 1025, 'y': 537}, 'right_image_aov': {'x': -3.175, 'y': -0.497}, 'left_image_aov': {'x': 2.106, 'y': -0.136}, 'orb_result': 202}, {'object_id_r': 1, 'object_id_l': 1, 'object_name_right': 'person', 'object_name_left': 'person', 'object_center_right': {'x': 862, 'y': 529}, 'object_center_left': {'x': 444, 'y': 543}, 'right_image_aov': {'x': -3.175, 'y': -0.497}, 'left_image_aov': {'x': -16.716, 'y': 0.136}, 'orb_result': 108}, {'object_id_r': 1, 'object_id_l': 2, 'object_name_right': 'person', 'object_name_left': 'suitcase', 'object_center_right': {'x': 862, 'y': 529}, 'object_center_left': {'x': 787, 'y': 928}, 'right_image_aov': {'x': -3.175, 'y': -0.497}, 'left_image_aov': {'x': -5.604, 'y': 17.532}, 'orb_result': 18}]
2024-12-02 13:22:31,611 - INFO - -----------------------------------------------------
2024-12-02 13:22:31,611 - INFO - 
the correlation matrixe: [[(True, 127, {'object_id_r': 0, 'object_id_l': 0, 'object_name_right': 'person', 'object_name_left': 'person', 'object_center_right': {'x': 270, 'y': 539}, 'object_center_left': {'x': 1025, 'y': 537}, 'right_image_aov': {'x': -22.353, 'y': -0.045}, 'left_image_aov': {'x': 2.106, 'y': -0.136}, 'orb_result': 127})
  (True, 202, {'object_id_r': 1, 'object_id_l': 0, 'object_name_right': 'person', 'object_name_left': 'person', 'object_center_right': {'x': 862, 'y': 529}, 'object_center_left': {'x': 1025, 'y': 537}, 'right_image_aov': {'x': -3.175, 'y': -0.497}, 'left_image_aov': {'x': 2.106, 'y': -0.136}, 'orb_result': 202})]
 [(True, 235, {'object_id_r': 0, 'object_id_l': 1, 'object_name_right': 'person', 'object_name_left': 'person', 'object_center_right': {'x': 270, 'y': 539}, 'object_center_left': {'x': 444, 'y': 543}, 'right_image_aov': {'x': -22.353, 'y': -0.045}, 'left_image_aov': {'x': -16.716, 'y': 0.136}, 'orb_result': 235})
  (True, 108, {'object_id_r': 1, 'object_id_l': 1, 'object_name_right': 'person', 'object_name_left': 'person', 'object_center_right': {'x': 862, 'y': 529}, 'object_center_left': {'x': 444, 'y': 543}, 'right_image_aov': {'x': -3.175, 'y': -0.497}, 'left_image_aov': {'x': -16.716, 'y': 0.136}, 'orb_result': 108})]
 [(True, 21, {'object_id_r': 0, 'object_id_l': 2, 'object_name_right': 'person', 'object_name_left': 'suitcase', 'object_center_right': {'x': 270, 'y': 539}, 'object_center_left': {'x': 787, 'y': 928}, 'right_image_aov': {'x': -22.353, 'y': -0.045}, 'left_image_aov': {'x': -5.604, 'y': 17.532}, 'orb_result': 21})
  (True, 18, {'object_id_r': 1, 'object_id_l': 2, 'object_name_right': 'person', 'object_name_left': 'suitcase', 'object_center_right': {'x': 862, 'y': 529}, 'object_center_left': {'x': 787, 'y': 928}, 'right_image_aov': {'x': -3.175, 'y': -0.497}, 'left_image_aov': {'x': -5.604, 'y': 17.532}, 'orb_result': 18})]]
2024-12-02 13:22:31,612 - INFO - The results of Max orb pairs are: [((1, 0), 235), ((0, 1), 202)]
2024-12-02 13:22:31,656 - CRITICAL - Critical error in while loop
Traceback (most recent call last):
  File "c:\Users\User\OneDrive - Afeka College Of Engineering\שולחן העבודה\final Project - Eye sight\code\main_with_gui.py", line 264, in processing_loop
    radar_display.update_display(radar_objects)
  File "c:\Users\User\OneDrive - Afeka College Of Engineering\שולחן העבודה\final Project - Eye sight\code\OOP_GUI_radar.py", line 58, in update_display
    self.canvas.draw()
  File "C:\Users\User\AppData\Local\Packages\PythonSoftwareFoundation.Python.3.9_qbz5n2kfra8p0\LocalCache\local-packages\Python39\site-packages\matplotlib\backends\backend_tkagg.py", line 11, in draw
    self.blit()
  File "C:\Users\User\AppData\Local\Packages\PythonSoftwareFoundation.Python.3.9_qbz5n2kfra8p0\LocalCache\local-packages\Python39\site-packages\matplotlib\backends\backend_tkagg.py", line 14, in blit
    _backend_tk.blit(self._tkphoto, self.renderer.buffer_rgba(),
  File "C:\Users\User\AppData\Local\Packages\PythonSoftwareFoundation.Python.3.9_qbz5n2kfra8p0\LocalCache\local-packages\Python39\site-packages\matplotlib\backends\_backend_tk.py", line 119, in blit
    photoimage.tk.call(_blit_tcl_name, argsid)
_tkinter.TclError
2024-12-02 13:22:31,657 - INFO - ----New round of detections----
