2024-12-20 09:25:42,890 - INFO - Application started
2024-12-20 09:25:47,016 - INFO - ----------Processing loop started----------
2024-12-20 09:25:47,016 - INFO - ----New round of detections----
2024-12-20 09:25:47,594 - INFO - -----------------------------------------------------
2024-12-20 09:25:47,594 - INFO - 
the correlation matrixe: [[(True, 126, {'object_id_r': 0, 'object_id_l': 0, 'confidence_r': 76.57402157783508, 'confidence_l': 74.83957409858704, 'object_name_right': 'chair', 'object_name_left': 'chair', 'object_center_right': {'x': 1605, 'y': 846}, 'object_center_left': {'x': 1673, 'y': 845}, 'right_image_aov': {'x': 20.895, 'y': 13.827}, 'left_image_aov': {'x': 23.098, 'y': 13.781}, 'orb_result': 126})
  (True, 48, {'object_id_r': 1, 'object_id_l': 0, 'confidence_r': 69.4230318069458, 'confidence_l': 74.83957409858704, 'object_name_right': 'person', 'object_name_left': 'chair', 'object_center_right': {'x': 927, 'y': 597}, 'object_center_left': {'x': 1673, 'y': 845}, 'right_image_aov': {'x': -1.069, 'y': 2.576}, 'left_image_aov': {'x': 23.098, 'y': 13.781}, 'orb_result': 48})
  (True, 123, {'object_id_r': 2, 'object_id_l': 0, 'confidence_r': 62.581127882003784, 'confidence_l': 74.83957409858704, 'object_name_right': 'chair', 'object_name_left': 'chair', 'object_center_right': {'x': 1292, 'y': 827}, 'object_center_left': {'x': 1673, 'y': 845}, 'right_image_aov': {'x': 10.755, 'y': 12.968}, 'left_image_aov': {'x': 23.098, 'y': 13.781}, 'orb_result': 123})]
 [(True, 30, {'object_id_r': 0, 'object_id_l': 1, 'confidence_r': 76.57402157783508, 'confidence_l': 72.22719192504883, 'object_name_right': 'chair', 'object_name_left': 'person', 'object_center_right': {'x': 1605, 'y': 846}, 'object_center_left': {'x': 902, 'y': 618}, 'right_image_aov': {'x': 20.895, 'y': 13.827}, 'left_image_aov': {'x': -1.879, 'y': 3.524}, 'orb_result': 30})
  (True, 17, {'object_id_r': 1, 'object_id_l': 1, 'confidence_r': 69.4230318069458, 'confidence_l': 72.22719192504883, 'object_name_right': 'person', 'object_name_left': 'person', 'object_center_right': {'x': 927, 'y': 597}, 'object_center_left': {'x': 902, 'y': 618}, 'right_image_aov': {'x': -1.069, 'y': 2.576}, 'left_image_aov': {'x': -1.879, 'y': 3.524}, 'orb_result': 17})
  (True, 30, {'object_id_r': 2, 'object_id_l': 1, 'confidence_r': 62.581127882003784, 'confidence_l': 72.22719192504883, 'object_name_right': 'chair', 'object_name_left': 'person', 'object_center_right': {'x': 1292, 'y': 827}, 'object_center_left': {'x': 902, 'y': 618}, 'right_image_aov': {'x': 10.755, 'y': 12.968}, 'left_image_aov': {'x': -1.879, 'y': 3.524}, 'orb_result': 30})]
 [(True, 136, {'object_id_r': 0, 'object_id_l': 2, 'confidence_r': 76.57402157783508, 'confidence_l': 61.52673959732056, 'object_name_right': 'chair', 'object_name_left': 'chair', 'object_center_right': {'x': 1605, 'y': 846}, 'object_center_left': {'x': 1325, 'y': 826}, 'right_image_aov': {'x': 20.895, 'y': 13.827}, 'left_image_aov': {'x': 11.824, 'y': 12.923}, 'orb_result': 136})
  (True, 74, {'object_id_r': 1, 'object_id_l': 2, 'confidence_r': 69.4230318069458, 'confidence_l': 61.52673959732056, 'object_name_right': 'person', 'object_name_left': 'chair', 'object_center_right': {'x': 927, 'y': 597}, 'object_center_left': {'x': 1325, 'y': 826}, 'right_image_aov': {'x': -1.069, 'y': 2.576}, 'left_image_aov': {'x': 11.824, 'y': 12.923}, 'orb_result': 74})
  (True, 153, {'object_id_r': 2, 'object_id_l': 2, 'confidence_r': 62.581127882003784, 'confidence_l': 61.52673959732056, 'object_name_right': 'chair', 'object_name_left': 'chair', 'object_center_right': {'x': 1292, 'y': 827}, 'object_center_left': {'x': 1325, 'y': 826}, 'right_image_aov': {'x': 10.755, 'y': 12.968}, 'left_image_aov': {'x': 11.824, 'y': 12.923}, 'orb_result': 153})]]
2024-12-20 09:25:47,594 - INFO - The results of Max orb pairs are: [((2, 2), 153), ((0, 0), 126), ((1, 1), 17)]
2024-12-20 09:25:47,621 - INFO - The data of objects: [{'name': 'chair', 'distance': np.float64(11.33), 'angle': 11.29}, {'name': 'chair', 'distance': np.float64(5.5), 'angle': 22.0}, {'name': 'person', 'distance': np.float64(14.96), 'angle': -1.47}]
2024-12-20 09:25:47,621 - INFO - ----New round of detections----
2024-12-20 09:25:47,829 - INFO - -----------------------------------------------------
2024-12-20 09:25:47,830 - INFO - 
the correlation matrixe: [[(True, 126, {'object_id_r': 0, 'object_id_l': 0, 'confidence_r': 76.57402157783508, 'confidence_l': 74.83957409858704, 'object_name_right': 'chair', 'object_name_left': 'chair', 'object_center_right': {'x': 1605, 'y': 846}, 'object_center_left': {'x': 1673, 'y': 845}, 'right_image_aov': {'x': 20.895, 'y': 13.827}, 'left_image_aov': {'x': 23.098, 'y': 13.781}, 'orb_result': 126})
  (True, 48, {'object_id_r': 1, 'object_id_l': 0, 'confidence_r': 69.4230318069458, 'confidence_l': 74.83957409858704, 'object_name_right': 'person', 'object_name_left': 'chair', 'object_center_right': {'x': 927, 'y': 597}, 'object_center_left': {'x': 1673, 'y': 845}, 'right_image_aov': {'x': -1.069, 'y': 2.576}, 'left_image_aov': {'x': 23.098, 'y': 13.781}, 'orb_result': 48})
  (True, 123, {'object_id_r': 2, 'object_id_l': 0, 'confidence_r': 62.581127882003784, 'confidence_l': 74.83957409858704, 'object_name_right': 'chair', 'object_name_left': 'chair', 'object_center_right': {'x': 1292, 'y': 827}, 'object_center_left': {'x': 1673, 'y': 845}, 'right_image_aov': {'x': 10.755, 'y': 12.968}, 'left_image_aov': {'x': 23.098, 'y': 13.781}, 'orb_result': 123})]
 [(True, 30, {'object_id_r': 0, 'object_id_l': 1, 'confidence_r': 76.57402157783508, 'confidence_l': 72.22719192504883, 'object_name_right': 'chair', 'object_name_left': 'person', 'object_center_right': {'x': 1605, 'y': 846}, 'object_center_left': {'x': 902, 'y': 618}, 'right_image_aov': {'x': 20.895, 'y': 13.827}, 'left_image_aov': {'x': -1.879, 'y': 3.524}, 'orb_result': 30})
  (True, 17, {'object_id_r': 1, 'object_id_l': 1, 'confidence_r': 69.4230318069458, 'confidence_l': 72.22719192504883, 'object_name_right': 'person', 'object_name_left': 'person', 'object_center_right': {'x': 927, 'y': 597}, 'object_center_left': {'x': 902, 'y': 618}, 'right_image_aov': {'x': -1.069, 'y': 2.576}, 'left_image_aov': {'x': -1.879, 'y': 3.524}, 'orb_result': 17})
  (True, 30, {'object_id_r': 2, 'object_id_l': 1, 'confidence_r': 62.581127882003784, 'confidence_l': 72.22719192504883, 'object_name_right': 'chair', 'object_name_left': 'person', 'object_center_right': {'x': 1292, 'y': 827}, 'object_center_left': {'x': 902, 'y': 618}, 'right_image_aov': {'x': 10.755, 'y': 12.968}, 'left_image_aov': {'x': -1.879, 'y': 3.524}, 'orb_result': 30})]
 [(True, 136, {'object_id_r': 0, 'object_id_l': 2, 'confidence_r': 76.57402157783508, 'confidence_l': 61.52673959732056, 'object_name_right': 'chair', 'object_name_left': 'chair', 'object_center_right': {'x': 1605, 'y': 846}, 'object_center_left': {'x': 1325, 'y': 826}, 'right_image_aov': {'x': 20.895, 'y': 13.827}, 'left_image_aov': {'x': 11.824, 'y': 12.923}, 'orb_result': 136})
  (True, 74, {'object_id_r': 1, 'object_id_l': 2, 'confidence_r': 69.4230318069458, 'confidence_l': 61.52673959732056, 'object_name_right': 'person', 'object_name_left': 'chair', 'object_center_right': {'x': 927, 'y': 597}, 'object_center_left': {'x': 1325, 'y': 826}, 'right_image_aov': {'x': -1.069, 'y': 2.576}, 'left_image_aov': {'x': 11.824, 'y': 12.923}, 'orb_result': 74})
  (True, 153, {'object_id_r': 2, 'object_id_l': 2, 'confidence_r': 62.581127882003784, 'confidence_l': 61.52673959732056, 'object_name_right': 'chair', 'object_name_left': 'chair', 'object_center_right': {'x': 1292, 'y': 827}, 'object_center_left': {'x': 1325, 'y': 826}, 'right_image_aov': {'x': 10.755, 'y': 12.968}, 'left_image_aov': {'x': 11.824, 'y': 12.923}, 'orb_result': 153})]]
2024-12-20 09:25:47,830 - INFO - The results of Max orb pairs are: [((2, 2), 153), ((0, 0), 126), ((1, 1), 17)]
2024-12-20 09:25:47,852 - INFO - The data of objects: [{'name': 'chair', 'distance': np.float64(11.33), 'angle': 11.29}, {'name': 'chair', 'distance': np.float64(5.5), 'angle': 22.0}, {'name': 'person', 'distance': np.float64(14.96), 'angle': -1.47}]
2024-12-20 09:25:47,852 - INFO - ----New round of detections----
2024-12-20 09:25:48,057 - INFO - -----------------------------------------------------
2024-12-20 09:25:48,058 - INFO - 
the correlation matrixe: [[(True, 126, {'object_id_r': 0, 'object_id_l': 0, 'confidence_r': 76.57402157783508, 'confidence_l': 74.83957409858704, 'object_name_right': 'chair', 'object_name_left': 'chair', 'object_center_right': {'x': 1605, 'y': 846}, 'object_center_left': {'x': 1673, 'y': 845}, 'right_image_aov': {'x': 20.895, 'y': 13.827}, 'left_image_aov': {'x': 23.098, 'y': 13.781}, 'orb_result': 126})
  (True, 48, {'object_id_r': 1, 'object_id_l': 0, 'confidence_r': 69.4230318069458, 'confidence_l': 74.83957409858704, 'object_name_right': 'person', 'object_name_left': 'chair', 'object_center_right': {'x': 927, 'y': 597}, 'object_center_left': {'x': 1673, 'y': 845}, 'right_image_aov': {'x': -1.069, 'y': 2.576}, 'left_image_aov': {'x': 23.098, 'y': 13.781}, 'orb_result': 48})
  (True, 123, {'object_id_r': 2, 'object_id_l': 0, 'confidence_r': 62.581127882003784, 'confidence_l': 74.83957409858704, 'object_name_right': 'chair', 'object_name_left': 'chair', 'object_center_right': {'x': 1292, 'y': 827}, 'object_center_left': {'x': 1673, 'y': 845}, 'right_image_aov': {'x': 10.755, 'y': 12.968}, 'left_image_aov': {'x': 23.098, 'y': 13.781}, 'orb_result': 123})]
 [(True, 30, {'object_id_r': 0, 'object_id_l': 1, 'confidence_r': 76.57402157783508, 'confidence_l': 72.22719192504883, 'object_name_right': 'chair', 'object_name_left': 'person', 'object_center_right': {'x': 1605, 'y': 846}, 'object_center_left': {'x': 902, 'y': 618}, 'right_image_aov': {'x': 20.895, 'y': 13.827}, 'left_image_aov': {'x': -1.879, 'y': 3.524}, 'orb_result': 30})
  (True, 17, {'object_id_r': 1, 'object_id_l': 1, 'confidence_r': 69.4230318069458, 'confidence_l': 72.22719192504883, 'object_name_right': 'person', 'object_name_left': 'person', 'object_center_right': {'x': 927, 'y': 597}, 'object_center_left': {'x': 902, 'y': 618}, 'right_image_aov': {'x': -1.069, 'y': 2.576}, 'left_image_aov': {'x': -1.879, 'y': 3.524}, 'orb_result': 17})
  (True, 30, {'object_id_r': 2, 'object_id_l': 1, 'confidence_r': 62.581127882003784, 'confidence_l': 72.22719192504883, 'object_name_right': 'chair', 'object_name_left': 'person', 'object_center_right': {'x': 1292, 'y': 827}, 'object_center_left': {'x': 902, 'y': 618}, 'right_image_aov': {'x': 10.755, 'y': 12.968}, 'left_image_aov': {'x': -1.879, 'y': 3.524}, 'orb_result': 30})]
 [(True, 136, {'object_id_r': 0, 'object_id_l': 2, 'confidence_r': 76.57402157783508, 'confidence_l': 61.52673959732056, 'object_name_right': 'chair', 'object_name_left': 'chair', 'object_center_right': {'x': 1605, 'y': 846}, 'object_center_left': {'x': 1325, 'y': 826}, 'right_image_aov': {'x': 20.895, 'y': 13.827}, 'left_image_aov': {'x': 11.824, 'y': 12.923}, 'orb_result': 136})
  (True, 74, {'object_id_r': 1, 'object_id_l': 2, 'confidence_r': 69.4230318069458, 'confidence_l': 61.52673959732056, 'object_name_right': 'person', 'object_name_left': 'chair', 'object_center_right': {'x': 927, 'y': 597}, 'object_center_left': {'x': 1325, 'y': 826}, 'right_image_aov': {'x': -1.069, 'y': 2.576}, 'left_image_aov': {'x': 11.824, 'y': 12.923}, 'orb_result': 74})
  (True, 153, {'object_id_r': 2, 'object_id_l': 2, 'confidence_r': 62.581127882003784, 'confidence_l': 61.52673959732056, 'object_name_right': 'chair', 'object_name_left': 'chair', 'object_center_right': {'x': 1292, 'y': 827}, 'object_center_left': {'x': 1325, 'y': 826}, 'right_image_aov': {'x': 10.755, 'y': 12.968}, 'left_image_aov': {'x': 11.824, 'y': 12.923}, 'orb_result': 153})]]
2024-12-20 09:25:48,058 - INFO - The results of Max orb pairs are: [((2, 2), 153), ((0, 0), 126), ((1, 1), 17)]
2024-12-20 09:25:48,075 - INFO - The data of objects: [{'name': 'chair', 'distance': np.float64(11.33), 'angle': 11.29}, {'name': 'chair', 'distance': np.float64(5.5), 'angle': 22.0}, {'name': 'person', 'distance': np.float64(14.96), 'angle': -1.47}]
2024-12-20 09:25:48,075 - INFO - ----New round of detections----
2024-12-20 09:25:48,284 - INFO - -----------------------------------------------------
2024-12-20 09:25:48,284 - INFO - 
the correlation matrixe: [[(True, 126, {'object_id_r': 0, 'object_id_l': 0, 'confidence_r': 76.57402157783508, 'confidence_l': 74.83957409858704, 'object_name_right': 'chair', 'object_name_left': 'chair', 'object_center_right': {'x': 1605, 'y': 846}, 'object_center_left': {'x': 1673, 'y': 845}, 'right_image_aov': {'x': 20.895, 'y': 13.827}, 'left_image_aov': {'x': 23.098, 'y': 13.781}, 'orb_result': 126})
  (True, 48, {'object_id_r': 1, 'object_id_l': 0, 'confidence_r': 69.4230318069458, 'confidence_l': 74.83957409858704, 'object_name_right': 'person', 'object_name_left': 'chair', 'object_center_right': {'x': 927, 'y': 597}, 'object_center_left': {'x': 1673, 'y': 845}, 'right_image_aov': {'x': -1.069, 'y': 2.576}, 'left_image_aov': {'x': 23.098, 'y': 13.781}, 'orb_result': 48})
  (True, 123, {'object_id_r': 2, 'object_id_l': 0, 'confidence_r': 62.581127882003784, 'confidence_l': 74.83957409858704, 'object_name_right': 'chair', 'object_name_left': 'chair', 'object_center_right': {'x': 1292, 'y': 827}, 'object_center_left': {'x': 1673, 'y': 845}, 'right_image_aov': {'x': 10.755, 'y': 12.968}, 'left_image_aov': {'x': 23.098, 'y': 13.781}, 'orb_result': 123})]
 [(True, 30, {'object_id_r': 0, 'object_id_l': 1, 'confidence_r': 76.57402157783508, 'confidence_l': 72.22719192504883, 'object_name_right': 'chair', 'object_name_left': 'person', 'object_center_right': {'x': 1605, 'y': 846}, 'object_center_left': {'x': 902, 'y': 618}, 'right_image_aov': {'x': 20.895, 'y': 13.827}, 'left_image_aov': {'x': -1.879, 'y': 3.524}, 'orb_result': 30})
  (True, 17, {'object_id_r': 1, 'object_id_l': 1, 'confidence_r': 69.4230318069458, 'confidence_l': 72.22719192504883, 'object_name_right': 'person', 'object_name_left': 'person', 'object_center_right': {'x': 927, 'y': 597}, 'object_center_left': {'x': 902, 'y': 618}, 'right_image_aov': {'x': -1.069, 'y': 2.576}, 'left_image_aov': {'x': -1.879, 'y': 3.524}, 'orb_result': 17})
  (True, 30, {'object_id_r': 2, 'object_id_l': 1, 'confidence_r': 62.581127882003784, 'confidence_l': 72.22719192504883, 'object_name_right': 'chair', 'object_name_left': 'person', 'object_center_right': {'x': 1292, 'y': 827}, 'object_center_left': {'x': 902, 'y': 618}, 'right_image_aov': {'x': 10.755, 'y': 12.968}, 'left_image_aov': {'x': -1.879, 'y': 3.524}, 'orb_result': 30})]
 [(True, 136, {'object_id_r': 0, 'object_id_l': 2, 'confidence_r': 76.57402157783508, 'confidence_l': 61.52673959732056, 'object_name_right': 'chair', 'object_name_left': 'chair', 'object_center_right': {'x': 1605, 'y': 846}, 'object_center_left': {'x': 1325, 'y': 826}, 'right_image_aov': {'x': 20.895, 'y': 13.827}, 'left_image_aov': {'x': 11.824, 'y': 12.923}, 'orb_result': 136})
  (True, 74, {'object_id_r': 1, 'object_id_l': 2, 'confidence_r': 69.4230318069458, 'confidence_l': 61.52673959732056, 'object_name_right': 'person', 'object_name_left': 'chair', 'object_center_right': {'x': 927, 'y': 597}, 'object_center_left': {'x': 1325, 'y': 826}, 'right_image_aov': {'x': -1.069, 'y': 2.576}, 'left_image_aov': {'x': 11.824, 'y': 12.923}, 'orb_result': 74})
  (True, 153, {'object_id_r': 2, 'object_id_l': 2, 'confidence_r': 62.581127882003784, 'confidence_l': 61.52673959732056, 'object_name_right': 'chair', 'object_name_left': 'chair', 'object_center_right': {'x': 1292, 'y': 827}, 'object_center_left': {'x': 1325, 'y': 826}, 'right_image_aov': {'x': 10.755, 'y': 12.968}, 'left_image_aov': {'x': 11.824, 'y': 12.923}, 'orb_result': 153})]]
2024-12-20 09:25:48,284 - INFO - The results of Max orb pairs are: [((2, 2), 153), ((0, 0), 126), ((1, 1), 17)]
2024-12-20 09:25:48,307 - INFO - The data of objects: [{'name': 'chair', 'distance': np.float64(11.33), 'angle': 11.29}, {'name': 'chair', 'distance': np.float64(5.5), 'angle': 22.0}, {'name': 'person', 'distance': np.float64(14.96), 'angle': -1.47}]
2024-12-20 09:25:48,307 - INFO - ----New round of detections----
2024-12-20 09:25:48,518 - INFO - -----------------------------------------------------
2024-12-20 09:25:48,518 - INFO - 
the correlation matrixe: [[(True, 126, {'object_id_r': 0, 'object_id_l': 0, 'confidence_r': 76.57402157783508, 'confidence_l': 74.83957409858704, 'object_name_right': 'chair', 'object_name_left': 'chair', 'object_center_right': {'x': 1605, 'y': 846}, 'object_center_left': {'x': 1673, 'y': 845}, 'right_image_aov': {'x': 20.895, 'y': 13.827}, 'left_image_aov': {'x': 23.098, 'y': 13.781}, 'orb_result': 126})
  (True, 48, {'object_id_r': 1, 'object_id_l': 0, 'confidence_r': 69.4230318069458, 'confidence_l': 74.83957409858704, 'object_name_right': 'person', 'object_name_left': 'chair', 'object_center_right': {'x': 927, 'y': 597}, 'object_center_left': {'x': 1673, 'y': 845}, 'right_image_aov': {'x': -1.069, 'y': 2.576}, 'left_image_aov': {'x': 23.098, 'y': 13.781}, 'orb_result': 48})
  (True, 123, {'object_id_r': 2, 'object_id_l': 0, 'confidence_r': 62.581127882003784, 'confidence_l': 74.83957409858704, 'object_name_right': 'chair', 'object_name_left': 'chair', 'object_center_right': {'x': 1292, 'y': 827}, 'object_center_left': {'x': 1673, 'y': 845}, 'right_image_aov': {'x': 10.755, 'y': 12.968}, 'left_image_aov': {'x': 23.098, 'y': 13.781}, 'orb_result': 123})]
 [(True, 30, {'object_id_r': 0, 'object_id_l': 1, 'confidence_r': 76.57402157783508, 'confidence_l': 72.22719192504883, 'object_name_right': 'chair', 'object_name_left': 'person', 'object_center_right': {'x': 1605, 'y': 846}, 'object_center_left': {'x': 902, 'y': 618}, 'right_image_aov': {'x': 20.895, 'y': 13.827}, 'left_image_aov': {'x': -1.879, 'y': 3.524}, 'orb_result': 30})
  (True, 17, {'object_id_r': 1, 'object_id_l': 1, 'confidence_r': 69.4230318069458, 'confidence_l': 72.22719192504883, 'object_name_right': 'person', 'object_name_left': 'person', 'object_center_right': {'x': 927, 'y': 597}, 'object_center_left': {'x': 902, 'y': 618}, 'right_image_aov': {'x': -1.069, 'y': 2.576}, 'left_image_aov': {'x': -1.879, 'y': 3.524}, 'orb_result': 17})
  (True, 30, {'object_id_r': 2, 'object_id_l': 1, 'confidence_r': 62.581127882003784, 'confidence_l': 72.22719192504883, 'object_name_right': 'chair', 'object_name_left': 'person', 'object_center_right': {'x': 1292, 'y': 827}, 'object_center_left': {'x': 902, 'y': 618}, 'right_image_aov': {'x': 10.755, 'y': 12.968}, 'left_image_aov': {'x': -1.879, 'y': 3.524}, 'orb_result': 30})]
 [(True, 136, {'object_id_r': 0, 'object_id_l': 2, 'confidence_r': 76.57402157783508, 'confidence_l': 61.52673959732056, 'object_name_right': 'chair', 'object_name_left': 'chair', 'object_center_right': {'x': 1605, 'y': 846}, 'object_center_left': {'x': 1325, 'y': 826}, 'right_image_aov': {'x': 20.895, 'y': 13.827}, 'left_image_aov': {'x': 11.824, 'y': 12.923}, 'orb_result': 136})
  (True, 74, {'object_id_r': 1, 'object_id_l': 2, 'confidence_r': 69.4230318069458, 'confidence_l': 61.52673959732056, 'object_name_right': 'person', 'object_name_left': 'chair', 'object_center_right': {'x': 927, 'y': 597}, 'object_center_left': {'x': 1325, 'y': 826}, 'right_image_aov': {'x': -1.069, 'y': 2.576}, 'left_image_aov': {'x': 11.824, 'y': 12.923}, 'orb_result': 74})
  (True, 153, {'object_id_r': 2, 'object_id_l': 2, 'confidence_r': 62.581127882003784, 'confidence_l': 61.52673959732056, 'object_name_right': 'chair', 'object_name_left': 'chair', 'object_center_right': {'x': 1292, 'y': 827}, 'object_center_left': {'x': 1325, 'y': 826}, 'right_image_aov': {'x': 10.755, 'y': 12.968}, 'left_image_aov': {'x': 11.824, 'y': 12.923}, 'orb_result': 153})]]
2024-12-20 09:25:48,518 - INFO - The results of Max orb pairs are: [((2, 2), 153), ((0, 0), 126), ((1, 1), 17)]
2024-12-20 09:25:48,540 - INFO - The data of objects: [{'name': 'chair', 'distance': np.float64(11.33), 'angle': 11.29}, {'name': 'chair', 'distance': np.float64(5.5), 'angle': 22.0}, {'name': 'person', 'distance': np.float64(14.96), 'angle': -1.47}]
2024-12-20 09:25:48,540 - INFO - ----New round of detections----
2024-12-20 09:25:48,741 - INFO - -----------------------------------------------------
2024-12-20 09:25:48,741 - INFO - 
the correlation matrixe: [[(True, 126, {'object_id_r': 0, 'object_id_l': 0, 'confidence_r': 76.57402157783508, 'confidence_l': 74.83957409858704, 'object_name_right': 'chair', 'object_name_left': 'chair', 'object_center_right': {'x': 1605, 'y': 846}, 'object_center_left': {'x': 1673, 'y': 845}, 'right_image_aov': {'x': 20.895, 'y': 13.827}, 'left_image_aov': {'x': 23.098, 'y': 13.781}, 'orb_result': 126})
  (True, 48, {'object_id_r': 1, 'object_id_l': 0, 'confidence_r': 69.4230318069458, 'confidence_l': 74.83957409858704, 'object_name_right': 'person', 'object_name_left': 'chair', 'object_center_right': {'x': 927, 'y': 597}, 'object_center_left': {'x': 1673, 'y': 845}, 'right_image_aov': {'x': -1.069, 'y': 2.576}, 'left_image_aov': {'x': 23.098, 'y': 13.781}, 'orb_result': 48})
  (True, 123, {'object_id_r': 2, 'object_id_l': 0, 'confidence_r': 62.581127882003784, 'confidence_l': 74.83957409858704, 'object_name_right': 'chair', 'object_name_left': 'chair', 'object_center_right': {'x': 1292, 'y': 827}, 'object_center_left': {'x': 1673, 'y': 845}, 'right_image_aov': {'x': 10.755, 'y': 12.968}, 'left_image_aov': {'x': 23.098, 'y': 13.781}, 'orb_result': 123})]
 [(True, 30, {'object_id_r': 0, 'object_id_l': 1, 'confidence_r': 76.57402157783508, 'confidence_l': 72.22719192504883, 'object_name_right': 'chair', 'object_name_left': 'person', 'object_center_right': {'x': 1605, 'y': 846}, 'object_center_left': {'x': 902, 'y': 618}, 'right_image_aov': {'x': 20.895, 'y': 13.827}, 'left_image_aov': {'x': -1.879, 'y': 3.524}, 'orb_result': 30})
  (True, 17, {'object_id_r': 1, 'object_id_l': 1, 'confidence_r': 69.4230318069458, 'confidence_l': 72.22719192504883, 'object_name_right': 'person', 'object_name_left': 'person', 'object_center_right': {'x': 927, 'y': 597}, 'object_center_left': {'x': 902, 'y': 618}, 'right_image_aov': {'x': -1.069, 'y': 2.576}, 'left_image_aov': {'x': -1.879, 'y': 3.524}, 'orb_result': 17})
  (True, 30, {'object_id_r': 2, 'object_id_l': 1, 'confidence_r': 62.581127882003784, 'confidence_l': 72.22719192504883, 'object_name_right': 'chair', 'object_name_left': 'person', 'object_center_right': {'x': 1292, 'y': 827}, 'object_center_left': {'x': 902, 'y': 618}, 'right_image_aov': {'x': 10.755, 'y': 12.968}, 'left_image_aov': {'x': -1.879, 'y': 3.524}, 'orb_result': 30})]
 [(True, 136, {'object_id_r': 0, 'object_id_l': 2, 'confidence_r': 76.57402157783508, 'confidence_l': 61.52673959732056, 'object_name_right': 'chair', 'object_name_left': 'chair', 'object_center_right': {'x': 1605, 'y': 846}, 'object_center_left': {'x': 1325, 'y': 826}, 'right_image_aov': {'x': 20.895, 'y': 13.827}, 'left_image_aov': {'x': 11.824, 'y': 12.923}, 'orb_result': 136})
  (True, 74, {'object_id_r': 1, 'object_id_l': 2, 'confidence_r': 69.4230318069458, 'confidence_l': 61.52673959732056, 'object_name_right': 'person', 'object_name_left': 'chair', 'object_center_right': {'x': 927, 'y': 597}, 'object_center_left': {'x': 1325, 'y': 826}, 'right_image_aov': {'x': -1.069, 'y': 2.576}, 'left_image_aov': {'x': 11.824, 'y': 12.923}, 'orb_result': 74})
  (True, 153, {'object_id_r': 2, 'object_id_l': 2, 'confidence_r': 62.581127882003784, 'confidence_l': 61.52673959732056, 'object_name_right': 'chair', 'object_name_left': 'chair', 'object_center_right': {'x': 1292, 'y': 827}, 'object_center_left': {'x': 1325, 'y': 826}, 'right_image_aov': {'x': 10.755, 'y': 12.968}, 'left_image_aov': {'x': 11.824, 'y': 12.923}, 'orb_result': 153})]]
2024-12-20 09:25:48,741 - INFO - The results of Max orb pairs are: [((2, 2), 153), ((0, 0), 126), ((1, 1), 17)]
2024-12-20 09:25:48,767 - INFO - The data of objects: [{'name': 'chair', 'distance': np.float64(11.33), 'angle': 11.29}, {'name': 'chair', 'distance': np.float64(5.5), 'angle': 22.0}, {'name': 'person', 'distance': np.float64(14.96), 'angle': -1.47}]
2024-12-20 09:25:48,767 - INFO - ----New round of detections----
2024-12-20 09:25:48,975 - INFO - -----------------------------------------------------
2024-12-20 09:25:48,975 - INFO - 
the correlation matrixe: [[(True, 126, {'object_id_r': 0, 'object_id_l': 0, 'confidence_r': 76.57402157783508, 'confidence_l': 74.83957409858704, 'object_name_right': 'chair', 'object_name_left': 'chair', 'object_center_right': {'x': 1605, 'y': 846}, 'object_center_left': {'x': 1673, 'y': 845}, 'right_image_aov': {'x': 20.895, 'y': 13.827}, 'left_image_aov': {'x': 23.098, 'y': 13.781}, 'orb_result': 126})
  (True, 48, {'object_id_r': 1, 'object_id_l': 0, 'confidence_r': 69.4230318069458, 'confidence_l': 74.83957409858704, 'object_name_right': 'person', 'object_name_left': 'chair', 'object_center_right': {'x': 927, 'y': 597}, 'object_center_left': {'x': 1673, 'y': 845}, 'right_image_aov': {'x': -1.069, 'y': 2.576}, 'left_image_aov': {'x': 23.098, 'y': 13.781}, 'orb_result': 48})
  (True, 123, {'object_id_r': 2, 'object_id_l': 0, 'confidence_r': 62.581127882003784, 'confidence_l': 74.83957409858704, 'object_name_right': 'chair', 'object_name_left': 'chair', 'object_center_right': {'x': 1292, 'y': 827}, 'object_center_left': {'x': 1673, 'y': 845}, 'right_image_aov': {'x': 10.755, 'y': 12.968}, 'left_image_aov': {'x': 23.098, 'y': 13.781}, 'orb_result': 123})]
 [(True, 30, {'object_id_r': 0, 'object_id_l': 1, 'confidence_r': 76.57402157783508, 'confidence_l': 72.22719192504883, 'object_name_right': 'chair', 'object_name_left': 'person', 'object_center_right': {'x': 1605, 'y': 846}, 'object_center_left': {'x': 902, 'y': 618}, 'right_image_aov': {'x': 20.895, 'y': 13.827}, 'left_image_aov': {'x': -1.879, 'y': 3.524}, 'orb_result': 30})
  (True, 17, {'object_id_r': 1, 'object_id_l': 1, 'confidence_r': 69.4230318069458, 'confidence_l': 72.22719192504883, 'object_name_right': 'person', 'object_name_left': 'person', 'object_center_right': {'x': 927, 'y': 597}, 'object_center_left': {'x': 902, 'y': 618}, 'right_image_aov': {'x': -1.069, 'y': 2.576}, 'left_image_aov': {'x': -1.879, 'y': 3.524}, 'orb_result': 17})
  (True, 30, {'object_id_r': 2, 'object_id_l': 1, 'confidence_r': 62.581127882003784, 'confidence_l': 72.22719192504883, 'object_name_right': 'chair', 'object_name_left': 'person', 'object_center_right': {'x': 1292, 'y': 827}, 'object_center_left': {'x': 902, 'y': 618}, 'right_image_aov': {'x': 10.755, 'y': 12.968}, 'left_image_aov': {'x': -1.879, 'y': 3.524}, 'orb_result': 30})]
 [(True, 136, {'object_id_r': 0, 'object_id_l': 2, 'confidence_r': 76.57402157783508, 'confidence_l': 61.52673959732056, 'object_name_right': 'chair', 'object_name_left': 'chair', 'object_center_right': {'x': 1605, 'y': 846}, 'object_center_left': {'x': 1325, 'y': 826}, 'right_image_aov': {'x': 20.895, 'y': 13.827}, 'left_image_aov': {'x': 11.824, 'y': 12.923}, 'orb_result': 136})
  (True, 74, {'object_id_r': 1, 'object_id_l': 2, 'confidence_r': 69.4230318069458, 'confidence_l': 61.52673959732056, 'object_name_right': 'person', 'object_name_left': 'chair', 'object_center_right': {'x': 927, 'y': 597}, 'object_center_left': {'x': 1325, 'y': 826}, 'right_image_aov': {'x': -1.069, 'y': 2.576}, 'left_image_aov': {'x': 11.824, 'y': 12.923}, 'orb_result': 74})
  (True, 153, {'object_id_r': 2, 'object_id_l': 2, 'confidence_r': 62.581127882003784, 'confidence_l': 61.52673959732056, 'object_name_right': 'chair', 'object_name_left': 'chair', 'object_center_right': {'x': 1292, 'y': 827}, 'object_center_left': {'x': 1325, 'y': 826}, 'right_image_aov': {'x': 10.755, 'y': 12.968}, 'left_image_aov': {'x': 11.824, 'y': 12.923}, 'orb_result': 153})]]
2024-12-20 09:25:48,975 - INFO - The results of Max orb pairs are: [((2, 2), 153), ((0, 0), 126), ((1, 1), 17)]
2024-12-20 09:25:48,990 - INFO - The data of objects: [{'name': 'chair', 'distance': np.float64(11.33), 'angle': 11.29}, {'name': 'chair', 'distance': np.float64(5.5), 'angle': 22.0}, {'name': 'person', 'distance': np.float64(14.96), 'angle': -1.47}]
2024-12-20 09:25:48,990 - INFO - ----New round of detections----
2024-12-20 09:25:49,203 - INFO - -----------------------------------------------------
2024-12-20 09:25:49,203 - INFO - 
the correlation matrixe: [[(True, 126, {'object_id_r': 0, 'object_id_l': 0, 'confidence_r': 76.57402157783508, 'confidence_l': 74.83957409858704, 'object_name_right': 'chair', 'object_name_left': 'chair', 'object_center_right': {'x': 1605, 'y': 846}, 'object_center_left': {'x': 1673, 'y': 845}, 'right_image_aov': {'x': 20.895, 'y': 13.827}, 'left_image_aov': {'x': 23.098, 'y': 13.781}, 'orb_result': 126})
  (True, 48, {'object_id_r': 1, 'object_id_l': 0, 'confidence_r': 69.4230318069458, 'confidence_l': 74.83957409858704, 'object_name_right': 'person', 'object_name_left': 'chair', 'object_center_right': {'x': 927, 'y': 597}, 'object_center_left': {'x': 1673, 'y': 845}, 'right_image_aov': {'x': -1.069, 'y': 2.576}, 'left_image_aov': {'x': 23.098, 'y': 13.781}, 'orb_result': 48})
  (True, 123, {'object_id_r': 2, 'object_id_l': 0, 'confidence_r': 62.581127882003784, 'confidence_l': 74.83957409858704, 'object_name_right': 'chair', 'object_name_left': 'chair', 'object_center_right': {'x': 1292, 'y': 827}, 'object_center_left': {'x': 1673, 'y': 845}, 'right_image_aov': {'x': 10.755, 'y': 12.968}, 'left_image_aov': {'x': 23.098, 'y': 13.781}, 'orb_result': 123})]
 [(True, 30, {'object_id_r': 0, 'object_id_l': 1, 'confidence_r': 76.57402157783508, 'confidence_l': 72.22719192504883, 'object_name_right': 'chair', 'object_name_left': 'person', 'object_center_right': {'x': 1605, 'y': 846}, 'object_center_left': {'x': 902, 'y': 618}, 'right_image_aov': {'x': 20.895, 'y': 13.827}, 'left_image_aov': {'x': -1.879, 'y': 3.524}, 'orb_result': 30})
  (True, 17, {'object_id_r': 1, 'object_id_l': 1, 'confidence_r': 69.4230318069458, 'confidence_l': 72.22719192504883, 'object_name_right': 'person', 'object_name_left': 'person', 'object_center_right': {'x': 927, 'y': 597}, 'object_center_left': {'x': 902, 'y': 618}, 'right_image_aov': {'x': -1.069, 'y': 2.576}, 'left_image_aov': {'x': -1.879, 'y': 3.524}, 'orb_result': 17})
  (True, 30, {'object_id_r': 2, 'object_id_l': 1, 'confidence_r': 62.581127882003784, 'confidence_l': 72.22719192504883, 'object_name_right': 'chair', 'object_name_left': 'person', 'object_center_right': {'x': 1292, 'y': 827}, 'object_center_left': {'x': 902, 'y': 618}, 'right_image_aov': {'x': 10.755, 'y': 12.968}, 'left_image_aov': {'x': -1.879, 'y': 3.524}, 'orb_result': 30})]
 [(True, 136, {'object_id_r': 0, 'object_id_l': 2, 'confidence_r': 76.57402157783508, 'confidence_l': 61.52673959732056, 'object_name_right': 'chair', 'object_name_left': 'chair', 'object_center_right': {'x': 1605, 'y': 846}, 'object_center_left': {'x': 1325, 'y': 826}, 'right_image_aov': {'x': 20.895, 'y': 13.827}, 'left_image_aov': {'x': 11.824, 'y': 12.923}, 'orb_result': 136})
  (True, 74, {'object_id_r': 1, 'object_id_l': 2, 'confidence_r': 69.4230318069458, 'confidence_l': 61.52673959732056, 'object_name_right': 'person', 'object_name_left': 'chair', 'object_center_right': {'x': 927, 'y': 597}, 'object_center_left': {'x': 1325, 'y': 826}, 'right_image_aov': {'x': -1.069, 'y': 2.576}, 'left_image_aov': {'x': 11.824, 'y': 12.923}, 'orb_result': 74})
  (True, 153, {'object_id_r': 2, 'object_id_l': 2, 'confidence_r': 62.581127882003784, 'confidence_l': 61.52673959732056, 'object_name_right': 'chair', 'object_name_left': 'chair', 'object_center_right': {'x': 1292, 'y': 827}, 'object_center_left': {'x': 1325, 'y': 826}, 'right_image_aov': {'x': 10.755, 'y': 12.968}, 'left_image_aov': {'x': 11.824, 'y': 12.923}, 'orb_result': 153})]]
2024-12-20 09:25:49,203 - INFO - The results of Max orb pairs are: [((2, 2), 153), ((0, 0), 126), ((1, 1), 17)]
2024-12-20 09:25:49,228 - INFO - The data of objects: [{'name': 'chair', 'distance': np.float64(11.33), 'angle': 11.29}, {'name': 'chair', 'distance': np.float64(5.5), 'angle': 22.0}, {'name': 'person', 'distance': np.float64(14.96), 'angle': -1.47}]
2024-12-20 09:25:49,228 - INFO - ----New round of detections----
2024-12-20 09:25:49,433 - INFO - -----------------------------------------------------
2024-12-20 09:25:49,434 - INFO - 
the correlation matrixe: [[(True, 126, {'object_id_r': 0, 'object_id_l': 0, 'confidence_r': 76.57402157783508, 'confidence_l': 74.83957409858704, 'object_name_right': 'chair', 'object_name_left': 'chair', 'object_center_right': {'x': 1605, 'y': 846}, 'object_center_left': {'x': 1673, 'y': 845}, 'right_image_aov': {'x': 20.895, 'y': 13.827}, 'left_image_aov': {'x': 23.098, 'y': 13.781}, 'orb_result': 126})
  (True, 48, {'object_id_r': 1, 'object_id_l': 0, 'confidence_r': 69.4230318069458, 'confidence_l': 74.83957409858704, 'object_name_right': 'person', 'object_name_left': 'chair', 'object_center_right': {'x': 927, 'y': 597}, 'object_center_left': {'x': 1673, 'y': 845}, 'right_image_aov': {'x': -1.069, 'y': 2.576}, 'left_image_aov': {'x': 23.098, 'y': 13.781}, 'orb_result': 48})
  (True, 123, {'object_id_r': 2, 'object_id_l': 0, 'confidence_r': 62.581127882003784, 'confidence_l': 74.83957409858704, 'object_name_right': 'chair', 'object_name_left': 'chair', 'object_center_right': {'x': 1292, 'y': 827}, 'object_center_left': {'x': 1673, 'y': 845}, 'right_image_aov': {'x': 10.755, 'y': 12.968}, 'left_image_aov': {'x': 23.098, 'y': 13.781}, 'orb_result': 123})]
 [(True, 30, {'object_id_r': 0, 'object_id_l': 1, 'confidence_r': 76.57402157783508, 'confidence_l': 72.22719192504883, 'object_name_right': 'chair', 'object_name_left': 'person', 'object_center_right': {'x': 1605, 'y': 846}, 'object_center_left': {'x': 902, 'y': 618}, 'right_image_aov': {'x': 20.895, 'y': 13.827}, 'left_image_aov': {'x': -1.879, 'y': 3.524}, 'orb_result': 30})
  (True, 17, {'object_id_r': 1, 'object_id_l': 1, 'confidence_r': 69.4230318069458, 'confidence_l': 72.22719192504883, 'object_name_right': 'person', 'object_name_left': 'person', 'object_center_right': {'x': 927, 'y': 597}, 'object_center_left': {'x': 902, 'y': 618}, 'right_image_aov': {'x': -1.069, 'y': 2.576}, 'left_image_aov': {'x': -1.879, 'y': 3.524}, 'orb_result': 17})
  (True, 30, {'object_id_r': 2, 'object_id_l': 1, 'confidence_r': 62.581127882003784, 'confidence_l': 72.22719192504883, 'object_name_right': 'chair', 'object_name_left': 'person', 'object_center_right': {'x': 1292, 'y': 827}, 'object_center_left': {'x': 902, 'y': 618}, 'right_image_aov': {'x': 10.755, 'y': 12.968}, 'left_image_aov': {'x': -1.879, 'y': 3.524}, 'orb_result': 30})]
 [(True, 136, {'object_id_r': 0, 'object_id_l': 2, 'confidence_r': 76.57402157783508, 'confidence_l': 61.52673959732056, 'object_name_right': 'chair', 'object_name_left': 'chair', 'object_center_right': {'x': 1605, 'y': 846}, 'object_center_left': {'x': 1325, 'y': 826}, 'right_image_aov': {'x': 20.895, 'y': 13.827}, 'left_image_aov': {'x': 11.824, 'y': 12.923}, 'orb_result': 136})
  (True, 74, {'object_id_r': 1, 'object_id_l': 2, 'confidence_r': 69.4230318069458, 'confidence_l': 61.52673959732056, 'object_name_right': 'person', 'object_name_left': 'chair', 'object_center_right': {'x': 927, 'y': 597}, 'object_center_left': {'x': 1325, 'y': 826}, 'right_image_aov': {'x': -1.069, 'y': 2.576}, 'left_image_aov': {'x': 11.824, 'y': 12.923}, 'orb_result': 74})
  (True, 153, {'object_id_r': 2, 'object_id_l': 2, 'confidence_r': 62.581127882003784, 'confidence_l': 61.52673959732056, 'object_name_right': 'chair', 'object_name_left': 'chair', 'object_center_right': {'x': 1292, 'y': 827}, 'object_center_left': {'x': 1325, 'y': 826}, 'right_image_aov': {'x': 10.755, 'y': 12.968}, 'left_image_aov': {'x': 11.824, 'y': 12.923}, 'orb_result': 153})]]
2024-12-20 09:25:49,434 - INFO - The results of Max orb pairs are: [((2, 2), 153), ((0, 0), 126), ((1, 1), 17)]
2024-12-20 09:25:49,455 - INFO - The data of objects: [{'name': 'chair', 'distance': np.float64(11.33), 'angle': 11.29}, {'name': 'chair', 'distance': np.float64(5.5), 'angle': 22.0}, {'name': 'person', 'distance': np.float64(14.96), 'angle': -1.47}]
2024-12-20 09:25:49,455 - INFO - ----New round of detections----
2024-12-20 09:25:49,657 - INFO - -----------------------------------------------------
2024-12-20 09:25:49,657 - INFO - 
the correlation matrixe: [[(True, 126, {'object_id_r': 0, 'object_id_l': 0, 'confidence_r': 76.57402157783508, 'confidence_l': 74.83957409858704, 'object_name_right': 'chair', 'object_name_left': 'chair', 'object_center_right': {'x': 1605, 'y': 846}, 'object_center_left': {'x': 1673, 'y': 845}, 'right_image_aov': {'x': 20.895, 'y': 13.827}, 'left_image_aov': {'x': 23.098, 'y': 13.781}, 'orb_result': 126})
  (True, 48, {'object_id_r': 1, 'object_id_l': 0, 'confidence_r': 69.4230318069458, 'confidence_l': 74.83957409858704, 'object_name_right': 'person', 'object_name_left': 'chair', 'object_center_right': {'x': 927, 'y': 597}, 'object_center_left': {'x': 1673, 'y': 845}, 'right_image_aov': {'x': -1.069, 'y': 2.576}, 'left_image_aov': {'x': 23.098, 'y': 13.781}, 'orb_result': 48})
  (True, 123, {'object_id_r': 2, 'object_id_l': 0, 'confidence_r': 62.581127882003784, 'confidence_l': 74.83957409858704, 'object_name_right': 'chair', 'object_name_left': 'chair', 'object_center_right': {'x': 1292, 'y': 827}, 'object_center_left': {'x': 1673, 'y': 845}, 'right_image_aov': {'x': 10.755, 'y': 12.968}, 'left_image_aov': {'x': 23.098, 'y': 13.781}, 'orb_result': 123})]
 [(True, 30, {'object_id_r': 0, 'object_id_l': 1, 'confidence_r': 76.57402157783508, 'confidence_l': 72.22719192504883, 'object_name_right': 'chair', 'object_name_left': 'person', 'object_center_right': {'x': 1605, 'y': 846}, 'object_center_left': {'x': 902, 'y': 618}, 'right_image_aov': {'x': 20.895, 'y': 13.827}, 'left_image_aov': {'x': -1.879, 'y': 3.524}, 'orb_result': 30})
  (True, 17, {'object_id_r': 1, 'object_id_l': 1, 'confidence_r': 69.4230318069458, 'confidence_l': 72.22719192504883, 'object_name_right': 'person', 'object_name_left': 'person', 'object_center_right': {'x': 927, 'y': 597}, 'object_center_left': {'x': 902, 'y': 618}, 'right_image_aov': {'x': -1.069, 'y': 2.576}, 'left_image_aov': {'x': -1.879, 'y': 3.524}, 'orb_result': 17})
  (True, 30, {'object_id_r': 2, 'object_id_l': 1, 'confidence_r': 62.581127882003784, 'confidence_l': 72.22719192504883, 'object_name_right': 'chair', 'object_name_left': 'person', 'object_center_right': {'x': 1292, 'y': 827}, 'object_center_left': {'x': 902, 'y': 618}, 'right_image_aov': {'x': 10.755, 'y': 12.968}, 'left_image_aov': {'x': -1.879, 'y': 3.524}, 'orb_result': 30})]
 [(True, 136, {'object_id_r': 0, 'object_id_l': 2, 'confidence_r': 76.57402157783508, 'confidence_l': 61.52673959732056, 'object_name_right': 'chair', 'object_name_left': 'chair', 'object_center_right': {'x': 1605, 'y': 846}, 'object_center_left': {'x': 1325, 'y': 826}, 'right_image_aov': {'x': 20.895, 'y': 13.827}, 'left_image_aov': {'x': 11.824, 'y': 12.923}, 'orb_result': 136})
  (True, 74, {'object_id_r': 1, 'object_id_l': 2, 'confidence_r': 69.4230318069458, 'confidence_l': 61.52673959732056, 'object_name_right': 'person', 'object_name_left': 'chair', 'object_center_right': {'x': 927, 'y': 597}, 'object_center_left': {'x': 1325, 'y': 826}, 'right_image_aov': {'x': -1.069, 'y': 2.576}, 'left_image_aov': {'x': 11.824, 'y': 12.923}, 'orb_result': 74})
  (True, 153, {'object_id_r': 2, 'object_id_l': 2, 'confidence_r': 62.581127882003784, 'confidence_l': 61.52673959732056, 'object_name_right': 'chair', 'object_name_left': 'chair', 'object_center_right': {'x': 1292, 'y': 827}, 'object_center_left': {'x': 1325, 'y': 826}, 'right_image_aov': {'x': 10.755, 'y': 12.968}, 'left_image_aov': {'x': 11.824, 'y': 12.923}, 'orb_result': 153})]]
2024-12-20 09:25:49,657 - INFO - The results of Max orb pairs are: [((2, 2), 153), ((0, 0), 126), ((1, 1), 17)]
2024-12-20 09:25:49,674 - INFO - The data of objects: [{'name': 'chair', 'distance': np.float64(11.33), 'angle': 11.29}, {'name': 'chair', 'distance': np.float64(5.5), 'angle': 22.0}, {'name': 'person', 'distance': np.float64(14.96), 'angle': -1.47}]
2024-12-20 09:25:49,674 - INFO - ----New round of detections----
2024-12-20 09:25:49,886 - INFO - -----------------------------------------------------
2024-12-20 09:25:49,886 - INFO - 
the correlation matrixe: [[(True, 126, {'object_id_r': 0, 'object_id_l': 0, 'confidence_r': 76.57402157783508, 'confidence_l': 74.83957409858704, 'object_name_right': 'chair', 'object_name_left': 'chair', 'object_center_right': {'x': 1605, 'y': 846}, 'object_center_left': {'x': 1673, 'y': 845}, 'right_image_aov': {'x': 20.895, 'y': 13.827}, 'left_image_aov': {'x': 23.098, 'y': 13.781}, 'orb_result': 126})
  (True, 48, {'object_id_r': 1, 'object_id_l': 0, 'confidence_r': 69.4230318069458, 'confidence_l': 74.83957409858704, 'object_name_right': 'person', 'object_name_left': 'chair', 'object_center_right': {'x': 927, 'y': 597}, 'object_center_left': {'x': 1673, 'y': 845}, 'right_image_aov': {'x': -1.069, 'y': 2.576}, 'left_image_aov': {'x': 23.098, 'y': 13.781}, 'orb_result': 48})
  (True, 123, {'object_id_r': 2, 'object_id_l': 0, 'confidence_r': 62.581127882003784, 'confidence_l': 74.83957409858704, 'object_name_right': 'chair', 'object_name_left': 'chair', 'object_center_right': {'x': 1292, 'y': 827}, 'object_center_left': {'x': 1673, 'y': 845}, 'right_image_aov': {'x': 10.755, 'y': 12.968}, 'left_image_aov': {'x': 23.098, 'y': 13.781}, 'orb_result': 123})]
 [(True, 30, {'object_id_r': 0, 'object_id_l': 1, 'confidence_r': 76.57402157783508, 'confidence_l': 72.22719192504883, 'object_name_right': 'chair', 'object_name_left': 'person', 'object_center_right': {'x': 1605, 'y': 846}, 'object_center_left': {'x': 902, 'y': 618}, 'right_image_aov': {'x': 20.895, 'y': 13.827}, 'left_image_aov': {'x': -1.879, 'y': 3.524}, 'orb_result': 30})
  (True, 17, {'object_id_r': 1, 'object_id_l': 1, 'confidence_r': 69.4230318069458, 'confidence_l': 72.22719192504883, 'object_name_right': 'person', 'object_name_left': 'person', 'object_center_right': {'x': 927, 'y': 597}, 'object_center_left': {'x': 902, 'y': 618}, 'right_image_aov': {'x': -1.069, 'y': 2.576}, 'left_image_aov': {'x': -1.879, 'y': 3.524}, 'orb_result': 17})
  (True, 30, {'object_id_r': 2, 'object_id_l': 1, 'confidence_r': 62.581127882003784, 'confidence_l': 72.22719192504883, 'object_name_right': 'chair', 'object_name_left': 'person', 'object_center_right': {'x': 1292, 'y': 827}, 'object_center_left': {'x': 902, 'y': 618}, 'right_image_aov': {'x': 10.755, 'y': 12.968}, 'left_image_aov': {'x': -1.879, 'y': 3.524}, 'orb_result': 30})]
 [(True, 136, {'object_id_r': 0, 'object_id_l': 2, 'confidence_r': 76.57402157783508, 'confidence_l': 61.52673959732056, 'object_name_right': 'chair', 'object_name_left': 'chair', 'object_center_right': {'x': 1605, 'y': 846}, 'object_center_left': {'x': 1325, 'y': 826}, 'right_image_aov': {'x': 20.895, 'y': 13.827}, 'left_image_aov': {'x': 11.824, 'y': 12.923}, 'orb_result': 136})
  (True, 74, {'object_id_r': 1, 'object_id_l': 2, 'confidence_r': 69.4230318069458, 'confidence_l': 61.52673959732056, 'object_name_right': 'person', 'object_name_left': 'chair', 'object_center_right': {'x': 927, 'y': 597}, 'object_center_left': {'x': 1325, 'y': 826}, 'right_image_aov': {'x': -1.069, 'y': 2.576}, 'left_image_aov': {'x': 11.824, 'y': 12.923}, 'orb_result': 74})
  (True, 153, {'object_id_r': 2, 'object_id_l': 2, 'confidence_r': 62.581127882003784, 'confidence_l': 61.52673959732056, 'object_name_right': 'chair', 'object_name_left': 'chair', 'object_center_right': {'x': 1292, 'y': 827}, 'object_center_left': {'x': 1325, 'y': 826}, 'right_image_aov': {'x': 10.755, 'y': 12.968}, 'left_image_aov': {'x': 11.824, 'y': 12.923}, 'orb_result': 153})]]
2024-12-20 09:25:49,886 - INFO - The results of Max orb pairs are: [((2, 2), 153), ((0, 0), 126), ((1, 1), 17)]
2024-12-20 09:25:49,908 - INFO - The data of objects: [{'name': 'chair', 'distance': np.float64(11.33), 'angle': 11.29}, {'name': 'chair', 'distance': np.float64(5.5), 'angle': 22.0}, {'name': 'person', 'distance': np.float64(14.96), 'angle': -1.47}]
2024-12-20 09:25:49,908 - INFO - ----New round of detections----
2024-12-20 09:25:50,108 - INFO - -----------------------------------------------------
2024-12-20 09:25:50,108 - INFO - 
the correlation matrixe: [[(True, 126, {'object_id_r': 0, 'object_id_l': 0, 'confidence_r': 76.57402157783508, 'confidence_l': 74.83957409858704, 'object_name_right': 'chair', 'object_name_left': 'chair', 'object_center_right': {'x': 1605, 'y': 846}, 'object_center_left': {'x': 1673, 'y': 845}, 'right_image_aov': {'x': 20.895, 'y': 13.827}, 'left_image_aov': {'x': 23.098, 'y': 13.781}, 'orb_result': 126})
  (True, 48, {'object_id_r': 1, 'object_id_l': 0, 'confidence_r': 69.4230318069458, 'confidence_l': 74.83957409858704, 'object_name_right': 'person', 'object_name_left': 'chair', 'object_center_right': {'x': 927, 'y': 597}, 'object_center_left': {'x': 1673, 'y': 845}, 'right_image_aov': {'x': -1.069, 'y': 2.576}, 'left_image_aov': {'x': 23.098, 'y': 13.781}, 'orb_result': 48})
  (True, 123, {'object_id_r': 2, 'object_id_l': 0, 'confidence_r': 62.581127882003784, 'confidence_l': 74.83957409858704, 'object_name_right': 'chair', 'object_name_left': 'chair', 'object_center_right': {'x': 1292, 'y': 827}, 'object_center_left': {'x': 1673, 'y': 845}, 'right_image_aov': {'x': 10.755, 'y': 12.968}, 'left_image_aov': {'x': 23.098, 'y': 13.781}, 'orb_result': 123})]
 [(True, 30, {'object_id_r': 0, 'object_id_l': 1, 'confidence_r': 76.57402157783508, 'confidence_l': 72.22719192504883, 'object_name_right': 'chair', 'object_name_left': 'person', 'object_center_right': {'x': 1605, 'y': 846}, 'object_center_left': {'x': 902, 'y': 618}, 'right_image_aov': {'x': 20.895, 'y': 13.827}, 'left_image_aov': {'x': -1.879, 'y': 3.524}, 'orb_result': 30})
  (True, 17, {'object_id_r': 1, 'object_id_l': 1, 'confidence_r': 69.4230318069458, 'confidence_l': 72.22719192504883, 'object_name_right': 'person', 'object_name_left': 'person', 'object_center_right': {'x': 927, 'y': 597}, 'object_center_left': {'x': 902, 'y': 618}, 'right_image_aov': {'x': -1.069, 'y': 2.576}, 'left_image_aov': {'x': -1.879, 'y': 3.524}, 'orb_result': 17})
  (True, 30, {'object_id_r': 2, 'object_id_l': 1, 'confidence_r': 62.581127882003784, 'confidence_l': 72.22719192504883, 'object_name_right': 'chair', 'object_name_left': 'person', 'object_center_right': {'x': 1292, 'y': 827}, 'object_center_left': {'x': 902, 'y': 618}, 'right_image_aov': {'x': 10.755, 'y': 12.968}, 'left_image_aov': {'x': -1.879, 'y': 3.524}, 'orb_result': 30})]
 [(True, 136, {'object_id_r': 0, 'object_id_l': 2, 'confidence_r': 76.57402157783508, 'confidence_l': 61.52673959732056, 'object_name_right': 'chair', 'object_name_left': 'chair', 'object_center_right': {'x': 1605, 'y': 846}, 'object_center_left': {'x': 1325, 'y': 826}, 'right_image_aov': {'x': 20.895, 'y': 13.827}, 'left_image_aov': {'x': 11.824, 'y': 12.923}, 'orb_result': 136})
  (True, 74, {'object_id_r': 1, 'object_id_l': 2, 'confidence_r': 69.4230318069458, 'confidence_l': 61.52673959732056, 'object_name_right': 'person', 'object_name_left': 'chair', 'object_center_right': {'x': 927, 'y': 597}, 'object_center_left': {'x': 1325, 'y': 826}, 'right_image_aov': {'x': -1.069, 'y': 2.576}, 'left_image_aov': {'x': 11.824, 'y': 12.923}, 'orb_result': 74})
  (True, 153, {'object_id_r': 2, 'object_id_l': 2, 'confidence_r': 62.581127882003784, 'confidence_l': 61.52673959732056, 'object_name_right': 'chair', 'object_name_left': 'chair', 'object_center_right': {'x': 1292, 'y': 827}, 'object_center_left': {'x': 1325, 'y': 826}, 'right_image_aov': {'x': 10.755, 'y': 12.968}, 'left_image_aov': {'x': 11.824, 'y': 12.923}, 'orb_result': 153})]]
2024-12-20 09:25:50,108 - INFO - The results of Max orb pairs are: [((2, 2), 153), ((0, 0), 126), ((1, 1), 17)]
2024-12-20 09:25:50,147 - INFO - The data of objects: [{'name': 'chair', 'distance': np.float64(11.33), 'angle': 11.29}, {'name': 'chair', 'distance': np.float64(5.5), 'angle': 22.0}, {'name': 'person', 'distance': np.float64(14.96), 'angle': -1.47}]
2024-12-20 09:25:50,148 - INFO - ----New round of detections----
2024-12-20 09:25:50,358 - INFO - -----------------------------------------------------
2024-12-20 09:25:50,358 - INFO - 
the correlation matrixe: [[(True, 126, {'object_id_r': 0, 'object_id_l': 0, 'confidence_r': 76.57402157783508, 'confidence_l': 74.83957409858704, 'object_name_right': 'chair', 'object_name_left': 'chair', 'object_center_right': {'x': 1605, 'y': 846}, 'object_center_left': {'x': 1673, 'y': 845}, 'right_image_aov': {'x': 20.895, 'y': 13.827}, 'left_image_aov': {'x': 23.098, 'y': 13.781}, 'orb_result': 126})
  (True, 48, {'object_id_r': 1, 'object_id_l': 0, 'confidence_r': 69.4230318069458, 'confidence_l': 74.83957409858704, 'object_name_right': 'person', 'object_name_left': 'chair', 'object_center_right': {'x': 927, 'y': 597}, 'object_center_left': {'x': 1673, 'y': 845}, 'right_image_aov': {'x': -1.069, 'y': 2.576}, 'left_image_aov': {'x': 23.098, 'y': 13.781}, 'orb_result': 48})
  (True, 123, {'object_id_r': 2, 'object_id_l': 0, 'confidence_r': 62.581127882003784, 'confidence_l': 74.83957409858704, 'object_name_right': 'chair', 'object_name_left': 'chair', 'object_center_right': {'x': 1292, 'y': 827}, 'object_center_left': {'x': 1673, 'y': 845}, 'right_image_aov': {'x': 10.755, 'y': 12.968}, 'left_image_aov': {'x': 23.098, 'y': 13.781}, 'orb_result': 123})]
 [(True, 30, {'object_id_r': 0, 'object_id_l': 1, 'confidence_r': 76.57402157783508, 'confidence_l': 72.22719192504883, 'object_name_right': 'chair', 'object_name_left': 'person', 'object_center_right': {'x': 1605, 'y': 846}, 'object_center_left': {'x': 902, 'y': 618}, 'right_image_aov': {'x': 20.895, 'y': 13.827}, 'left_image_aov': {'x': -1.879, 'y': 3.524}, 'orb_result': 30})
  (True, 17, {'object_id_r': 1, 'object_id_l': 1, 'confidence_r': 69.4230318069458, 'confidence_l': 72.22719192504883, 'object_name_right': 'person', 'object_name_left': 'person', 'object_center_right': {'x': 927, 'y': 597}, 'object_center_left': {'x': 902, 'y': 618}, 'right_image_aov': {'x': -1.069, 'y': 2.576}, 'left_image_aov': {'x': -1.879, 'y': 3.524}, 'orb_result': 17})
  (True, 30, {'object_id_r': 2, 'object_id_l': 1, 'confidence_r': 62.581127882003784, 'confidence_l': 72.22719192504883, 'object_name_right': 'chair', 'object_name_left': 'person', 'object_center_right': {'x': 1292, 'y': 827}, 'object_center_left': {'x': 902, 'y': 618}, 'right_image_aov': {'x': 10.755, 'y': 12.968}, 'left_image_aov': {'x': -1.879, 'y': 3.524}, 'orb_result': 30})]
 [(True, 136, {'object_id_r': 0, 'object_id_l': 2, 'confidence_r': 76.57402157783508, 'confidence_l': 61.52673959732056, 'object_name_right': 'chair', 'object_name_left': 'chair', 'object_center_right': {'x': 1605, 'y': 846}, 'object_center_left': {'x': 1325, 'y': 826}, 'right_image_aov': {'x': 20.895, 'y': 13.827}, 'left_image_aov': {'x': 11.824, 'y': 12.923}, 'orb_result': 136})
  (True, 74, {'object_id_r': 1, 'object_id_l': 2, 'confidence_r': 69.4230318069458, 'confidence_l': 61.52673959732056, 'object_name_right': 'person', 'object_name_left': 'chair', 'object_center_right': {'x': 927, 'y': 597}, 'object_center_left': {'x': 1325, 'y': 826}, 'right_image_aov': {'x': -1.069, 'y': 2.576}, 'left_image_aov': {'x': 11.824, 'y': 12.923}, 'orb_result': 74})
  (True, 153, {'object_id_r': 2, 'object_id_l': 2, 'confidence_r': 62.581127882003784, 'confidence_l': 61.52673959732056, 'object_name_right': 'chair', 'object_name_left': 'chair', 'object_center_right': {'x': 1292, 'y': 827}, 'object_center_left': {'x': 1325, 'y': 826}, 'right_image_aov': {'x': 10.755, 'y': 12.968}, 'left_image_aov': {'x': 11.824, 'y': 12.923}, 'orb_result': 153})]]
2024-12-20 09:25:50,358 - INFO - The results of Max orb pairs are: [((2, 2), 153), ((0, 0), 126), ((1, 1), 17)]
2024-12-20 09:25:50,376 - INFO - The data of objects: [{'name': 'chair', 'distance': np.float64(11.33), 'angle': 11.29}, {'name': 'chair', 'distance': np.float64(5.5), 'angle': 22.0}, {'name': 'person', 'distance': np.float64(14.96), 'angle': -1.47}]
2024-12-20 09:25:50,376 - INFO - ----New round of detections----
2024-12-20 09:25:50,584 - INFO - -----------------------------------------------------
2024-12-20 09:25:50,584 - INFO - 
the correlation matrixe: [[(True, 126, {'object_id_r': 0, 'object_id_l': 0, 'confidence_r': 76.57402157783508, 'confidence_l': 74.83957409858704, 'object_name_right': 'chair', 'object_name_left': 'chair', 'object_center_right': {'x': 1605, 'y': 846}, 'object_center_left': {'x': 1673, 'y': 845}, 'right_image_aov': {'x': 20.895, 'y': 13.827}, 'left_image_aov': {'x': 23.098, 'y': 13.781}, 'orb_result': 126})
  (True, 48, {'object_id_r': 1, 'object_id_l': 0, 'confidence_r': 69.4230318069458, 'confidence_l': 74.83957409858704, 'object_name_right': 'person', 'object_name_left': 'chair', 'object_center_right': {'x': 927, 'y': 597}, 'object_center_left': {'x': 1673, 'y': 845}, 'right_image_aov': {'x': -1.069, 'y': 2.576}, 'left_image_aov': {'x': 23.098, 'y': 13.781}, 'orb_result': 48})
  (True, 123, {'object_id_r': 2, 'object_id_l': 0, 'confidence_r': 62.581127882003784, 'confidence_l': 74.83957409858704, 'object_name_right': 'chair', 'object_name_left': 'chair', 'object_center_right': {'x': 1292, 'y': 827}, 'object_center_left': {'x': 1673, 'y': 845}, 'right_image_aov': {'x': 10.755, 'y': 12.968}, 'left_image_aov': {'x': 23.098, 'y': 13.781}, 'orb_result': 123})]
 [(True, 30, {'object_id_r': 0, 'object_id_l': 1, 'confidence_r': 76.57402157783508, 'confidence_l': 72.22719192504883, 'object_name_right': 'chair', 'object_name_left': 'person', 'object_center_right': {'x': 1605, 'y': 846}, 'object_center_left': {'x': 902, 'y': 618}, 'right_image_aov': {'x': 20.895, 'y': 13.827}, 'left_image_aov': {'x': -1.879, 'y': 3.524}, 'orb_result': 30})
  (True, 17, {'object_id_r': 1, 'object_id_l': 1, 'confidence_r': 69.4230318069458, 'confidence_l': 72.22719192504883, 'object_name_right': 'person', 'object_name_left': 'person', 'object_center_right': {'x': 927, 'y': 597}, 'object_center_left': {'x': 902, 'y': 618}, 'right_image_aov': {'x': -1.069, 'y': 2.576}, 'left_image_aov': {'x': -1.879, 'y': 3.524}, 'orb_result': 17})
  (True, 30, {'object_id_r': 2, 'object_id_l': 1, 'confidence_r': 62.581127882003784, 'confidence_l': 72.22719192504883, 'object_name_right': 'chair', 'object_name_left': 'person', 'object_center_right': {'x': 1292, 'y': 827}, 'object_center_left': {'x': 902, 'y': 618}, 'right_image_aov': {'x': 10.755, 'y': 12.968}, 'left_image_aov': {'x': -1.879, 'y': 3.524}, 'orb_result': 30})]
 [(True, 136, {'object_id_r': 0, 'object_id_l': 2, 'confidence_r': 76.57402157783508, 'confidence_l': 61.52673959732056, 'object_name_right': 'chair', 'object_name_left': 'chair', 'object_center_right': {'x': 1605, 'y': 846}, 'object_center_left': {'x': 1325, 'y': 826}, 'right_image_aov': {'x': 20.895, 'y': 13.827}, 'left_image_aov': {'x': 11.824, 'y': 12.923}, 'orb_result': 136})
  (True, 74, {'object_id_r': 1, 'object_id_l': 2, 'confidence_r': 69.4230318069458, 'confidence_l': 61.52673959732056, 'object_name_right': 'person', 'object_name_left': 'chair', 'object_center_right': {'x': 927, 'y': 597}, 'object_center_left': {'x': 1325, 'y': 826}, 'right_image_aov': {'x': -1.069, 'y': 2.576}, 'left_image_aov': {'x': 11.824, 'y': 12.923}, 'orb_result': 74})
  (True, 153, {'object_id_r': 2, 'object_id_l': 2, 'confidence_r': 62.581127882003784, 'confidence_l': 61.52673959732056, 'object_name_right': 'chair', 'object_name_left': 'chair', 'object_center_right': {'x': 1292, 'y': 827}, 'object_center_left': {'x': 1325, 'y': 826}, 'right_image_aov': {'x': 10.755, 'y': 12.968}, 'left_image_aov': {'x': 11.824, 'y': 12.923}, 'orb_result': 153})]]
2024-12-20 09:25:50,584 - INFO - The results of Max orb pairs are: [((2, 2), 153), ((0, 0), 126), ((1, 1), 17)]
2024-12-20 09:25:50,607 - INFO - The data of objects: [{'name': 'chair', 'distance': np.float64(11.33), 'angle': 11.29}, {'name': 'chair', 'distance': np.float64(5.5), 'angle': 22.0}, {'name': 'person', 'distance': np.float64(14.96), 'angle': -1.47}]
2024-12-20 09:25:50,607 - INFO - ----New round of detections----
2024-12-20 09:25:50,807 - INFO - -----------------------------------------------------
2024-12-20 09:25:50,807 - INFO - 
the correlation matrixe: [[(True, 126, {'object_id_r': 0, 'object_id_l': 0, 'confidence_r': 76.57402157783508, 'confidence_l': 74.83957409858704, 'object_name_right': 'chair', 'object_name_left': 'chair', 'object_center_right': {'x': 1605, 'y': 846}, 'object_center_left': {'x': 1673, 'y': 845}, 'right_image_aov': {'x': 20.895, 'y': 13.827}, 'left_image_aov': {'x': 23.098, 'y': 13.781}, 'orb_result': 126})
  (True, 48, {'object_id_r': 1, 'object_id_l': 0, 'confidence_r': 69.4230318069458, 'confidence_l': 74.83957409858704, 'object_name_right': 'person', 'object_name_left': 'chair', 'object_center_right': {'x': 927, 'y': 597}, 'object_center_left': {'x': 1673, 'y': 845}, 'right_image_aov': {'x': -1.069, 'y': 2.576}, 'left_image_aov': {'x': 23.098, 'y': 13.781}, 'orb_result': 48})
  (True, 123, {'object_id_r': 2, 'object_id_l': 0, 'confidence_r': 62.581127882003784, 'confidence_l': 74.83957409858704, 'object_name_right': 'chair', 'object_name_left': 'chair', 'object_center_right': {'x': 1292, 'y': 827}, 'object_center_left': {'x': 1673, 'y': 845}, 'right_image_aov': {'x': 10.755, 'y': 12.968}, 'left_image_aov': {'x': 23.098, 'y': 13.781}, 'orb_result': 123})]
 [(True, 30, {'object_id_r': 0, 'object_id_l': 1, 'confidence_r': 76.57402157783508, 'confidence_l': 72.22719192504883, 'object_name_right': 'chair', 'object_name_left': 'person', 'object_center_right': {'x': 1605, 'y': 846}, 'object_center_left': {'x': 902, 'y': 618}, 'right_image_aov': {'x': 20.895, 'y': 13.827}, 'left_image_aov': {'x': -1.879, 'y': 3.524}, 'orb_result': 30})
  (True, 17, {'object_id_r': 1, 'object_id_l': 1, 'confidence_r': 69.4230318069458, 'confidence_l': 72.22719192504883, 'object_name_right': 'person', 'object_name_left': 'person', 'object_center_right': {'x': 927, 'y': 597}, 'object_center_left': {'x': 902, 'y': 618}, 'right_image_aov': {'x': -1.069, 'y': 2.576}, 'left_image_aov': {'x': -1.879, 'y': 3.524}, 'orb_result': 17})
  (True, 30, {'object_id_r': 2, 'object_id_l': 1, 'confidence_r': 62.581127882003784, 'confidence_l': 72.22719192504883, 'object_name_right': 'chair', 'object_name_left': 'person', 'object_center_right': {'x': 1292, 'y': 827}, 'object_center_left': {'x': 902, 'y': 618}, 'right_image_aov': {'x': 10.755, 'y': 12.968}, 'left_image_aov': {'x': -1.879, 'y': 3.524}, 'orb_result': 30})]
 [(True, 136, {'object_id_r': 0, 'object_id_l': 2, 'confidence_r': 76.57402157783508, 'confidence_l': 61.52673959732056, 'object_name_right': 'chair', 'object_name_left': 'chair', 'object_center_right': {'x': 1605, 'y': 846}, 'object_center_left': {'x': 1325, 'y': 826}, 'right_image_aov': {'x': 20.895, 'y': 13.827}, 'left_image_aov': {'x': 11.824, 'y': 12.923}, 'orb_result': 136})
  (True, 74, {'object_id_r': 1, 'object_id_l': 2, 'confidence_r': 69.4230318069458, 'confidence_l': 61.52673959732056, 'object_name_right': 'person', 'object_name_left': 'chair', 'object_center_right': {'x': 927, 'y': 597}, 'object_center_left': {'x': 1325, 'y': 826}, 'right_image_aov': {'x': -1.069, 'y': 2.576}, 'left_image_aov': {'x': 11.824, 'y': 12.923}, 'orb_result': 74})
  (True, 153, {'object_id_r': 2, 'object_id_l': 2, 'confidence_r': 62.581127882003784, 'confidence_l': 61.52673959732056, 'object_name_right': 'chair', 'object_name_left': 'chair', 'object_center_right': {'x': 1292, 'y': 827}, 'object_center_left': {'x': 1325, 'y': 826}, 'right_image_aov': {'x': 10.755, 'y': 12.968}, 'left_image_aov': {'x': 11.824, 'y': 12.923}, 'orb_result': 153})]]
2024-12-20 09:25:50,807 - INFO - The results of Max orb pairs are: [((2, 2), 153), ((0, 0), 126), ((1, 1), 17)]
2024-12-20 09:25:50,842 - INFO - The data of objects: [{'name': 'chair', 'distance': np.float64(11.33), 'angle': 11.29}, {'name': 'chair', 'distance': np.float64(5.5), 'angle': 22.0}, {'name': 'person', 'distance': np.float64(14.96), 'angle': -1.47}]
2024-12-20 09:25:50,842 - INFO - ----New round of detections----
2024-12-20 09:25:51,041 - INFO - -----------------------------------------------------
2024-12-20 09:25:51,041 - INFO - 
the correlation matrixe: [[(True, 126, {'object_id_r': 0, 'object_id_l': 0, 'confidence_r': 76.57402157783508, 'confidence_l': 74.83957409858704, 'object_name_right': 'chair', 'object_name_left': 'chair', 'object_center_right': {'x': 1605, 'y': 846}, 'object_center_left': {'x': 1673, 'y': 845}, 'right_image_aov': {'x': 20.895, 'y': 13.827}, 'left_image_aov': {'x': 23.098, 'y': 13.781}, 'orb_result': 126})
  (True, 48, {'object_id_r': 1, 'object_id_l': 0, 'confidence_r': 69.4230318069458, 'confidence_l': 74.83957409858704, 'object_name_right': 'person', 'object_name_left': 'chair', 'object_center_right': {'x': 927, 'y': 597}, 'object_center_left': {'x': 1673, 'y': 845}, 'right_image_aov': {'x': -1.069, 'y': 2.576}, 'left_image_aov': {'x': 23.098, 'y': 13.781}, 'orb_result': 48})
  (True, 123, {'object_id_r': 2, 'object_id_l': 0, 'confidence_r': 62.581127882003784, 'confidence_l': 74.83957409858704, 'object_name_right': 'chair', 'object_name_left': 'chair', 'object_center_right': {'x': 1292, 'y': 827}, 'object_center_left': {'x': 1673, 'y': 845}, 'right_image_aov': {'x': 10.755, 'y': 12.968}, 'left_image_aov': {'x': 23.098, 'y': 13.781}, 'orb_result': 123})]
 [(True, 30, {'object_id_r': 0, 'object_id_l': 1, 'confidence_r': 76.57402157783508, 'confidence_l': 72.22719192504883, 'object_name_right': 'chair', 'object_name_left': 'person', 'object_center_right': {'x': 1605, 'y': 846}, 'object_center_left': {'x': 902, 'y': 618}, 'right_image_aov': {'x': 20.895, 'y': 13.827}, 'left_image_aov': {'x': -1.879, 'y': 3.524}, 'orb_result': 30})
  (True, 17, {'object_id_r': 1, 'object_id_l': 1, 'confidence_r': 69.4230318069458, 'confidence_l': 72.22719192504883, 'object_name_right': 'person', 'object_name_left': 'person', 'object_center_right': {'x': 927, 'y': 597}, 'object_center_left': {'x': 902, 'y': 618}, 'right_image_aov': {'x': -1.069, 'y': 2.576}, 'left_image_aov': {'x': -1.879, 'y': 3.524}, 'orb_result': 17})
  (True, 30, {'object_id_r': 2, 'object_id_l': 1, 'confidence_r': 62.581127882003784, 'confidence_l': 72.22719192504883, 'object_name_right': 'chair', 'object_name_left': 'person', 'object_center_right': {'x': 1292, 'y': 827}, 'object_center_left': {'x': 902, 'y': 618}, 'right_image_aov': {'x': 10.755, 'y': 12.968}, 'left_image_aov': {'x': -1.879, 'y': 3.524}, 'orb_result': 30})]
 [(True, 136, {'object_id_r': 0, 'object_id_l': 2, 'confidence_r': 76.57402157783508, 'confidence_l': 61.52673959732056, 'object_name_right': 'chair', 'object_name_left': 'chair', 'object_center_right': {'x': 1605, 'y': 846}, 'object_center_left': {'x': 1325, 'y': 826}, 'right_image_aov': {'x': 20.895, 'y': 13.827}, 'left_image_aov': {'x': 11.824, 'y': 12.923}, 'orb_result': 136})
  (True, 74, {'object_id_r': 1, 'object_id_l': 2, 'confidence_r': 69.4230318069458, 'confidence_l': 61.52673959732056, 'object_name_right': 'person', 'object_name_left': 'chair', 'object_center_right': {'x': 927, 'y': 597}, 'object_center_left': {'x': 1325, 'y': 826}, 'right_image_aov': {'x': -1.069, 'y': 2.576}, 'left_image_aov': {'x': 11.824, 'y': 12.923}, 'orb_result': 74})
  (True, 153, {'object_id_r': 2, 'object_id_l': 2, 'confidence_r': 62.581127882003784, 'confidence_l': 61.52673959732056, 'object_name_right': 'chair', 'object_name_left': 'chair', 'object_center_right': {'x': 1292, 'y': 827}, 'object_center_left': {'x': 1325, 'y': 826}, 'right_image_aov': {'x': 10.755, 'y': 12.968}, 'left_image_aov': {'x': 11.824, 'y': 12.923}, 'orb_result': 153})]]
2024-12-20 09:25:51,041 - INFO - The results of Max orb pairs are: [((2, 2), 153), ((0, 0), 126), ((1, 1), 17)]
2024-12-20 09:25:51,065 - CRITICAL - Critical error in while loop
Traceback (most recent call last):
  File "c:\Users\shai.y\Documents\Naggles_tmp-main\code\main_with_gui.py", line 332, in processing_loop
    radar_display.update_display(radar_objects)
  File "c:\Users\shai.y\Documents\Naggles_tmp-main\code\OOP_GUI_radar.py", line 58, in update_display
    self.canvas.draw()
  File "C:\Users\shai.y\AppData\Roaming\Python\Python310\site-packages\matplotlib\backends\backend_tkagg.py", line 11, in draw
    self.blit()
  File "C:\Users\shai.y\AppData\Roaming\Python\Python310\site-packages\matplotlib\backends\backend_tkagg.py", line 14, in blit
    _backend_tk.blit(self._tkphoto, self.renderer.buffer_rgba(),
  File "C:\Users\shai.y\AppData\Roaming\Python\Python310\site-packages\matplotlib\backends\_backend_tk.py", line 116, in blit
    photoimage.tk.call(_blit_tcl_name, argsid)
_tkinter.TclError
2024-12-20 09:25:51,066 - INFO - The video ended and now the App will be close! Bey Bey
