2024-12-20 09:18:57,775 - INFO - Application started
2024-12-20 09:19:01,942 - INFO - ----------Processing loop started----------
2024-12-20 09:19:01,952 - INFO - ----New round of detections----
2024-12-20 09:19:02,269 - INFO - The data of objects: []
2024-12-20 09:19:02,334 - INFO - ----New round of detections----
2024-12-20 09:19:02,469 - INFO - The data of objects: []
2024-12-20 09:19:02,520 - INFO - ----New round of detections----
2024-12-20 09:19:02,652 - INFO - The data of objects: []
2024-12-20 09:19:02,705 - INFO - ----New round of detections----
2024-12-20 09:19:02,832 - INFO - The data of objects: []
2024-12-20 09:19:02,887 - INFO - ----New round of detections----
2024-12-20 09:19:03,026 - INFO - The data of objects: []
2024-12-20 09:19:03,085 - INFO - ----New round of detections----
2024-12-20 09:19:03,216 - INFO - The data of objects: []
2024-12-20 09:19:03,273 - INFO - ----New round of detections----
2024-12-20 09:19:03,408 - INFO - The data of objects: []
2024-12-20 09:19:03,470 - INFO - ----New round of detections----
2024-12-20 09:19:03,601 - INFO - The data of objects: []
2024-12-20 09:19:03,652 - INFO - ----New round of detections----
2024-12-20 09:19:03,783 - INFO - The data of objects: []
2024-12-20 09:19:03,838 - INFO - ----New round of detections----
2024-12-20 09:19:03,965 - INFO - The data of objects: []
2024-12-20 09:19:04,023 - INFO - ----New round of detections----
2024-12-20 09:19:04,149 - INFO - The data of objects: []
2024-12-20 09:19:04,203 - INFO - ----New round of detections----
2024-12-20 09:19:04,335 - INFO - The data of objects: []
2024-12-20 09:19:04,400 - INFO - ----New round of detections----
2024-12-20 09:19:04,532 - INFO - The data of objects: []
2024-12-20 09:19:04,587 - INFO - ----New round of detections----
2024-12-20 09:19:04,716 - INFO - The data of objects: []
2024-12-20 09:19:04,771 - INFO - ----New round of detections----
2024-12-20 09:19:04,903 - INFO - The data of objects: []
2024-12-20 09:19:04,968 - INFO - ----New round of detections----
2024-12-20 09:19:05,099 - INFO - The data of objects: []
2024-12-20 09:19:05,152 - INFO - ----New round of detections----
2024-12-20 09:19:05,287 - INFO - The data of objects: []
2024-12-20 09:19:05,351 - INFO - ----New round of detections----
2024-12-20 09:19:05,487 - INFO - The data of objects: []
2024-12-20 09:19:05,540 - INFO - ----New round of detections----
2024-12-20 09:19:05,678 - INFO - The data of objects: []
2024-12-20 09:19:05,740 - INFO - ----New round of detections----
2024-12-20 09:19:05,876 - INFO - The data of objects: []
2024-12-20 09:19:05,936 - INFO - ----New round of detections----
2024-12-20 09:19:06,080 - INFO - The data of objects: []
2024-12-20 09:19:06,137 - INFO - ----New round of detections----
2024-12-20 09:19:06,273 - INFO - The data of objects: []
2024-12-20 09:19:06,334 - INFO - ----New round of detections----
2024-12-20 09:19:06,468 - INFO - The data of objects: []
2024-12-20 09:19:06,532 - INFO - ----New round of detections----
2024-12-20 09:19:06,667 - INFO - The data of objects: []
2024-12-20 09:19:06,718 - INFO - ----New round of detections----
2024-12-20 09:19:06,844 - INFO - The data of objects: []
2024-12-20 09:19:06,902 - INFO - ----New round of detections----
2024-12-20 09:19:07,136 - INFO - The data of objects: []
2024-12-20 09:19:07,189 - INFO - ----New round of detections----
2024-12-20 09:19:07,722 - INFO - The data of objects: []
2024-12-20 09:19:07,775 - INFO - ----New round of detections----
2024-12-20 09:19:08,297 - INFO - The data of objects: []
2024-12-20 09:19:08,350 - INFO - ----New round of detections----
2024-12-20 09:19:08,887 - INFO - The data of objects: []
2024-12-20 09:19:08,945 - INFO - ----New round of detections----
2024-12-20 09:19:09,459 - INFO - The data of objects: []
2024-12-20 09:19:09,516 - INFO - ----New round of detections----
2024-12-20 09:19:10,043 - INFO - The data of objects: []
2024-12-20 09:19:10,105 - INFO - ----New round of detections----
2024-12-20 09:19:10,647 - INFO - The data of objects: []
2024-12-20 09:19:10,708 - INFO - ----New round of detections----
2024-12-20 09:19:11,226 - INFO - The data of objects: []
2024-12-20 09:19:11,285 - INFO - ----New round of detections----
2024-12-20 09:19:11,829 - INFO - The data of objects: []
2024-12-20 09:19:11,886 - INFO - ----New round of detections----
2024-12-20 09:19:12,424 - INFO - The data of objects: []
2024-12-20 09:19:12,489 - INFO - ----New round of detections----
2024-12-20 09:19:13,006 - INFO - The data of objects: []
2024-12-20 09:19:13,068 - INFO - ----New round of detections----
2024-12-20 09:19:13,600 - INFO - The data of objects: []
2024-12-20 09:19:13,656 - INFO - ----New round of detections----
2024-12-20 09:19:14,186 - INFO - The data of objects: []
2024-12-20 09:19:14,240 - INFO - ----New round of detections----
2024-12-20 09:19:14,787 - INFO - The data of objects: []
2024-12-20 09:19:14,840 - INFO - ----New round of detections----
2024-12-20 09:19:15,365 - INFO - The data of objects: []
2024-12-20 09:19:15,423 - INFO - ----New round of detections----
2024-12-20 09:19:15,936 - INFO - The data of objects: []
2024-12-20 09:19:15,990 - INFO - ----New round of detections----
2024-12-20 09:19:16,509 - INFO - The data of objects: []
2024-12-20 09:19:16,573 - INFO - ----New round of detections----
2024-12-20 09:19:17,119 - INFO - The data of objects: []
2024-12-20 09:19:17,173 - INFO - ----New round of detections----
2024-12-20 09:19:17,684 - INFO - The data of objects: []
2024-12-20 09:19:17,739 - INFO - ----New round of detections----
2024-12-20 09:19:18,269 - INFO - The data of objects: []
2024-12-20 09:19:18,323 - INFO - ----New round of detections----
2024-12-20 09:19:18,847 - INFO - The data of objects: []
2024-12-20 09:19:18,906 - INFO - ----New round of detections----
2024-12-20 09:19:19,410 - INFO - The data of objects: []
2024-12-20 09:19:19,474 - INFO - ----New round of detections----
2024-12-20 09:19:19,985 - INFO - The data of objects: []
2024-12-20 09:19:20,040 - INFO - ----New round of detections----
2024-12-20 09:19:20,569 - INFO - The data of objects: []
2024-12-20 09:19:20,623 - INFO - ----New round of detections----
2024-12-20 09:19:21,156 - INFO - The data of objects: []
2024-12-20 09:19:21,207 - INFO - ----New round of detections----
2024-12-20 09:19:21,720 - INFO - The data of objects: []
2024-12-20 09:19:21,773 - INFO - ----New round of detections----
2024-12-20 09:19:23,133 - INFO - -----------------------------------------------------
2024-12-20 09:19:23,133 - INFO - 
the correlation matrixe: [[(True, 170, {'object_id_r': 0, 'object_id_l': 0, 'confidence_r': 64.09692168235779, 'confidence_l': 64.20405507087708, 'object_name_right': 'potted plant', 'object_name_left': 'potted plant', 'object_center_right': {'x': 312, 'y': 747}, 'object_center_left': {'x': 315, 'y': 712}, 'right_image_aov': {'x': -20.993, 'y': 9.353}, 'left_image_aov': {'x': -20.895, 'y': 7.772}, 'orb_result': 170})]]
2024-12-20 09:19:23,133 - INFO - The results of Max orb pairs are: [((0, 0), 170)]
2024-12-20 09:19:23,254 - INFO - The data of objects: [{'name': 'potted plant', 'distance': np.float64(124.66), 'angle': -20.94}]
2024-12-20 09:19:23,306 - INFO - ----New round of detections----
2024-12-20 09:19:23,873 - INFO - The data of objects: []
2024-12-20 09:19:23,926 - INFO - ----New round of detections----
2024-12-20 09:19:24,560 - INFO - -----------------------------------------------------
2024-12-20 09:19:24,560 - INFO - 
the correlation matrixe: [[(True, 170, {'object_id_r': 0, 'object_id_l': 0, 'confidence_r': 65.32759666442871, 'confidence_l': 66.24598503112793, 'object_name_right': 'potted plant', 'object_name_left': 'potted plant', 'object_center_right': {'x': 237, 'y': 734}, 'object_center_left': {'x': 271, 'y': 708}, 'right_image_aov': {'x': -23.422, 'y': 8.766}, 'left_image_aov': {'x': -22.321, 'y': 7.591}, 'orb_result': 170})]]
2024-12-20 09:19:24,560 - INFO - The results of Max orb pairs are: [((0, 0), 170)]
2024-12-20 09:19:24,659 - INFO - The data of objects: [{'name': 'potted plant', 'distance': np.float64(11.0), 'angle': -22.87}]
2024-12-20 09:19:24,710 - INFO - ----New round of detections----
2024-12-20 09:19:25,328 - INFO - -----------------------------------------------------
2024-12-20 09:19:25,329 - INFO - 
the correlation matrixe: [[(True, 47, {'object_id_r': 0, 'object_id_l': 0, 'confidence_r': 62.99865245819092, 'confidence_l': 67.71584749221802, 'object_name_right': 'chair', 'object_name_left': 'potted plant', 'object_center_right': {'x': 1092, 'y': 660}, 'object_center_left': {'x': 259, 'y': 703}, 'right_image_aov': {'x': 4.276, 'y': 5.422}, 'left_image_aov': {'x': -22.709, 'y': 7.365}, 'orb_result': 47})]]
2024-12-20 09:19:25,329 - INFO - The results of Max orb pairs are: []
2024-12-20 09:19:25,407 - INFO - The data of objects: []
2024-12-20 09:19:25,468 - INFO - ----New round of detections----
2024-12-20 09:19:26,121 - INFO - -----------------------------------------------------
2024-12-20 09:19:26,121 - INFO - 
the correlation matrixe: [[(True, 168, {'object_id_r': 0, 'object_id_l': 0, 'confidence_r': 63.62675428390503, 'confidence_l': 63.57964873313904, 'object_name_right': 'potted plant', 'object_name_left': 'potted plant', 'object_center_right': {'x': 201, 'y': 720}, 'object_center_left': {'x': 225, 'y': 718}, 'right_image_aov': {'x': -24.588, 'y': 8.133}, 'left_image_aov': {'x': -23.811, 'y': 8.043}, 'orb_result': 168})
  (True, 45, {'object_id_r': 1, 'object_id_l': 0, 'confidence_r': 61.93826198577881, 'confidence_l': 63.57964873313904, 'object_name_right': 'chair', 'object_name_left': 'potted plant', 'object_center_right': {'x': 1062, 'y': 638}, 'object_center_left': {'x': 225, 'y': 718}, 'right_image_aov': {'x': 3.304, 'y': 4.428}, 'left_image_aov': {'x': -23.811, 'y': 8.043}, 'orb_result': 45})]]
2024-12-20 09:19:26,121 - INFO - The results of Max orb pairs are: [((0, 0), 168)]
2024-12-20 09:19:26,206 - INFO - The data of objects: [{'name': 'potted plant', 'distance': np.float64(15.58), 'angle': -24.2}]
2024-12-20 09:19:26,279 - INFO - ----New round of detections----
2024-12-20 09:19:26,842 - INFO - The data of objects: []
2024-12-20 09:19:26,902 - INFO - ----New round of detections----
2024-12-20 09:19:27,445 - INFO - The data of objects: []
2024-12-20 09:19:27,499 - INFO - ----New round of detections----
2024-12-20 09:19:28,148 - INFO - -----------------------------------------------------
2024-12-20 09:19:28,148 - INFO - 
the correlation matrixe: [[(True, 175, {'object_id_r': 0, 'object_id_l': 0, 'confidence_r': 61.208778619766235, 'confidence_l': 72.45811223983765, 'object_name_right': 'potted plant', 'object_name_left': 'potted plant', 'object_center_right': {'x': 145, 'y': 771}, 'object_center_left': {'x': 172, 'y': 741}, 'right_image_aov': {'x': -26.403, 'y': 10.438}, 'left_image_aov': {'x': -25.528, 'y': 9.082}, 'orb_result': 175})]
 [(True, 61, {'object_id_r': 0, 'object_id_l': 1, 'confidence_r': 61.208778619766235, 'confidence_l': 60.39267182350159, 'object_name_right': 'potted plant', 'object_name_left': 'chair', 'object_center_right': {'x': 145, 'y': 771}, 'object_center_left': {'x': 1044, 'y': 652}, 'right_image_aov': {'x': -26.403, 'y': 10.438}, 'left_image_aov': {'x': 2.721, 'y': 5.061}, 'orb_result': 61})]]
2024-12-20 09:19:28,149 - INFO - The results of Max orb pairs are: [((0, 0), 175)]
2024-12-20 09:19:28,241 - INFO - The data of objects: [{'name': 'potted plant', 'distance': np.float64(13.85), 'angle': -25.97}]
2024-12-20 09:19:28,301 - INFO - ----New round of detections----
2024-12-20 09:19:28,944 - INFO - -----------------------------------------------------
2024-12-20 09:19:28,944 - INFO - 
the correlation matrixe: [[(True, 163, {'object_id_r': 0, 'object_id_l': 0, 'confidence_r': 60.930609703063965, 'confidence_l': 67.77862906455994, 'object_name_right': 'potted plant', 'object_name_left': 'potted plant', 'object_center_right': {'x': 142, 'y': 768}, 'object_center_left': {'x': 159, 'y': 741}, 'right_image_aov': {'x': -26.5, 'y': 10.302}, 'left_image_aov': {'x': -25.949, 'y': 9.082}, 'orb_result': 163})]]
2024-12-20 09:19:28,945 - INFO - The results of Max orb pairs are: [((0, 0), 163)]
2024-12-20 09:19:29,033 - INFO - The data of objects: [{'name': 'potted plant', 'distance': np.float64(22.0), 'angle': -26.22}]
2024-12-20 09:19:29,090 - INFO - ----New round of detections----
2024-12-20 09:19:29,629 - INFO - The data of objects: []
2024-12-20 09:19:29,689 - INFO - ----New round of detections----
2024-12-20 09:19:30,308 - INFO - -----------------------------------------------------
2024-12-20 09:19:30,308 - INFO - 
the correlation matrixe: [[(True, 85, {'object_id_r': 0, 'object_id_l': 0, 'confidence_r': 68.51035356521606, 'confidence_l': 61.85785531997681, 'object_name_right': 'potted plant', 'object_name_left': 'chair', 'object_center_right': {'x': 139, 'y': 757}, 'object_center_left': {'x': 1066, 'y': 655}, 'right_image_aov': {'x': -26.597, 'y': 9.805}, 'left_image_aov': {'x': 3.434, 'y': 5.196}, 'orb_result': 85})
  (True, 87, {'object_id_r': 1, 'object_id_l': 0, 'confidence_r': 60.32062768936157, 'confidence_l': 61.85785531997681, 'object_name_right': 'chair', 'object_name_left': 'chair', 'object_center_right': {'x': 1042, 'y': 665}, 'object_center_left': {'x': 1066, 'y': 655}, 'right_image_aov': {'x': 2.656, 'y': 5.648}, 'left_image_aov': {'x': 3.434, 'y': 5.196}, 'orb_result': 87})]]
2024-12-20 09:19:30,308 - INFO - The results of Max orb pairs are: [((0, 1), 87)]
2024-12-20 09:19:30,404 - INFO - The data of objects: [{'name': 'chair', 'distance': np.float64(15.58), 'angle': 3.04}]
2024-12-20 09:19:30,455 - INFO - ----New round of detections----
2024-12-20 09:19:30,979 - INFO - The data of objects: []
2024-12-20 09:19:31,038 - INFO - ----New round of detections----
2024-12-20 09:19:31,582 - INFO - The data of objects: []
2024-12-20 09:19:31,638 - INFO - ----New round of detections----
2024-12-20 09:19:32,163 - INFO - The data of objects: []
2024-12-20 09:19:32,222 - INFO - ----New round of detections----
2024-12-20 09:19:32,763 - INFO - The data of objects: []
2024-12-20 09:19:32,822 - INFO - ----New round of detections----
2024-12-20 09:19:33,367 - INFO - The data of objects: []
2024-12-20 09:19:33,418 - INFO - ----New round of detections----
2024-12-20 09:19:34,046 - INFO - -----------------------------------------------------
2024-12-20 09:19:34,047 - INFO - 
the correlation matrixe: [[(True, 168, {'object_id_r': 0, 'object_id_l': 0, 'confidence_r': 65.048748254776, 'confidence_l': 62.28031516075134, 'object_name_right': 'potted plant', 'object_name_left': 'potted plant', 'object_center_right': {'x': 149, 'y': 772}, 'object_center_left': {'x': 174, 'y': 750}, 'right_image_aov': {'x': -26.273, 'y': 10.483}, 'left_image_aov': {'x': -25.463, 'y': 9.489}, 'orb_result': 168})]]
2024-12-20 09:19:34,047 - INFO - The results of Max orb pairs are: [((0, 0), 168)]
2024-12-20 09:19:34,133 - INFO - The data of objects: [{'name': 'potted plant', 'distance': np.float64(14.96), 'angle': -25.87}]
2024-12-20 09:19:34,188 - INFO - ----New round of detections----
2024-12-20 09:19:34,721 - INFO - The data of objects: []
2024-12-20 09:19:34,788 - INFO - ----New round of detections----
2024-12-20 09:19:35,427 - INFO - -----------------------------------------------------
2024-12-20 09:19:35,427 - INFO - 
the correlation matrixe: [[(True, 150, {'object_id_r': 0, 'object_id_l': 0, 'confidence_r': 63.4960412979126, 'confidence_l': 66.30266308784485, 'object_name_right': 'potted plant', 'object_name_left': 'potted plant', 'object_center_right': {'x': 128, 'y': 780}, 'object_center_left': {'x': 144, 'y': 734}, 'right_image_aov': {'x': -26.953, 'y': 10.844}, 'left_image_aov': {'x': -26.435, 'y': 8.766}, 'orb_result': 150})]]
2024-12-20 09:19:35,427 - INFO - The results of Max orb pairs are: [((0, 0), 150)]
2024-12-20 09:19:35,516 - INFO - The data of objects: [{'name': 'potted plant', 'distance': np.float64(23.37), 'angle': -26.69}]
2024-12-20 09:19:35,573 - INFO - ----New round of detections----
2024-12-20 09:19:36,117 - INFO - The data of objects: []
2024-12-20 09:19:36,172 - INFO - ----New round of detections----
2024-12-20 09:19:36,803 - INFO - -----------------------------------------------------
2024-12-20 09:19:36,804 - INFO - 
the correlation matrixe: [[(True, 160, {'object_id_r': 0, 'object_id_l': 0, 'confidence_r': 63.85568976402283, 'confidence_l': 68.91179084777832, 'object_name_right': 'potted plant', 'object_name_left': 'potted plant', 'object_center_right': {'x': 115, 'y': 761}, 'object_center_left': {'x': 123, 'y': 677}, 'right_image_aov': {'x': -27.374, 'y': 9.986}, 'left_image_aov': {'x': -27.115, 'y': 6.19}, 'orb_result': 160})]]
2024-12-20 09:19:36,804 - INFO - The results of Max orb pairs are: [((0, 0), 160)]
2024-12-20 09:19:36,873 - INFO - The data of objects: [{'name': 'potted plant', 'distance': np.float64(46.75), 'angle': -27.24}]
2024-12-20 09:19:36,937 - INFO - ----New round of detections----
2024-12-20 09:19:37,455 - INFO - The data of objects: []
2024-12-20 09:19:37,521 - INFO - ----New round of detections----
2024-12-20 09:19:38,046 - INFO - The data of objects: []
2024-12-20 09:19:38,105 - INFO - ----New round of detections----
2024-12-20 09:19:38,613 - INFO - The data of objects: []
2024-12-20 09:19:38,672 - INFO - ----New round of detections----
2024-12-20 09:19:39,174 - INFO - The data of objects: []
2024-12-20 09:19:39,237 - INFO - ----New round of detections----
2024-12-20 09:19:39,740 - INFO - The data of objects: []
2024-12-20 09:19:39,804 - INFO - ----New round of detections----
2024-12-20 09:19:40,312 - INFO - The data of objects: []
2024-12-20 09:19:40,372 - INFO - ----New round of detections----
2024-12-20 09:19:40,876 - INFO - The data of objects: []
2024-12-20 09:19:40,940 - INFO - ----New round of detections----
2024-12-20 09:19:41,444 - INFO - The data of objects: []
2024-12-20 09:19:41,506 - INFO - ----New round of detections----
2024-12-20 09:19:42,031 - INFO - The data of objects: []
2024-12-20 09:19:42,087 - INFO - ----New round of detections----
2024-12-20 09:19:42,598 - INFO - The data of objects: []
2024-12-20 09:19:42,656 - INFO - ----New round of detections----
2024-12-20 09:19:43,169 - INFO - The data of objects: []
2024-12-20 09:19:43,222 - INFO - ----New round of detections----
2024-12-20 09:19:43,748 - INFO - The data of objects: []
2024-12-20 09:19:43,806 - INFO - ----New round of detections----
