2024-12-20 10:08:02,442 - INFO - Application started
2024-12-20 10:08:07,756 - INFO - PyTorch version: 2.5.1+cu124
2024-12-20 10:08:07,756 - INFO - CUDA device: NVIDIA RTX 3500 Ada Generation Laptop GPU
2024-12-20 10:08:07,756 - INFO - ----------Processing loop started----------
2024-12-20 10:08:07,756 - INFO - ----New round of detections----
2024-12-20 10:08:08,342 - INFO - -----------------------------------------------------
2024-12-20 10:08:08,342 - INFO - 
the correlation matrixe: [[(True, 126, {'object_id_r': 0, 'object_id_l': 0, 'confidence_r': 76.57402157783508, 'confidence_l': 74.83957409858704, 'object_name_right': 'chair', 'object_name_left': 'chair', 'object_center_right': {'x': 1605, 'y': 846}, 'object_center_left': {'x': 1673, 'y': 845}, 'right_image_aov': {'x': 20.895, 'y': 13.827}, 'left_image_aov': {'x': 23.098, 'y': 13.781}, 'orb_result': 126})
  (True, 48, {'object_id_r': 1, 'object_id_l': 0, 'confidence_r': 69.4230318069458, 'confidence_l': 74.83957409858704, 'object_name_right': 'person', 'object_name_left': 'chair', 'object_center_right': {'x': 927, 'y': 597}, 'object_center_left': {'x': 1673, 'y': 845}, 'right_image_aov': {'x': -1.069, 'y': 2.576}, 'left_image_aov': {'x': 23.098, 'y': 13.781}, 'orb_result': 48})
  (True, 123, {'object_id_r': 2, 'object_id_l': 0, 'confidence_r': 62.581127882003784, 'confidence_l': 74.83957409858704, 'object_name_right': 'chair', 'object_name_left': 'chair', 'object_center_right': {'x': 1292, 'y': 827}, 'object_center_left': {'x': 1673, 'y': 845}, 'right_image_aov': {'x': 10.755, 'y': 12.968}, 'left_image_aov': {'x': 23.098, 'y': 13.781}, 'orb_result': 123})]
 [(True, 30, {'object_id_r': 0, 'object_id_l': 1, 'confidence_r': 76.57402157783508, 'confidence_l': 72.22719192504883, 'object_name_right': 'chair', 'object_name_left': 'person', 'object_center_right': {'x': 1605, 'y': 846}, 'object_center_left': {'x': 902, 'y': 618}, 'right_image_aov': {'x': 20.895, 'y': 13.827}, 'left_image_aov': {'x': -1.879, 'y': 3.524}, 'orb_result': 30})
  (True, 17, {'object_id_r': 1, 'object_id_l': 1, 'confidence_r': 69.4230318069458, 'confidence_l': 72.22719192504883, 'object_name_right': 'person', 'object_name_left': 'person', 'object_center_right': {'x': 927, 'y': 597}, 'object_center_left': {'x': 902, 'y': 618}, 'right_image_aov': {'x': -1.069, 'y': 2.576}, 'left_image_aov': {'x': -1.879, 'y': 3.524}, 'orb_result': 17})
  (True, 30, {'object_id_r': 2, 'object_id_l': 1, 'confidence_r': 62.581127882003784, 'confidence_l': 72.22719192504883, 'object_name_right': 'chair', 'object_name_left': 'person', 'object_center_right': {'x': 1292, 'y': 827}, 'object_center_left': {'x': 902, 'y': 618}, 'right_image_aov': {'x': 10.755, 'y': 12.968}, 'left_image_aov': {'x': -1.879, 'y': 3.524}, 'orb_result': 30})]
 [(True, 136, {'object_id_r': 0, 'object_id_l': 2, 'confidence_r': 76.57402157783508, 'confidence_l': 61.52673959732056, 'object_name_right': 'chair', 'object_name_left': 'chair', 'object_center_right': {'x': 1605, 'y': 846}, 'object_center_left': {'x': 1325, 'y': 826}, 'right_image_aov': {'x': 20.895, 'y': 13.827}, 'left_image_aov': {'x': 11.824, 'y': 12.923}, 'orb_result': 136})
  (True, 74, {'object_id_r': 1, 'object_id_l': 2, 'confidence_r': 69.4230318069458, 'confidence_l': 61.52673959732056, 'object_name_right': 'person', 'object_name_left': 'chair', 'object_center_right': {'x': 927, 'y': 597}, 'object_center_left': {'x': 1325, 'y': 826}, 'right_image_aov': {'x': -1.069, 'y': 2.576}, 'left_image_aov': {'x': 11.824, 'y': 12.923}, 'orb_result': 74})
  (True, 153, {'object_id_r': 2, 'object_id_l': 2, 'confidence_r': 62.581127882003784, 'confidence_l': 61.52673959732056, 'object_name_right': 'chair', 'object_name_left': 'chair', 'object_center_right': {'x': 1292, 'y': 827}, 'object_center_left': {'x': 1325, 'y': 826}, 'right_image_aov': {'x': 10.755, 'y': 12.968}, 'left_image_aov': {'x': 11.824, 'y': 12.923}, 'orb_result': 153})]]
2024-12-20 10:08:08,342 - INFO - The results of Max orb pairs are: [((2, 2), 153), ((0, 0), 126), ((1, 1), 17)]
2024-12-20 10:08:08,374 - INFO - The data of objects: [{'name': 'chair', 'distance': np.float64(11.33), 'angle': 11.29}, {'name': 'chair', 'distance': np.float64(5.5), 'angle': 22.0}, {'name': 'person', 'distance': np.float64(14.96), 'angle': -1.47}]
2024-12-20 10:08:08,374 - INFO - ----New round of detections----
2024-12-20 10:08:08,591 - INFO - -----------------------------------------------------
2024-12-20 10:08:08,591 - INFO - 
the correlation matrixe: [[(True, 126, {'object_id_r': 0, 'object_id_l': 0, 'confidence_r': 76.57402157783508, 'confidence_l': 74.83957409858704, 'object_name_right': 'chair', 'object_name_left': 'chair', 'object_center_right': {'x': 1605, 'y': 846}, 'object_center_left': {'x': 1673, 'y': 845}, 'right_image_aov': {'x': 20.895, 'y': 13.827}, 'left_image_aov': {'x': 23.098, 'y': 13.781}, 'orb_result': 126})
  (True, 48, {'object_id_r': 1, 'object_id_l': 0, 'confidence_r': 69.4230318069458, 'confidence_l': 74.83957409858704, 'object_name_right': 'person', 'object_name_left': 'chair', 'object_center_right': {'x': 927, 'y': 597}, 'object_center_left': {'x': 1673, 'y': 845}, 'right_image_aov': {'x': -1.069, 'y': 2.576}, 'left_image_aov': {'x': 23.098, 'y': 13.781}, 'orb_result': 48})
  (True, 123, {'object_id_r': 2, 'object_id_l': 0, 'confidence_r': 62.581127882003784, 'confidence_l': 74.83957409858704, 'object_name_right': 'chair', 'object_name_left': 'chair', 'object_center_right': {'x': 1292, 'y': 827}, 'object_center_left': {'x': 1673, 'y': 845}, 'right_image_aov': {'x': 10.755, 'y': 12.968}, 'left_image_aov': {'x': 23.098, 'y': 13.781}, 'orb_result': 123})]
 [(True, 30, {'object_id_r': 0, 'object_id_l': 1, 'confidence_r': 76.57402157783508, 'confidence_l': 72.22719192504883, 'object_name_right': 'chair', 'object_name_left': 'person', 'object_center_right': {'x': 1605, 'y': 846}, 'object_center_left': {'x': 902, 'y': 618}, 'right_image_aov': {'x': 20.895, 'y': 13.827}, 'left_image_aov': {'x': -1.879, 'y': 3.524}, 'orb_result': 30})
  (True, 17, {'object_id_r': 1, 'object_id_l': 1, 'confidence_r': 69.4230318069458, 'confidence_l': 72.22719192504883, 'object_name_right': 'person', 'object_name_left': 'person', 'object_center_right': {'x': 927, 'y': 597}, 'object_center_left': {'x': 902, 'y': 618}, 'right_image_aov': {'x': -1.069, 'y': 2.576}, 'left_image_aov': {'x': -1.879, 'y': 3.524}, 'orb_result': 17})
  (True, 30, {'object_id_r': 2, 'object_id_l': 1, 'confidence_r': 62.581127882003784, 'confidence_l': 72.22719192504883, 'object_name_right': 'chair', 'object_name_left': 'person', 'object_center_right': {'x': 1292, 'y': 827}, 'object_center_left': {'x': 902, 'y': 618}, 'right_image_aov': {'x': 10.755, 'y': 12.968}, 'left_image_aov': {'x': -1.879, 'y': 3.524}, 'orb_result': 30})]
 [(True, 136, {'object_id_r': 0, 'object_id_l': 2, 'confidence_r': 76.57402157783508, 'confidence_l': 61.52673959732056, 'object_name_right': 'chair', 'object_name_left': 'chair', 'object_center_right': {'x': 1605, 'y': 846}, 'object_center_left': {'x': 1325, 'y': 826}, 'right_image_aov': {'x': 20.895, 'y': 13.827}, 'left_image_aov': {'x': 11.824, 'y': 12.923}, 'orb_result': 136})
  (True, 74, {'object_id_r': 1, 'object_id_l': 2, 'confidence_r': 69.4230318069458, 'confidence_l': 61.52673959732056, 'object_name_right': 'person', 'object_name_left': 'chair', 'object_center_right': {'x': 927, 'y': 597}, 'object_center_left': {'x': 1325, 'y': 826}, 'right_image_aov': {'x': -1.069, 'y': 2.576}, 'left_image_aov': {'x': 11.824, 'y': 12.923}, 'orb_result': 74})
  (True, 153, {'object_id_r': 2, 'object_id_l': 2, 'confidence_r': 62.581127882003784, 'confidence_l': 61.52673959732056, 'object_name_right': 'chair', 'object_name_left': 'chair', 'object_center_right': {'x': 1292, 'y': 827}, 'object_center_left': {'x': 1325, 'y': 826}, 'right_image_aov': {'x': 10.755, 'y': 12.968}, 'left_image_aov': {'x': 11.824, 'y': 12.923}, 'orb_result': 153})]]
2024-12-20 10:08:08,591 - INFO - The results of Max orb pairs are: [((2, 2), 153), ((0, 0), 126), ((1, 1), 17)]
2024-12-20 10:08:08,623 - INFO - The data of objects: [{'name': 'chair', 'distance': np.float64(11.33), 'angle': 11.29}, {'name': 'chair', 'distance': np.float64(5.5), 'angle': 22.0}, {'name': 'person', 'distance': np.float64(14.96), 'angle': -1.47}]
2024-12-20 10:08:08,623 - INFO - ----New round of detections----
2024-12-20 10:08:08,834 - INFO - -----------------------------------------------------
2024-12-20 10:08:08,834 - INFO - 
the correlation matrixe: [[(True, 126, {'object_id_r': 0, 'object_id_l': 0, 'confidence_r': 76.57402157783508, 'confidence_l': 74.83957409858704, 'object_name_right': 'chair', 'object_name_left': 'chair', 'object_center_right': {'x': 1605, 'y': 846}, 'object_center_left': {'x': 1673, 'y': 845}, 'right_image_aov': {'x': 20.895, 'y': 13.827}, 'left_image_aov': {'x': 23.098, 'y': 13.781}, 'orb_result': 126})
  (True, 48, {'object_id_r': 1, 'object_id_l': 0, 'confidence_r': 69.4230318069458, 'confidence_l': 74.83957409858704, 'object_name_right': 'person', 'object_name_left': 'chair', 'object_center_right': {'x': 927, 'y': 597}, 'object_center_left': {'x': 1673, 'y': 845}, 'right_image_aov': {'x': -1.069, 'y': 2.576}, 'left_image_aov': {'x': 23.098, 'y': 13.781}, 'orb_result': 48})
  (True, 123, {'object_id_r': 2, 'object_id_l': 0, 'confidence_r': 62.581127882003784, 'confidence_l': 74.83957409858704, 'object_name_right': 'chair', 'object_name_left': 'chair', 'object_center_right': {'x': 1292, 'y': 827}, 'object_center_left': {'x': 1673, 'y': 845}, 'right_image_aov': {'x': 10.755, 'y': 12.968}, 'left_image_aov': {'x': 23.098, 'y': 13.781}, 'orb_result': 123})]
 [(True, 30, {'object_id_r': 0, 'object_id_l': 1, 'confidence_r': 76.57402157783508, 'confidence_l': 72.22719192504883, 'object_name_right': 'chair', 'object_name_left': 'person', 'object_center_right': {'x': 1605, 'y': 846}, 'object_center_left': {'x': 902, 'y': 618}, 'right_image_aov': {'x': 20.895, 'y': 13.827}, 'left_image_aov': {'x': -1.879, 'y': 3.524}, 'orb_result': 30})
  (True, 17, {'object_id_r': 1, 'object_id_l': 1, 'confidence_r': 69.4230318069458, 'confidence_l': 72.22719192504883, 'object_name_right': 'person', 'object_name_left': 'person', 'object_center_right': {'x': 927, 'y': 597}, 'object_center_left': {'x': 902, 'y': 618}, 'right_image_aov': {'x': -1.069, 'y': 2.576}, 'left_image_aov': {'x': -1.879, 'y': 3.524}, 'orb_result': 17})
  (True, 30, {'object_id_r': 2, 'object_id_l': 1, 'confidence_r': 62.581127882003784, 'confidence_l': 72.22719192504883, 'object_name_right': 'chair', 'object_name_left': 'person', 'object_center_right': {'x': 1292, 'y': 827}, 'object_center_left': {'x': 902, 'y': 618}, 'right_image_aov': {'x': 10.755, 'y': 12.968}, 'left_image_aov': {'x': -1.879, 'y': 3.524}, 'orb_result': 30})]
 [(True, 136, {'object_id_r': 0, 'object_id_l': 2, 'confidence_r': 76.57402157783508, 'confidence_l': 61.52673959732056, 'object_name_right': 'chair', 'object_name_left': 'chair', 'object_center_right': {'x': 1605, 'y': 846}, 'object_center_left': {'x': 1325, 'y': 826}, 'right_image_aov': {'x': 20.895, 'y': 13.827}, 'left_image_aov': {'x': 11.824, 'y': 12.923}, 'orb_result': 136})
  (True, 74, {'object_id_r': 1, 'object_id_l': 2, 'confidence_r': 69.4230318069458, 'confidence_l': 61.52673959732056, 'object_name_right': 'person', 'object_name_left': 'chair', 'object_center_right': {'x': 927, 'y': 597}, 'object_center_left': {'x': 1325, 'y': 826}, 'right_image_aov': {'x': -1.069, 'y': 2.576}, 'left_image_aov': {'x': 11.824, 'y': 12.923}, 'orb_result': 74})
  (True, 153, {'object_id_r': 2, 'object_id_l': 2, 'confidence_r': 62.581127882003784, 'confidence_l': 61.52673959732056, 'object_name_right': 'chair', 'object_name_left': 'chair', 'object_center_right': {'x': 1292, 'y': 827}, 'object_center_left': {'x': 1325, 'y': 826}, 'right_image_aov': {'x': 10.755, 'y': 12.968}, 'left_image_aov': {'x': 11.824, 'y': 12.923}, 'orb_result': 153})]]
2024-12-20 10:08:08,834 - INFO - The results of Max orb pairs are: [((2, 2), 153), ((0, 0), 126), ((1, 1), 17)]
2024-12-20 10:08:08,856 - INFO - The data of objects: [{'name': 'chair', 'distance': np.float64(11.33), 'angle': 11.29}, {'name': 'chair', 'distance': np.float64(5.5), 'angle': 22.0}, {'name': 'person', 'distance': np.float64(14.96), 'angle': -1.47}]
2024-12-20 10:08:08,856 - INFO - ----New round of detections----
2024-12-20 10:08:09,058 - INFO - -----------------------------------------------------
2024-12-20 10:08:09,058 - INFO - 
the correlation matrixe: [[(True, 126, {'object_id_r': 0, 'object_id_l': 0, 'confidence_r': 76.57402157783508, 'confidence_l': 74.83957409858704, 'object_name_right': 'chair', 'object_name_left': 'chair', 'object_center_right': {'x': 1605, 'y': 846}, 'object_center_left': {'x': 1673, 'y': 845}, 'right_image_aov': {'x': 20.895, 'y': 13.827}, 'left_image_aov': {'x': 23.098, 'y': 13.781}, 'orb_result': 126})
  (True, 48, {'object_id_r': 1, 'object_id_l': 0, 'confidence_r': 69.4230318069458, 'confidence_l': 74.83957409858704, 'object_name_right': 'person', 'object_name_left': 'chair', 'object_center_right': {'x': 927, 'y': 597}, 'object_center_left': {'x': 1673, 'y': 845}, 'right_image_aov': {'x': -1.069, 'y': 2.576}, 'left_image_aov': {'x': 23.098, 'y': 13.781}, 'orb_result': 48})
  (True, 123, {'object_id_r': 2, 'object_id_l': 0, 'confidence_r': 62.581127882003784, 'confidence_l': 74.83957409858704, 'object_name_right': 'chair', 'object_name_left': 'chair', 'object_center_right': {'x': 1292, 'y': 827}, 'object_center_left': {'x': 1673, 'y': 845}, 'right_image_aov': {'x': 10.755, 'y': 12.968}, 'left_image_aov': {'x': 23.098, 'y': 13.781}, 'orb_result': 123})]
 [(True, 30, {'object_id_r': 0, 'object_id_l': 1, 'confidence_r': 76.57402157783508, 'confidence_l': 72.22719192504883, 'object_name_right': 'chair', 'object_name_left': 'person', 'object_center_right': {'x': 1605, 'y': 846}, 'object_center_left': {'x': 902, 'y': 618}, 'right_image_aov': {'x': 20.895, 'y': 13.827}, 'left_image_aov': {'x': -1.879, 'y': 3.524}, 'orb_result': 30})
  (True, 17, {'object_id_r': 1, 'object_id_l': 1, 'confidence_r': 69.4230318069458, 'confidence_l': 72.22719192504883, 'object_name_right': 'person', 'object_name_left': 'person', 'object_center_right': {'x': 927, 'y': 597}, 'object_center_left': {'x': 902, 'y': 618}, 'right_image_aov': {'x': -1.069, 'y': 2.576}, 'left_image_aov': {'x': -1.879, 'y': 3.524}, 'orb_result': 17})
  (True, 30, {'object_id_r': 2, 'object_id_l': 1, 'confidence_r': 62.581127882003784, 'confidence_l': 72.22719192504883, 'object_name_right': 'chair', 'object_name_left': 'person', 'object_center_right': {'x': 1292, 'y': 827}, 'object_center_left': {'x': 902, 'y': 618}, 'right_image_aov': {'x': 10.755, 'y': 12.968}, 'left_image_aov': {'x': -1.879, 'y': 3.524}, 'orb_result': 30})]
 [(True, 136, {'object_id_r': 0, 'object_id_l': 2, 'confidence_r': 76.57402157783508, 'confidence_l': 61.52673959732056, 'object_name_right': 'chair', 'object_name_left': 'chair', 'object_center_right': {'x': 1605, 'y': 846}, 'object_center_left': {'x': 1325, 'y': 826}, 'right_image_aov': {'x': 20.895, 'y': 13.827}, 'left_image_aov': {'x': 11.824, 'y': 12.923}, 'orb_result': 136})
  (True, 74, {'object_id_r': 1, 'object_id_l': 2, 'confidence_r': 69.4230318069458, 'confidence_l': 61.52673959732056, 'object_name_right': 'person', 'object_name_left': 'chair', 'object_center_right': {'x': 927, 'y': 597}, 'object_center_left': {'x': 1325, 'y': 826}, 'right_image_aov': {'x': -1.069, 'y': 2.576}, 'left_image_aov': {'x': 11.824, 'y': 12.923}, 'orb_result': 74})
  (True, 153, {'object_id_r': 2, 'object_id_l': 2, 'confidence_r': 62.581127882003784, 'confidence_l': 61.52673959732056, 'object_name_right': 'chair', 'object_name_left': 'chair', 'object_center_right': {'x': 1292, 'y': 827}, 'object_center_left': {'x': 1325, 'y': 826}, 'right_image_aov': {'x': 10.755, 'y': 12.968}, 'left_image_aov': {'x': 11.824, 'y': 12.923}, 'orb_result': 153})]]
2024-12-20 10:08:09,058 - INFO - The results of Max orb pairs are: [((2, 2), 153), ((0, 0), 126), ((1, 1), 17)]
2024-12-20 10:08:09,076 - INFO - The data of objects: [{'name': 'chair', 'distance': np.float64(11.33), 'angle': 11.29}, {'name': 'chair', 'distance': np.float64(5.5), 'angle': 22.0}, {'name': 'person', 'distance': np.float64(14.96), 'angle': -1.47}]
2024-12-20 10:08:09,076 - INFO - ----New round of detections----
2024-12-20 10:08:09,291 - INFO - -----------------------------------------------------
2024-12-20 10:08:09,291 - INFO - 
the correlation matrixe: [[(True, 126, {'object_id_r': 0, 'object_id_l': 0, 'confidence_r': 76.57402157783508, 'confidence_l': 74.83957409858704, 'object_name_right': 'chair', 'object_name_left': 'chair', 'object_center_right': {'x': 1605, 'y': 846}, 'object_center_left': {'x': 1673, 'y': 845}, 'right_image_aov': {'x': 20.895, 'y': 13.827}, 'left_image_aov': {'x': 23.098, 'y': 13.781}, 'orb_result': 126})
  (True, 48, {'object_id_r': 1, 'object_id_l': 0, 'confidence_r': 69.4230318069458, 'confidence_l': 74.83957409858704, 'object_name_right': 'person', 'object_name_left': 'chair', 'object_center_right': {'x': 927, 'y': 597}, 'object_center_left': {'x': 1673, 'y': 845}, 'right_image_aov': {'x': -1.069, 'y': 2.576}, 'left_image_aov': {'x': 23.098, 'y': 13.781}, 'orb_result': 48})
  (True, 123, {'object_id_r': 2, 'object_id_l': 0, 'confidence_r': 62.581127882003784, 'confidence_l': 74.83957409858704, 'object_name_right': 'chair', 'object_name_left': 'chair', 'object_center_right': {'x': 1292, 'y': 827}, 'object_center_left': {'x': 1673, 'y': 845}, 'right_image_aov': {'x': 10.755, 'y': 12.968}, 'left_image_aov': {'x': 23.098, 'y': 13.781}, 'orb_result': 123})]
 [(True, 30, {'object_id_r': 0, 'object_id_l': 1, 'confidence_r': 76.57402157783508, 'confidence_l': 72.22719192504883, 'object_name_right': 'chair', 'object_name_left': 'person', 'object_center_right': {'x': 1605, 'y': 846}, 'object_center_left': {'x': 902, 'y': 618}, 'right_image_aov': {'x': 20.895, 'y': 13.827}, 'left_image_aov': {'x': -1.879, 'y': 3.524}, 'orb_result': 30})
  (True, 17, {'object_id_r': 1, 'object_id_l': 1, 'confidence_r': 69.4230318069458, 'confidence_l': 72.22719192504883, 'object_name_right': 'person', 'object_name_left': 'person', 'object_center_right': {'x': 927, 'y': 597}, 'object_center_left': {'x': 902, 'y': 618}, 'right_image_aov': {'x': -1.069, 'y': 2.576}, 'left_image_aov': {'x': -1.879, 'y': 3.524}, 'orb_result': 17})
  (True, 30, {'object_id_r': 2, 'object_id_l': 1, 'confidence_r': 62.581127882003784, 'confidence_l': 72.22719192504883, 'object_name_right': 'chair', 'object_name_left': 'person', 'object_center_right': {'x': 1292, 'y': 827}, 'object_center_left': {'x': 902, 'y': 618}, 'right_image_aov': {'x': 10.755, 'y': 12.968}, 'left_image_aov': {'x': -1.879, 'y': 3.524}, 'orb_result': 30})]
 [(True, 136, {'object_id_r': 0, 'object_id_l': 2, 'confidence_r': 76.57402157783508, 'confidence_l': 61.52673959732056, 'object_name_right': 'chair', 'object_name_left': 'chair', 'object_center_right': {'x': 1605, 'y': 846}, 'object_center_left': {'x': 1325, 'y': 826}, 'right_image_aov': {'x': 20.895, 'y': 13.827}, 'left_image_aov': {'x': 11.824, 'y': 12.923}, 'orb_result': 136})
  (True, 74, {'object_id_r': 1, 'object_id_l': 2, 'confidence_r': 69.4230318069458, 'confidence_l': 61.52673959732056, 'object_name_right': 'person', 'object_name_left': 'chair', 'object_center_right': {'x': 927, 'y': 597}, 'object_center_left': {'x': 1325, 'y': 826}, 'right_image_aov': {'x': -1.069, 'y': 2.576}, 'left_image_aov': {'x': 11.824, 'y': 12.923}, 'orb_result': 74})
  (True, 153, {'object_id_r': 2, 'object_id_l': 2, 'confidence_r': 62.581127882003784, 'confidence_l': 61.52673959732056, 'object_name_right': 'chair', 'object_name_left': 'chair', 'object_center_right': {'x': 1292, 'y': 827}, 'object_center_left': {'x': 1325, 'y': 826}, 'right_image_aov': {'x': 10.755, 'y': 12.968}, 'left_image_aov': {'x': 11.824, 'y': 12.923}, 'orb_result': 153})]]
2024-12-20 10:08:09,291 - INFO - The results of Max orb pairs are: [((2, 2), 153), ((0, 0), 126), ((1, 1), 17)]
2024-12-20 10:08:09,307 - INFO - The data of objects: [{'name': 'chair', 'distance': np.float64(11.33), 'angle': 11.29}, {'name': 'chair', 'distance': np.float64(5.5), 'angle': 22.0}, {'name': 'person', 'distance': np.float64(14.96), 'angle': -1.47}]
2024-12-20 10:08:09,307 - INFO - ----New round of detections----
2024-12-20 10:08:09,524 - INFO - -----------------------------------------------------
2024-12-20 10:08:09,524 - INFO - 
the correlation matrixe: [[(True, 126, {'object_id_r': 0, 'object_id_l': 0, 'confidence_r': 76.57402157783508, 'confidence_l': 74.83957409858704, 'object_name_right': 'chair', 'object_name_left': 'chair', 'object_center_right': {'x': 1605, 'y': 846}, 'object_center_left': {'x': 1673, 'y': 845}, 'right_image_aov': {'x': 20.895, 'y': 13.827}, 'left_image_aov': {'x': 23.098, 'y': 13.781}, 'orb_result': 126})
  (True, 48, {'object_id_r': 1, 'object_id_l': 0, 'confidence_r': 69.4230318069458, 'confidence_l': 74.83957409858704, 'object_name_right': 'person', 'object_name_left': 'chair', 'object_center_right': {'x': 927, 'y': 597}, 'object_center_left': {'x': 1673, 'y': 845}, 'right_image_aov': {'x': -1.069, 'y': 2.576}, 'left_image_aov': {'x': 23.098, 'y': 13.781}, 'orb_result': 48})
  (True, 123, {'object_id_r': 2, 'object_id_l': 0, 'confidence_r': 62.581127882003784, 'confidence_l': 74.83957409858704, 'object_name_right': 'chair', 'object_name_left': 'chair', 'object_center_right': {'x': 1292, 'y': 827}, 'object_center_left': {'x': 1673, 'y': 845}, 'right_image_aov': {'x': 10.755, 'y': 12.968}, 'left_image_aov': {'x': 23.098, 'y': 13.781}, 'orb_result': 123})]
 [(True, 30, {'object_id_r': 0, 'object_id_l': 1, 'confidence_r': 76.57402157783508, 'confidence_l': 72.22719192504883, 'object_name_right': 'chair', 'object_name_left': 'person', 'object_center_right': {'x': 1605, 'y': 846}, 'object_center_left': {'x': 902, 'y': 618}, 'right_image_aov': {'x': 20.895, 'y': 13.827}, 'left_image_aov': {'x': -1.879, 'y': 3.524}, 'orb_result': 30})
  (True, 17, {'object_id_r': 1, 'object_id_l': 1, 'confidence_r': 69.4230318069458, 'confidence_l': 72.22719192504883, 'object_name_right': 'person', 'object_name_left': 'person', 'object_center_right': {'x': 927, 'y': 597}, 'object_center_left': {'x': 902, 'y': 618}, 'right_image_aov': {'x': -1.069, 'y': 2.576}, 'left_image_aov': {'x': -1.879, 'y': 3.524}, 'orb_result': 17})
  (True, 30, {'object_id_r': 2, 'object_id_l': 1, 'confidence_r': 62.581127882003784, 'confidence_l': 72.22719192504883, 'object_name_right': 'chair', 'object_name_left': 'person', 'object_center_right': {'x': 1292, 'y': 827}, 'object_center_left': {'x': 902, 'y': 618}, 'right_image_aov': {'x': 10.755, 'y': 12.968}, 'left_image_aov': {'x': -1.879, 'y': 3.524}, 'orb_result': 30})]
 [(True, 136, {'object_id_r': 0, 'object_id_l': 2, 'confidence_r': 76.57402157783508, 'confidence_l': 61.52673959732056, 'object_name_right': 'chair', 'object_name_left': 'chair', 'object_center_right': {'x': 1605, 'y': 846}, 'object_center_left': {'x': 1325, 'y': 826}, 'right_image_aov': {'x': 20.895, 'y': 13.827}, 'left_image_aov': {'x': 11.824, 'y': 12.923}, 'orb_result': 136})
  (True, 74, {'object_id_r': 1, 'object_id_l': 2, 'confidence_r': 69.4230318069458, 'confidence_l': 61.52673959732056, 'object_name_right': 'person', 'object_name_left': 'chair', 'object_center_right': {'x': 927, 'y': 597}, 'object_center_left': {'x': 1325, 'y': 826}, 'right_image_aov': {'x': -1.069, 'y': 2.576}, 'left_image_aov': {'x': 11.824, 'y': 12.923}, 'orb_result': 74})
  (True, 153, {'object_id_r': 2, 'object_id_l': 2, 'confidence_r': 62.581127882003784, 'confidence_l': 61.52673959732056, 'object_name_right': 'chair', 'object_name_left': 'chair', 'object_center_right': {'x': 1292, 'y': 827}, 'object_center_left': {'x': 1325, 'y': 826}, 'right_image_aov': {'x': 10.755, 'y': 12.968}, 'left_image_aov': {'x': 11.824, 'y': 12.923}, 'orb_result': 153})]]
2024-12-20 10:08:09,524 - INFO - The results of Max orb pairs are: [((2, 2), 153), ((0, 0), 126), ((1, 1), 17)]
2024-12-20 10:08:09,547 - INFO - The data of objects: [{'name': 'chair', 'distance': np.float64(11.33), 'angle': 11.29}, {'name': 'chair', 'distance': np.float64(5.5), 'angle': 22.0}, {'name': 'person', 'distance': np.float64(14.96), 'angle': -1.47}]
2024-12-20 10:08:09,547 - INFO - ----New round of detections----
2024-12-20 10:08:09,758 - INFO - -----------------------------------------------------
2024-12-20 10:08:09,758 - INFO - 
the correlation matrixe: [[(True, 126, {'object_id_r': 0, 'object_id_l': 0, 'confidence_r': 76.57402157783508, 'confidence_l': 74.83957409858704, 'object_name_right': 'chair', 'object_name_left': 'chair', 'object_center_right': {'x': 1605, 'y': 846}, 'object_center_left': {'x': 1673, 'y': 845}, 'right_image_aov': {'x': 20.895, 'y': 13.827}, 'left_image_aov': {'x': 23.098, 'y': 13.781}, 'orb_result': 126})
  (True, 48, {'object_id_r': 1, 'object_id_l': 0, 'confidence_r': 69.4230318069458, 'confidence_l': 74.83957409858704, 'object_name_right': 'person', 'object_name_left': 'chair', 'object_center_right': {'x': 927, 'y': 597}, 'object_center_left': {'x': 1673, 'y': 845}, 'right_image_aov': {'x': -1.069, 'y': 2.576}, 'left_image_aov': {'x': 23.098, 'y': 13.781}, 'orb_result': 48})
  (True, 123, {'object_id_r': 2, 'object_id_l': 0, 'confidence_r': 62.581127882003784, 'confidence_l': 74.83957409858704, 'object_name_right': 'chair', 'object_name_left': 'chair', 'object_center_right': {'x': 1292, 'y': 827}, 'object_center_left': {'x': 1673, 'y': 845}, 'right_image_aov': {'x': 10.755, 'y': 12.968}, 'left_image_aov': {'x': 23.098, 'y': 13.781}, 'orb_result': 123})]
 [(True, 30, {'object_id_r': 0, 'object_id_l': 1, 'confidence_r': 76.57402157783508, 'confidence_l': 72.22719192504883, 'object_name_right': 'chair', 'object_name_left': 'person', 'object_center_right': {'x': 1605, 'y': 846}, 'object_center_left': {'x': 902, 'y': 618}, 'right_image_aov': {'x': 20.895, 'y': 13.827}, 'left_image_aov': {'x': -1.879, 'y': 3.524}, 'orb_result': 30})
  (True, 17, {'object_id_r': 1, 'object_id_l': 1, 'confidence_r': 69.4230318069458, 'confidence_l': 72.22719192504883, 'object_name_right': 'person', 'object_name_left': 'person', 'object_center_right': {'x': 927, 'y': 597}, 'object_center_left': {'x': 902, 'y': 618}, 'right_image_aov': {'x': -1.069, 'y': 2.576}, 'left_image_aov': {'x': -1.879, 'y': 3.524}, 'orb_result': 17})
  (True, 30, {'object_id_r': 2, 'object_id_l': 1, 'confidence_r': 62.581127882003784, 'confidence_l': 72.22719192504883, 'object_name_right': 'chair', 'object_name_left': 'person', 'object_center_right': {'x': 1292, 'y': 827}, 'object_center_left': {'x': 902, 'y': 618}, 'right_image_aov': {'x': 10.755, 'y': 12.968}, 'left_image_aov': {'x': -1.879, 'y': 3.524}, 'orb_result': 30})]
 [(True, 136, {'object_id_r': 0, 'object_id_l': 2, 'confidence_r': 76.57402157783508, 'confidence_l': 61.52673959732056, 'object_name_right': 'chair', 'object_name_left': 'chair', 'object_center_right': {'x': 1605, 'y': 846}, 'object_center_left': {'x': 1325, 'y': 826}, 'right_image_aov': {'x': 20.895, 'y': 13.827}, 'left_image_aov': {'x': 11.824, 'y': 12.923}, 'orb_result': 136})
  (True, 74, {'object_id_r': 1, 'object_id_l': 2, 'confidence_r': 69.4230318069458, 'confidence_l': 61.52673959732056, 'object_name_right': 'person', 'object_name_left': 'chair', 'object_center_right': {'x': 927, 'y': 597}, 'object_center_left': {'x': 1325, 'y': 826}, 'right_image_aov': {'x': -1.069, 'y': 2.576}, 'left_image_aov': {'x': 11.824, 'y': 12.923}, 'orb_result': 74})
  (True, 153, {'object_id_r': 2, 'object_id_l': 2, 'confidence_r': 62.581127882003784, 'confidence_l': 61.52673959732056, 'object_name_right': 'chair', 'object_name_left': 'chair', 'object_center_right': {'x': 1292, 'y': 827}, 'object_center_left': {'x': 1325, 'y': 826}, 'right_image_aov': {'x': 10.755, 'y': 12.968}, 'left_image_aov': {'x': 11.824, 'y': 12.923}, 'orb_result': 153})]]
2024-12-20 10:08:09,758 - INFO - The results of Max orb pairs are: [((2, 2), 153), ((0, 0), 126), ((1, 1), 17)]
2024-12-20 10:08:09,775 - INFO - The data of objects: [{'name': 'chair', 'distance': np.float64(11.33), 'angle': 11.29}, {'name': 'chair', 'distance': np.float64(5.5), 'angle': 22.0}, {'name': 'person', 'distance': np.float64(14.96), 'angle': -1.47}]
2024-12-20 10:08:09,775 - INFO - ----New round of detections----
2024-12-20 10:08:09,994 - INFO - -----------------------------------------------------
2024-12-20 10:08:09,994 - INFO - 
the correlation matrixe: [[(True, 126, {'object_id_r': 0, 'object_id_l': 0, 'confidence_r': 76.57402157783508, 'confidence_l': 74.83957409858704, 'object_name_right': 'chair', 'object_name_left': 'chair', 'object_center_right': {'x': 1605, 'y': 846}, 'object_center_left': {'x': 1673, 'y': 845}, 'right_image_aov': {'x': 20.895, 'y': 13.827}, 'left_image_aov': {'x': 23.098, 'y': 13.781}, 'orb_result': 126})
  (True, 48, {'object_id_r': 1, 'object_id_l': 0, 'confidence_r': 69.4230318069458, 'confidence_l': 74.83957409858704, 'object_name_right': 'person', 'object_name_left': 'chair', 'object_center_right': {'x': 927, 'y': 597}, 'object_center_left': {'x': 1673, 'y': 845}, 'right_image_aov': {'x': -1.069, 'y': 2.576}, 'left_image_aov': {'x': 23.098, 'y': 13.781}, 'orb_result': 48})
  (True, 123, {'object_id_r': 2, 'object_id_l': 0, 'confidence_r': 62.581127882003784, 'confidence_l': 74.83957409858704, 'object_name_right': 'chair', 'object_name_left': 'chair', 'object_center_right': {'x': 1292, 'y': 827}, 'object_center_left': {'x': 1673, 'y': 845}, 'right_image_aov': {'x': 10.755, 'y': 12.968}, 'left_image_aov': {'x': 23.098, 'y': 13.781}, 'orb_result': 123})]
 [(True, 30, {'object_id_r': 0, 'object_id_l': 1, 'confidence_r': 76.57402157783508, 'confidence_l': 72.22719192504883, 'object_name_right': 'chair', 'object_name_left': 'person', 'object_center_right': {'x': 1605, 'y': 846}, 'object_center_left': {'x': 902, 'y': 618}, 'right_image_aov': {'x': 20.895, 'y': 13.827}, 'left_image_aov': {'x': -1.879, 'y': 3.524}, 'orb_result': 30})
  (True, 17, {'object_id_r': 1, 'object_id_l': 1, 'confidence_r': 69.4230318069458, 'confidence_l': 72.22719192504883, 'object_name_right': 'person', 'object_name_left': 'person', 'object_center_right': {'x': 927, 'y': 597}, 'object_center_left': {'x': 902, 'y': 618}, 'right_image_aov': {'x': -1.069, 'y': 2.576}, 'left_image_aov': {'x': -1.879, 'y': 3.524}, 'orb_result': 17})
  (True, 30, {'object_id_r': 2, 'object_id_l': 1, 'confidence_r': 62.581127882003784, 'confidence_l': 72.22719192504883, 'object_name_right': 'chair', 'object_name_left': 'person', 'object_center_right': {'x': 1292, 'y': 827}, 'object_center_left': {'x': 902, 'y': 618}, 'right_image_aov': {'x': 10.755, 'y': 12.968}, 'left_image_aov': {'x': -1.879, 'y': 3.524}, 'orb_result': 30})]
 [(True, 136, {'object_id_r': 0, 'object_id_l': 2, 'confidence_r': 76.57402157783508, 'confidence_l': 61.52673959732056, 'object_name_right': 'chair', 'object_name_left': 'chair', 'object_center_right': {'x': 1605, 'y': 846}, 'object_center_left': {'x': 1325, 'y': 826}, 'right_image_aov': {'x': 20.895, 'y': 13.827}, 'left_image_aov': {'x': 11.824, 'y': 12.923}, 'orb_result': 136})
  (True, 74, {'object_id_r': 1, 'object_id_l': 2, 'confidence_r': 69.4230318069458, 'confidence_l': 61.52673959732056, 'object_name_right': 'person', 'object_name_left': 'chair', 'object_center_right': {'x': 927, 'y': 597}, 'object_center_left': {'x': 1325, 'y': 826}, 'right_image_aov': {'x': -1.069, 'y': 2.576}, 'left_image_aov': {'x': 11.824, 'y': 12.923}, 'orb_result': 74})
  (True, 153, {'object_id_r': 2, 'object_id_l': 2, 'confidence_r': 62.581127882003784, 'confidence_l': 61.52673959732056, 'object_name_right': 'chair', 'object_name_left': 'chair', 'object_center_right': {'x': 1292, 'y': 827}, 'object_center_left': {'x': 1325, 'y': 826}, 'right_image_aov': {'x': 10.755, 'y': 12.968}, 'left_image_aov': {'x': 11.824, 'y': 12.923}, 'orb_result': 153})]]
2024-12-20 10:08:09,994 - INFO - The results of Max orb pairs are: [((2, 2), 153), ((0, 0), 126), ((1, 1), 17)]
2024-12-20 10:08:10,009 - INFO - The data of objects: [{'name': 'chair', 'distance': np.float64(11.33), 'angle': 11.29}, {'name': 'chair', 'distance': np.float64(5.5), 'angle': 22.0}, {'name': 'person', 'distance': np.float64(14.96), 'angle': -1.47}]
2024-12-20 10:08:10,009 - INFO - ----New round of detections----
2024-12-20 10:08:10,223 - INFO - -----------------------------------------------------
2024-12-20 10:08:10,224 - INFO - 
the correlation matrixe: [[(True, 126, {'object_id_r': 0, 'object_id_l': 0, 'confidence_r': 76.57402157783508, 'confidence_l': 74.83957409858704, 'object_name_right': 'chair', 'object_name_left': 'chair', 'object_center_right': {'x': 1605, 'y': 846}, 'object_center_left': {'x': 1673, 'y': 845}, 'right_image_aov': {'x': 20.895, 'y': 13.827}, 'left_image_aov': {'x': 23.098, 'y': 13.781}, 'orb_result': 126})
  (True, 48, {'object_id_r': 1, 'object_id_l': 0, 'confidence_r': 69.4230318069458, 'confidence_l': 74.83957409858704, 'object_name_right': 'person', 'object_name_left': 'chair', 'object_center_right': {'x': 927, 'y': 597}, 'object_center_left': {'x': 1673, 'y': 845}, 'right_image_aov': {'x': -1.069, 'y': 2.576}, 'left_image_aov': {'x': 23.098, 'y': 13.781}, 'orb_result': 48})
  (True, 123, {'object_id_r': 2, 'object_id_l': 0, 'confidence_r': 62.581127882003784, 'confidence_l': 74.83957409858704, 'object_name_right': 'chair', 'object_name_left': 'chair', 'object_center_right': {'x': 1292, 'y': 827}, 'object_center_left': {'x': 1673, 'y': 845}, 'right_image_aov': {'x': 10.755, 'y': 12.968}, 'left_image_aov': {'x': 23.098, 'y': 13.781}, 'orb_result': 123})]
 [(True, 30, {'object_id_r': 0, 'object_id_l': 1, 'confidence_r': 76.57402157783508, 'confidence_l': 72.22719192504883, 'object_name_right': 'chair', 'object_name_left': 'person', 'object_center_right': {'x': 1605, 'y': 846}, 'object_center_left': {'x': 902, 'y': 618}, 'right_image_aov': {'x': 20.895, 'y': 13.827}, 'left_image_aov': {'x': -1.879, 'y': 3.524}, 'orb_result': 30})
  (True, 17, {'object_id_r': 1, 'object_id_l': 1, 'confidence_r': 69.4230318069458, 'confidence_l': 72.22719192504883, 'object_name_right': 'person', 'object_name_left': 'person', 'object_center_right': {'x': 927, 'y': 597}, 'object_center_left': {'x': 902, 'y': 618}, 'right_image_aov': {'x': -1.069, 'y': 2.576}, 'left_image_aov': {'x': -1.879, 'y': 3.524}, 'orb_result': 17})
  (True, 30, {'object_id_r': 2, 'object_id_l': 1, 'confidence_r': 62.581127882003784, 'confidence_l': 72.22719192504883, 'object_name_right': 'chair', 'object_name_left': 'person', 'object_center_right': {'x': 1292, 'y': 827}, 'object_center_left': {'x': 902, 'y': 618}, 'right_image_aov': {'x': 10.755, 'y': 12.968}, 'left_image_aov': {'x': -1.879, 'y': 3.524}, 'orb_result': 30})]
 [(True, 136, {'object_id_r': 0, 'object_id_l': 2, 'confidence_r': 76.57402157783508, 'confidence_l': 61.52673959732056, 'object_name_right': 'chair', 'object_name_left': 'chair', 'object_center_right': {'x': 1605, 'y': 846}, 'object_center_left': {'x': 1325, 'y': 826}, 'right_image_aov': {'x': 20.895, 'y': 13.827}, 'left_image_aov': {'x': 11.824, 'y': 12.923}, 'orb_result': 136})
  (True, 74, {'object_id_r': 1, 'object_id_l': 2, 'confidence_r': 69.4230318069458, 'confidence_l': 61.52673959732056, 'object_name_right': 'person', 'object_name_left': 'chair', 'object_center_right': {'x': 927, 'y': 597}, 'object_center_left': {'x': 1325, 'y': 826}, 'right_image_aov': {'x': -1.069, 'y': 2.576}, 'left_image_aov': {'x': 11.824, 'y': 12.923}, 'orb_result': 74})
  (True, 153, {'object_id_r': 2, 'object_id_l': 2, 'confidence_r': 62.581127882003784, 'confidence_l': 61.52673959732056, 'object_name_right': 'chair', 'object_name_left': 'chair', 'object_center_right': {'x': 1292, 'y': 827}, 'object_center_left': {'x': 1325, 'y': 826}, 'right_image_aov': {'x': 10.755, 'y': 12.968}, 'left_image_aov': {'x': 11.824, 'y': 12.923}, 'orb_result': 153})]]
2024-12-20 10:08:10,224 - INFO - The results of Max orb pairs are: [((2, 2), 153), ((0, 0), 126), ((1, 1), 17)]
2024-12-20 10:08:10,245 - INFO - The data of objects: [{'name': 'chair', 'distance': np.float64(11.33), 'angle': 11.29}, {'name': 'chair', 'distance': np.float64(5.5), 'angle': 22.0}, {'name': 'person', 'distance': np.float64(14.96), 'angle': -1.47}]
2024-12-20 10:08:10,245 - INFO - ----New round of detections----
2024-12-20 10:08:10,456 - INFO - -----------------------------------------------------
2024-12-20 10:08:10,457 - INFO - 
the correlation matrixe: [[(True, 126, {'object_id_r': 0, 'object_id_l': 0, 'confidence_r': 76.57402157783508, 'confidence_l': 74.83957409858704, 'object_name_right': 'chair', 'object_name_left': 'chair', 'object_center_right': {'x': 1605, 'y': 846}, 'object_center_left': {'x': 1673, 'y': 845}, 'right_image_aov': {'x': 20.895, 'y': 13.827}, 'left_image_aov': {'x': 23.098, 'y': 13.781}, 'orb_result': 126})
  (True, 48, {'object_id_r': 1, 'object_id_l': 0, 'confidence_r': 69.4230318069458, 'confidence_l': 74.83957409858704, 'object_name_right': 'person', 'object_name_left': 'chair', 'object_center_right': {'x': 927, 'y': 597}, 'object_center_left': {'x': 1673, 'y': 845}, 'right_image_aov': {'x': -1.069, 'y': 2.576}, 'left_image_aov': {'x': 23.098, 'y': 13.781}, 'orb_result': 48})
  (True, 123, {'object_id_r': 2, 'object_id_l': 0, 'confidence_r': 62.581127882003784, 'confidence_l': 74.83957409858704, 'object_name_right': 'chair', 'object_name_left': 'chair', 'object_center_right': {'x': 1292, 'y': 827}, 'object_center_left': {'x': 1673, 'y': 845}, 'right_image_aov': {'x': 10.755, 'y': 12.968}, 'left_image_aov': {'x': 23.098, 'y': 13.781}, 'orb_result': 123})]
 [(True, 30, {'object_id_r': 0, 'object_id_l': 1, 'confidence_r': 76.57402157783508, 'confidence_l': 72.22719192504883, 'object_name_right': 'chair', 'object_name_left': 'person', 'object_center_right': {'x': 1605, 'y': 846}, 'object_center_left': {'x': 902, 'y': 618}, 'right_image_aov': {'x': 20.895, 'y': 13.827}, 'left_image_aov': {'x': -1.879, 'y': 3.524}, 'orb_result': 30})
  (True, 17, {'object_id_r': 1, 'object_id_l': 1, 'confidence_r': 69.4230318069458, 'confidence_l': 72.22719192504883, 'object_name_right': 'person', 'object_name_left': 'person', 'object_center_right': {'x': 927, 'y': 597}, 'object_center_left': {'x': 902, 'y': 618}, 'right_image_aov': {'x': -1.069, 'y': 2.576}, 'left_image_aov': {'x': -1.879, 'y': 3.524}, 'orb_result': 17})
  (True, 30, {'object_id_r': 2, 'object_id_l': 1, 'confidence_r': 62.581127882003784, 'confidence_l': 72.22719192504883, 'object_name_right': 'chair', 'object_name_left': 'person', 'object_center_right': {'x': 1292, 'y': 827}, 'object_center_left': {'x': 902, 'y': 618}, 'right_image_aov': {'x': 10.755, 'y': 12.968}, 'left_image_aov': {'x': -1.879, 'y': 3.524}, 'orb_result': 30})]
 [(True, 136, {'object_id_r': 0, 'object_id_l': 2, 'confidence_r': 76.57402157783508, 'confidence_l': 61.52673959732056, 'object_name_right': 'chair', 'object_name_left': 'chair', 'object_center_right': {'x': 1605, 'y': 846}, 'object_center_left': {'x': 1325, 'y': 826}, 'right_image_aov': {'x': 20.895, 'y': 13.827}, 'left_image_aov': {'x': 11.824, 'y': 12.923}, 'orb_result': 136})
  (True, 74, {'object_id_r': 1, 'object_id_l': 2, 'confidence_r': 69.4230318069458, 'confidence_l': 61.52673959732056, 'object_name_right': 'person', 'object_name_left': 'chair', 'object_center_right': {'x': 927, 'y': 597}, 'object_center_left': {'x': 1325, 'y': 826}, 'right_image_aov': {'x': -1.069, 'y': 2.576}, 'left_image_aov': {'x': 11.824, 'y': 12.923}, 'orb_result': 74})
  (True, 153, {'object_id_r': 2, 'object_id_l': 2, 'confidence_r': 62.581127882003784, 'confidence_l': 61.52673959732056, 'object_name_right': 'chair', 'object_name_left': 'chair', 'object_center_right': {'x': 1292, 'y': 827}, 'object_center_left': {'x': 1325, 'y': 826}, 'right_image_aov': {'x': 10.755, 'y': 12.968}, 'left_image_aov': {'x': 11.824, 'y': 12.923}, 'orb_result': 153})]]
2024-12-20 10:08:10,457 - INFO - The results of Max orb pairs are: [((2, 2), 153), ((0, 0), 126), ((1, 1), 17)]
2024-12-20 10:08:10,477 - INFO - The data of objects: [{'name': 'chair', 'distance': np.float64(11.33), 'angle': 11.29}, {'name': 'chair', 'distance': np.float64(5.5), 'angle': 22.0}, {'name': 'person', 'distance': np.float64(14.96), 'angle': -1.47}]
2024-12-20 10:08:10,477 - INFO - ----New round of detections----
2024-12-20 10:08:10,678 - INFO - -----------------------------------------------------
2024-12-20 10:08:10,678 - INFO - 
the correlation matrixe: [[(True, 126, {'object_id_r': 0, 'object_id_l': 0, 'confidence_r': 76.57402157783508, 'confidence_l': 74.83957409858704, 'object_name_right': 'chair', 'object_name_left': 'chair', 'object_center_right': {'x': 1605, 'y': 846}, 'object_center_left': {'x': 1673, 'y': 845}, 'right_image_aov': {'x': 20.895, 'y': 13.827}, 'left_image_aov': {'x': 23.098, 'y': 13.781}, 'orb_result': 126})
  (True, 48, {'object_id_r': 1, 'object_id_l': 0, 'confidence_r': 69.4230318069458, 'confidence_l': 74.83957409858704, 'object_name_right': 'person', 'object_name_left': 'chair', 'object_center_right': {'x': 927, 'y': 597}, 'object_center_left': {'x': 1673, 'y': 845}, 'right_image_aov': {'x': -1.069, 'y': 2.576}, 'left_image_aov': {'x': 23.098, 'y': 13.781}, 'orb_result': 48})
  (True, 123, {'object_id_r': 2, 'object_id_l': 0, 'confidence_r': 62.581127882003784, 'confidence_l': 74.83957409858704, 'object_name_right': 'chair', 'object_name_left': 'chair', 'object_center_right': {'x': 1292, 'y': 827}, 'object_center_left': {'x': 1673, 'y': 845}, 'right_image_aov': {'x': 10.755, 'y': 12.968}, 'left_image_aov': {'x': 23.098, 'y': 13.781}, 'orb_result': 123})]
 [(True, 30, {'object_id_r': 0, 'object_id_l': 1, 'confidence_r': 76.57402157783508, 'confidence_l': 72.22719192504883, 'object_name_right': 'chair', 'object_name_left': 'person', 'object_center_right': {'x': 1605, 'y': 846}, 'object_center_left': {'x': 902, 'y': 618}, 'right_image_aov': {'x': 20.895, 'y': 13.827}, 'left_image_aov': {'x': -1.879, 'y': 3.524}, 'orb_result': 30})
  (True, 17, {'object_id_r': 1, 'object_id_l': 1, 'confidence_r': 69.4230318069458, 'confidence_l': 72.22719192504883, 'object_name_right': 'person', 'object_name_left': 'person', 'object_center_right': {'x': 927, 'y': 597}, 'object_center_left': {'x': 902, 'y': 618}, 'right_image_aov': {'x': -1.069, 'y': 2.576}, 'left_image_aov': {'x': -1.879, 'y': 3.524}, 'orb_result': 17})
  (True, 30, {'object_id_r': 2, 'object_id_l': 1, 'confidence_r': 62.581127882003784, 'confidence_l': 72.22719192504883, 'object_name_right': 'chair', 'object_name_left': 'person', 'object_center_right': {'x': 1292, 'y': 827}, 'object_center_left': {'x': 902, 'y': 618}, 'right_image_aov': {'x': 10.755, 'y': 12.968}, 'left_image_aov': {'x': -1.879, 'y': 3.524}, 'orb_result': 30})]
 [(True, 136, {'object_id_r': 0, 'object_id_l': 2, 'confidence_r': 76.57402157783508, 'confidence_l': 61.52673959732056, 'object_name_right': 'chair', 'object_name_left': 'chair', 'object_center_right': {'x': 1605, 'y': 846}, 'object_center_left': {'x': 1325, 'y': 826}, 'right_image_aov': {'x': 20.895, 'y': 13.827}, 'left_image_aov': {'x': 11.824, 'y': 12.923}, 'orb_result': 136})
  (True, 74, {'object_id_r': 1, 'object_id_l': 2, 'confidence_r': 69.4230318069458, 'confidence_l': 61.52673959732056, 'object_name_right': 'person', 'object_name_left': 'chair', 'object_center_right': {'x': 927, 'y': 597}, 'object_center_left': {'x': 1325, 'y': 826}, 'right_image_aov': {'x': -1.069, 'y': 2.576}, 'left_image_aov': {'x': 11.824, 'y': 12.923}, 'orb_result': 74})
  (True, 153, {'object_id_r': 2, 'object_id_l': 2, 'confidence_r': 62.581127882003784, 'confidence_l': 61.52673959732056, 'object_name_right': 'chair', 'object_name_left': 'chair', 'object_center_right': {'x': 1292, 'y': 827}, 'object_center_left': {'x': 1325, 'y': 826}, 'right_image_aov': {'x': 10.755, 'y': 12.968}, 'left_image_aov': {'x': 11.824, 'y': 12.923}, 'orb_result': 153})]]
2024-12-20 10:08:10,678 - INFO - The results of Max orb pairs are: [((2, 2), 153), ((0, 0), 126), ((1, 1), 17)]
2024-12-20 10:08:10,708 - INFO - The data of objects: [{'name': 'chair', 'distance': np.float64(11.33), 'angle': 11.29}, {'name': 'chair', 'distance': np.float64(5.5), 'angle': 22.0}, {'name': 'person', 'distance': np.float64(14.96), 'angle': -1.47}]
2024-12-20 10:08:10,708 - INFO - ----New round of detections----
2024-12-20 10:08:10,907 - INFO - -----------------------------------------------------
2024-12-20 10:08:10,907 - INFO - 
the correlation matrixe: [[(True, 126, {'object_id_r': 0, 'object_id_l': 0, 'confidence_r': 76.57402157783508, 'confidence_l': 74.83957409858704, 'object_name_right': 'chair', 'object_name_left': 'chair', 'object_center_right': {'x': 1605, 'y': 846}, 'object_center_left': {'x': 1673, 'y': 845}, 'right_image_aov': {'x': 20.895, 'y': 13.827}, 'left_image_aov': {'x': 23.098, 'y': 13.781}, 'orb_result': 126})
  (True, 48, {'object_id_r': 1, 'object_id_l': 0, 'confidence_r': 69.4230318069458, 'confidence_l': 74.83957409858704, 'object_name_right': 'person', 'object_name_left': 'chair', 'object_center_right': {'x': 927, 'y': 597}, 'object_center_left': {'x': 1673, 'y': 845}, 'right_image_aov': {'x': -1.069, 'y': 2.576}, 'left_image_aov': {'x': 23.098, 'y': 13.781}, 'orb_result': 48})
  (True, 123, {'object_id_r': 2, 'object_id_l': 0, 'confidence_r': 62.581127882003784, 'confidence_l': 74.83957409858704, 'object_name_right': 'chair', 'object_name_left': 'chair', 'object_center_right': {'x': 1292, 'y': 827}, 'object_center_left': {'x': 1673, 'y': 845}, 'right_image_aov': {'x': 10.755, 'y': 12.968}, 'left_image_aov': {'x': 23.098, 'y': 13.781}, 'orb_result': 123})]
 [(True, 30, {'object_id_r': 0, 'object_id_l': 1, 'confidence_r': 76.57402157783508, 'confidence_l': 72.22719192504883, 'object_name_right': 'chair', 'object_name_left': 'person', 'object_center_right': {'x': 1605, 'y': 846}, 'object_center_left': {'x': 902, 'y': 618}, 'right_image_aov': {'x': 20.895, 'y': 13.827}, 'left_image_aov': {'x': -1.879, 'y': 3.524}, 'orb_result': 30})
  (True, 17, {'object_id_r': 1, 'object_id_l': 1, 'confidence_r': 69.4230318069458, 'confidence_l': 72.22719192504883, 'object_name_right': 'person', 'object_name_left': 'person', 'object_center_right': {'x': 927, 'y': 597}, 'object_center_left': {'x': 902, 'y': 618}, 'right_image_aov': {'x': -1.069, 'y': 2.576}, 'left_image_aov': {'x': -1.879, 'y': 3.524}, 'orb_result': 17})
  (True, 30, {'object_id_r': 2, 'object_id_l': 1, 'confidence_r': 62.581127882003784, 'confidence_l': 72.22719192504883, 'object_name_right': 'chair', 'object_name_left': 'person', 'object_center_right': {'x': 1292, 'y': 827}, 'object_center_left': {'x': 902, 'y': 618}, 'right_image_aov': {'x': 10.755, 'y': 12.968}, 'left_image_aov': {'x': -1.879, 'y': 3.524}, 'orb_result': 30})]
 [(True, 136, {'object_id_r': 0, 'object_id_l': 2, 'confidence_r': 76.57402157783508, 'confidence_l': 61.52673959732056, 'object_name_right': 'chair', 'object_name_left': 'chair', 'object_center_right': {'x': 1605, 'y': 846}, 'object_center_left': {'x': 1325, 'y': 826}, 'right_image_aov': {'x': 20.895, 'y': 13.827}, 'left_image_aov': {'x': 11.824, 'y': 12.923}, 'orb_result': 136})
  (True, 74, {'object_id_r': 1, 'object_id_l': 2, 'confidence_r': 69.4230318069458, 'confidence_l': 61.52673959732056, 'object_name_right': 'person', 'object_name_left': 'chair', 'object_center_right': {'x': 927, 'y': 597}, 'object_center_left': {'x': 1325, 'y': 826}, 'right_image_aov': {'x': -1.069, 'y': 2.576}, 'left_image_aov': {'x': 11.824, 'y': 12.923}, 'orb_result': 74})
  (True, 153, {'object_id_r': 2, 'object_id_l': 2, 'confidence_r': 62.581127882003784, 'confidence_l': 61.52673959732056, 'object_name_right': 'chair', 'object_name_left': 'chair', 'object_center_right': {'x': 1292, 'y': 827}, 'object_center_left': {'x': 1325, 'y': 826}, 'right_image_aov': {'x': 10.755, 'y': 12.968}, 'left_image_aov': {'x': 11.824, 'y': 12.923}, 'orb_result': 153})]]
2024-12-20 10:08:10,918 - INFO - The results of Max orb pairs are: [((2, 2), 153), ((0, 0), 126), ((1, 1), 17)]
2024-12-20 10:08:10,942 - INFO - The data of objects: [{'name': 'chair', 'distance': np.float64(11.33), 'angle': 11.29}, {'name': 'chair', 'distance': np.float64(5.5), 'angle': 22.0}, {'name': 'person', 'distance': np.float64(14.96), 'angle': -1.47}]
2024-12-20 10:08:10,942 - INFO - ----New round of detections----
2024-12-20 10:08:11,151 - INFO - -----------------------------------------------------
2024-12-20 10:08:11,151 - INFO - 
the correlation matrixe: [[(True, 126, {'object_id_r': 0, 'object_id_l': 0, 'confidence_r': 76.57402157783508, 'confidence_l': 74.83957409858704, 'object_name_right': 'chair', 'object_name_left': 'chair', 'object_center_right': {'x': 1605, 'y': 846}, 'object_center_left': {'x': 1673, 'y': 845}, 'right_image_aov': {'x': 20.895, 'y': 13.827}, 'left_image_aov': {'x': 23.098, 'y': 13.781}, 'orb_result': 126})
  (True, 48, {'object_id_r': 1, 'object_id_l': 0, 'confidence_r': 69.4230318069458, 'confidence_l': 74.83957409858704, 'object_name_right': 'person', 'object_name_left': 'chair', 'object_center_right': {'x': 927, 'y': 597}, 'object_center_left': {'x': 1673, 'y': 845}, 'right_image_aov': {'x': -1.069, 'y': 2.576}, 'left_image_aov': {'x': 23.098, 'y': 13.781}, 'orb_result': 48})
  (True, 123, {'object_id_r': 2, 'object_id_l': 0, 'confidence_r': 62.581127882003784, 'confidence_l': 74.83957409858704, 'object_name_right': 'chair', 'object_name_left': 'chair', 'object_center_right': {'x': 1292, 'y': 827}, 'object_center_left': {'x': 1673, 'y': 845}, 'right_image_aov': {'x': 10.755, 'y': 12.968}, 'left_image_aov': {'x': 23.098, 'y': 13.781}, 'orb_result': 123})]
 [(True, 30, {'object_id_r': 0, 'object_id_l': 1, 'confidence_r': 76.57402157783508, 'confidence_l': 72.22719192504883, 'object_name_right': 'chair', 'object_name_left': 'person', 'object_center_right': {'x': 1605, 'y': 846}, 'object_center_left': {'x': 902, 'y': 618}, 'right_image_aov': {'x': 20.895, 'y': 13.827}, 'left_image_aov': {'x': -1.879, 'y': 3.524}, 'orb_result': 30})
  (True, 17, {'object_id_r': 1, 'object_id_l': 1, 'confidence_r': 69.4230318069458, 'confidence_l': 72.22719192504883, 'object_name_right': 'person', 'object_name_left': 'person', 'object_center_right': {'x': 927, 'y': 597}, 'object_center_left': {'x': 902, 'y': 618}, 'right_image_aov': {'x': -1.069, 'y': 2.576}, 'left_image_aov': {'x': -1.879, 'y': 3.524}, 'orb_result': 17})
  (True, 30, {'object_id_r': 2, 'object_id_l': 1, 'confidence_r': 62.581127882003784, 'confidence_l': 72.22719192504883, 'object_name_right': 'chair', 'object_name_left': 'person', 'object_center_right': {'x': 1292, 'y': 827}, 'object_center_left': {'x': 902, 'y': 618}, 'right_image_aov': {'x': 10.755, 'y': 12.968}, 'left_image_aov': {'x': -1.879, 'y': 3.524}, 'orb_result': 30})]
 [(True, 136, {'object_id_r': 0, 'object_id_l': 2, 'confidence_r': 76.57402157783508, 'confidence_l': 61.52673959732056, 'object_name_right': 'chair', 'object_name_left': 'chair', 'object_center_right': {'x': 1605, 'y': 846}, 'object_center_left': {'x': 1325, 'y': 826}, 'right_image_aov': {'x': 20.895, 'y': 13.827}, 'left_image_aov': {'x': 11.824, 'y': 12.923}, 'orb_result': 136})
  (True, 74, {'object_id_r': 1, 'object_id_l': 2, 'confidence_r': 69.4230318069458, 'confidence_l': 61.52673959732056, 'object_name_right': 'person', 'object_name_left': 'chair', 'object_center_right': {'x': 927, 'y': 597}, 'object_center_left': {'x': 1325, 'y': 826}, 'right_image_aov': {'x': -1.069, 'y': 2.576}, 'left_image_aov': {'x': 11.824, 'y': 12.923}, 'orb_result': 74})
  (True, 153, {'object_id_r': 2, 'object_id_l': 2, 'confidence_r': 62.581127882003784, 'confidence_l': 61.52673959732056, 'object_name_right': 'chair', 'object_name_left': 'chair', 'object_center_right': {'x': 1292, 'y': 827}, 'object_center_left': {'x': 1325, 'y': 826}, 'right_image_aov': {'x': 10.755, 'y': 12.968}, 'left_image_aov': {'x': 11.824, 'y': 12.923}, 'orb_result': 153})]]
2024-12-20 10:08:11,151 - INFO - The results of Max orb pairs are: [((2, 2), 153), ((0, 0), 126), ((1, 1), 17)]
