2024-12-28 21:38:28,738 - INFO - Application started
2024-12-28 21:38:37,635 - INFO - ----------GPU details----------
2024-12-28 21:38:37,635 - INFO - PyTorch version: 2.5.1+cu124
2024-12-28 21:38:37,635 - INFO - CUDA device: NVIDIA RTX 3500 Ada Generation Laptop GPU
2024-12-28 21:38:37,635 - INFO - ----------Processing loop started----------
2024-12-28 21:38:37,635 - INFO - ----New round of detections----
2024-12-28 21:38:38,255 - INFO - -----------------------------------------------------
2024-12-28 21:38:38,255 - INFO - 
the correlation matrixe: [[(True, 126, {'object_id_r': 0, 'object_id_l': 0, 'confidence_r': 76.57, 'confidence_l': 74.84, 'object_name_right': 'chair', 'object_name_left': 'chair', 'object_center_right': {'x': 1605, 'y': 846}, 'object_center_left': {'x': 1673, 'y': 845}, 'right_image_aov': {'x': 20.895, 'y': 13.827}, 'left_image_aov': {'x': 23.098, 'y': 13.781}, 'orb_result': 126})
  (True, 48, {'object_id_r': 1, 'object_id_l': 0, 'confidence_r': 69.42, 'confidence_l': 74.84, 'object_name_right': 'person', 'object_name_left': 'chair', 'object_center_right': {'x': 927, 'y': 597}, 'object_center_left': {'x': 1673, 'y': 845}, 'right_image_aov': {'x': -1.069, 'y': 2.576}, 'left_image_aov': {'x': 23.098, 'y': 13.781}, 'orb_result': 48})
  (True, 123, {'object_id_r': 2, 'object_id_l': 0, 'confidence_r': 62.58, 'confidence_l': 74.84, 'object_name_right': 'chair', 'object_name_left': 'chair', 'object_center_right': {'x': 1292, 'y': 827}, 'object_center_left': {'x': 1673, 'y': 845}, 'right_image_aov': {'x': 10.755, 'y': 12.968}, 'left_image_aov': {'x': 23.098, 'y': 13.781}, 'orb_result': 123})]
 [(True, 30, {'object_id_r': 0, 'object_id_l': 1, 'confidence_r': 76.57, 'confidence_l': 72.23, 'object_name_right': 'chair', 'object_name_left': 'person', 'object_center_right': {'x': 1605, 'y': 846}, 'object_center_left': {'x': 902, 'y': 618}, 'right_image_aov': {'x': 20.895, 'y': 13.827}, 'left_image_aov': {'x': -1.879, 'y': 3.524}, 'orb_result': 30})
  (True, 17, {'object_id_r': 1, 'object_id_l': 1, 'confidence_r': 69.42, 'confidence_l': 72.23, 'object_name_right': 'person', 'object_name_left': 'person', 'object_center_right': {'x': 927, 'y': 597}, 'object_center_left': {'x': 902, 'y': 618}, 'right_image_aov': {'x': -1.069, 'y': 2.576}, 'left_image_aov': {'x': -1.879, 'y': 3.524}, 'orb_result': 17})
  (True, 30, {'object_id_r': 2, 'object_id_l': 1, 'confidence_r': 62.58, 'confidence_l': 72.23, 'object_name_right': 'chair', 'object_name_left': 'person', 'object_center_right': {'x': 1292, 'y': 827}, 'object_center_left': {'x': 902, 'y': 618}, 'right_image_aov': {'x': 10.755, 'y': 12.968}, 'left_image_aov': {'x': -1.879, 'y': 3.524}, 'orb_result': 30})]
 [(True, 136, {'object_id_r': 0, 'object_id_l': 2, 'confidence_r': 76.57, 'confidence_l': 61.53, 'object_name_right': 'chair', 'object_name_left': 'chair', 'object_center_right': {'x': 1605, 'y': 846}, 'object_center_left': {'x': 1325, 'y': 826}, 'right_image_aov': {'x': 20.895, 'y': 13.827}, 'left_image_aov': {'x': 11.824, 'y': 12.923}, 'orb_result': 136})
  (True, 74, {'object_id_r': 1, 'object_id_l': 2, 'confidence_r': 69.42, 'confidence_l': 61.53, 'object_name_right': 'person', 'object_name_left': 'chair', 'object_center_right': {'x': 927, 'y': 597}, 'object_center_left': {'x': 1325, 'y': 826}, 'right_image_aov': {'x': -1.069, 'y': 2.576}, 'left_image_aov': {'x': 11.824, 'y': 12.923}, 'orb_result': 74})
  (True, 153, {'object_id_r': 2, 'object_id_l': 2, 'confidence_r': 62.58, 'confidence_l': 61.53, 'object_name_right': 'chair', 'object_name_left': 'chair', 'object_center_right': {'x': 1292, 'y': 827}, 'object_center_left': {'x': 1325, 'y': 826}, 'right_image_aov': {'x': 10.755, 'y': 12.968}, 'left_image_aov': {'x': 11.824, 'y': 12.923}, 'orb_result': 153})]]
2024-12-28 21:38:38,255 - INFO - The results of Max orb pairs are: [((2, 2), 153), ((0, 0), 126), ((1, 1), 17)]
2024-12-28 21:38:38,290 - INFO - The data of objects: [{'name': 'chair', 'distance': 11.33, 'angle': 11.29}, {'name': 'chair', 'distance': 5.5, 'angle': 22.0}, {'name': 'person', 'distance': 14.96, 'angle': -1.47}]
2024-12-28 21:38:38,290 - INFO - ----New round of detections----
2024-12-28 21:38:38,531 - INFO - -----------------------------------------------------
2024-12-28 21:38:38,531 - INFO - 
the correlation matrixe: [[(True, 126, {'object_id_r': 0, 'object_id_l': 0, 'confidence_r': 76.57, 'confidence_l': 74.84, 'object_name_right': 'chair', 'object_name_left': 'chair', 'object_center_right': {'x': 1605, 'y': 846}, 'object_center_left': {'x': 1673, 'y': 845}, 'right_image_aov': {'x': 20.895, 'y': 13.827}, 'left_image_aov': {'x': 23.098, 'y': 13.781}, 'orb_result': 126})
  (True, 48, {'object_id_r': 1, 'object_id_l': 0, 'confidence_r': 69.42, 'confidence_l': 74.84, 'object_name_right': 'person', 'object_name_left': 'chair', 'object_center_right': {'x': 927, 'y': 597}, 'object_center_left': {'x': 1673, 'y': 845}, 'right_image_aov': {'x': -1.069, 'y': 2.576}, 'left_image_aov': {'x': 23.098, 'y': 13.781}, 'orb_result': 48})
  (True, 123, {'object_id_r': 2, 'object_id_l': 0, 'confidence_r': 62.58, 'confidence_l': 74.84, 'object_name_right': 'chair', 'object_name_left': 'chair', 'object_center_right': {'x': 1292, 'y': 827}, 'object_center_left': {'x': 1673, 'y': 845}, 'right_image_aov': {'x': 10.755, 'y': 12.968}, 'left_image_aov': {'x': 23.098, 'y': 13.781}, 'orb_result': 123})]
 [(True, 30, {'object_id_r': 0, 'object_id_l': 1, 'confidence_r': 76.57, 'confidence_l': 72.23, 'object_name_right': 'chair', 'object_name_left': 'person', 'object_center_right': {'x': 1605, 'y': 846}, 'object_center_left': {'x': 902, 'y': 618}, 'right_image_aov': {'x': 20.895, 'y': 13.827}, 'left_image_aov': {'x': -1.879, 'y': 3.524}, 'orb_result': 30})
  (True, 17, {'object_id_r': 1, 'object_id_l': 1, 'confidence_r': 69.42, 'confidence_l': 72.23, 'object_name_right': 'person', 'object_name_left': 'person', 'object_center_right': {'x': 927, 'y': 597}, 'object_center_left': {'x': 902, 'y': 618}, 'right_image_aov': {'x': -1.069, 'y': 2.576}, 'left_image_aov': {'x': -1.879, 'y': 3.524}, 'orb_result': 17})
  (True, 30, {'object_id_r': 2, 'object_id_l': 1, 'confidence_r': 62.58, 'confidence_l': 72.23, 'object_name_right': 'chair', 'object_name_left': 'person', 'object_center_right': {'x': 1292, 'y': 827}, 'object_center_left': {'x': 902, 'y': 618}, 'right_image_aov': {'x': 10.755, 'y': 12.968}, 'left_image_aov': {'x': -1.879, 'y': 3.524}, 'orb_result': 30})]
 [(True, 136, {'object_id_r': 0, 'object_id_l': 2, 'confidence_r': 76.57, 'confidence_l': 61.53, 'object_name_right': 'chair', 'object_name_left': 'chair', 'object_center_right': {'x': 1605, 'y': 846}, 'object_center_left': {'x': 1325, 'y': 826}, 'right_image_aov': {'x': 20.895, 'y': 13.827}, 'left_image_aov': {'x': 11.824, 'y': 12.923}, 'orb_result': 136})
  (True, 74, {'object_id_r': 1, 'object_id_l': 2, 'confidence_r': 69.42, 'confidence_l': 61.53, 'object_name_right': 'person', 'object_name_left': 'chair', 'object_center_right': {'x': 927, 'y': 597}, 'object_center_left': {'x': 1325, 'y': 826}, 'right_image_aov': {'x': -1.069, 'y': 2.576}, 'left_image_aov': {'x': 11.824, 'y': 12.923}, 'orb_result': 74})
  (True, 153, {'object_id_r': 2, 'object_id_l': 2, 'confidence_r': 62.58, 'confidence_l': 61.53, 'object_name_right': 'chair', 'object_name_left': 'chair', 'object_center_right': {'x': 1292, 'y': 827}, 'object_center_left': {'x': 1325, 'y': 826}, 'right_image_aov': {'x': 10.755, 'y': 12.968}, 'left_image_aov': {'x': 11.824, 'y': 12.923}, 'orb_result': 153})]]
2024-12-28 21:38:38,531 - INFO - The results of Max orb pairs are: [((2, 2), 153), ((0, 0), 126), ((1, 1), 17)]
2024-12-28 21:38:38,564 - INFO - The data of objects: [{'name': 'chair', 'distance': 11.33, 'angle': 11.29}, {'name': 'chair', 'distance': 5.5, 'angle': 22.0}, {'name': 'person', 'distance': 14.96, 'angle': -1.47}]
2024-12-28 21:38:38,564 - INFO - ----New round of detections----
2024-12-28 21:38:38,798 - INFO - -----------------------------------------------------
2024-12-28 21:38:38,798 - INFO - 
the correlation matrixe: [[(True, 126, {'object_id_r': 0, 'object_id_l': 0, 'confidence_r': 76.57, 'confidence_l': 74.84, 'object_name_right': 'chair', 'object_name_left': 'chair', 'object_center_right': {'x': 1605, 'y': 846}, 'object_center_left': {'x': 1673, 'y': 845}, 'right_image_aov': {'x': 20.895, 'y': 13.827}, 'left_image_aov': {'x': 23.098, 'y': 13.781}, 'orb_result': 126})
  (True, 48, {'object_id_r': 1, 'object_id_l': 0, 'confidence_r': 69.42, 'confidence_l': 74.84, 'object_name_right': 'person', 'object_name_left': 'chair', 'object_center_right': {'x': 927, 'y': 597}, 'object_center_left': {'x': 1673, 'y': 845}, 'right_image_aov': {'x': -1.069, 'y': 2.576}, 'left_image_aov': {'x': 23.098, 'y': 13.781}, 'orb_result': 48})
  (True, 123, {'object_id_r': 2, 'object_id_l': 0, 'confidence_r': 62.58, 'confidence_l': 74.84, 'object_name_right': 'chair', 'object_name_left': 'chair', 'object_center_right': {'x': 1292, 'y': 827}, 'object_center_left': {'x': 1673, 'y': 845}, 'right_image_aov': {'x': 10.755, 'y': 12.968}, 'left_image_aov': {'x': 23.098, 'y': 13.781}, 'orb_result': 123})]
 [(True, 30, {'object_id_r': 0, 'object_id_l': 1, 'confidence_r': 76.57, 'confidence_l': 72.23, 'object_name_right': 'chair', 'object_name_left': 'person', 'object_center_right': {'x': 1605, 'y': 846}, 'object_center_left': {'x': 902, 'y': 618}, 'right_image_aov': {'x': 20.895, 'y': 13.827}, 'left_image_aov': {'x': -1.879, 'y': 3.524}, 'orb_result': 30})
  (True, 17, {'object_id_r': 1, 'object_id_l': 1, 'confidence_r': 69.42, 'confidence_l': 72.23, 'object_name_right': 'person', 'object_name_left': 'person', 'object_center_right': {'x': 927, 'y': 597}, 'object_center_left': {'x': 902, 'y': 618}, 'right_image_aov': {'x': -1.069, 'y': 2.576}, 'left_image_aov': {'x': -1.879, 'y': 3.524}, 'orb_result': 17})
  (True, 30, {'object_id_r': 2, 'object_id_l': 1, 'confidence_r': 62.58, 'confidence_l': 72.23, 'object_name_right': 'chair', 'object_name_left': 'person', 'object_center_right': {'x': 1292, 'y': 827}, 'object_center_left': {'x': 902, 'y': 618}, 'right_image_aov': {'x': 10.755, 'y': 12.968}, 'left_image_aov': {'x': -1.879, 'y': 3.524}, 'orb_result': 30})]
 [(True, 136, {'object_id_r': 0, 'object_id_l': 2, 'confidence_r': 76.57, 'confidence_l': 61.53, 'object_name_right': 'chair', 'object_name_left': 'chair', 'object_center_right': {'x': 1605, 'y': 846}, 'object_center_left': {'x': 1325, 'y': 826}, 'right_image_aov': {'x': 20.895, 'y': 13.827}, 'left_image_aov': {'x': 11.824, 'y': 12.923}, 'orb_result': 136})
  (True, 74, {'object_id_r': 1, 'object_id_l': 2, 'confidence_r': 69.42, 'confidence_l': 61.53, 'object_name_right': 'person', 'object_name_left': 'chair', 'object_center_right': {'x': 927, 'y': 597}, 'object_center_left': {'x': 1325, 'y': 826}, 'right_image_aov': {'x': -1.069, 'y': 2.576}, 'left_image_aov': {'x': 11.824, 'y': 12.923}, 'orb_result': 74})
  (True, 153, {'object_id_r': 2, 'object_id_l': 2, 'confidence_r': 62.58, 'confidence_l': 61.53, 'object_name_right': 'chair', 'object_name_left': 'chair', 'object_center_right': {'x': 1292, 'y': 827}, 'object_center_left': {'x': 1325, 'y': 826}, 'right_image_aov': {'x': 10.755, 'y': 12.968}, 'left_image_aov': {'x': 11.824, 'y': 12.923}, 'orb_result': 153})]]
2024-12-28 21:38:38,798 - INFO - The results of Max orb pairs are: [((2, 2), 153), ((0, 0), 126), ((1, 1), 17)]
2024-12-28 21:38:38,832 - INFO - The data of objects: [{'name': 'chair', 'distance': 11.33, 'angle': 11.29}, {'name': 'chair', 'distance': 5.5, 'angle': 22.0}, {'name': 'person', 'distance': 14.96, 'angle': -1.47}]
2024-12-28 21:38:38,832 - INFO - ----New round of detections----
2024-12-28 21:38:39,070 - INFO - -----------------------------------------------------
2024-12-28 21:38:39,070 - INFO - 
the correlation matrixe: [[(True, 126, {'object_id_r': 0, 'object_id_l': 0, 'confidence_r': 76.57, 'confidence_l': 74.84, 'object_name_right': 'chair', 'object_name_left': 'chair', 'object_center_right': {'x': 1605, 'y': 846}, 'object_center_left': {'x': 1673, 'y': 845}, 'right_image_aov': {'x': 20.895, 'y': 13.827}, 'left_image_aov': {'x': 23.098, 'y': 13.781}, 'orb_result': 126})
  (True, 48, {'object_id_r': 1, 'object_id_l': 0, 'confidence_r': 69.42, 'confidence_l': 74.84, 'object_name_right': 'person', 'object_name_left': 'chair', 'object_center_right': {'x': 927, 'y': 597}, 'object_center_left': {'x': 1673, 'y': 845}, 'right_image_aov': {'x': -1.069, 'y': 2.576}, 'left_image_aov': {'x': 23.098, 'y': 13.781}, 'orb_result': 48})
  (True, 123, {'object_id_r': 2, 'object_id_l': 0, 'confidence_r': 62.58, 'confidence_l': 74.84, 'object_name_right': 'chair', 'object_name_left': 'chair', 'object_center_right': {'x': 1292, 'y': 827}, 'object_center_left': {'x': 1673, 'y': 845}, 'right_image_aov': {'x': 10.755, 'y': 12.968}, 'left_image_aov': {'x': 23.098, 'y': 13.781}, 'orb_result': 123})]
 [(True, 30, {'object_id_r': 0, 'object_id_l': 1, 'confidence_r': 76.57, 'confidence_l': 72.23, 'object_name_right': 'chair', 'object_name_left': 'person', 'object_center_right': {'x': 1605, 'y': 846}, 'object_center_left': {'x': 902, 'y': 618}, 'right_image_aov': {'x': 20.895, 'y': 13.827}, 'left_image_aov': {'x': -1.879, 'y': 3.524}, 'orb_result': 30})
  (True, 17, {'object_id_r': 1, 'object_id_l': 1, 'confidence_r': 69.42, 'confidence_l': 72.23, 'object_name_right': 'person', 'object_name_left': 'person', 'object_center_right': {'x': 927, 'y': 597}, 'object_center_left': {'x': 902, 'y': 618}, 'right_image_aov': {'x': -1.069, 'y': 2.576}, 'left_image_aov': {'x': -1.879, 'y': 3.524}, 'orb_result': 17})
  (True, 30, {'object_id_r': 2, 'object_id_l': 1, 'confidence_r': 62.58, 'confidence_l': 72.23, 'object_name_right': 'chair', 'object_name_left': 'person', 'object_center_right': {'x': 1292, 'y': 827}, 'object_center_left': {'x': 902, 'y': 618}, 'right_image_aov': {'x': 10.755, 'y': 12.968}, 'left_image_aov': {'x': -1.879, 'y': 3.524}, 'orb_result': 30})]
 [(True, 136, {'object_id_r': 0, 'object_id_l': 2, 'confidence_r': 76.57, 'confidence_l': 61.53, 'object_name_right': 'chair', 'object_name_left': 'chair', 'object_center_right': {'x': 1605, 'y': 846}, 'object_center_left': {'x': 1325, 'y': 826}, 'right_image_aov': {'x': 20.895, 'y': 13.827}, 'left_image_aov': {'x': 11.824, 'y': 12.923}, 'orb_result': 136})
  (True, 74, {'object_id_r': 1, 'object_id_l': 2, 'confidence_r': 69.42, 'confidence_l': 61.53, 'object_name_right': 'person', 'object_name_left': 'chair', 'object_center_right': {'x': 927, 'y': 597}, 'object_center_left': {'x': 1325, 'y': 826}, 'right_image_aov': {'x': -1.069, 'y': 2.576}, 'left_image_aov': {'x': 11.824, 'y': 12.923}, 'orb_result': 74})
  (True, 153, {'object_id_r': 2, 'object_id_l': 2, 'confidence_r': 62.58, 'confidence_l': 61.53, 'object_name_right': 'chair', 'object_name_left': 'chair', 'object_center_right': {'x': 1292, 'y': 827}, 'object_center_left': {'x': 1325, 'y': 826}, 'right_image_aov': {'x': 10.755, 'y': 12.968}, 'left_image_aov': {'x': 11.824, 'y': 12.923}, 'orb_result': 153})]]
2024-12-28 21:38:39,070 - INFO - The results of Max orb pairs are: [((2, 2), 153), ((0, 0), 126), ((1, 1), 17)]
2024-12-28 21:38:39,101 - INFO - The data of objects: [{'name': 'chair', 'distance': 11.33, 'angle': 11.29}, {'name': 'chair', 'distance': 5.5, 'angle': 22.0}, {'name': 'person', 'distance': 14.96, 'angle': -1.47}]
2024-12-28 21:38:39,101 - INFO - ----New round of detections----
2024-12-28 21:38:39,343 - INFO - -----------------------------------------------------
2024-12-28 21:38:39,343 - INFO - 
the correlation matrixe: [[(True, 126, {'object_id_r': 0, 'object_id_l': 0, 'confidence_r': 76.57, 'confidence_l': 74.84, 'object_name_right': 'chair', 'object_name_left': 'chair', 'object_center_right': {'x': 1605, 'y': 846}, 'object_center_left': {'x': 1673, 'y': 845}, 'right_image_aov': {'x': 20.895, 'y': 13.827}, 'left_image_aov': {'x': 23.098, 'y': 13.781}, 'orb_result': 126})
  (True, 48, {'object_id_r': 1, 'object_id_l': 0, 'confidence_r': 69.42, 'confidence_l': 74.84, 'object_name_right': 'person', 'object_name_left': 'chair', 'object_center_right': {'x': 927, 'y': 597}, 'object_center_left': {'x': 1673, 'y': 845}, 'right_image_aov': {'x': -1.069, 'y': 2.576}, 'left_image_aov': {'x': 23.098, 'y': 13.781}, 'orb_result': 48})
  (True, 123, {'object_id_r': 2, 'object_id_l': 0, 'confidence_r': 62.58, 'confidence_l': 74.84, 'object_name_right': 'chair', 'object_name_left': 'chair', 'object_center_right': {'x': 1292, 'y': 827}, 'object_center_left': {'x': 1673, 'y': 845}, 'right_image_aov': {'x': 10.755, 'y': 12.968}, 'left_image_aov': {'x': 23.098, 'y': 13.781}, 'orb_result': 123})]
 [(True, 30, {'object_id_r': 0, 'object_id_l': 1, 'confidence_r': 76.57, 'confidence_l': 72.23, 'object_name_right': 'chair', 'object_name_left': 'person', 'object_center_right': {'x': 1605, 'y': 846}, 'object_center_left': {'x': 902, 'y': 618}, 'right_image_aov': {'x': 20.895, 'y': 13.827}, 'left_image_aov': {'x': -1.879, 'y': 3.524}, 'orb_result': 30})
  (True, 17, {'object_id_r': 1, 'object_id_l': 1, 'confidence_r': 69.42, 'confidence_l': 72.23, 'object_name_right': 'person', 'object_name_left': 'person', 'object_center_right': {'x': 927, 'y': 597}, 'object_center_left': {'x': 902, 'y': 618}, 'right_image_aov': {'x': -1.069, 'y': 2.576}, 'left_image_aov': {'x': -1.879, 'y': 3.524}, 'orb_result': 17})
  (True, 30, {'object_id_r': 2, 'object_id_l': 1, 'confidence_r': 62.58, 'confidence_l': 72.23, 'object_name_right': 'chair', 'object_name_left': 'person', 'object_center_right': {'x': 1292, 'y': 827}, 'object_center_left': {'x': 902, 'y': 618}, 'right_image_aov': {'x': 10.755, 'y': 12.968}, 'left_image_aov': {'x': -1.879, 'y': 3.524}, 'orb_result': 30})]
 [(True, 136, {'object_id_r': 0, 'object_id_l': 2, 'confidence_r': 76.57, 'confidence_l': 61.53, 'object_name_right': 'chair', 'object_name_left': 'chair', 'object_center_right': {'x': 1605, 'y': 846}, 'object_center_left': {'x': 1325, 'y': 826}, 'right_image_aov': {'x': 20.895, 'y': 13.827}, 'left_image_aov': {'x': 11.824, 'y': 12.923}, 'orb_result': 136})
  (True, 74, {'object_id_r': 1, 'object_id_l': 2, 'confidence_r': 69.42, 'confidence_l': 61.53, 'object_name_right': 'person', 'object_name_left': 'chair', 'object_center_right': {'x': 927, 'y': 597}, 'object_center_left': {'x': 1325, 'y': 826}, 'right_image_aov': {'x': -1.069, 'y': 2.576}, 'left_image_aov': {'x': 11.824, 'y': 12.923}, 'orb_result': 74})
  (True, 153, {'object_id_r': 2, 'object_id_l': 2, 'confidence_r': 62.58, 'confidence_l': 61.53, 'object_name_right': 'chair', 'object_name_left': 'chair', 'object_center_right': {'x': 1292, 'y': 827}, 'object_center_left': {'x': 1325, 'y': 826}, 'right_image_aov': {'x': 10.755, 'y': 12.968}, 'left_image_aov': {'x': 11.824, 'y': 12.923}, 'orb_result': 153})]]
2024-12-28 21:38:39,343 - INFO - The results of Max orb pairs are: [((2, 2), 153), ((0, 0), 126), ((1, 1), 17)]
2024-12-28 21:38:39,371 - INFO - The data of objects: [{'name': 'chair', 'distance': 11.33, 'angle': 11.29}, {'name': 'chair', 'distance': 5.5, 'angle': 22.0}, {'name': 'person', 'distance': 14.96, 'angle': -1.47}]
2024-12-28 21:38:39,371 - INFO - ----New round of detections----
2024-12-28 21:38:39,607 - INFO - -----------------------------------------------------
2024-12-28 21:38:39,610 - INFO - 
the correlation matrixe: [[(True, 126, {'object_id_r': 0, 'object_id_l': 0, 'confidence_r': 76.57, 'confidence_l': 74.84, 'object_name_right': 'chair', 'object_name_left': 'chair', 'object_center_right': {'x': 1605, 'y': 846}, 'object_center_left': {'x': 1673, 'y': 845}, 'right_image_aov': {'x': 20.895, 'y': 13.827}, 'left_image_aov': {'x': 23.098, 'y': 13.781}, 'orb_result': 126})
  (True, 48, {'object_id_r': 1, 'object_id_l': 0, 'confidence_r': 69.42, 'confidence_l': 74.84, 'object_name_right': 'person', 'object_name_left': 'chair', 'object_center_right': {'x': 927, 'y': 597}, 'object_center_left': {'x': 1673, 'y': 845}, 'right_image_aov': {'x': -1.069, 'y': 2.576}, 'left_image_aov': {'x': 23.098, 'y': 13.781}, 'orb_result': 48})
  (True, 123, {'object_id_r': 2, 'object_id_l': 0, 'confidence_r': 62.58, 'confidence_l': 74.84, 'object_name_right': 'chair', 'object_name_left': 'chair', 'object_center_right': {'x': 1292, 'y': 827}, 'object_center_left': {'x': 1673, 'y': 845}, 'right_image_aov': {'x': 10.755, 'y': 12.968}, 'left_image_aov': {'x': 23.098, 'y': 13.781}, 'orb_result': 123})]
 [(True, 30, {'object_id_r': 0, 'object_id_l': 1, 'confidence_r': 76.57, 'confidence_l': 72.23, 'object_name_right': 'chair', 'object_name_left': 'person', 'object_center_right': {'x': 1605, 'y': 846}, 'object_center_left': {'x': 902, 'y': 618}, 'right_image_aov': {'x': 20.895, 'y': 13.827}, 'left_image_aov': {'x': -1.879, 'y': 3.524}, 'orb_result': 30})
  (True, 17, {'object_id_r': 1, 'object_id_l': 1, 'confidence_r': 69.42, 'confidence_l': 72.23, 'object_name_right': 'person', 'object_name_left': 'person', 'object_center_right': {'x': 927, 'y': 597}, 'object_center_left': {'x': 902, 'y': 618}, 'right_image_aov': {'x': -1.069, 'y': 2.576}, 'left_image_aov': {'x': -1.879, 'y': 3.524}, 'orb_result': 17})
  (True, 30, {'object_id_r': 2, 'object_id_l': 1, 'confidence_r': 62.58, 'confidence_l': 72.23, 'object_name_right': 'chair', 'object_name_left': 'person', 'object_center_right': {'x': 1292, 'y': 827}, 'object_center_left': {'x': 902, 'y': 618}, 'right_image_aov': {'x': 10.755, 'y': 12.968}, 'left_image_aov': {'x': -1.879, 'y': 3.524}, 'orb_result': 30})]
 [(True, 136, {'object_id_r': 0, 'object_id_l': 2, 'confidence_r': 76.57, 'confidence_l': 61.53, 'object_name_right': 'chair', 'object_name_left': 'chair', 'object_center_right': {'x': 1605, 'y': 846}, 'object_center_left': {'x': 1325, 'y': 826}, 'right_image_aov': {'x': 20.895, 'y': 13.827}, 'left_image_aov': {'x': 11.824, 'y': 12.923}, 'orb_result': 136})
  (True, 74, {'object_id_r': 1, 'object_id_l': 2, 'confidence_r': 69.42, 'confidence_l': 61.53, 'object_name_right': 'person', 'object_name_left': 'chair', 'object_center_right': {'x': 927, 'y': 597}, 'object_center_left': {'x': 1325, 'y': 826}, 'right_image_aov': {'x': -1.069, 'y': 2.576}, 'left_image_aov': {'x': 11.824, 'y': 12.923}, 'orb_result': 74})
  (True, 153, {'object_id_r': 2, 'object_id_l': 2, 'confidence_r': 62.58, 'confidence_l': 61.53, 'object_name_right': 'chair', 'object_name_left': 'chair', 'object_center_right': {'x': 1292, 'y': 827}, 'object_center_left': {'x': 1325, 'y': 826}, 'right_image_aov': {'x': 10.755, 'y': 12.968}, 'left_image_aov': {'x': 11.824, 'y': 12.923}, 'orb_result': 153})]]
2024-12-28 21:38:39,610 - INFO - The results of Max orb pairs are: [((2, 2), 153), ((0, 0), 126), ((1, 1), 17)]
2024-12-28 21:38:39,638 - INFO - The data of objects: [{'name': 'chair', 'distance': 11.33, 'angle': 11.29}, {'name': 'chair', 'distance': 5.5, 'angle': 22.0}, {'name': 'person', 'distance': 14.96, 'angle': -1.47}]
2024-12-28 21:38:39,638 - INFO - ----New round of detections----
2024-12-28 21:38:39,903 - INFO - -----------------------------------------------------
2024-12-28 21:38:39,903 - INFO - 
the correlation matrixe: [[(True, 126, {'object_id_r': 0, 'object_id_l': 0, 'confidence_r': 76.57, 'confidence_l': 74.84, 'object_name_right': 'chair', 'object_name_left': 'chair', 'object_center_right': {'x': 1605, 'y': 846}, 'object_center_left': {'x': 1673, 'y': 845}, 'right_image_aov': {'x': 20.895, 'y': 13.827}, 'left_image_aov': {'x': 23.098, 'y': 13.781}, 'orb_result': 126})
  (True, 48, {'object_id_r': 1, 'object_id_l': 0, 'confidence_r': 69.42, 'confidence_l': 74.84, 'object_name_right': 'person', 'object_name_left': 'chair', 'object_center_right': {'x': 927, 'y': 597}, 'object_center_left': {'x': 1673, 'y': 845}, 'right_image_aov': {'x': -1.069, 'y': 2.576}, 'left_image_aov': {'x': 23.098, 'y': 13.781}, 'orb_result': 48})
  (True, 123, {'object_id_r': 2, 'object_id_l': 0, 'confidence_r': 62.58, 'confidence_l': 74.84, 'object_name_right': 'chair', 'object_name_left': 'chair', 'object_center_right': {'x': 1292, 'y': 827}, 'object_center_left': {'x': 1673, 'y': 845}, 'right_image_aov': {'x': 10.755, 'y': 12.968}, 'left_image_aov': {'x': 23.098, 'y': 13.781}, 'orb_result': 123})]
 [(True, 30, {'object_id_r': 0, 'object_id_l': 1, 'confidence_r': 76.57, 'confidence_l': 72.23, 'object_name_right': 'chair', 'object_name_left': 'person', 'object_center_right': {'x': 1605, 'y': 846}, 'object_center_left': {'x': 902, 'y': 618}, 'right_image_aov': {'x': 20.895, 'y': 13.827}, 'left_image_aov': {'x': -1.879, 'y': 3.524}, 'orb_result': 30})
  (True, 17, {'object_id_r': 1, 'object_id_l': 1, 'confidence_r': 69.42, 'confidence_l': 72.23, 'object_name_right': 'person', 'object_name_left': 'person', 'object_center_right': {'x': 927, 'y': 597}, 'object_center_left': {'x': 902, 'y': 618}, 'right_image_aov': {'x': -1.069, 'y': 2.576}, 'left_image_aov': {'x': -1.879, 'y': 3.524}, 'orb_result': 17})
  (True, 30, {'object_id_r': 2, 'object_id_l': 1, 'confidence_r': 62.58, 'confidence_l': 72.23, 'object_name_right': 'chair', 'object_name_left': 'person', 'object_center_right': {'x': 1292, 'y': 827}, 'object_center_left': {'x': 902, 'y': 618}, 'right_image_aov': {'x': 10.755, 'y': 12.968}, 'left_image_aov': {'x': -1.879, 'y': 3.524}, 'orb_result': 30})]
 [(True, 136, {'object_id_r': 0, 'object_id_l': 2, 'confidence_r': 76.57, 'confidence_l': 61.53, 'object_name_right': 'chair', 'object_name_left': 'chair', 'object_center_right': {'x': 1605, 'y': 846}, 'object_center_left': {'x': 1325, 'y': 826}, 'right_image_aov': {'x': 20.895, 'y': 13.827}, 'left_image_aov': {'x': 11.824, 'y': 12.923}, 'orb_result': 136})
  (True, 74, {'object_id_r': 1, 'object_id_l': 2, 'confidence_r': 69.42, 'confidence_l': 61.53, 'object_name_right': 'person', 'object_name_left': 'chair', 'object_center_right': {'x': 927, 'y': 597}, 'object_center_left': {'x': 1325, 'y': 826}, 'right_image_aov': {'x': -1.069, 'y': 2.576}, 'left_image_aov': {'x': 11.824, 'y': 12.923}, 'orb_result': 74})
  (True, 153, {'object_id_r': 2, 'object_id_l': 2, 'confidence_r': 62.58, 'confidence_l': 61.53, 'object_name_right': 'chair', 'object_name_left': 'chair', 'object_center_right': {'x': 1292, 'y': 827}, 'object_center_left': {'x': 1325, 'y': 826}, 'right_image_aov': {'x': 10.755, 'y': 12.968}, 'left_image_aov': {'x': 11.824, 'y': 12.923}, 'orb_result': 153})]]
2024-12-28 21:38:39,903 - INFO - The results of Max orb pairs are: [((2, 2), 153), ((0, 0), 126), ((1, 1), 17)]
2024-12-28 21:38:39,930 - INFO - The data of objects: [{'name': 'chair', 'distance': 11.33, 'angle': 11.29}, {'name': 'chair', 'distance': 5.5, 'angle': 22.0}, {'name': 'person', 'distance': 14.96, 'angle': -1.47}]
2024-12-28 21:38:39,930 - INFO - ----New round of detections----
2024-12-28 21:38:40,173 - INFO - -----------------------------------------------------
2024-12-28 21:38:40,173 - INFO - 
the correlation matrixe: [[(True, 126, {'object_id_r': 0, 'object_id_l': 0, 'confidence_r': 76.57, 'confidence_l': 74.84, 'object_name_right': 'chair', 'object_name_left': 'chair', 'object_center_right': {'x': 1605, 'y': 846}, 'object_center_left': {'x': 1673, 'y': 845}, 'right_image_aov': {'x': 20.895, 'y': 13.827}, 'left_image_aov': {'x': 23.098, 'y': 13.781}, 'orb_result': 126})
  (True, 48, {'object_id_r': 1, 'object_id_l': 0, 'confidence_r': 69.42, 'confidence_l': 74.84, 'object_name_right': 'person', 'object_name_left': 'chair', 'object_center_right': {'x': 927, 'y': 597}, 'object_center_left': {'x': 1673, 'y': 845}, 'right_image_aov': {'x': -1.069, 'y': 2.576}, 'left_image_aov': {'x': 23.098, 'y': 13.781}, 'orb_result': 48})
  (True, 123, {'object_id_r': 2, 'object_id_l': 0, 'confidence_r': 62.58, 'confidence_l': 74.84, 'object_name_right': 'chair', 'object_name_left': 'chair', 'object_center_right': {'x': 1292, 'y': 827}, 'object_center_left': {'x': 1673, 'y': 845}, 'right_image_aov': {'x': 10.755, 'y': 12.968}, 'left_image_aov': {'x': 23.098, 'y': 13.781}, 'orb_result': 123})]
 [(True, 30, {'object_id_r': 0, 'object_id_l': 1, 'confidence_r': 76.57, 'confidence_l': 72.23, 'object_name_right': 'chair', 'object_name_left': 'person', 'object_center_right': {'x': 1605, 'y': 846}, 'object_center_left': {'x': 902, 'y': 618}, 'right_image_aov': {'x': 20.895, 'y': 13.827}, 'left_image_aov': {'x': -1.879, 'y': 3.524}, 'orb_result': 30})
  (True, 17, {'object_id_r': 1, 'object_id_l': 1, 'confidence_r': 69.42, 'confidence_l': 72.23, 'object_name_right': 'person', 'object_name_left': 'person', 'object_center_right': {'x': 927, 'y': 597}, 'object_center_left': {'x': 902, 'y': 618}, 'right_image_aov': {'x': -1.069, 'y': 2.576}, 'left_image_aov': {'x': -1.879, 'y': 3.524}, 'orb_result': 17})
  (True, 30, {'object_id_r': 2, 'object_id_l': 1, 'confidence_r': 62.58, 'confidence_l': 72.23, 'object_name_right': 'chair', 'object_name_left': 'person', 'object_center_right': {'x': 1292, 'y': 827}, 'object_center_left': {'x': 902, 'y': 618}, 'right_image_aov': {'x': 10.755, 'y': 12.968}, 'left_image_aov': {'x': -1.879, 'y': 3.524}, 'orb_result': 30})]
 [(True, 136, {'object_id_r': 0, 'object_id_l': 2, 'confidence_r': 76.57, 'confidence_l': 61.53, 'object_name_right': 'chair', 'object_name_left': 'chair', 'object_center_right': {'x': 1605, 'y': 846}, 'object_center_left': {'x': 1325, 'y': 826}, 'right_image_aov': {'x': 20.895, 'y': 13.827}, 'left_image_aov': {'x': 11.824, 'y': 12.923}, 'orb_result': 136})
  (True, 74, {'object_id_r': 1, 'object_id_l': 2, 'confidence_r': 69.42, 'confidence_l': 61.53, 'object_name_right': 'person', 'object_name_left': 'chair', 'object_center_right': {'x': 927, 'y': 597}, 'object_center_left': {'x': 1325, 'y': 826}, 'right_image_aov': {'x': -1.069, 'y': 2.576}, 'left_image_aov': {'x': 11.824, 'y': 12.923}, 'orb_result': 74})
  (True, 153, {'object_id_r': 2, 'object_id_l': 2, 'confidence_r': 62.58, 'confidence_l': 61.53, 'object_name_right': 'chair', 'object_name_left': 'chair', 'object_center_right': {'x': 1292, 'y': 827}, 'object_center_left': {'x': 1325, 'y': 826}, 'right_image_aov': {'x': 10.755, 'y': 12.968}, 'left_image_aov': {'x': 11.824, 'y': 12.923}, 'orb_result': 153})]]
2024-12-28 21:38:40,173 - INFO - The results of Max orb pairs are: [((2, 2), 153), ((0, 0), 126), ((1, 1), 17)]
2024-12-28 21:38:40,202 - INFO - The data of objects: [{'name': 'chair', 'distance': 11.33, 'angle': 11.29}, {'name': 'chair', 'distance': 5.5, 'angle': 22.0}, {'name': 'person', 'distance': 14.96, 'angle': -1.47}]
2024-12-28 21:38:40,202 - INFO - ----New round of detections----
2024-12-28 21:38:40,436 - INFO - -----------------------------------------------------
2024-12-28 21:38:40,436 - INFO - 
the correlation matrixe: [[(True, 126, {'object_id_r': 0, 'object_id_l': 0, 'confidence_r': 76.57, 'confidence_l': 74.84, 'object_name_right': 'chair', 'object_name_left': 'chair', 'object_center_right': {'x': 1605, 'y': 846}, 'object_center_left': {'x': 1673, 'y': 845}, 'right_image_aov': {'x': 20.895, 'y': 13.827}, 'left_image_aov': {'x': 23.098, 'y': 13.781}, 'orb_result': 126})
  (True, 48, {'object_id_r': 1, 'object_id_l': 0, 'confidence_r': 69.42, 'confidence_l': 74.84, 'object_name_right': 'person', 'object_name_left': 'chair', 'object_center_right': {'x': 927, 'y': 597}, 'object_center_left': {'x': 1673, 'y': 845}, 'right_image_aov': {'x': -1.069, 'y': 2.576}, 'left_image_aov': {'x': 23.098, 'y': 13.781}, 'orb_result': 48})
  (True, 123, {'object_id_r': 2, 'object_id_l': 0, 'confidence_r': 62.58, 'confidence_l': 74.84, 'object_name_right': 'chair', 'object_name_left': 'chair', 'object_center_right': {'x': 1292, 'y': 827}, 'object_center_left': {'x': 1673, 'y': 845}, 'right_image_aov': {'x': 10.755, 'y': 12.968}, 'left_image_aov': {'x': 23.098, 'y': 13.781}, 'orb_result': 123})]
 [(True, 30, {'object_id_r': 0, 'object_id_l': 1, 'confidence_r': 76.57, 'confidence_l': 72.23, 'object_name_right': 'chair', 'object_name_left': 'person', 'object_center_right': {'x': 1605, 'y': 846}, 'object_center_left': {'x': 902, 'y': 618}, 'right_image_aov': {'x': 20.895, 'y': 13.827}, 'left_image_aov': {'x': -1.879, 'y': 3.524}, 'orb_result': 30})
  (True, 17, {'object_id_r': 1, 'object_id_l': 1, 'confidence_r': 69.42, 'confidence_l': 72.23, 'object_name_right': 'person', 'object_name_left': 'person', 'object_center_right': {'x': 927, 'y': 597}, 'object_center_left': {'x': 902, 'y': 618}, 'right_image_aov': {'x': -1.069, 'y': 2.576}, 'left_image_aov': {'x': -1.879, 'y': 3.524}, 'orb_result': 17})
  (True, 30, {'object_id_r': 2, 'object_id_l': 1, 'confidence_r': 62.58, 'confidence_l': 72.23, 'object_name_right': 'chair', 'object_name_left': 'person', 'object_center_right': {'x': 1292, 'y': 827}, 'object_center_left': {'x': 902, 'y': 618}, 'right_image_aov': {'x': 10.755, 'y': 12.968}, 'left_image_aov': {'x': -1.879, 'y': 3.524}, 'orb_result': 30})]
 [(True, 136, {'object_id_r': 0, 'object_id_l': 2, 'confidence_r': 76.57, 'confidence_l': 61.53, 'object_name_right': 'chair', 'object_name_left': 'chair', 'object_center_right': {'x': 1605, 'y': 846}, 'object_center_left': {'x': 1325, 'y': 826}, 'right_image_aov': {'x': 20.895, 'y': 13.827}, 'left_image_aov': {'x': 11.824, 'y': 12.923}, 'orb_result': 136})
  (True, 74, {'object_id_r': 1, 'object_id_l': 2, 'confidence_r': 69.42, 'confidence_l': 61.53, 'object_name_right': 'person', 'object_name_left': 'chair', 'object_center_right': {'x': 927, 'y': 597}, 'object_center_left': {'x': 1325, 'y': 826}, 'right_image_aov': {'x': -1.069, 'y': 2.576}, 'left_image_aov': {'x': 11.824, 'y': 12.923}, 'orb_result': 74})
  (True, 153, {'object_id_r': 2, 'object_id_l': 2, 'confidence_r': 62.58, 'confidence_l': 61.53, 'object_name_right': 'chair', 'object_name_left': 'chair', 'object_center_right': {'x': 1292, 'y': 827}, 'object_center_left': {'x': 1325, 'y': 826}, 'right_image_aov': {'x': 10.755, 'y': 12.968}, 'left_image_aov': {'x': 11.824, 'y': 12.923}, 'orb_result': 153})]]
2024-12-28 21:38:40,438 - INFO - The results of Max orb pairs are: [((2, 2), 153), ((0, 0), 126), ((1, 1), 17)]
2024-12-28 21:38:40,462 - INFO - The data of objects: [{'name': 'chair', 'distance': 11.33, 'angle': 11.29}, {'name': 'chair', 'distance': 5.5, 'angle': 22.0}, {'name': 'person', 'distance': 14.96, 'angle': -1.47}]
2024-12-28 21:38:40,462 - INFO - ----New round of detections----
2024-12-28 21:38:40,698 - INFO - -----------------------------------------------------
2024-12-28 21:38:40,698 - INFO - 
the correlation matrixe: [[(True, 126, {'object_id_r': 0, 'object_id_l': 0, 'confidence_r': 76.57, 'confidence_l': 74.84, 'object_name_right': 'chair', 'object_name_left': 'chair', 'object_center_right': {'x': 1605, 'y': 846}, 'object_center_left': {'x': 1673, 'y': 845}, 'right_image_aov': {'x': 20.895, 'y': 13.827}, 'left_image_aov': {'x': 23.098, 'y': 13.781}, 'orb_result': 126})
  (True, 48, {'object_id_r': 1, 'object_id_l': 0, 'confidence_r': 69.42, 'confidence_l': 74.84, 'object_name_right': 'person', 'object_name_left': 'chair', 'object_center_right': {'x': 927, 'y': 597}, 'object_center_left': {'x': 1673, 'y': 845}, 'right_image_aov': {'x': -1.069, 'y': 2.576}, 'left_image_aov': {'x': 23.098, 'y': 13.781}, 'orb_result': 48})
  (True, 123, {'object_id_r': 2, 'object_id_l': 0, 'confidence_r': 62.58, 'confidence_l': 74.84, 'object_name_right': 'chair', 'object_name_left': 'chair', 'object_center_right': {'x': 1292, 'y': 827}, 'object_center_left': {'x': 1673, 'y': 845}, 'right_image_aov': {'x': 10.755, 'y': 12.968}, 'left_image_aov': {'x': 23.098, 'y': 13.781}, 'orb_result': 123})]
 [(True, 30, {'object_id_r': 0, 'object_id_l': 1, 'confidence_r': 76.57, 'confidence_l': 72.23, 'object_name_right': 'chair', 'object_name_left': 'person', 'object_center_right': {'x': 1605, 'y': 846}, 'object_center_left': {'x': 902, 'y': 618}, 'right_image_aov': {'x': 20.895, 'y': 13.827}, 'left_image_aov': {'x': -1.879, 'y': 3.524}, 'orb_result': 30})
  (True, 17, {'object_id_r': 1, 'object_id_l': 1, 'confidence_r': 69.42, 'confidence_l': 72.23, 'object_name_right': 'person', 'object_name_left': 'person', 'object_center_right': {'x': 927, 'y': 597}, 'object_center_left': {'x': 902, 'y': 618}, 'right_image_aov': {'x': -1.069, 'y': 2.576}, 'left_image_aov': {'x': -1.879, 'y': 3.524}, 'orb_result': 17})
  (True, 30, {'object_id_r': 2, 'object_id_l': 1, 'confidence_r': 62.58, 'confidence_l': 72.23, 'object_name_right': 'chair', 'object_name_left': 'person', 'object_center_right': {'x': 1292, 'y': 827}, 'object_center_left': {'x': 902, 'y': 618}, 'right_image_aov': {'x': 10.755, 'y': 12.968}, 'left_image_aov': {'x': -1.879, 'y': 3.524}, 'orb_result': 30})]
 [(True, 136, {'object_id_r': 0, 'object_id_l': 2, 'confidence_r': 76.57, 'confidence_l': 61.53, 'object_name_right': 'chair', 'object_name_left': 'chair', 'object_center_right': {'x': 1605, 'y': 846}, 'object_center_left': {'x': 1325, 'y': 826}, 'right_image_aov': {'x': 20.895, 'y': 13.827}, 'left_image_aov': {'x': 11.824, 'y': 12.923}, 'orb_result': 136})
  (True, 74, {'object_id_r': 1, 'object_id_l': 2, 'confidence_r': 69.42, 'confidence_l': 61.53, 'object_name_right': 'person', 'object_name_left': 'chair', 'object_center_right': {'x': 927, 'y': 597}, 'object_center_left': {'x': 1325, 'y': 826}, 'right_image_aov': {'x': -1.069, 'y': 2.576}, 'left_image_aov': {'x': 11.824, 'y': 12.923}, 'orb_result': 74})
  (True, 153, {'object_id_r': 2, 'object_id_l': 2, 'confidence_r': 62.58, 'confidence_l': 61.53, 'object_name_right': 'chair', 'object_name_left': 'chair', 'object_center_right': {'x': 1292, 'y': 827}, 'object_center_left': {'x': 1325, 'y': 826}, 'right_image_aov': {'x': 10.755, 'y': 12.968}, 'left_image_aov': {'x': 11.824, 'y': 12.923}, 'orb_result': 153})]]
2024-12-28 21:38:40,698 - INFO - The results of Max orb pairs are: [((2, 2), 153), ((0, 0), 126), ((1, 1), 17)]
2024-12-28 21:38:40,723 - INFO - The data of objects: [{'name': 'chair', 'distance': 11.33, 'angle': 11.29}, {'name': 'chair', 'distance': 5.5, 'angle': 22.0}, {'name': 'person', 'distance': 14.96, 'angle': -1.47}]
2024-12-28 21:38:40,723 - INFO - ----New round of detections----
2024-12-28 21:38:40,993 - INFO - -----------------------------------------------------
2024-12-28 21:38:40,993 - INFO - 
the correlation matrixe: [[(True, 126, {'object_id_r': 0, 'object_id_l': 0, 'confidence_r': 76.57, 'confidence_l': 74.84, 'object_name_right': 'chair', 'object_name_left': 'chair', 'object_center_right': {'x': 1605, 'y': 846}, 'object_center_left': {'x': 1673, 'y': 845}, 'right_image_aov': {'x': 20.895, 'y': 13.827}, 'left_image_aov': {'x': 23.098, 'y': 13.781}, 'orb_result': 126})
  (True, 48, {'object_id_r': 1, 'object_id_l': 0, 'confidence_r': 69.42, 'confidence_l': 74.84, 'object_name_right': 'person', 'object_name_left': 'chair', 'object_center_right': {'x': 927, 'y': 597}, 'object_center_left': {'x': 1673, 'y': 845}, 'right_image_aov': {'x': -1.069, 'y': 2.576}, 'left_image_aov': {'x': 23.098, 'y': 13.781}, 'orb_result': 48})
  (True, 123, {'object_id_r': 2, 'object_id_l': 0, 'confidence_r': 62.58, 'confidence_l': 74.84, 'object_name_right': 'chair', 'object_name_left': 'chair', 'object_center_right': {'x': 1292, 'y': 827}, 'object_center_left': {'x': 1673, 'y': 845}, 'right_image_aov': {'x': 10.755, 'y': 12.968}, 'left_image_aov': {'x': 23.098, 'y': 13.781}, 'orb_result': 123})]
 [(True, 30, {'object_id_r': 0, 'object_id_l': 1, 'confidence_r': 76.57, 'confidence_l': 72.23, 'object_name_right': 'chair', 'object_name_left': 'person', 'object_center_right': {'x': 1605, 'y': 846}, 'object_center_left': {'x': 902, 'y': 618}, 'right_image_aov': {'x': 20.895, 'y': 13.827}, 'left_image_aov': {'x': -1.879, 'y': 3.524}, 'orb_result': 30})
  (True, 17, {'object_id_r': 1, 'object_id_l': 1, 'confidence_r': 69.42, 'confidence_l': 72.23, 'object_name_right': 'person', 'object_name_left': 'person', 'object_center_right': {'x': 927, 'y': 597}, 'object_center_left': {'x': 902, 'y': 618}, 'right_image_aov': {'x': -1.069, 'y': 2.576}, 'left_image_aov': {'x': -1.879, 'y': 3.524}, 'orb_result': 17})
  (True, 30, {'object_id_r': 2, 'object_id_l': 1, 'confidence_r': 62.58, 'confidence_l': 72.23, 'object_name_right': 'chair', 'object_name_left': 'person', 'object_center_right': {'x': 1292, 'y': 827}, 'object_center_left': {'x': 902, 'y': 618}, 'right_image_aov': {'x': 10.755, 'y': 12.968}, 'left_image_aov': {'x': -1.879, 'y': 3.524}, 'orb_result': 30})]
 [(True, 136, {'object_id_r': 0, 'object_id_l': 2, 'confidence_r': 76.57, 'confidence_l': 61.53, 'object_name_right': 'chair', 'object_name_left': 'chair', 'object_center_right': {'x': 1605, 'y': 846}, 'object_center_left': {'x': 1325, 'y': 826}, 'right_image_aov': {'x': 20.895, 'y': 13.827}, 'left_image_aov': {'x': 11.824, 'y': 12.923}, 'orb_result': 136})
  (True, 74, {'object_id_r': 1, 'object_id_l': 2, 'confidence_r': 69.42, 'confidence_l': 61.53, 'object_name_right': 'person', 'object_name_left': 'chair', 'object_center_right': {'x': 927, 'y': 597}, 'object_center_left': {'x': 1325, 'y': 826}, 'right_image_aov': {'x': -1.069, 'y': 2.576}, 'left_image_aov': {'x': 11.824, 'y': 12.923}, 'orb_result': 74})
  (True, 153, {'object_id_r': 2, 'object_id_l': 2, 'confidence_r': 62.58, 'confidence_l': 61.53, 'object_name_right': 'chair', 'object_name_left': 'chair', 'object_center_right': {'x': 1292, 'y': 827}, 'object_center_left': {'x': 1325, 'y': 826}, 'right_image_aov': {'x': 10.755, 'y': 12.968}, 'left_image_aov': {'x': 11.824, 'y': 12.923}, 'orb_result': 153})]]
2024-12-28 21:38:40,993 - INFO - The results of Max orb pairs are: [((2, 2), 153), ((0, 0), 126), ((1, 1), 17)]
2024-12-28 21:38:41,021 - INFO - The data of objects: [{'name': 'chair', 'distance': 11.33, 'angle': 11.29}, {'name': 'chair', 'distance': 5.5, 'angle': 22.0}, {'name': 'person', 'distance': 14.96, 'angle': -1.47}]
2024-12-28 21:38:41,021 - INFO - ----New round of detections----
2024-12-28 21:38:41,256 - INFO - -----------------------------------------------------
2024-12-28 21:38:41,256 - INFO - 
the correlation matrixe: [[(True, 126, {'object_id_r': 0, 'object_id_l': 0, 'confidence_r': 76.57, 'confidence_l': 74.84, 'object_name_right': 'chair', 'object_name_left': 'chair', 'object_center_right': {'x': 1605, 'y': 846}, 'object_center_left': {'x': 1673, 'y': 845}, 'right_image_aov': {'x': 20.895, 'y': 13.827}, 'left_image_aov': {'x': 23.098, 'y': 13.781}, 'orb_result': 126})
  (True, 48, {'object_id_r': 1, 'object_id_l': 0, 'confidence_r': 69.42, 'confidence_l': 74.84, 'object_name_right': 'person', 'object_name_left': 'chair', 'object_center_right': {'x': 927, 'y': 597}, 'object_center_left': {'x': 1673, 'y': 845}, 'right_image_aov': {'x': -1.069, 'y': 2.576}, 'left_image_aov': {'x': 23.098, 'y': 13.781}, 'orb_result': 48})
  (True, 123, {'object_id_r': 2, 'object_id_l': 0, 'confidence_r': 62.58, 'confidence_l': 74.84, 'object_name_right': 'chair', 'object_name_left': 'chair', 'object_center_right': {'x': 1292, 'y': 827}, 'object_center_left': {'x': 1673, 'y': 845}, 'right_image_aov': {'x': 10.755, 'y': 12.968}, 'left_image_aov': {'x': 23.098, 'y': 13.781}, 'orb_result': 123})]
 [(True, 30, {'object_id_r': 0, 'object_id_l': 1, 'confidence_r': 76.57, 'confidence_l': 72.23, 'object_name_right': 'chair', 'object_name_left': 'person', 'object_center_right': {'x': 1605, 'y': 846}, 'object_center_left': {'x': 902, 'y': 618}, 'right_image_aov': {'x': 20.895, 'y': 13.827}, 'left_image_aov': {'x': -1.879, 'y': 3.524}, 'orb_result': 30})
  (True, 17, {'object_id_r': 1, 'object_id_l': 1, 'confidence_r': 69.42, 'confidence_l': 72.23, 'object_name_right': 'person', 'object_name_left': 'person', 'object_center_right': {'x': 927, 'y': 597}, 'object_center_left': {'x': 902, 'y': 618}, 'right_image_aov': {'x': -1.069, 'y': 2.576}, 'left_image_aov': {'x': -1.879, 'y': 3.524}, 'orb_result': 17})
  (True, 30, {'object_id_r': 2, 'object_id_l': 1, 'confidence_r': 62.58, 'confidence_l': 72.23, 'object_name_right': 'chair', 'object_name_left': 'person', 'object_center_right': {'x': 1292, 'y': 827}, 'object_center_left': {'x': 902, 'y': 618}, 'right_image_aov': {'x': 10.755, 'y': 12.968}, 'left_image_aov': {'x': -1.879, 'y': 3.524}, 'orb_result': 30})]
 [(True, 136, {'object_id_r': 0, 'object_id_l': 2, 'confidence_r': 76.57, 'confidence_l': 61.53, 'object_name_right': 'chair', 'object_name_left': 'chair', 'object_center_right': {'x': 1605, 'y': 846}, 'object_center_left': {'x': 1325, 'y': 826}, 'right_image_aov': {'x': 20.895, 'y': 13.827}, 'left_image_aov': {'x': 11.824, 'y': 12.923}, 'orb_result': 136})
  (True, 74, {'object_id_r': 1, 'object_id_l': 2, 'confidence_r': 69.42, 'confidence_l': 61.53, 'object_name_right': 'person', 'object_name_left': 'chair', 'object_center_right': {'x': 927, 'y': 597}, 'object_center_left': {'x': 1325, 'y': 826}, 'right_image_aov': {'x': -1.069, 'y': 2.576}, 'left_image_aov': {'x': 11.824, 'y': 12.923}, 'orb_result': 74})
  (True, 153, {'object_id_r': 2, 'object_id_l': 2, 'confidence_r': 62.58, 'confidence_l': 61.53, 'object_name_right': 'chair', 'object_name_left': 'chair', 'object_center_right': {'x': 1292, 'y': 827}, 'object_center_left': {'x': 1325, 'y': 826}, 'right_image_aov': {'x': 10.755, 'y': 12.968}, 'left_image_aov': {'x': 11.824, 'y': 12.923}, 'orb_result': 153})]]
2024-12-28 21:38:41,256 - INFO - The results of Max orb pairs are: [((2, 2), 153), ((0, 0), 126), ((1, 1), 17)]
2024-12-28 21:38:41,291 - INFO - The data of objects: [{'name': 'chair', 'distance': 11.33, 'angle': 11.29}, {'name': 'chair', 'distance': 5.5, 'angle': 22.0}, {'name': 'person', 'distance': 14.96, 'angle': -1.47}]
2024-12-28 21:38:41,291 - INFO - ----New round of detections----
2024-12-28 21:38:41,529 - INFO - -----------------------------------------------------
2024-12-28 21:38:41,529 - INFO - 
the correlation matrixe: [[(True, 126, {'object_id_r': 0, 'object_id_l': 0, 'confidence_r': 76.57, 'confidence_l': 74.84, 'object_name_right': 'chair', 'object_name_left': 'chair', 'object_center_right': {'x': 1605, 'y': 846}, 'object_center_left': {'x': 1673, 'y': 845}, 'right_image_aov': {'x': 20.895, 'y': 13.827}, 'left_image_aov': {'x': 23.098, 'y': 13.781}, 'orb_result': 126})
  (True, 48, {'object_id_r': 1, 'object_id_l': 0, 'confidence_r': 69.42, 'confidence_l': 74.84, 'object_name_right': 'person', 'object_name_left': 'chair', 'object_center_right': {'x': 927, 'y': 597}, 'object_center_left': {'x': 1673, 'y': 845}, 'right_image_aov': {'x': -1.069, 'y': 2.576}, 'left_image_aov': {'x': 23.098, 'y': 13.781}, 'orb_result': 48})
  (True, 123, {'object_id_r': 2, 'object_id_l': 0, 'confidence_r': 62.58, 'confidence_l': 74.84, 'object_name_right': 'chair', 'object_name_left': 'chair', 'object_center_right': {'x': 1292, 'y': 827}, 'object_center_left': {'x': 1673, 'y': 845}, 'right_image_aov': {'x': 10.755, 'y': 12.968}, 'left_image_aov': {'x': 23.098, 'y': 13.781}, 'orb_result': 123})]
 [(True, 30, {'object_id_r': 0, 'object_id_l': 1, 'confidence_r': 76.57, 'confidence_l': 72.23, 'object_name_right': 'chair', 'object_name_left': 'person', 'object_center_right': {'x': 1605, 'y': 846}, 'object_center_left': {'x': 902, 'y': 618}, 'right_image_aov': {'x': 20.895, 'y': 13.827}, 'left_image_aov': {'x': -1.879, 'y': 3.524}, 'orb_result': 30})
  (True, 17, {'object_id_r': 1, 'object_id_l': 1, 'confidence_r': 69.42, 'confidence_l': 72.23, 'object_name_right': 'person', 'object_name_left': 'person', 'object_center_right': {'x': 927, 'y': 597}, 'object_center_left': {'x': 902, 'y': 618}, 'right_image_aov': {'x': -1.069, 'y': 2.576}, 'left_image_aov': {'x': -1.879, 'y': 3.524}, 'orb_result': 17})
  (True, 30, {'object_id_r': 2, 'object_id_l': 1, 'confidence_r': 62.58, 'confidence_l': 72.23, 'object_name_right': 'chair', 'object_name_left': 'person', 'object_center_right': {'x': 1292, 'y': 827}, 'object_center_left': {'x': 902, 'y': 618}, 'right_image_aov': {'x': 10.755, 'y': 12.968}, 'left_image_aov': {'x': -1.879, 'y': 3.524}, 'orb_result': 30})]
 [(True, 136, {'object_id_r': 0, 'object_id_l': 2, 'confidence_r': 76.57, 'confidence_l': 61.53, 'object_name_right': 'chair', 'object_name_left': 'chair', 'object_center_right': {'x': 1605, 'y': 846}, 'object_center_left': {'x': 1325, 'y': 826}, 'right_image_aov': {'x': 20.895, 'y': 13.827}, 'left_image_aov': {'x': 11.824, 'y': 12.923}, 'orb_result': 136})
  (True, 74, {'object_id_r': 1, 'object_id_l': 2, 'confidence_r': 69.42, 'confidence_l': 61.53, 'object_name_right': 'person', 'object_name_left': 'chair', 'object_center_right': {'x': 927, 'y': 597}, 'object_center_left': {'x': 1325, 'y': 826}, 'right_image_aov': {'x': -1.069, 'y': 2.576}, 'left_image_aov': {'x': 11.824, 'y': 12.923}, 'orb_result': 74})
  (True, 153, {'object_id_r': 2, 'object_id_l': 2, 'confidence_r': 62.58, 'confidence_l': 61.53, 'object_name_right': 'chair', 'object_name_left': 'chair', 'object_center_right': {'x': 1292, 'y': 827}, 'object_center_left': {'x': 1325, 'y': 826}, 'right_image_aov': {'x': 10.755, 'y': 12.968}, 'left_image_aov': {'x': 11.824, 'y': 12.923}, 'orb_result': 153})]]
2024-12-28 21:38:41,529 - INFO - The results of Max orb pairs are: [((2, 2), 153), ((0, 0), 126), ((1, 1), 17)]
2024-12-28 21:38:41,560 - INFO - The data of objects: [{'name': 'chair', 'distance': 11.33, 'angle': 11.29}, {'name': 'chair', 'distance': 5.5, 'angle': 22.0}, {'name': 'person', 'distance': 14.96, 'angle': -1.47}]
2024-12-28 21:38:41,562 - INFO - ----New round of detections----
2024-12-28 21:38:41,812 - INFO - -----------------------------------------------------
2024-12-28 21:38:41,812 - INFO - 
the correlation matrixe: [[(True, 126, {'object_id_r': 0, 'object_id_l': 0, 'confidence_r': 76.57, 'confidence_l': 74.84, 'object_name_right': 'chair', 'object_name_left': 'chair', 'object_center_right': {'x': 1605, 'y': 846}, 'object_center_left': {'x': 1673, 'y': 845}, 'right_image_aov': {'x': 20.895, 'y': 13.827}, 'left_image_aov': {'x': 23.098, 'y': 13.781}, 'orb_result': 126})
  (True, 48, {'object_id_r': 1, 'object_id_l': 0, 'confidence_r': 69.42, 'confidence_l': 74.84, 'object_name_right': 'person', 'object_name_left': 'chair', 'object_center_right': {'x': 927, 'y': 597}, 'object_center_left': {'x': 1673, 'y': 845}, 'right_image_aov': {'x': -1.069, 'y': 2.576}, 'left_image_aov': {'x': 23.098, 'y': 13.781}, 'orb_result': 48})
  (True, 123, {'object_id_r': 2, 'object_id_l': 0, 'confidence_r': 62.58, 'confidence_l': 74.84, 'object_name_right': 'chair', 'object_name_left': 'chair', 'object_center_right': {'x': 1292, 'y': 827}, 'object_center_left': {'x': 1673, 'y': 845}, 'right_image_aov': {'x': 10.755, 'y': 12.968}, 'left_image_aov': {'x': 23.098, 'y': 13.781}, 'orb_result': 123})]
 [(True, 30, {'object_id_r': 0, 'object_id_l': 1, 'confidence_r': 76.57, 'confidence_l': 72.23, 'object_name_right': 'chair', 'object_name_left': 'person', 'object_center_right': {'x': 1605, 'y': 846}, 'object_center_left': {'x': 902, 'y': 618}, 'right_image_aov': {'x': 20.895, 'y': 13.827}, 'left_image_aov': {'x': -1.879, 'y': 3.524}, 'orb_result': 30})
  (True, 17, {'object_id_r': 1, 'object_id_l': 1, 'confidence_r': 69.42, 'confidence_l': 72.23, 'object_name_right': 'person', 'object_name_left': 'person', 'object_center_right': {'x': 927, 'y': 597}, 'object_center_left': {'x': 902, 'y': 618}, 'right_image_aov': {'x': -1.069, 'y': 2.576}, 'left_image_aov': {'x': -1.879, 'y': 3.524}, 'orb_result': 17})
  (True, 30, {'object_id_r': 2, 'object_id_l': 1, 'confidence_r': 62.58, 'confidence_l': 72.23, 'object_name_right': 'chair', 'object_name_left': 'person', 'object_center_right': {'x': 1292, 'y': 827}, 'object_center_left': {'x': 902, 'y': 618}, 'right_image_aov': {'x': 10.755, 'y': 12.968}, 'left_image_aov': {'x': -1.879, 'y': 3.524}, 'orb_result': 30})]
 [(True, 136, {'object_id_r': 0, 'object_id_l': 2, 'confidence_r': 76.57, 'confidence_l': 61.53, 'object_name_right': 'chair', 'object_name_left': 'chair', 'object_center_right': {'x': 1605, 'y': 846}, 'object_center_left': {'x': 1325, 'y': 826}, 'right_image_aov': {'x': 20.895, 'y': 13.827}, 'left_image_aov': {'x': 11.824, 'y': 12.923}, 'orb_result': 136})
  (True, 74, {'object_id_r': 1, 'object_id_l': 2, 'confidence_r': 69.42, 'confidence_l': 61.53, 'object_name_right': 'person', 'object_name_left': 'chair', 'object_center_right': {'x': 927, 'y': 597}, 'object_center_left': {'x': 1325, 'y': 826}, 'right_image_aov': {'x': -1.069, 'y': 2.576}, 'left_image_aov': {'x': 11.824, 'y': 12.923}, 'orb_result': 74})
  (True, 153, {'object_id_r': 2, 'object_id_l': 2, 'confidence_r': 62.58, 'confidence_l': 61.53, 'object_name_right': 'chair', 'object_name_left': 'chair', 'object_center_right': {'x': 1292, 'y': 827}, 'object_center_left': {'x': 1325, 'y': 826}, 'right_image_aov': {'x': 10.755, 'y': 12.968}, 'left_image_aov': {'x': 11.824, 'y': 12.923}, 'orb_result': 153})]]
2024-12-28 21:38:41,812 - INFO - The results of Max orb pairs are: [((2, 2), 153), ((0, 0), 126), ((1, 1), 17)]
2024-12-28 21:38:41,834 - CRITICAL - Critical error in while loop
Traceback (most recent call last):
  File "c:\Users\shai.y\Documents\Naggles_tmp-main\code\main_with_gui.py", line 338, in processing_loop
    radar_display.update_display(radar_objects)
  File "c:\Users\shai.y\Documents\Naggles_tmp-main\code\OOP_GUI_radar.py", line 58, in update_display
    self.canvas.draw()
  File "C:\Users\shai.y\AppData\Roaming\Python\Python310\site-packages\matplotlib\backends\backend_tkagg.py", line 11, in draw
    self.blit()
  File "C:\Users\shai.y\AppData\Roaming\Python\Python310\site-packages\matplotlib\backends\backend_tkagg.py", line 14, in blit
    _backend_tk.blit(self._tkphoto, self.renderer.buffer_rgba(),
  File "C:\Users\shai.y\AppData\Roaming\Python\Python310\site-packages\matplotlib\backends\_backend_tk.py", line 116, in blit
    photoimage.tk.call(_blit_tcl_name, argsid)
_tkinter.TclError
2024-12-28 21:38:41,842 - INFO - The video ended and now the App will be close! Bey Bey
