2024-12-28 02:12:30,754 - INFO - Application started
2024-12-28 02:12:40,056 - INFO - ----------GPU details----------
2024-12-28 02:12:40,057 - INFO - PyTorch version: 2.5.1+cu124
2024-12-28 02:12:40,057 - INFO - CUDA device: NVIDIA RTX 3500 Ada Generation Laptop GPU
2024-12-28 02:12:40,057 - INFO - ----------Processing loop started----------
2024-12-28 02:12:40,057 - INFO - ----New round of detections----
2024-12-28 02:12:40,757 - INFO - -----------------------------------------------------
2024-12-28 02:12:40,758 - INFO - 
the correlation matrixe: [[(True, 126, {'object_id_r': 0, 'object_id_l': 0, 'confidence_r': 76.57, 'confidence_l': 74.84, 'object_name_right': 'chair', 'object_name_left': 'chair', 'object_center_right': {'x': 1605, 'y': 846}, 'object_center_left': {'x': 1673, 'y': 845}, 'right_image_aov': {'x': 20.895, 'y': 13.827}, 'left_image_aov': {'x': 23.098, 'y': 13.781}, 'orb_result': 126})
  (True, 48, {'object_id_r': 1, 'object_id_l': 0, 'confidence_r': 69.42, 'confidence_l': 74.84, 'object_name_right': 'person', 'object_name_left': 'chair', 'object_center_right': {'x': 927, 'y': 597}, 'object_center_left': {'x': 1673, 'y': 845}, 'right_image_aov': {'x': -1.069, 'y': 2.576}, 'left_image_aov': {'x': 23.098, 'y': 13.781}, 'orb_result': 48})
  (True, 123, {'object_id_r': 2, 'object_id_l': 0, 'confidence_r': 62.58, 'confidence_l': 74.84, 'object_name_right': 'chair', 'object_name_left': 'chair', 'object_center_right': {'x': 1292, 'y': 827}, 'object_center_left': {'x': 1673, 'y': 845}, 'right_image_aov': {'x': 10.755, 'y': 12.968}, 'left_image_aov': {'x': 23.098, 'y': 13.781}, 'orb_result': 123})]
 [(True, 30, {'object_id_r': 0, 'object_id_l': 1, 'confidence_r': 76.57, 'confidence_l': 72.23, 'object_name_right': 'chair', 'object_name_left': 'person', 'object_center_right': {'x': 1605, 'y': 846}, 'object_center_left': {'x': 902, 'y': 618}, 'right_image_aov': {'x': 20.895, 'y': 13.827}, 'left_image_aov': {'x': -1.879, 'y': 3.524}, 'orb_result': 30})
  (True, 17, {'object_id_r': 1, 'object_id_l': 1, 'confidence_r': 69.42, 'confidence_l': 72.23, 'object_name_right': 'person', 'object_name_left': 'person', 'object_center_right': {'x': 927, 'y': 597}, 'object_center_left': {'x': 902, 'y': 618}, 'right_image_aov': {'x': -1.069, 'y': 2.576}, 'left_image_aov': {'x': -1.879, 'y': 3.524}, 'orb_result': 17})
  (True, 30, {'object_id_r': 2, 'object_id_l': 1, 'confidence_r': 62.58, 'confidence_l': 72.23, 'object_name_right': 'chair', 'object_name_left': 'person', 'object_center_right': {'x': 1292, 'y': 827}, 'object_center_left': {'x': 902, 'y': 618}, 'right_image_aov': {'x': 10.755, 'y': 12.968}, 'left_image_aov': {'x': -1.879, 'y': 3.524}, 'orb_result': 30})]
 [(True, 136, {'object_id_r': 0, 'object_id_l': 2, 'confidence_r': 76.57, 'confidence_l': 61.53, 'object_name_right': 'chair', 'object_name_left': 'chair', 'object_center_right': {'x': 1605, 'y': 846}, 'object_center_left': {'x': 1325, 'y': 826}, 'right_image_aov': {'x': 20.895, 'y': 13.827}, 'left_image_aov': {'x': 11.824, 'y': 12.923}, 'orb_result': 136})
  (True, 74, {'object_id_r': 1, 'object_id_l': 2, 'confidence_r': 69.42, 'confidence_l': 61.53, 'object_name_right': 'person', 'object_name_left': 'chair', 'object_center_right': {'x': 927, 'y': 597}, 'object_center_left': {'x': 1325, 'y': 826}, 'right_image_aov': {'x': -1.069, 'y': 2.576}, 'left_image_aov': {'x': 11.824, 'y': 12.923}, 'orb_result': 74})
  (True, 153, {'object_id_r': 2, 'object_id_l': 2, 'confidence_r': 62.58, 'confidence_l': 61.53, 'object_name_right': 'chair', 'object_name_left': 'chair', 'object_center_right': {'x': 1292, 'y': 827}, 'object_center_left': {'x': 1325, 'y': 826}, 'right_image_aov': {'x': 10.755, 'y': 12.968}, 'left_image_aov': {'x': 11.824, 'y': 12.923}, 'orb_result': 153})]]
2024-12-28 02:12:40,759 - INFO - The results of Max orb pairs are: [((2, 2), 153), ((0, 0), 126), ((1, 1), 17)]
2024-12-28 02:12:40,800 - INFO - The data of objects: [{'name': 'chair', 'distance': 11.33, 'angle': 11.29}, {'name': 'chair', 'distance': 5.5, 'angle': 22.0}, {'name': 'person', 'distance': 14.96, 'angle': -1.47}]
2024-12-28 02:12:40,800 - INFO - ----New round of detections----
2024-12-28 02:12:41,102 - INFO - -----------------------------------------------------
2024-12-28 02:12:41,102 - INFO - 
the correlation matrixe: [[(True, 126, {'object_id_r': 0, 'object_id_l': 0, 'confidence_r': 76.57, 'confidence_l': 74.84, 'object_name_right': 'chair', 'object_name_left': 'chair', 'object_center_right': {'x': 1605, 'y': 846}, 'object_center_left': {'x': 1673, 'y': 845}, 'right_image_aov': {'x': 20.895, 'y': 13.827}, 'left_image_aov': {'x': 23.098, 'y': 13.781}, 'orb_result': 126})
  (True, 48, {'object_id_r': 1, 'object_id_l': 0, 'confidence_r': 69.42, 'confidence_l': 74.84, 'object_name_right': 'person', 'object_name_left': 'chair', 'object_center_right': {'x': 927, 'y': 597}, 'object_center_left': {'x': 1673, 'y': 845}, 'right_image_aov': {'x': -1.069, 'y': 2.576}, 'left_image_aov': {'x': 23.098, 'y': 13.781}, 'orb_result': 48})
  (True, 123, {'object_id_r': 2, 'object_id_l': 0, 'confidence_r': 62.58, 'confidence_l': 74.84, 'object_name_right': 'chair', 'object_name_left': 'chair', 'object_center_right': {'x': 1292, 'y': 827}, 'object_center_left': {'x': 1673, 'y': 845}, 'right_image_aov': {'x': 10.755, 'y': 12.968}, 'left_image_aov': {'x': 23.098, 'y': 13.781}, 'orb_result': 123})]
 [(True, 30, {'object_id_r': 0, 'object_id_l': 1, 'confidence_r': 76.57, 'confidence_l': 72.23, 'object_name_right': 'chair', 'object_name_left': 'person', 'object_center_right': {'x': 1605, 'y': 846}, 'object_center_left': {'x': 902, 'y': 618}, 'right_image_aov': {'x': 20.895, 'y': 13.827}, 'left_image_aov': {'x': -1.879, 'y': 3.524}, 'orb_result': 30})
  (True, 17, {'object_id_r': 1, 'object_id_l': 1, 'confidence_r': 69.42, 'confidence_l': 72.23, 'object_name_right': 'person', 'object_name_left': 'person', 'object_center_right': {'x': 927, 'y': 597}, 'object_center_left': {'x': 902, 'y': 618}, 'right_image_aov': {'x': -1.069, 'y': 2.576}, 'left_image_aov': {'x': -1.879, 'y': 3.524}, 'orb_result': 17})
  (True, 30, {'object_id_r': 2, 'object_id_l': 1, 'confidence_r': 62.58, 'confidence_l': 72.23, 'object_name_right': 'chair', 'object_name_left': 'person', 'object_center_right': {'x': 1292, 'y': 827}, 'object_center_left': {'x': 902, 'y': 618}, 'right_image_aov': {'x': 10.755, 'y': 12.968}, 'left_image_aov': {'x': -1.879, 'y': 3.524}, 'orb_result': 30})]
 [(True, 136, {'object_id_r': 0, 'object_id_l': 2, 'confidence_r': 76.57, 'confidence_l': 61.53, 'object_name_right': 'chair', 'object_name_left': 'chair', 'object_center_right': {'x': 1605, 'y': 846}, 'object_center_left': {'x': 1325, 'y': 826}, 'right_image_aov': {'x': 20.895, 'y': 13.827}, 'left_image_aov': {'x': 11.824, 'y': 12.923}, 'orb_result': 136})
  (True, 74, {'object_id_r': 1, 'object_id_l': 2, 'confidence_r': 69.42, 'confidence_l': 61.53, 'object_name_right': 'person', 'object_name_left': 'chair', 'object_center_right': {'x': 927, 'y': 597}, 'object_center_left': {'x': 1325, 'y': 826}, 'right_image_aov': {'x': -1.069, 'y': 2.576}, 'left_image_aov': {'x': 11.824, 'y': 12.923}, 'orb_result': 74})
  (True, 153, {'object_id_r': 2, 'object_id_l': 2, 'confidence_r': 62.58, 'confidence_l': 61.53, 'object_name_right': 'chair', 'object_name_left': 'chair', 'object_center_right': {'x': 1292, 'y': 827}, 'object_center_left': {'x': 1325, 'y': 826}, 'right_image_aov': {'x': 10.755, 'y': 12.968}, 'left_image_aov': {'x': 11.824, 'y': 12.923}, 'orb_result': 153})]]
2024-12-28 02:12:41,102 - INFO - The results of Max orb pairs are: [((2, 2), 153), ((0, 0), 126), ((1, 1), 17)]
2024-12-28 02:12:41,141 - INFO - The data of objects: [{'name': 'chair', 'distance': 11.33, 'angle': 11.29}, {'name': 'chair', 'distance': 5.5, 'angle': 22.0}, {'name': 'person', 'distance': 14.96, 'angle': -1.47}]
2024-12-28 02:12:41,141 - INFO - ----New round of detections----
2024-12-28 02:12:41,418 - INFO - -----------------------------------------------------
2024-12-28 02:12:41,418 - INFO - 
the correlation matrixe: [[(True, 126, {'object_id_r': 0, 'object_id_l': 0, 'confidence_r': 76.57, 'confidence_l': 74.84, 'object_name_right': 'chair', 'object_name_left': 'chair', 'object_center_right': {'x': 1605, 'y': 846}, 'object_center_left': {'x': 1673, 'y': 845}, 'right_image_aov': {'x': 20.895, 'y': 13.827}, 'left_image_aov': {'x': 23.098, 'y': 13.781}, 'orb_result': 126})
  (True, 48, {'object_id_r': 1, 'object_id_l': 0, 'confidence_r': 69.42, 'confidence_l': 74.84, 'object_name_right': 'person', 'object_name_left': 'chair', 'object_center_right': {'x': 927, 'y': 597}, 'object_center_left': {'x': 1673, 'y': 845}, 'right_image_aov': {'x': -1.069, 'y': 2.576}, 'left_image_aov': {'x': 23.098, 'y': 13.781}, 'orb_result': 48})
  (True, 123, {'object_id_r': 2, 'object_id_l': 0, 'confidence_r': 62.58, 'confidence_l': 74.84, 'object_name_right': 'chair', 'object_name_left': 'chair', 'object_center_right': {'x': 1292, 'y': 827}, 'object_center_left': {'x': 1673, 'y': 845}, 'right_image_aov': {'x': 10.755, 'y': 12.968}, 'left_image_aov': {'x': 23.098, 'y': 13.781}, 'orb_result': 123})]
 [(True, 30, {'object_id_r': 0, 'object_id_l': 1, 'confidence_r': 76.57, 'confidence_l': 72.23, 'object_name_right': 'chair', 'object_name_left': 'person', 'object_center_right': {'x': 1605, 'y': 846}, 'object_center_left': {'x': 902, 'y': 618}, 'right_image_aov': {'x': 20.895, 'y': 13.827}, 'left_image_aov': {'x': -1.879, 'y': 3.524}, 'orb_result': 30})
  (True, 17, {'object_id_r': 1, 'object_id_l': 1, 'confidence_r': 69.42, 'confidence_l': 72.23, 'object_name_right': 'person', 'object_name_left': 'person', 'object_center_right': {'x': 927, 'y': 597}, 'object_center_left': {'x': 902, 'y': 618}, 'right_image_aov': {'x': -1.069, 'y': 2.576}, 'left_image_aov': {'x': -1.879, 'y': 3.524}, 'orb_result': 17})
  (True, 30, {'object_id_r': 2, 'object_id_l': 1, 'confidence_r': 62.58, 'confidence_l': 72.23, 'object_name_right': 'chair', 'object_name_left': 'person', 'object_center_right': {'x': 1292, 'y': 827}, 'object_center_left': {'x': 902, 'y': 618}, 'right_image_aov': {'x': 10.755, 'y': 12.968}, 'left_image_aov': {'x': -1.879, 'y': 3.524}, 'orb_result': 30})]
 [(True, 136, {'object_id_r': 0, 'object_id_l': 2, 'confidence_r': 76.57, 'confidence_l': 61.53, 'object_name_right': 'chair', 'object_name_left': 'chair', 'object_center_right': {'x': 1605, 'y': 846}, 'object_center_left': {'x': 1325, 'y': 826}, 'right_image_aov': {'x': 20.895, 'y': 13.827}, 'left_image_aov': {'x': 11.824, 'y': 12.923}, 'orb_result': 136})
  (True, 74, {'object_id_r': 1, 'object_id_l': 2, 'confidence_r': 69.42, 'confidence_l': 61.53, 'object_name_right': 'person', 'object_name_left': 'chair', 'object_center_right': {'x': 927, 'y': 597}, 'object_center_left': {'x': 1325, 'y': 826}, 'right_image_aov': {'x': -1.069, 'y': 2.576}, 'left_image_aov': {'x': 11.824, 'y': 12.923}, 'orb_result': 74})
  (True, 153, {'object_id_r': 2, 'object_id_l': 2, 'confidence_r': 62.58, 'confidence_l': 61.53, 'object_name_right': 'chair', 'object_name_left': 'chair', 'object_center_right': {'x': 1292, 'y': 827}, 'object_center_left': {'x': 1325, 'y': 826}, 'right_image_aov': {'x': 10.755, 'y': 12.968}, 'left_image_aov': {'x': 11.824, 'y': 12.923}, 'orb_result': 153})]]
2024-12-28 02:12:41,418 - INFO - The results of Max orb pairs are: [((2, 2), 153), ((0, 0), 126), ((1, 1), 17)]
2024-12-28 02:12:41,459 - INFO - The data of objects: [{'name': 'chair', 'distance': 11.33, 'angle': 11.29}, {'name': 'chair', 'distance': 5.5, 'angle': 22.0}, {'name': 'person', 'distance': 14.96, 'angle': -1.47}]
2024-12-28 02:12:41,459 - INFO - ----New round of detections----
2024-12-28 02:12:41,734 - INFO - -----------------------------------------------------
2024-12-28 02:12:41,734 - INFO - 
the correlation matrixe: [[(True, 126, {'object_id_r': 0, 'object_id_l': 0, 'confidence_r': 76.57, 'confidence_l': 74.84, 'object_name_right': 'chair', 'object_name_left': 'chair', 'object_center_right': {'x': 1605, 'y': 846}, 'object_center_left': {'x': 1673, 'y': 845}, 'right_image_aov': {'x': 20.895, 'y': 13.827}, 'left_image_aov': {'x': 23.098, 'y': 13.781}, 'orb_result': 126})
  (True, 48, {'object_id_r': 1, 'object_id_l': 0, 'confidence_r': 69.42, 'confidence_l': 74.84, 'object_name_right': 'person', 'object_name_left': 'chair', 'object_center_right': {'x': 927, 'y': 597}, 'object_center_left': {'x': 1673, 'y': 845}, 'right_image_aov': {'x': -1.069, 'y': 2.576}, 'left_image_aov': {'x': 23.098, 'y': 13.781}, 'orb_result': 48})
  (True, 123, {'object_id_r': 2, 'object_id_l': 0, 'confidence_r': 62.58, 'confidence_l': 74.84, 'object_name_right': 'chair', 'object_name_left': 'chair', 'object_center_right': {'x': 1292, 'y': 827}, 'object_center_left': {'x': 1673, 'y': 845}, 'right_image_aov': {'x': 10.755, 'y': 12.968}, 'left_image_aov': {'x': 23.098, 'y': 13.781}, 'orb_result': 123})]
 [(True, 30, {'object_id_r': 0, 'object_id_l': 1, 'confidence_r': 76.57, 'confidence_l': 72.23, 'object_name_right': 'chair', 'object_name_left': 'person', 'object_center_right': {'x': 1605, 'y': 846}, 'object_center_left': {'x': 902, 'y': 618}, 'right_image_aov': {'x': 20.895, 'y': 13.827}, 'left_image_aov': {'x': -1.879, 'y': 3.524}, 'orb_result': 30})
  (True, 17, {'object_id_r': 1, 'object_id_l': 1, 'confidence_r': 69.42, 'confidence_l': 72.23, 'object_name_right': 'person', 'object_name_left': 'person', 'object_center_right': {'x': 927, 'y': 597}, 'object_center_left': {'x': 902, 'y': 618}, 'right_image_aov': {'x': -1.069, 'y': 2.576}, 'left_image_aov': {'x': -1.879, 'y': 3.524}, 'orb_result': 17})
  (True, 30, {'object_id_r': 2, 'object_id_l': 1, 'confidence_r': 62.58, 'confidence_l': 72.23, 'object_name_right': 'chair', 'object_name_left': 'person', 'object_center_right': {'x': 1292, 'y': 827}, 'object_center_left': {'x': 902, 'y': 618}, 'right_image_aov': {'x': 10.755, 'y': 12.968}, 'left_image_aov': {'x': -1.879, 'y': 3.524}, 'orb_result': 30})]
 [(True, 136, {'object_id_r': 0, 'object_id_l': 2, 'confidence_r': 76.57, 'confidence_l': 61.53, 'object_name_right': 'chair', 'object_name_left': 'chair', 'object_center_right': {'x': 1605, 'y': 846}, 'object_center_left': {'x': 1325, 'y': 826}, 'right_image_aov': {'x': 20.895, 'y': 13.827}, 'left_image_aov': {'x': 11.824, 'y': 12.923}, 'orb_result': 136})
  (True, 74, {'object_id_r': 1, 'object_id_l': 2, 'confidence_r': 69.42, 'confidence_l': 61.53, 'object_name_right': 'person', 'object_name_left': 'chair', 'object_center_right': {'x': 927, 'y': 597}, 'object_center_left': {'x': 1325, 'y': 826}, 'right_image_aov': {'x': -1.069, 'y': 2.576}, 'left_image_aov': {'x': 11.824, 'y': 12.923}, 'orb_result': 74})
  (True, 153, {'object_id_r': 2, 'object_id_l': 2, 'confidence_r': 62.58, 'confidence_l': 61.53, 'object_name_right': 'chair', 'object_name_left': 'chair', 'object_center_right': {'x': 1292, 'y': 827}, 'object_center_left': {'x': 1325, 'y': 826}, 'right_image_aov': {'x': 10.755, 'y': 12.968}, 'left_image_aov': {'x': 11.824, 'y': 12.923}, 'orb_result': 153})]]
2024-12-28 02:12:41,734 - INFO - The results of Max orb pairs are: [((2, 2), 153), ((0, 0), 126), ((1, 1), 17)]
2024-12-28 02:12:41,777 - INFO - The data of objects: [{'name': 'chair', 'distance': 11.33, 'angle': 11.29}, {'name': 'chair', 'distance': 5.5, 'angle': 22.0}, {'name': 'person', 'distance': 14.96, 'angle': -1.47}]
2024-12-28 02:12:41,777 - INFO - ----New round of detections----
2024-12-28 02:12:42,072 - INFO - -----------------------------------------------------
2024-12-28 02:12:42,072 - INFO - 
the correlation matrixe: [[(True, 126, {'object_id_r': 0, 'object_id_l': 0, 'confidence_r': 76.57, 'confidence_l': 74.84, 'object_name_right': 'chair', 'object_name_left': 'chair', 'object_center_right': {'x': 1605, 'y': 846}, 'object_center_left': {'x': 1673, 'y': 845}, 'right_image_aov': {'x': 20.895, 'y': 13.827}, 'left_image_aov': {'x': 23.098, 'y': 13.781}, 'orb_result': 126})
  (True, 48, {'object_id_r': 1, 'object_id_l': 0, 'confidence_r': 69.42, 'confidence_l': 74.84, 'object_name_right': 'person', 'object_name_left': 'chair', 'object_center_right': {'x': 927, 'y': 597}, 'object_center_left': {'x': 1673, 'y': 845}, 'right_image_aov': {'x': -1.069, 'y': 2.576}, 'left_image_aov': {'x': 23.098, 'y': 13.781}, 'orb_result': 48})
  (True, 123, {'object_id_r': 2, 'object_id_l': 0, 'confidence_r': 62.58, 'confidence_l': 74.84, 'object_name_right': 'chair', 'object_name_left': 'chair', 'object_center_right': {'x': 1292, 'y': 827}, 'object_center_left': {'x': 1673, 'y': 845}, 'right_image_aov': {'x': 10.755, 'y': 12.968}, 'left_image_aov': {'x': 23.098, 'y': 13.781}, 'orb_result': 123})]
 [(True, 30, {'object_id_r': 0, 'object_id_l': 1, 'confidence_r': 76.57, 'confidence_l': 72.23, 'object_name_right': 'chair', 'object_name_left': 'person', 'object_center_right': {'x': 1605, 'y': 846}, 'object_center_left': {'x': 902, 'y': 618}, 'right_image_aov': {'x': 20.895, 'y': 13.827}, 'left_image_aov': {'x': -1.879, 'y': 3.524}, 'orb_result': 30})
  (True, 17, {'object_id_r': 1, 'object_id_l': 1, 'confidence_r': 69.42, 'confidence_l': 72.23, 'object_name_right': 'person', 'object_name_left': 'person', 'object_center_right': {'x': 927, 'y': 597}, 'object_center_left': {'x': 902, 'y': 618}, 'right_image_aov': {'x': -1.069, 'y': 2.576}, 'left_image_aov': {'x': -1.879, 'y': 3.524}, 'orb_result': 17})
  (True, 30, {'object_id_r': 2, 'object_id_l': 1, 'confidence_r': 62.58, 'confidence_l': 72.23, 'object_name_right': 'chair', 'object_name_left': 'person', 'object_center_right': {'x': 1292, 'y': 827}, 'object_center_left': {'x': 902, 'y': 618}, 'right_image_aov': {'x': 10.755, 'y': 12.968}, 'left_image_aov': {'x': -1.879, 'y': 3.524}, 'orb_result': 30})]
 [(True, 136, {'object_id_r': 0, 'object_id_l': 2, 'confidence_r': 76.57, 'confidence_l': 61.53, 'object_name_right': 'chair', 'object_name_left': 'chair', 'object_center_right': {'x': 1605, 'y': 846}, 'object_center_left': {'x': 1325, 'y': 826}, 'right_image_aov': {'x': 20.895, 'y': 13.827}, 'left_image_aov': {'x': 11.824, 'y': 12.923}, 'orb_result': 136})
  (True, 74, {'object_id_r': 1, 'object_id_l': 2, 'confidence_r': 69.42, 'confidence_l': 61.53, 'object_name_right': 'person', 'object_name_left': 'chair', 'object_center_right': {'x': 927, 'y': 597}, 'object_center_left': {'x': 1325, 'y': 826}, 'right_image_aov': {'x': -1.069, 'y': 2.576}, 'left_image_aov': {'x': 11.824, 'y': 12.923}, 'orb_result': 74})
  (True, 153, {'object_id_r': 2, 'object_id_l': 2, 'confidence_r': 62.58, 'confidence_l': 61.53, 'object_name_right': 'chair', 'object_name_left': 'chair', 'object_center_right': {'x': 1292, 'y': 827}, 'object_center_left': {'x': 1325, 'y': 826}, 'right_image_aov': {'x': 10.755, 'y': 12.968}, 'left_image_aov': {'x': 11.824, 'y': 12.923}, 'orb_result': 153})]]
2024-12-28 02:12:42,072 - INFO - The results of Max orb pairs are: [((2, 2), 153), ((0, 0), 126), ((1, 1), 17)]
2024-12-28 02:12:42,117 - INFO - The data of objects: [{'name': 'chair', 'distance': 11.33, 'angle': 11.29}, {'name': 'chair', 'distance': 5.5, 'angle': 22.0}, {'name': 'person', 'distance': 14.96, 'angle': -1.47}]
2024-12-28 02:12:42,117 - INFO - ----New round of detections----
2024-12-28 02:12:42,403 - INFO - -----------------------------------------------------
2024-12-28 02:12:42,403 - INFO - 
the correlation matrixe: [[(True, 126, {'object_id_r': 0, 'object_id_l': 0, 'confidence_r': 76.57, 'confidence_l': 74.84, 'object_name_right': 'chair', 'object_name_left': 'chair', 'object_center_right': {'x': 1605, 'y': 846}, 'object_center_left': {'x': 1673, 'y': 845}, 'right_image_aov': {'x': 20.895, 'y': 13.827}, 'left_image_aov': {'x': 23.098, 'y': 13.781}, 'orb_result': 126})
  (True, 48, {'object_id_r': 1, 'object_id_l': 0, 'confidence_r': 69.42, 'confidence_l': 74.84, 'object_name_right': 'person', 'object_name_left': 'chair', 'object_center_right': {'x': 927, 'y': 597}, 'object_center_left': {'x': 1673, 'y': 845}, 'right_image_aov': {'x': -1.069, 'y': 2.576}, 'left_image_aov': {'x': 23.098, 'y': 13.781}, 'orb_result': 48})
  (True, 123, {'object_id_r': 2, 'object_id_l': 0, 'confidence_r': 62.58, 'confidence_l': 74.84, 'object_name_right': 'chair', 'object_name_left': 'chair', 'object_center_right': {'x': 1292, 'y': 827}, 'object_center_left': {'x': 1673, 'y': 845}, 'right_image_aov': {'x': 10.755, 'y': 12.968}, 'left_image_aov': {'x': 23.098, 'y': 13.781}, 'orb_result': 123})]
 [(True, 30, {'object_id_r': 0, 'object_id_l': 1, 'confidence_r': 76.57, 'confidence_l': 72.23, 'object_name_right': 'chair', 'object_name_left': 'person', 'object_center_right': {'x': 1605, 'y': 846}, 'object_center_left': {'x': 902, 'y': 618}, 'right_image_aov': {'x': 20.895, 'y': 13.827}, 'left_image_aov': {'x': -1.879, 'y': 3.524}, 'orb_result': 30})
  (True, 17, {'object_id_r': 1, 'object_id_l': 1, 'confidence_r': 69.42, 'confidence_l': 72.23, 'object_name_right': 'person', 'object_name_left': 'person', 'object_center_right': {'x': 927, 'y': 597}, 'object_center_left': {'x': 902, 'y': 618}, 'right_image_aov': {'x': -1.069, 'y': 2.576}, 'left_image_aov': {'x': -1.879, 'y': 3.524}, 'orb_result': 17})
  (True, 30, {'object_id_r': 2, 'object_id_l': 1, 'confidence_r': 62.58, 'confidence_l': 72.23, 'object_name_right': 'chair', 'object_name_left': 'person', 'object_center_right': {'x': 1292, 'y': 827}, 'object_center_left': {'x': 902, 'y': 618}, 'right_image_aov': {'x': 10.755, 'y': 12.968}, 'left_image_aov': {'x': -1.879, 'y': 3.524}, 'orb_result': 30})]
 [(True, 136, {'object_id_r': 0, 'object_id_l': 2, 'confidence_r': 76.57, 'confidence_l': 61.53, 'object_name_right': 'chair', 'object_name_left': 'chair', 'object_center_right': {'x': 1605, 'y': 846}, 'object_center_left': {'x': 1325, 'y': 826}, 'right_image_aov': {'x': 20.895, 'y': 13.827}, 'left_image_aov': {'x': 11.824, 'y': 12.923}, 'orb_result': 136})
  (True, 74, {'object_id_r': 1, 'object_id_l': 2, 'confidence_r': 69.42, 'confidence_l': 61.53, 'object_name_right': 'person', 'object_name_left': 'chair', 'object_center_right': {'x': 927, 'y': 597}, 'object_center_left': {'x': 1325, 'y': 826}, 'right_image_aov': {'x': -1.069, 'y': 2.576}, 'left_image_aov': {'x': 11.824, 'y': 12.923}, 'orb_result': 74})
  (True, 153, {'object_id_r': 2, 'object_id_l': 2, 'confidence_r': 62.58, 'confidence_l': 61.53, 'object_name_right': 'chair', 'object_name_left': 'chair', 'object_center_right': {'x': 1292, 'y': 827}, 'object_center_left': {'x': 1325, 'y': 826}, 'right_image_aov': {'x': 10.755, 'y': 12.968}, 'left_image_aov': {'x': 11.824, 'y': 12.923}, 'orb_result': 153})]]
2024-12-28 02:12:42,403 - INFO - The results of Max orb pairs are: [((2, 2), 153), ((0, 0), 126), ((1, 1), 17)]
2024-12-28 02:12:42,441 - INFO - The data of objects: [{'name': 'chair', 'distance': 11.33, 'angle': 11.29}, {'name': 'chair', 'distance': 5.5, 'angle': 22.0}, {'name': 'person', 'distance': 14.96, 'angle': -1.47}]
2024-12-28 02:12:42,441 - INFO - ----New round of detections----
2024-12-28 02:12:42,778 - INFO - -----------------------------------------------------
2024-12-28 02:12:42,778 - INFO - 
the correlation matrixe: [[(True, 126, {'object_id_r': 0, 'object_id_l': 0, 'confidence_r': 76.57, 'confidence_l': 74.84, 'object_name_right': 'chair', 'object_name_left': 'chair', 'object_center_right': {'x': 1605, 'y': 846}, 'object_center_left': {'x': 1673, 'y': 845}, 'right_image_aov': {'x': 20.895, 'y': 13.827}, 'left_image_aov': {'x': 23.098, 'y': 13.781}, 'orb_result': 126})
  (True, 48, {'object_id_r': 1, 'object_id_l': 0, 'confidence_r': 69.42, 'confidence_l': 74.84, 'object_name_right': 'person', 'object_name_left': 'chair', 'object_center_right': {'x': 927, 'y': 597}, 'object_center_left': {'x': 1673, 'y': 845}, 'right_image_aov': {'x': -1.069, 'y': 2.576}, 'left_image_aov': {'x': 23.098, 'y': 13.781}, 'orb_result': 48})
  (True, 123, {'object_id_r': 2, 'object_id_l': 0, 'confidence_r': 62.58, 'confidence_l': 74.84, 'object_name_right': 'chair', 'object_name_left': 'chair', 'object_center_right': {'x': 1292, 'y': 827}, 'object_center_left': {'x': 1673, 'y': 845}, 'right_image_aov': {'x': 10.755, 'y': 12.968}, 'left_image_aov': {'x': 23.098, 'y': 13.781}, 'orb_result': 123})]
 [(True, 30, {'object_id_r': 0, 'object_id_l': 1, 'confidence_r': 76.57, 'confidence_l': 72.23, 'object_name_right': 'chair', 'object_name_left': 'person', 'object_center_right': {'x': 1605, 'y': 846}, 'object_center_left': {'x': 902, 'y': 618}, 'right_image_aov': {'x': 20.895, 'y': 13.827}, 'left_image_aov': {'x': -1.879, 'y': 3.524}, 'orb_result': 30})
  (True, 17, {'object_id_r': 1, 'object_id_l': 1, 'confidence_r': 69.42, 'confidence_l': 72.23, 'object_name_right': 'person', 'object_name_left': 'person', 'object_center_right': {'x': 927, 'y': 597}, 'object_center_left': {'x': 902, 'y': 618}, 'right_image_aov': {'x': -1.069, 'y': 2.576}, 'left_image_aov': {'x': -1.879, 'y': 3.524}, 'orb_result': 17})
  (True, 30, {'object_id_r': 2, 'object_id_l': 1, 'confidence_r': 62.58, 'confidence_l': 72.23, 'object_name_right': 'chair', 'object_name_left': 'person', 'object_center_right': {'x': 1292, 'y': 827}, 'object_center_left': {'x': 902, 'y': 618}, 'right_image_aov': {'x': 10.755, 'y': 12.968}, 'left_image_aov': {'x': -1.879, 'y': 3.524}, 'orb_result': 30})]
 [(True, 136, {'object_id_r': 0, 'object_id_l': 2, 'confidence_r': 76.57, 'confidence_l': 61.53, 'object_name_right': 'chair', 'object_name_left': 'chair', 'object_center_right': {'x': 1605, 'y': 846}, 'object_center_left': {'x': 1325, 'y': 826}, 'right_image_aov': {'x': 20.895, 'y': 13.827}, 'left_image_aov': {'x': 11.824, 'y': 12.923}, 'orb_result': 136})
  (True, 74, {'object_id_r': 1, 'object_id_l': 2, 'confidence_r': 69.42, 'confidence_l': 61.53, 'object_name_right': 'person', 'object_name_left': 'chair', 'object_center_right': {'x': 927, 'y': 597}, 'object_center_left': {'x': 1325, 'y': 826}, 'right_image_aov': {'x': -1.069, 'y': 2.576}, 'left_image_aov': {'x': 11.824, 'y': 12.923}, 'orb_result': 74})
  (True, 153, {'object_id_r': 2, 'object_id_l': 2, 'confidence_r': 62.58, 'confidence_l': 61.53, 'object_name_right': 'chair', 'object_name_left': 'chair', 'object_center_right': {'x': 1292, 'y': 827}, 'object_center_left': {'x': 1325, 'y': 826}, 'right_image_aov': {'x': 10.755, 'y': 12.968}, 'left_image_aov': {'x': 11.824, 'y': 12.923}, 'orb_result': 153})]]
2024-12-28 02:12:42,779 - INFO - The results of Max orb pairs are: [((2, 2), 153), ((0, 0), 126), ((1, 1), 17)]
2024-12-28 02:12:42,812 - INFO - The data of objects: [{'name': 'chair', 'distance': 11.33, 'angle': 11.29}, {'name': 'chair', 'distance': 5.5, 'angle': 22.0}, {'name': 'person', 'distance': 14.96, 'angle': -1.47}]
2024-12-28 02:12:42,812 - INFO - ----New round of detections----
2024-12-28 02:12:43,074 - INFO - -----------------------------------------------------
2024-12-28 02:12:43,074 - INFO - 
the correlation matrixe: [[(True, 126, {'object_id_r': 0, 'object_id_l': 0, 'confidence_r': 76.57, 'confidence_l': 74.84, 'object_name_right': 'chair', 'object_name_left': 'chair', 'object_center_right': {'x': 1605, 'y': 846}, 'object_center_left': {'x': 1673, 'y': 845}, 'right_image_aov': {'x': 20.895, 'y': 13.827}, 'left_image_aov': {'x': 23.098, 'y': 13.781}, 'orb_result': 126})
  (True, 48, {'object_id_r': 1, 'object_id_l': 0, 'confidence_r': 69.42, 'confidence_l': 74.84, 'object_name_right': 'person', 'object_name_left': 'chair', 'object_center_right': {'x': 927, 'y': 597}, 'object_center_left': {'x': 1673, 'y': 845}, 'right_image_aov': {'x': -1.069, 'y': 2.576}, 'left_image_aov': {'x': 23.098, 'y': 13.781}, 'orb_result': 48})
  (True, 123, {'object_id_r': 2, 'object_id_l': 0, 'confidence_r': 62.58, 'confidence_l': 74.84, 'object_name_right': 'chair', 'object_name_left': 'chair', 'object_center_right': {'x': 1292, 'y': 827}, 'object_center_left': {'x': 1673, 'y': 845}, 'right_image_aov': {'x': 10.755, 'y': 12.968}, 'left_image_aov': {'x': 23.098, 'y': 13.781}, 'orb_result': 123})]
 [(True, 30, {'object_id_r': 0, 'object_id_l': 1, 'confidence_r': 76.57, 'confidence_l': 72.23, 'object_name_right': 'chair', 'object_name_left': 'person', 'object_center_right': {'x': 1605, 'y': 846}, 'object_center_left': {'x': 902, 'y': 618}, 'right_image_aov': {'x': 20.895, 'y': 13.827}, 'left_image_aov': {'x': -1.879, 'y': 3.524}, 'orb_result': 30})
  (True, 17, {'object_id_r': 1, 'object_id_l': 1, 'confidence_r': 69.42, 'confidence_l': 72.23, 'object_name_right': 'person', 'object_name_left': 'person', 'object_center_right': {'x': 927, 'y': 597}, 'object_center_left': {'x': 902, 'y': 618}, 'right_image_aov': {'x': -1.069, 'y': 2.576}, 'left_image_aov': {'x': -1.879, 'y': 3.524}, 'orb_result': 17})
  (True, 30, {'object_id_r': 2, 'object_id_l': 1, 'confidence_r': 62.58, 'confidence_l': 72.23, 'object_name_right': 'chair', 'object_name_left': 'person', 'object_center_right': {'x': 1292, 'y': 827}, 'object_center_left': {'x': 902, 'y': 618}, 'right_image_aov': {'x': 10.755, 'y': 12.968}, 'left_image_aov': {'x': -1.879, 'y': 3.524}, 'orb_result': 30})]
 [(True, 136, {'object_id_r': 0, 'object_id_l': 2, 'confidence_r': 76.57, 'confidence_l': 61.53, 'object_name_right': 'chair', 'object_name_left': 'chair', 'object_center_right': {'x': 1605, 'y': 846}, 'object_center_left': {'x': 1325, 'y': 826}, 'right_image_aov': {'x': 20.895, 'y': 13.827}, 'left_image_aov': {'x': 11.824, 'y': 12.923}, 'orb_result': 136})
  (True, 74, {'object_id_r': 1, 'object_id_l': 2, 'confidence_r': 69.42, 'confidence_l': 61.53, 'object_name_right': 'person', 'object_name_left': 'chair', 'object_center_right': {'x': 927, 'y': 597}, 'object_center_left': {'x': 1325, 'y': 826}, 'right_image_aov': {'x': -1.069, 'y': 2.576}, 'left_image_aov': {'x': 11.824, 'y': 12.923}, 'orb_result': 74})
  (True, 153, {'object_id_r': 2, 'object_id_l': 2, 'confidence_r': 62.58, 'confidence_l': 61.53, 'object_name_right': 'chair', 'object_name_left': 'chair', 'object_center_right': {'x': 1292, 'y': 827}, 'object_center_left': {'x': 1325, 'y': 826}, 'right_image_aov': {'x': 10.755, 'y': 12.968}, 'left_image_aov': {'x': 11.824, 'y': 12.923}, 'orb_result': 153})]]
2024-12-28 02:12:43,074 - INFO - The results of Max orb pairs are: [((2, 2), 153), ((0, 0), 126), ((1, 1), 17)]
2024-12-28 02:12:43,109 - INFO - The data of objects: [{'name': 'chair', 'distance': 11.33, 'angle': 11.29}, {'name': 'chair', 'distance': 5.5, 'angle': 22.0}, {'name': 'person', 'distance': 14.96, 'angle': -1.47}]
2024-12-28 02:12:43,109 - INFO - ----New round of detections----
2024-12-28 02:12:43,380 - INFO - -----------------------------------------------------
2024-12-28 02:12:43,380 - INFO - 
the correlation matrixe: [[(True, 126, {'object_id_r': 0, 'object_id_l': 0, 'confidence_r': 76.57, 'confidence_l': 74.84, 'object_name_right': 'chair', 'object_name_left': 'chair', 'object_center_right': {'x': 1605, 'y': 846}, 'object_center_left': {'x': 1673, 'y': 845}, 'right_image_aov': {'x': 20.895, 'y': 13.827}, 'left_image_aov': {'x': 23.098, 'y': 13.781}, 'orb_result': 126})
  (True, 48, {'object_id_r': 1, 'object_id_l': 0, 'confidence_r': 69.42, 'confidence_l': 74.84, 'object_name_right': 'person', 'object_name_left': 'chair', 'object_center_right': {'x': 927, 'y': 597}, 'object_center_left': {'x': 1673, 'y': 845}, 'right_image_aov': {'x': -1.069, 'y': 2.576}, 'left_image_aov': {'x': 23.098, 'y': 13.781}, 'orb_result': 48})
  (True, 123, {'object_id_r': 2, 'object_id_l': 0, 'confidence_r': 62.58, 'confidence_l': 74.84, 'object_name_right': 'chair', 'object_name_left': 'chair', 'object_center_right': {'x': 1292, 'y': 827}, 'object_center_left': {'x': 1673, 'y': 845}, 'right_image_aov': {'x': 10.755, 'y': 12.968}, 'left_image_aov': {'x': 23.098, 'y': 13.781}, 'orb_result': 123})]
 [(True, 30, {'object_id_r': 0, 'object_id_l': 1, 'confidence_r': 76.57, 'confidence_l': 72.23, 'object_name_right': 'chair', 'object_name_left': 'person', 'object_center_right': {'x': 1605, 'y': 846}, 'object_center_left': {'x': 902, 'y': 618}, 'right_image_aov': {'x': 20.895, 'y': 13.827}, 'left_image_aov': {'x': -1.879, 'y': 3.524}, 'orb_result': 30})
  (True, 17, {'object_id_r': 1, 'object_id_l': 1, 'confidence_r': 69.42, 'confidence_l': 72.23, 'object_name_right': 'person', 'object_name_left': 'person', 'object_center_right': {'x': 927, 'y': 597}, 'object_center_left': {'x': 902, 'y': 618}, 'right_image_aov': {'x': -1.069, 'y': 2.576}, 'left_image_aov': {'x': -1.879, 'y': 3.524}, 'orb_result': 17})
  (True, 30, {'object_id_r': 2, 'object_id_l': 1, 'confidence_r': 62.58, 'confidence_l': 72.23, 'object_name_right': 'chair', 'object_name_left': 'person', 'object_center_right': {'x': 1292, 'y': 827}, 'object_center_left': {'x': 902, 'y': 618}, 'right_image_aov': {'x': 10.755, 'y': 12.968}, 'left_image_aov': {'x': -1.879, 'y': 3.524}, 'orb_result': 30})]
 [(True, 136, {'object_id_r': 0, 'object_id_l': 2, 'confidence_r': 76.57, 'confidence_l': 61.53, 'object_name_right': 'chair', 'object_name_left': 'chair', 'object_center_right': {'x': 1605, 'y': 846}, 'object_center_left': {'x': 1325, 'y': 826}, 'right_image_aov': {'x': 20.895, 'y': 13.827}, 'left_image_aov': {'x': 11.824, 'y': 12.923}, 'orb_result': 136})
  (True, 74, {'object_id_r': 1, 'object_id_l': 2, 'confidence_r': 69.42, 'confidence_l': 61.53, 'object_name_right': 'person', 'object_name_left': 'chair', 'object_center_right': {'x': 927, 'y': 597}, 'object_center_left': {'x': 1325, 'y': 826}, 'right_image_aov': {'x': -1.069, 'y': 2.576}, 'left_image_aov': {'x': 11.824, 'y': 12.923}, 'orb_result': 74})
  (True, 153, {'object_id_r': 2, 'object_id_l': 2, 'confidence_r': 62.58, 'confidence_l': 61.53, 'object_name_right': 'chair', 'object_name_left': 'chair', 'object_center_right': {'x': 1292, 'y': 827}, 'object_center_left': {'x': 1325, 'y': 826}, 'right_image_aov': {'x': 10.755, 'y': 12.968}, 'left_image_aov': {'x': 11.824, 'y': 12.923}, 'orb_result': 153})]]
2024-12-28 02:12:43,380 - INFO - The results of Max orb pairs are: [((2, 2), 153), ((0, 0), 126), ((1, 1), 17)]
2024-12-28 02:12:43,414 - INFO - The data of objects: [{'name': 'chair', 'distance': 11.33, 'angle': 11.29}, {'name': 'chair', 'distance': 5.5, 'angle': 22.0}, {'name': 'person', 'distance': 14.96, 'angle': -1.47}]
2024-12-28 02:12:43,414 - INFO - ----New round of detections----
2024-12-28 02:12:43,680 - INFO - -----------------------------------------------------
2024-12-28 02:12:43,680 - INFO - 
the correlation matrixe: [[(True, 126, {'object_id_r': 0, 'object_id_l': 0, 'confidence_r': 76.57, 'confidence_l': 74.84, 'object_name_right': 'chair', 'object_name_left': 'chair', 'object_center_right': {'x': 1605, 'y': 846}, 'object_center_left': {'x': 1673, 'y': 845}, 'right_image_aov': {'x': 20.895, 'y': 13.827}, 'left_image_aov': {'x': 23.098, 'y': 13.781}, 'orb_result': 126})
  (True, 48, {'object_id_r': 1, 'object_id_l': 0, 'confidence_r': 69.42, 'confidence_l': 74.84, 'object_name_right': 'person', 'object_name_left': 'chair', 'object_center_right': {'x': 927, 'y': 597}, 'object_center_left': {'x': 1673, 'y': 845}, 'right_image_aov': {'x': -1.069, 'y': 2.576}, 'left_image_aov': {'x': 23.098, 'y': 13.781}, 'orb_result': 48})
  (True, 123, {'object_id_r': 2, 'object_id_l': 0, 'confidence_r': 62.58, 'confidence_l': 74.84, 'object_name_right': 'chair', 'object_name_left': 'chair', 'object_center_right': {'x': 1292, 'y': 827}, 'object_center_left': {'x': 1673, 'y': 845}, 'right_image_aov': {'x': 10.755, 'y': 12.968}, 'left_image_aov': {'x': 23.098, 'y': 13.781}, 'orb_result': 123})]
 [(True, 30, {'object_id_r': 0, 'object_id_l': 1, 'confidence_r': 76.57, 'confidence_l': 72.23, 'object_name_right': 'chair', 'object_name_left': 'person', 'object_center_right': {'x': 1605, 'y': 846}, 'object_center_left': {'x': 902, 'y': 618}, 'right_image_aov': {'x': 20.895, 'y': 13.827}, 'left_image_aov': {'x': -1.879, 'y': 3.524}, 'orb_result': 30})
  (True, 17, {'object_id_r': 1, 'object_id_l': 1, 'confidence_r': 69.42, 'confidence_l': 72.23, 'object_name_right': 'person', 'object_name_left': 'person', 'object_center_right': {'x': 927, 'y': 597}, 'object_center_left': {'x': 902, 'y': 618}, 'right_image_aov': {'x': -1.069, 'y': 2.576}, 'left_image_aov': {'x': -1.879, 'y': 3.524}, 'orb_result': 17})
  (True, 30, {'object_id_r': 2, 'object_id_l': 1, 'confidence_r': 62.58, 'confidence_l': 72.23, 'object_name_right': 'chair', 'object_name_left': 'person', 'object_center_right': {'x': 1292, 'y': 827}, 'object_center_left': {'x': 902, 'y': 618}, 'right_image_aov': {'x': 10.755, 'y': 12.968}, 'left_image_aov': {'x': -1.879, 'y': 3.524}, 'orb_result': 30})]
 [(True, 136, {'object_id_r': 0, 'object_id_l': 2, 'confidence_r': 76.57, 'confidence_l': 61.53, 'object_name_right': 'chair', 'object_name_left': 'chair', 'object_center_right': {'x': 1605, 'y': 846}, 'object_center_left': {'x': 1325, 'y': 826}, 'right_image_aov': {'x': 20.895, 'y': 13.827}, 'left_image_aov': {'x': 11.824, 'y': 12.923}, 'orb_result': 136})
  (True, 74, {'object_id_r': 1, 'object_id_l': 2, 'confidence_r': 69.42, 'confidence_l': 61.53, 'object_name_right': 'person', 'object_name_left': 'chair', 'object_center_right': {'x': 927, 'y': 597}, 'object_center_left': {'x': 1325, 'y': 826}, 'right_image_aov': {'x': -1.069, 'y': 2.576}, 'left_image_aov': {'x': 11.824, 'y': 12.923}, 'orb_result': 74})
  (True, 153, {'object_id_r': 2, 'object_id_l': 2, 'confidence_r': 62.58, 'confidence_l': 61.53, 'object_name_right': 'chair', 'object_name_left': 'chair', 'object_center_right': {'x': 1292, 'y': 827}, 'object_center_left': {'x': 1325, 'y': 826}, 'right_image_aov': {'x': 10.755, 'y': 12.968}, 'left_image_aov': {'x': 11.824, 'y': 12.923}, 'orb_result': 153})]]
2024-12-28 02:12:43,680 - INFO - The results of Max orb pairs are: [((2, 2), 153), ((0, 0), 126), ((1, 1), 17)]
2024-12-28 02:12:43,724 - INFO - The data of objects: [{'name': 'chair', 'distance': 11.33, 'angle': 11.29}, {'name': 'chair', 'distance': 5.5, 'angle': 22.0}, {'name': 'person', 'distance': 14.96, 'angle': -1.47}]
2024-12-28 02:12:43,724 - INFO - ----New round of detections----
2024-12-28 02:12:44,000 - INFO - -----------------------------------------------------
2024-12-28 02:12:44,000 - INFO - 
the correlation matrixe: [[(True, 126, {'object_id_r': 0, 'object_id_l': 0, 'confidence_r': 76.57, 'confidence_l': 74.84, 'object_name_right': 'chair', 'object_name_left': 'chair', 'object_center_right': {'x': 1605, 'y': 846}, 'object_center_left': {'x': 1673, 'y': 845}, 'right_image_aov': {'x': 20.895, 'y': 13.827}, 'left_image_aov': {'x': 23.098, 'y': 13.781}, 'orb_result': 126})
  (True, 48, {'object_id_r': 1, 'object_id_l': 0, 'confidence_r': 69.42, 'confidence_l': 74.84, 'object_name_right': 'person', 'object_name_left': 'chair', 'object_center_right': {'x': 927, 'y': 597}, 'object_center_left': {'x': 1673, 'y': 845}, 'right_image_aov': {'x': -1.069, 'y': 2.576}, 'left_image_aov': {'x': 23.098, 'y': 13.781}, 'orb_result': 48})
  (True, 123, {'object_id_r': 2, 'object_id_l': 0, 'confidence_r': 62.58, 'confidence_l': 74.84, 'object_name_right': 'chair', 'object_name_left': 'chair', 'object_center_right': {'x': 1292, 'y': 827}, 'object_center_left': {'x': 1673, 'y': 845}, 'right_image_aov': {'x': 10.755, 'y': 12.968}, 'left_image_aov': {'x': 23.098, 'y': 13.781}, 'orb_result': 123})]
 [(True, 30, {'object_id_r': 0, 'object_id_l': 1, 'confidence_r': 76.57, 'confidence_l': 72.23, 'object_name_right': 'chair', 'object_name_left': 'person', 'object_center_right': {'x': 1605, 'y': 846}, 'object_center_left': {'x': 902, 'y': 618}, 'right_image_aov': {'x': 20.895, 'y': 13.827}, 'left_image_aov': {'x': -1.879, 'y': 3.524}, 'orb_result': 30})
  (True, 17, {'object_id_r': 1, 'object_id_l': 1, 'confidence_r': 69.42, 'confidence_l': 72.23, 'object_name_right': 'person', 'object_name_left': 'person', 'object_center_right': {'x': 927, 'y': 597}, 'object_center_left': {'x': 902, 'y': 618}, 'right_image_aov': {'x': -1.069, 'y': 2.576}, 'left_image_aov': {'x': -1.879, 'y': 3.524}, 'orb_result': 17})
  (True, 30, {'object_id_r': 2, 'object_id_l': 1, 'confidence_r': 62.58, 'confidence_l': 72.23, 'object_name_right': 'chair', 'object_name_left': 'person', 'object_center_right': {'x': 1292, 'y': 827}, 'object_center_left': {'x': 902, 'y': 618}, 'right_image_aov': {'x': 10.755, 'y': 12.968}, 'left_image_aov': {'x': -1.879, 'y': 3.524}, 'orb_result': 30})]
 [(True, 136, {'object_id_r': 0, 'object_id_l': 2, 'confidence_r': 76.57, 'confidence_l': 61.53, 'object_name_right': 'chair', 'object_name_left': 'chair', 'object_center_right': {'x': 1605, 'y': 846}, 'object_center_left': {'x': 1325, 'y': 826}, 'right_image_aov': {'x': 20.895, 'y': 13.827}, 'left_image_aov': {'x': 11.824, 'y': 12.923}, 'orb_result': 136})
  (True, 74, {'object_id_r': 1, 'object_id_l': 2, 'confidence_r': 69.42, 'confidence_l': 61.53, 'object_name_right': 'person', 'object_name_left': 'chair', 'object_center_right': {'x': 927, 'y': 597}, 'object_center_left': {'x': 1325, 'y': 826}, 'right_image_aov': {'x': -1.069, 'y': 2.576}, 'left_image_aov': {'x': 11.824, 'y': 12.923}, 'orb_result': 74})
  (True, 153, {'object_id_r': 2, 'object_id_l': 2, 'confidence_r': 62.58, 'confidence_l': 61.53, 'object_name_right': 'chair', 'object_name_left': 'chair', 'object_center_right': {'x': 1292, 'y': 827}, 'object_center_left': {'x': 1325, 'y': 826}, 'right_image_aov': {'x': 10.755, 'y': 12.968}, 'left_image_aov': {'x': 11.824, 'y': 12.923}, 'orb_result': 153})]]
2024-12-28 02:12:44,000 - INFO - The results of Max orb pairs are: [((2, 2), 153), ((0, 0), 126), ((1, 1), 17)]
2024-12-28 02:12:44,033 - INFO - The data of objects: [{'name': 'chair', 'distance': 11.33, 'angle': 11.29}, {'name': 'chair', 'distance': 5.5, 'angle': 22.0}, {'name': 'person', 'distance': 14.96, 'angle': -1.47}]
2024-12-28 02:12:44,033 - INFO - ----New round of detections----
2024-12-28 02:12:44,313 - INFO - -----------------------------------------------------
2024-12-28 02:12:44,313 - INFO - 
the correlation matrixe: [[(True, 126, {'object_id_r': 0, 'object_id_l': 0, 'confidence_r': 76.57, 'confidence_l': 74.84, 'object_name_right': 'chair', 'object_name_left': 'chair', 'object_center_right': {'x': 1605, 'y': 846}, 'object_center_left': {'x': 1673, 'y': 845}, 'right_image_aov': {'x': 20.895, 'y': 13.827}, 'left_image_aov': {'x': 23.098, 'y': 13.781}, 'orb_result': 126})
  (True, 48, {'object_id_r': 1, 'object_id_l': 0, 'confidence_r': 69.42, 'confidence_l': 74.84, 'object_name_right': 'person', 'object_name_left': 'chair', 'object_center_right': {'x': 927, 'y': 597}, 'object_center_left': {'x': 1673, 'y': 845}, 'right_image_aov': {'x': -1.069, 'y': 2.576}, 'left_image_aov': {'x': 23.098, 'y': 13.781}, 'orb_result': 48})
  (True, 123, {'object_id_r': 2, 'object_id_l': 0, 'confidence_r': 62.58, 'confidence_l': 74.84, 'object_name_right': 'chair', 'object_name_left': 'chair', 'object_center_right': {'x': 1292, 'y': 827}, 'object_center_left': {'x': 1673, 'y': 845}, 'right_image_aov': {'x': 10.755, 'y': 12.968}, 'left_image_aov': {'x': 23.098, 'y': 13.781}, 'orb_result': 123})]
 [(True, 30, {'object_id_r': 0, 'object_id_l': 1, 'confidence_r': 76.57, 'confidence_l': 72.23, 'object_name_right': 'chair', 'object_name_left': 'person', 'object_center_right': {'x': 1605, 'y': 846}, 'object_center_left': {'x': 902, 'y': 618}, 'right_image_aov': {'x': 20.895, 'y': 13.827}, 'left_image_aov': {'x': -1.879, 'y': 3.524}, 'orb_result': 30})
  (True, 17, {'object_id_r': 1, 'object_id_l': 1, 'confidence_r': 69.42, 'confidence_l': 72.23, 'object_name_right': 'person', 'object_name_left': 'person', 'object_center_right': {'x': 927, 'y': 597}, 'object_center_left': {'x': 902, 'y': 618}, 'right_image_aov': {'x': -1.069, 'y': 2.576}, 'left_image_aov': {'x': -1.879, 'y': 3.524}, 'orb_result': 17})
  (True, 30, {'object_id_r': 2, 'object_id_l': 1, 'confidence_r': 62.58, 'confidence_l': 72.23, 'object_name_right': 'chair', 'object_name_left': 'person', 'object_center_right': {'x': 1292, 'y': 827}, 'object_center_left': {'x': 902, 'y': 618}, 'right_image_aov': {'x': 10.755, 'y': 12.968}, 'left_image_aov': {'x': -1.879, 'y': 3.524}, 'orb_result': 30})]
 [(True, 136, {'object_id_r': 0, 'object_id_l': 2, 'confidence_r': 76.57, 'confidence_l': 61.53, 'object_name_right': 'chair', 'object_name_left': 'chair', 'object_center_right': {'x': 1605, 'y': 846}, 'object_center_left': {'x': 1325, 'y': 826}, 'right_image_aov': {'x': 20.895, 'y': 13.827}, 'left_image_aov': {'x': 11.824, 'y': 12.923}, 'orb_result': 136})
  (True, 74, {'object_id_r': 1, 'object_id_l': 2, 'confidence_r': 69.42, 'confidence_l': 61.53, 'object_name_right': 'person', 'object_name_left': 'chair', 'object_center_right': {'x': 927, 'y': 597}, 'object_center_left': {'x': 1325, 'y': 826}, 'right_image_aov': {'x': -1.069, 'y': 2.576}, 'left_image_aov': {'x': 11.824, 'y': 12.923}, 'orb_result': 74})
  (True, 153, {'object_id_r': 2, 'object_id_l': 2, 'confidence_r': 62.58, 'confidence_l': 61.53, 'object_name_right': 'chair', 'object_name_left': 'chair', 'object_center_right': {'x': 1292, 'y': 827}, 'object_center_left': {'x': 1325, 'y': 826}, 'right_image_aov': {'x': 10.755, 'y': 12.968}, 'left_image_aov': {'x': 11.824, 'y': 12.923}, 'orb_result': 153})]]
2024-12-28 02:12:44,313 - INFO - The results of Max orb pairs are: [((2, 2), 153), ((0, 0), 126), ((1, 1), 17)]
2024-12-28 02:12:44,348 - INFO - The data of objects: [{'name': 'chair', 'distance': 11.33, 'angle': 11.29}, {'name': 'chair', 'distance': 5.5, 'angle': 22.0}, {'name': 'person', 'distance': 14.96, 'angle': -1.47}]
2024-12-28 02:12:44,348 - INFO - ----New round of detections----
2024-12-28 02:12:44,652 - INFO - -----------------------------------------------------
2024-12-28 02:12:44,652 - INFO - 
the correlation matrixe: [[(True, 126, {'object_id_r': 0, 'object_id_l': 0, 'confidence_r': 76.57, 'confidence_l': 74.84, 'object_name_right': 'chair', 'object_name_left': 'chair', 'object_center_right': {'x': 1605, 'y': 846}, 'object_center_left': {'x': 1673, 'y': 845}, 'right_image_aov': {'x': 20.895, 'y': 13.827}, 'left_image_aov': {'x': 23.098, 'y': 13.781}, 'orb_result': 126})
  (True, 48, {'object_id_r': 1, 'object_id_l': 0, 'confidence_r': 69.42, 'confidence_l': 74.84, 'object_name_right': 'person', 'object_name_left': 'chair', 'object_center_right': {'x': 927, 'y': 597}, 'object_center_left': {'x': 1673, 'y': 845}, 'right_image_aov': {'x': -1.069, 'y': 2.576}, 'left_image_aov': {'x': 23.098, 'y': 13.781}, 'orb_result': 48})
  (True, 123, {'object_id_r': 2, 'object_id_l': 0, 'confidence_r': 62.58, 'confidence_l': 74.84, 'object_name_right': 'chair', 'object_name_left': 'chair', 'object_center_right': {'x': 1292, 'y': 827}, 'object_center_left': {'x': 1673, 'y': 845}, 'right_image_aov': {'x': 10.755, 'y': 12.968}, 'left_image_aov': {'x': 23.098, 'y': 13.781}, 'orb_result': 123})]
 [(True, 30, {'object_id_r': 0, 'object_id_l': 1, 'confidence_r': 76.57, 'confidence_l': 72.23, 'object_name_right': 'chair', 'object_name_left': 'person', 'object_center_right': {'x': 1605, 'y': 846}, 'object_center_left': {'x': 902, 'y': 618}, 'right_image_aov': {'x': 20.895, 'y': 13.827}, 'left_image_aov': {'x': -1.879, 'y': 3.524}, 'orb_result': 30})
  (True, 17, {'object_id_r': 1, 'object_id_l': 1, 'confidence_r': 69.42, 'confidence_l': 72.23, 'object_name_right': 'person', 'object_name_left': 'person', 'object_center_right': {'x': 927, 'y': 597}, 'object_center_left': {'x': 902, 'y': 618}, 'right_image_aov': {'x': -1.069, 'y': 2.576}, 'left_image_aov': {'x': -1.879, 'y': 3.524}, 'orb_result': 17})
  (True, 30, {'object_id_r': 2, 'object_id_l': 1, 'confidence_r': 62.58, 'confidence_l': 72.23, 'object_name_right': 'chair', 'object_name_left': 'person', 'object_center_right': {'x': 1292, 'y': 827}, 'object_center_left': {'x': 902, 'y': 618}, 'right_image_aov': {'x': 10.755, 'y': 12.968}, 'left_image_aov': {'x': -1.879, 'y': 3.524}, 'orb_result': 30})]
 [(True, 136, {'object_id_r': 0, 'object_id_l': 2, 'confidence_r': 76.57, 'confidence_l': 61.53, 'object_name_right': 'chair', 'object_name_left': 'chair', 'object_center_right': {'x': 1605, 'y': 846}, 'object_center_left': {'x': 1325, 'y': 826}, 'right_image_aov': {'x': 20.895, 'y': 13.827}, 'left_image_aov': {'x': 11.824, 'y': 12.923}, 'orb_result': 136})
  (True, 74, {'object_id_r': 1, 'object_id_l': 2, 'confidence_r': 69.42, 'confidence_l': 61.53, 'object_name_right': 'person', 'object_name_left': 'chair', 'object_center_right': {'x': 927, 'y': 597}, 'object_center_left': {'x': 1325, 'y': 826}, 'right_image_aov': {'x': -1.069, 'y': 2.576}, 'left_image_aov': {'x': 11.824, 'y': 12.923}, 'orb_result': 74})
  (True, 153, {'object_id_r': 2, 'object_id_l': 2, 'confidence_r': 62.58, 'confidence_l': 61.53, 'object_name_right': 'chair', 'object_name_left': 'chair', 'object_center_right': {'x': 1292, 'y': 827}, 'object_center_left': {'x': 1325, 'y': 826}, 'right_image_aov': {'x': 10.755, 'y': 12.968}, 'left_image_aov': {'x': 11.824, 'y': 12.923}, 'orb_result': 153})]]
2024-12-28 02:12:44,652 - INFO - The results of Max orb pairs are: [((2, 2), 153), ((0, 0), 126), ((1, 1), 17)]
2024-12-28 02:12:44,692 - INFO - The data of objects: [{'name': 'chair', 'distance': 11.33, 'angle': 11.29}, {'name': 'chair', 'distance': 5.5, 'angle': 22.0}, {'name': 'person', 'distance': 14.96, 'angle': -1.47}]
2024-12-28 02:12:44,692 - INFO - ----New round of detections----
2024-12-28 02:12:44,979 - INFO - -----------------------------------------------------
2024-12-28 02:12:44,979 - INFO - 
the correlation matrixe: [[(True, 126, {'object_id_r': 0, 'object_id_l': 0, 'confidence_r': 76.57, 'confidence_l': 74.84, 'object_name_right': 'chair', 'object_name_left': 'chair', 'object_center_right': {'x': 1605, 'y': 846}, 'object_center_left': {'x': 1673, 'y': 845}, 'right_image_aov': {'x': 20.895, 'y': 13.827}, 'left_image_aov': {'x': 23.098, 'y': 13.781}, 'orb_result': 126})
  (True, 48, {'object_id_r': 1, 'object_id_l': 0, 'confidence_r': 69.42, 'confidence_l': 74.84, 'object_name_right': 'person', 'object_name_left': 'chair', 'object_center_right': {'x': 927, 'y': 597}, 'object_center_left': {'x': 1673, 'y': 845}, 'right_image_aov': {'x': -1.069, 'y': 2.576}, 'left_image_aov': {'x': 23.098, 'y': 13.781}, 'orb_result': 48})
  (True, 123, {'object_id_r': 2, 'object_id_l': 0, 'confidence_r': 62.58, 'confidence_l': 74.84, 'object_name_right': 'chair', 'object_name_left': 'chair', 'object_center_right': {'x': 1292, 'y': 827}, 'object_center_left': {'x': 1673, 'y': 845}, 'right_image_aov': {'x': 10.755, 'y': 12.968}, 'left_image_aov': {'x': 23.098, 'y': 13.781}, 'orb_result': 123})]
 [(True, 30, {'object_id_r': 0, 'object_id_l': 1, 'confidence_r': 76.57, 'confidence_l': 72.23, 'object_name_right': 'chair', 'object_name_left': 'person', 'object_center_right': {'x': 1605, 'y': 846}, 'object_center_left': {'x': 902, 'y': 618}, 'right_image_aov': {'x': 20.895, 'y': 13.827}, 'left_image_aov': {'x': -1.879, 'y': 3.524}, 'orb_result': 30})
  (True, 17, {'object_id_r': 1, 'object_id_l': 1, 'confidence_r': 69.42, 'confidence_l': 72.23, 'object_name_right': 'person', 'object_name_left': 'person', 'object_center_right': {'x': 927, 'y': 597}, 'object_center_left': {'x': 902, 'y': 618}, 'right_image_aov': {'x': -1.069, 'y': 2.576}, 'left_image_aov': {'x': -1.879, 'y': 3.524}, 'orb_result': 17})
  (True, 30, {'object_id_r': 2, 'object_id_l': 1, 'confidence_r': 62.58, 'confidence_l': 72.23, 'object_name_right': 'chair', 'object_name_left': 'person', 'object_center_right': {'x': 1292, 'y': 827}, 'object_center_left': {'x': 902, 'y': 618}, 'right_image_aov': {'x': 10.755, 'y': 12.968}, 'left_image_aov': {'x': -1.879, 'y': 3.524}, 'orb_result': 30})]
 [(True, 136, {'object_id_r': 0, 'object_id_l': 2, 'confidence_r': 76.57, 'confidence_l': 61.53, 'object_name_right': 'chair', 'object_name_left': 'chair', 'object_center_right': {'x': 1605, 'y': 846}, 'object_center_left': {'x': 1325, 'y': 826}, 'right_image_aov': {'x': 20.895, 'y': 13.827}, 'left_image_aov': {'x': 11.824, 'y': 12.923}, 'orb_result': 136})
  (True, 74, {'object_id_r': 1, 'object_id_l': 2, 'confidence_r': 69.42, 'confidence_l': 61.53, 'object_name_right': 'person', 'object_name_left': 'chair', 'object_center_right': {'x': 927, 'y': 597}, 'object_center_left': {'x': 1325, 'y': 826}, 'right_image_aov': {'x': -1.069, 'y': 2.576}, 'left_image_aov': {'x': 11.824, 'y': 12.923}, 'orb_result': 74})
  (True, 153, {'object_id_r': 2, 'object_id_l': 2, 'confidence_r': 62.58, 'confidence_l': 61.53, 'object_name_right': 'chair', 'object_name_left': 'chair', 'object_center_right': {'x': 1292, 'y': 827}, 'object_center_left': {'x': 1325, 'y': 826}, 'right_image_aov': {'x': 10.755, 'y': 12.968}, 'left_image_aov': {'x': 11.824, 'y': 12.923}, 'orb_result': 153})]]
2024-12-28 02:12:44,979 - INFO - The results of Max orb pairs are: [((2, 2), 153), ((0, 0), 126), ((1, 1), 17)]
2024-12-28 02:12:45,027 - INFO - The data of objects: [{'name': 'chair', 'distance': 11.33, 'angle': 11.29}, {'name': 'chair', 'distance': 5.5, 'angle': 22.0}, {'name': 'person', 'distance': 14.96, 'angle': -1.47}]
2024-12-28 02:12:45,027 - INFO - ----New round of detections----
2024-12-28 02:12:45,304 - INFO - -----------------------------------------------------
2024-12-28 02:12:45,304 - INFO - 
the correlation matrixe: [[(True, 126, {'object_id_r': 0, 'object_id_l': 0, 'confidence_r': 76.57, 'confidence_l': 74.84, 'object_name_right': 'chair', 'object_name_left': 'chair', 'object_center_right': {'x': 1605, 'y': 846}, 'object_center_left': {'x': 1673, 'y': 845}, 'right_image_aov': {'x': 20.895, 'y': 13.827}, 'left_image_aov': {'x': 23.098, 'y': 13.781}, 'orb_result': 126})
  (True, 48, {'object_id_r': 1, 'object_id_l': 0, 'confidence_r': 69.42, 'confidence_l': 74.84, 'object_name_right': 'person', 'object_name_left': 'chair', 'object_center_right': {'x': 927, 'y': 597}, 'object_center_left': {'x': 1673, 'y': 845}, 'right_image_aov': {'x': -1.069, 'y': 2.576}, 'left_image_aov': {'x': 23.098, 'y': 13.781}, 'orb_result': 48})
  (True, 123, {'object_id_r': 2, 'object_id_l': 0, 'confidence_r': 62.58, 'confidence_l': 74.84, 'object_name_right': 'chair', 'object_name_left': 'chair', 'object_center_right': {'x': 1292, 'y': 827}, 'object_center_left': {'x': 1673, 'y': 845}, 'right_image_aov': {'x': 10.755, 'y': 12.968}, 'left_image_aov': {'x': 23.098, 'y': 13.781}, 'orb_result': 123})]
 [(True, 30, {'object_id_r': 0, 'object_id_l': 1, 'confidence_r': 76.57, 'confidence_l': 72.23, 'object_name_right': 'chair', 'object_name_left': 'person', 'object_center_right': {'x': 1605, 'y': 846}, 'object_center_left': {'x': 902, 'y': 618}, 'right_image_aov': {'x': 20.895, 'y': 13.827}, 'left_image_aov': {'x': -1.879, 'y': 3.524}, 'orb_result': 30})
  (True, 17, {'object_id_r': 1, 'object_id_l': 1, 'confidence_r': 69.42, 'confidence_l': 72.23, 'object_name_right': 'person', 'object_name_left': 'person', 'object_center_right': {'x': 927, 'y': 597}, 'object_center_left': {'x': 902, 'y': 618}, 'right_image_aov': {'x': -1.069, 'y': 2.576}, 'left_image_aov': {'x': -1.879, 'y': 3.524}, 'orb_result': 17})
  (True, 30, {'object_id_r': 2, 'object_id_l': 1, 'confidence_r': 62.58, 'confidence_l': 72.23, 'object_name_right': 'chair', 'object_name_left': 'person', 'object_center_right': {'x': 1292, 'y': 827}, 'object_center_left': {'x': 902, 'y': 618}, 'right_image_aov': {'x': 10.755, 'y': 12.968}, 'left_image_aov': {'x': -1.879, 'y': 3.524}, 'orb_result': 30})]
 [(True, 136, {'object_id_r': 0, 'object_id_l': 2, 'confidence_r': 76.57, 'confidence_l': 61.53, 'object_name_right': 'chair', 'object_name_left': 'chair', 'object_center_right': {'x': 1605, 'y': 846}, 'object_center_left': {'x': 1325, 'y': 826}, 'right_image_aov': {'x': 20.895, 'y': 13.827}, 'left_image_aov': {'x': 11.824, 'y': 12.923}, 'orb_result': 136})
  (True, 74, {'object_id_r': 1, 'object_id_l': 2, 'confidence_r': 69.42, 'confidence_l': 61.53, 'object_name_right': 'person', 'object_name_left': 'chair', 'object_center_right': {'x': 927, 'y': 597}, 'object_center_left': {'x': 1325, 'y': 826}, 'right_image_aov': {'x': -1.069, 'y': 2.576}, 'left_image_aov': {'x': 11.824, 'y': 12.923}, 'orb_result': 74})
  (True, 153, {'object_id_r': 2, 'object_id_l': 2, 'confidence_r': 62.58, 'confidence_l': 61.53, 'object_name_right': 'chair', 'object_name_left': 'chair', 'object_center_right': {'x': 1292, 'y': 827}, 'object_center_left': {'x': 1325, 'y': 826}, 'right_image_aov': {'x': 10.755, 'y': 12.968}, 'left_image_aov': {'x': 11.824, 'y': 12.923}, 'orb_result': 153})]]
2024-12-28 02:12:45,304 - INFO - The results of Max orb pairs are: [((2, 2), 153), ((0, 0), 126), ((1, 1), 17)]
2024-12-28 02:12:45,339 - INFO - The data of objects: [{'name': 'chair', 'distance': 11.33, 'angle': 11.29}, {'name': 'chair', 'distance': 5.5, 'angle': 22.0}, {'name': 'person', 'distance': 14.96, 'angle': -1.47}]
2024-12-28 02:12:45,339 - INFO - ----New round of detections----
2024-12-28 02:12:45,620 - INFO - -----------------------------------------------------
2024-12-28 02:12:45,620 - INFO - 
the correlation matrixe: [[(True, 126, {'object_id_r': 0, 'object_id_l': 0, 'confidence_r': 76.57, 'confidence_l': 74.84, 'object_name_right': 'chair', 'object_name_left': 'chair', 'object_center_right': {'x': 1605, 'y': 846}, 'object_center_left': {'x': 1673, 'y': 845}, 'right_image_aov': {'x': 20.895, 'y': 13.827}, 'left_image_aov': {'x': 23.098, 'y': 13.781}, 'orb_result': 126})
  (True, 48, {'object_id_r': 1, 'object_id_l': 0, 'confidence_r': 69.42, 'confidence_l': 74.84, 'object_name_right': 'person', 'object_name_left': 'chair', 'object_center_right': {'x': 927, 'y': 597}, 'object_center_left': {'x': 1673, 'y': 845}, 'right_image_aov': {'x': -1.069, 'y': 2.576}, 'left_image_aov': {'x': 23.098, 'y': 13.781}, 'orb_result': 48})
  (True, 123, {'object_id_r': 2, 'object_id_l': 0, 'confidence_r': 62.58, 'confidence_l': 74.84, 'object_name_right': 'chair', 'object_name_left': 'chair', 'object_center_right': {'x': 1292, 'y': 827}, 'object_center_left': {'x': 1673, 'y': 845}, 'right_image_aov': {'x': 10.755, 'y': 12.968}, 'left_image_aov': {'x': 23.098, 'y': 13.781}, 'orb_result': 123})]
 [(True, 30, {'object_id_r': 0, 'object_id_l': 1, 'confidence_r': 76.57, 'confidence_l': 72.23, 'object_name_right': 'chair', 'object_name_left': 'person', 'object_center_right': {'x': 1605, 'y': 846}, 'object_center_left': {'x': 902, 'y': 618}, 'right_image_aov': {'x': 20.895, 'y': 13.827}, 'left_image_aov': {'x': -1.879, 'y': 3.524}, 'orb_result': 30})
  (True, 17, {'object_id_r': 1, 'object_id_l': 1, 'confidence_r': 69.42, 'confidence_l': 72.23, 'object_name_right': 'person', 'object_name_left': 'person', 'object_center_right': {'x': 927, 'y': 597}, 'object_center_left': {'x': 902, 'y': 618}, 'right_image_aov': {'x': -1.069, 'y': 2.576}, 'left_image_aov': {'x': -1.879, 'y': 3.524}, 'orb_result': 17})
  (True, 30, {'object_id_r': 2, 'object_id_l': 1, 'confidence_r': 62.58, 'confidence_l': 72.23, 'object_name_right': 'chair', 'object_name_left': 'person', 'object_center_right': {'x': 1292, 'y': 827}, 'object_center_left': {'x': 902, 'y': 618}, 'right_image_aov': {'x': 10.755, 'y': 12.968}, 'left_image_aov': {'x': -1.879, 'y': 3.524}, 'orb_result': 30})]
 [(True, 136, {'object_id_r': 0, 'object_id_l': 2, 'confidence_r': 76.57, 'confidence_l': 61.53, 'object_name_right': 'chair', 'object_name_left': 'chair', 'object_center_right': {'x': 1605, 'y': 846}, 'object_center_left': {'x': 1325, 'y': 826}, 'right_image_aov': {'x': 20.895, 'y': 13.827}, 'left_image_aov': {'x': 11.824, 'y': 12.923}, 'orb_result': 136})
  (True, 74, {'object_id_r': 1, 'object_id_l': 2, 'confidence_r': 69.42, 'confidence_l': 61.53, 'object_name_right': 'person', 'object_name_left': 'chair', 'object_center_right': {'x': 927, 'y': 597}, 'object_center_left': {'x': 1325, 'y': 826}, 'right_image_aov': {'x': -1.069, 'y': 2.576}, 'left_image_aov': {'x': 11.824, 'y': 12.923}, 'orb_result': 74})
  (True, 153, {'object_id_r': 2, 'object_id_l': 2, 'confidence_r': 62.58, 'confidence_l': 61.53, 'object_name_right': 'chair', 'object_name_left': 'chair', 'object_center_right': {'x': 1292, 'y': 827}, 'object_center_left': {'x': 1325, 'y': 826}, 'right_image_aov': {'x': 10.755, 'y': 12.968}, 'left_image_aov': {'x': 11.824, 'y': 12.923}, 'orb_result': 153})]]
2024-12-28 02:12:45,621 - INFO - The results of Max orb pairs are: [((2, 2), 153), ((0, 0), 126), ((1, 1), 17)]
2024-12-28 02:12:45,656 - INFO - The data of objects: [{'name': 'chair', 'distance': 11.33, 'angle': 11.29}, {'name': 'chair', 'distance': 5.5, 'angle': 22.0}, {'name': 'person', 'distance': 14.96, 'angle': -1.47}]
2024-12-28 02:12:45,657 - INFO - ----New round of detections----
2024-12-28 02:12:45,943 - INFO - -----------------------------------------------------
2024-12-28 02:12:45,944 - INFO - 
the correlation matrixe: [[(True, 126, {'object_id_r': 0, 'object_id_l': 0, 'confidence_r': 76.57, 'confidence_l': 74.84, 'object_name_right': 'chair', 'object_name_left': 'chair', 'object_center_right': {'x': 1605, 'y': 846}, 'object_center_left': {'x': 1673, 'y': 845}, 'right_image_aov': {'x': 20.895, 'y': 13.827}, 'left_image_aov': {'x': 23.098, 'y': 13.781}, 'orb_result': 126})
  (True, 48, {'object_id_r': 1, 'object_id_l': 0, 'confidence_r': 69.42, 'confidence_l': 74.84, 'object_name_right': 'person', 'object_name_left': 'chair', 'object_center_right': {'x': 927, 'y': 597}, 'object_center_left': {'x': 1673, 'y': 845}, 'right_image_aov': {'x': -1.069, 'y': 2.576}, 'left_image_aov': {'x': 23.098, 'y': 13.781}, 'orb_result': 48})
  (True, 123, {'object_id_r': 2, 'object_id_l': 0, 'confidence_r': 62.58, 'confidence_l': 74.84, 'object_name_right': 'chair', 'object_name_left': 'chair', 'object_center_right': {'x': 1292, 'y': 827}, 'object_center_left': {'x': 1673, 'y': 845}, 'right_image_aov': {'x': 10.755, 'y': 12.968}, 'left_image_aov': {'x': 23.098, 'y': 13.781}, 'orb_result': 123})]
 [(True, 30, {'object_id_r': 0, 'object_id_l': 1, 'confidence_r': 76.57, 'confidence_l': 72.23, 'object_name_right': 'chair', 'object_name_left': 'person', 'object_center_right': {'x': 1605, 'y': 846}, 'object_center_left': {'x': 902, 'y': 618}, 'right_image_aov': {'x': 20.895, 'y': 13.827}, 'left_image_aov': {'x': -1.879, 'y': 3.524}, 'orb_result': 30})
  (True, 17, {'object_id_r': 1, 'object_id_l': 1, 'confidence_r': 69.42, 'confidence_l': 72.23, 'object_name_right': 'person', 'object_name_left': 'person', 'object_center_right': {'x': 927, 'y': 597}, 'object_center_left': {'x': 902, 'y': 618}, 'right_image_aov': {'x': -1.069, 'y': 2.576}, 'left_image_aov': {'x': -1.879, 'y': 3.524}, 'orb_result': 17})
  (True, 30, {'object_id_r': 2, 'object_id_l': 1, 'confidence_r': 62.58, 'confidence_l': 72.23, 'object_name_right': 'chair', 'object_name_left': 'person', 'object_center_right': {'x': 1292, 'y': 827}, 'object_center_left': {'x': 902, 'y': 618}, 'right_image_aov': {'x': 10.755, 'y': 12.968}, 'left_image_aov': {'x': -1.879, 'y': 3.524}, 'orb_result': 30})]
 [(True, 136, {'object_id_r': 0, 'object_id_l': 2, 'confidence_r': 76.57, 'confidence_l': 61.53, 'object_name_right': 'chair', 'object_name_left': 'chair', 'object_center_right': {'x': 1605, 'y': 846}, 'object_center_left': {'x': 1325, 'y': 826}, 'right_image_aov': {'x': 20.895, 'y': 13.827}, 'left_image_aov': {'x': 11.824, 'y': 12.923}, 'orb_result': 136})
  (True, 74, {'object_id_r': 1, 'object_id_l': 2, 'confidence_r': 69.42, 'confidence_l': 61.53, 'object_name_right': 'person', 'object_name_left': 'chair', 'object_center_right': {'x': 927, 'y': 597}, 'object_center_left': {'x': 1325, 'y': 826}, 'right_image_aov': {'x': -1.069, 'y': 2.576}, 'left_image_aov': {'x': 11.824, 'y': 12.923}, 'orb_result': 74})
  (True, 153, {'object_id_r': 2, 'object_id_l': 2, 'confidence_r': 62.58, 'confidence_l': 61.53, 'object_name_right': 'chair', 'object_name_left': 'chair', 'object_center_right': {'x': 1292, 'y': 827}, 'object_center_left': {'x': 1325, 'y': 826}, 'right_image_aov': {'x': 10.755, 'y': 12.968}, 'left_image_aov': {'x': 11.824, 'y': 12.923}, 'orb_result': 153})]]
2024-12-28 02:12:45,944 - INFO - The results of Max orb pairs are: [((2, 2), 153), ((0, 0), 126), ((1, 1), 17)]
2024-12-28 02:12:45,987 - INFO - The data of objects: [{'name': 'chair', 'distance': 11.33, 'angle': 11.29}, {'name': 'chair', 'distance': 5.5, 'angle': 22.0}, {'name': 'person', 'distance': 14.96, 'angle': -1.47}]
2024-12-28 02:12:45,987 - INFO - ----New round of detections----
2024-12-28 02:12:46,273 - INFO - -----------------------------------------------------
2024-12-28 02:12:46,274 - INFO - 
the correlation matrixe: [[(True, 126, {'object_id_r': 0, 'object_id_l': 0, 'confidence_r': 76.57, 'confidence_l': 74.84, 'object_name_right': 'chair', 'object_name_left': 'chair', 'object_center_right': {'x': 1605, 'y': 846}, 'object_center_left': {'x': 1673, 'y': 845}, 'right_image_aov': {'x': 20.895, 'y': 13.827}, 'left_image_aov': {'x': 23.098, 'y': 13.781}, 'orb_result': 126})
  (True, 48, {'object_id_r': 1, 'object_id_l': 0, 'confidence_r': 69.42, 'confidence_l': 74.84, 'object_name_right': 'person', 'object_name_left': 'chair', 'object_center_right': {'x': 927, 'y': 597}, 'object_center_left': {'x': 1673, 'y': 845}, 'right_image_aov': {'x': -1.069, 'y': 2.576}, 'left_image_aov': {'x': 23.098, 'y': 13.781}, 'orb_result': 48})
  (True, 123, {'object_id_r': 2, 'object_id_l': 0, 'confidence_r': 62.58, 'confidence_l': 74.84, 'object_name_right': 'chair', 'object_name_left': 'chair', 'object_center_right': {'x': 1292, 'y': 827}, 'object_center_left': {'x': 1673, 'y': 845}, 'right_image_aov': {'x': 10.755, 'y': 12.968}, 'left_image_aov': {'x': 23.098, 'y': 13.781}, 'orb_result': 123})]
 [(True, 30, {'object_id_r': 0, 'object_id_l': 1, 'confidence_r': 76.57, 'confidence_l': 72.23, 'object_name_right': 'chair', 'object_name_left': 'person', 'object_center_right': {'x': 1605, 'y': 846}, 'object_center_left': {'x': 902, 'y': 618}, 'right_image_aov': {'x': 20.895, 'y': 13.827}, 'left_image_aov': {'x': -1.879, 'y': 3.524}, 'orb_result': 30})
  (True, 17, {'object_id_r': 1, 'object_id_l': 1, 'confidence_r': 69.42, 'confidence_l': 72.23, 'object_name_right': 'person', 'object_name_left': 'person', 'object_center_right': {'x': 927, 'y': 597}, 'object_center_left': {'x': 902, 'y': 618}, 'right_image_aov': {'x': -1.069, 'y': 2.576}, 'left_image_aov': {'x': -1.879, 'y': 3.524}, 'orb_result': 17})
  (True, 30, {'object_id_r': 2, 'object_id_l': 1, 'confidence_r': 62.58, 'confidence_l': 72.23, 'object_name_right': 'chair', 'object_name_left': 'person', 'object_center_right': {'x': 1292, 'y': 827}, 'object_center_left': {'x': 902, 'y': 618}, 'right_image_aov': {'x': 10.755, 'y': 12.968}, 'left_image_aov': {'x': -1.879, 'y': 3.524}, 'orb_result': 30})]
 [(True, 136, {'object_id_r': 0, 'object_id_l': 2, 'confidence_r': 76.57, 'confidence_l': 61.53, 'object_name_right': 'chair', 'object_name_left': 'chair', 'object_center_right': {'x': 1605, 'y': 846}, 'object_center_left': {'x': 1325, 'y': 826}, 'right_image_aov': {'x': 20.895, 'y': 13.827}, 'left_image_aov': {'x': 11.824, 'y': 12.923}, 'orb_result': 136})
  (True, 74, {'object_id_r': 1, 'object_id_l': 2, 'confidence_r': 69.42, 'confidence_l': 61.53, 'object_name_right': 'person', 'object_name_left': 'chair', 'object_center_right': {'x': 927, 'y': 597}, 'object_center_left': {'x': 1325, 'y': 826}, 'right_image_aov': {'x': -1.069, 'y': 2.576}, 'left_image_aov': {'x': 11.824, 'y': 12.923}, 'orb_result': 74})
  (True, 153, {'object_id_r': 2, 'object_id_l': 2, 'confidence_r': 62.58, 'confidence_l': 61.53, 'object_name_right': 'chair', 'object_name_left': 'chair', 'object_center_right': {'x': 1292, 'y': 827}, 'object_center_left': {'x': 1325, 'y': 826}, 'right_image_aov': {'x': 10.755, 'y': 12.968}, 'left_image_aov': {'x': 11.824, 'y': 12.923}, 'orb_result': 153})]]
2024-12-28 02:12:46,274 - INFO - The results of Max orb pairs are: [((2, 2), 153), ((0, 0), 126), ((1, 1), 17)]
2024-12-28 02:12:46,316 - INFO - The data of objects: [{'name': 'chair', 'distance': 11.33, 'angle': 11.29}, {'name': 'chair', 'distance': 5.5, 'angle': 22.0}, {'name': 'person', 'distance': 14.96, 'angle': -1.47}]
2024-12-28 02:12:46,316 - INFO - ----New round of detections----
2024-12-28 02:12:46,596 - INFO - -----------------------------------------------------
2024-12-28 02:12:46,596 - INFO - 
the correlation matrixe: [[(True, 126, {'object_id_r': 0, 'object_id_l': 0, 'confidence_r': 76.57, 'confidence_l': 74.84, 'object_name_right': 'chair', 'object_name_left': 'chair', 'object_center_right': {'x': 1605, 'y': 846}, 'object_center_left': {'x': 1673, 'y': 845}, 'right_image_aov': {'x': 20.895, 'y': 13.827}, 'left_image_aov': {'x': 23.098, 'y': 13.781}, 'orb_result': 126})
  (True, 48, {'object_id_r': 1, 'object_id_l': 0, 'confidence_r': 69.42, 'confidence_l': 74.84, 'object_name_right': 'person', 'object_name_left': 'chair', 'object_center_right': {'x': 927, 'y': 597}, 'object_center_left': {'x': 1673, 'y': 845}, 'right_image_aov': {'x': -1.069, 'y': 2.576}, 'left_image_aov': {'x': 23.098, 'y': 13.781}, 'orb_result': 48})
  (True, 123, {'object_id_r': 2, 'object_id_l': 0, 'confidence_r': 62.58, 'confidence_l': 74.84, 'object_name_right': 'chair', 'object_name_left': 'chair', 'object_center_right': {'x': 1292, 'y': 827}, 'object_center_left': {'x': 1673, 'y': 845}, 'right_image_aov': {'x': 10.755, 'y': 12.968}, 'left_image_aov': {'x': 23.098, 'y': 13.781}, 'orb_result': 123})]
 [(True, 30, {'object_id_r': 0, 'object_id_l': 1, 'confidence_r': 76.57, 'confidence_l': 72.23, 'object_name_right': 'chair', 'object_name_left': 'person', 'object_center_right': {'x': 1605, 'y': 846}, 'object_center_left': {'x': 902, 'y': 618}, 'right_image_aov': {'x': 20.895, 'y': 13.827}, 'left_image_aov': {'x': -1.879, 'y': 3.524}, 'orb_result': 30})
  (True, 17, {'object_id_r': 1, 'object_id_l': 1, 'confidence_r': 69.42, 'confidence_l': 72.23, 'object_name_right': 'person', 'object_name_left': 'person', 'object_center_right': {'x': 927, 'y': 597}, 'object_center_left': {'x': 902, 'y': 618}, 'right_image_aov': {'x': -1.069, 'y': 2.576}, 'left_image_aov': {'x': -1.879, 'y': 3.524}, 'orb_result': 17})
  (True, 30, {'object_id_r': 2, 'object_id_l': 1, 'confidence_r': 62.58, 'confidence_l': 72.23, 'object_name_right': 'chair', 'object_name_left': 'person', 'object_center_right': {'x': 1292, 'y': 827}, 'object_center_left': {'x': 902, 'y': 618}, 'right_image_aov': {'x': 10.755, 'y': 12.968}, 'left_image_aov': {'x': -1.879, 'y': 3.524}, 'orb_result': 30})]
 [(True, 136, {'object_id_r': 0, 'object_id_l': 2, 'confidence_r': 76.57, 'confidence_l': 61.53, 'object_name_right': 'chair', 'object_name_left': 'chair', 'object_center_right': {'x': 1605, 'y': 846}, 'object_center_left': {'x': 1325, 'y': 826}, 'right_image_aov': {'x': 20.895, 'y': 13.827}, 'left_image_aov': {'x': 11.824, 'y': 12.923}, 'orb_result': 136})
  (True, 74, {'object_id_r': 1, 'object_id_l': 2, 'confidence_r': 69.42, 'confidence_l': 61.53, 'object_name_right': 'person', 'object_name_left': 'chair', 'object_center_right': {'x': 927, 'y': 597}, 'object_center_left': {'x': 1325, 'y': 826}, 'right_image_aov': {'x': -1.069, 'y': 2.576}, 'left_image_aov': {'x': 11.824, 'y': 12.923}, 'orb_result': 74})
  (True, 153, {'object_id_r': 2, 'object_id_l': 2, 'confidence_r': 62.58, 'confidence_l': 61.53, 'object_name_right': 'chair', 'object_name_left': 'chair', 'object_center_right': {'x': 1292, 'y': 827}, 'object_center_left': {'x': 1325, 'y': 826}, 'right_image_aov': {'x': 10.755, 'y': 12.968}, 'left_image_aov': {'x': 11.824, 'y': 12.923}, 'orb_result': 153})]]
2024-12-28 02:12:46,596 - INFO - The results of Max orb pairs are: [((2, 2), 153), ((0, 0), 126), ((1, 1), 17)]
2024-12-28 02:12:46,631 - INFO - The data of objects: [{'name': 'chair', 'distance': 11.33, 'angle': 11.29}, {'name': 'chair', 'distance': 5.5, 'angle': 22.0}, {'name': 'person', 'distance': 14.96, 'angle': -1.47}]
2024-12-28 02:12:46,631 - INFO - ----New round of detections----
2024-12-28 02:12:46,903 - INFO - -----------------------------------------------------
2024-12-28 02:12:46,903 - INFO - 
the correlation matrixe: [[(True, 126, {'object_id_r': 0, 'object_id_l': 0, 'confidence_r': 76.57, 'confidence_l': 74.84, 'object_name_right': 'chair', 'object_name_left': 'chair', 'object_center_right': {'x': 1605, 'y': 846}, 'object_center_left': {'x': 1673, 'y': 845}, 'right_image_aov': {'x': 20.895, 'y': 13.827}, 'left_image_aov': {'x': 23.098, 'y': 13.781}, 'orb_result': 126})
  (True, 48, {'object_id_r': 1, 'object_id_l': 0, 'confidence_r': 69.42, 'confidence_l': 74.84, 'object_name_right': 'person', 'object_name_left': 'chair', 'object_center_right': {'x': 927, 'y': 597}, 'object_center_left': {'x': 1673, 'y': 845}, 'right_image_aov': {'x': -1.069, 'y': 2.576}, 'left_image_aov': {'x': 23.098, 'y': 13.781}, 'orb_result': 48})
  (True, 123, {'object_id_r': 2, 'object_id_l': 0, 'confidence_r': 62.58, 'confidence_l': 74.84, 'object_name_right': 'chair', 'object_name_left': 'chair', 'object_center_right': {'x': 1292, 'y': 827}, 'object_center_left': {'x': 1673, 'y': 845}, 'right_image_aov': {'x': 10.755, 'y': 12.968}, 'left_image_aov': {'x': 23.098, 'y': 13.781}, 'orb_result': 123})]
 [(True, 30, {'object_id_r': 0, 'object_id_l': 1, 'confidence_r': 76.57, 'confidence_l': 72.23, 'object_name_right': 'chair', 'object_name_left': 'person', 'object_center_right': {'x': 1605, 'y': 846}, 'object_center_left': {'x': 902, 'y': 618}, 'right_image_aov': {'x': 20.895, 'y': 13.827}, 'left_image_aov': {'x': -1.879, 'y': 3.524}, 'orb_result': 30})
  (True, 17, {'object_id_r': 1, 'object_id_l': 1, 'confidence_r': 69.42, 'confidence_l': 72.23, 'object_name_right': 'person', 'object_name_left': 'person', 'object_center_right': {'x': 927, 'y': 597}, 'object_center_left': {'x': 902, 'y': 618}, 'right_image_aov': {'x': -1.069, 'y': 2.576}, 'left_image_aov': {'x': -1.879, 'y': 3.524}, 'orb_result': 17})
  (True, 30, {'object_id_r': 2, 'object_id_l': 1, 'confidence_r': 62.58, 'confidence_l': 72.23, 'object_name_right': 'chair', 'object_name_left': 'person', 'object_center_right': {'x': 1292, 'y': 827}, 'object_center_left': {'x': 902, 'y': 618}, 'right_image_aov': {'x': 10.755, 'y': 12.968}, 'left_image_aov': {'x': -1.879, 'y': 3.524}, 'orb_result': 30})]
 [(True, 136, {'object_id_r': 0, 'object_id_l': 2, 'confidence_r': 76.57, 'confidence_l': 61.53, 'object_name_right': 'chair', 'object_name_left': 'chair', 'object_center_right': {'x': 1605, 'y': 846}, 'object_center_left': {'x': 1325, 'y': 826}, 'right_image_aov': {'x': 20.895, 'y': 13.827}, 'left_image_aov': {'x': 11.824, 'y': 12.923}, 'orb_result': 136})
  (True, 74, {'object_id_r': 1, 'object_id_l': 2, 'confidence_r': 69.42, 'confidence_l': 61.53, 'object_name_right': 'person', 'object_name_left': 'chair', 'object_center_right': {'x': 927, 'y': 597}, 'object_center_left': {'x': 1325, 'y': 826}, 'right_image_aov': {'x': -1.069, 'y': 2.576}, 'left_image_aov': {'x': 11.824, 'y': 12.923}, 'orb_result': 74})
  (True, 153, {'object_id_r': 2, 'object_id_l': 2, 'confidence_r': 62.58, 'confidence_l': 61.53, 'object_name_right': 'chair', 'object_name_left': 'chair', 'object_center_right': {'x': 1292, 'y': 827}, 'object_center_left': {'x': 1325, 'y': 826}, 'right_image_aov': {'x': 10.755, 'y': 12.968}, 'left_image_aov': {'x': 11.824, 'y': 12.923}, 'orb_result': 153})]]
2024-12-28 02:12:46,903 - INFO - The results of Max orb pairs are: [((2, 2), 153), ((0, 0), 126), ((1, 1), 17)]
2024-12-28 02:12:46,954 - INFO - The data of objects: [{'name': 'chair', 'distance': 11.33, 'angle': 11.29}, {'name': 'chair', 'distance': 5.5, 'angle': 22.0}, {'name': 'person', 'distance': 14.96, 'angle': -1.47}]
2024-12-28 02:12:46,954 - INFO - ----New round of detections----
2024-12-28 02:12:47,232 - INFO - -----------------------------------------------------
2024-12-28 02:12:47,232 - INFO - 
the correlation matrixe: [[(True, 126, {'object_id_r': 0, 'object_id_l': 0, 'confidence_r': 76.57, 'confidence_l': 74.84, 'object_name_right': 'chair', 'object_name_left': 'chair', 'object_center_right': {'x': 1605, 'y': 846}, 'object_center_left': {'x': 1673, 'y': 845}, 'right_image_aov': {'x': 20.895, 'y': 13.827}, 'left_image_aov': {'x': 23.098, 'y': 13.781}, 'orb_result': 126})
  (True, 48, {'object_id_r': 1, 'object_id_l': 0, 'confidence_r': 69.42, 'confidence_l': 74.84, 'object_name_right': 'person', 'object_name_left': 'chair', 'object_center_right': {'x': 927, 'y': 597}, 'object_center_left': {'x': 1673, 'y': 845}, 'right_image_aov': {'x': -1.069, 'y': 2.576}, 'left_image_aov': {'x': 23.098, 'y': 13.781}, 'orb_result': 48})
  (True, 123, {'object_id_r': 2, 'object_id_l': 0, 'confidence_r': 62.58, 'confidence_l': 74.84, 'object_name_right': 'chair', 'object_name_left': 'chair', 'object_center_right': {'x': 1292, 'y': 827}, 'object_center_left': {'x': 1673, 'y': 845}, 'right_image_aov': {'x': 10.755, 'y': 12.968}, 'left_image_aov': {'x': 23.098, 'y': 13.781}, 'orb_result': 123})]
 [(True, 30, {'object_id_r': 0, 'object_id_l': 1, 'confidence_r': 76.57, 'confidence_l': 72.23, 'object_name_right': 'chair', 'object_name_left': 'person', 'object_center_right': {'x': 1605, 'y': 846}, 'object_center_left': {'x': 902, 'y': 618}, 'right_image_aov': {'x': 20.895, 'y': 13.827}, 'left_image_aov': {'x': -1.879, 'y': 3.524}, 'orb_result': 30})
  (True, 17, {'object_id_r': 1, 'object_id_l': 1, 'confidence_r': 69.42, 'confidence_l': 72.23, 'object_name_right': 'person', 'object_name_left': 'person', 'object_center_right': {'x': 927, 'y': 597}, 'object_center_left': {'x': 902, 'y': 618}, 'right_image_aov': {'x': -1.069, 'y': 2.576}, 'left_image_aov': {'x': -1.879, 'y': 3.524}, 'orb_result': 17})
  (True, 30, {'object_id_r': 2, 'object_id_l': 1, 'confidence_r': 62.58, 'confidence_l': 72.23, 'object_name_right': 'chair', 'object_name_left': 'person', 'object_center_right': {'x': 1292, 'y': 827}, 'object_center_left': {'x': 902, 'y': 618}, 'right_image_aov': {'x': 10.755, 'y': 12.968}, 'left_image_aov': {'x': -1.879, 'y': 3.524}, 'orb_result': 30})]
 [(True, 136, {'object_id_r': 0, 'object_id_l': 2, 'confidence_r': 76.57, 'confidence_l': 61.53, 'object_name_right': 'chair', 'object_name_left': 'chair', 'object_center_right': {'x': 1605, 'y': 846}, 'object_center_left': {'x': 1325, 'y': 826}, 'right_image_aov': {'x': 20.895, 'y': 13.827}, 'left_image_aov': {'x': 11.824, 'y': 12.923}, 'orb_result': 136})
  (True, 74, {'object_id_r': 1, 'object_id_l': 2, 'confidence_r': 69.42, 'confidence_l': 61.53, 'object_name_right': 'person', 'object_name_left': 'chair', 'object_center_right': {'x': 927, 'y': 597}, 'object_center_left': {'x': 1325, 'y': 826}, 'right_image_aov': {'x': -1.069, 'y': 2.576}, 'left_image_aov': {'x': 11.824, 'y': 12.923}, 'orb_result': 74})
  (True, 153, {'object_id_r': 2, 'object_id_l': 2, 'confidence_r': 62.58, 'confidence_l': 61.53, 'object_name_right': 'chair', 'object_name_left': 'chair', 'object_center_right': {'x': 1292, 'y': 827}, 'object_center_left': {'x': 1325, 'y': 826}, 'right_image_aov': {'x': 10.755, 'y': 12.968}, 'left_image_aov': {'x': 11.824, 'y': 12.923}, 'orb_result': 153})]]
2024-12-28 02:12:47,232 - INFO - The results of Max orb pairs are: [((2, 2), 153), ((0, 0), 126), ((1, 1), 17)]
2024-12-28 02:12:47,267 - INFO - The data of objects: [{'name': 'chair', 'distance': 11.33, 'angle': 11.29}, {'name': 'chair', 'distance': 5.5, 'angle': 22.0}, {'name': 'person', 'distance': 14.96, 'angle': -1.47}]
2024-12-28 02:12:47,267 - INFO - ----New round of detections----
2024-12-28 02:12:47,540 - INFO - -----------------------------------------------------
2024-12-28 02:12:47,540 - INFO - 
the correlation matrixe: [[(True, 126, {'object_id_r': 0, 'object_id_l': 0, 'confidence_r': 76.57, 'confidence_l': 74.84, 'object_name_right': 'chair', 'object_name_left': 'chair', 'object_center_right': {'x': 1605, 'y': 846}, 'object_center_left': {'x': 1673, 'y': 845}, 'right_image_aov': {'x': 20.895, 'y': 13.827}, 'left_image_aov': {'x': 23.098, 'y': 13.781}, 'orb_result': 126})
  (True, 48, {'object_id_r': 1, 'object_id_l': 0, 'confidence_r': 69.42, 'confidence_l': 74.84, 'object_name_right': 'person', 'object_name_left': 'chair', 'object_center_right': {'x': 927, 'y': 597}, 'object_center_left': {'x': 1673, 'y': 845}, 'right_image_aov': {'x': -1.069, 'y': 2.576}, 'left_image_aov': {'x': 23.098, 'y': 13.781}, 'orb_result': 48})
  (True, 123, {'object_id_r': 2, 'object_id_l': 0, 'confidence_r': 62.58, 'confidence_l': 74.84, 'object_name_right': 'chair', 'object_name_left': 'chair', 'object_center_right': {'x': 1292, 'y': 827}, 'object_center_left': {'x': 1673, 'y': 845}, 'right_image_aov': {'x': 10.755, 'y': 12.968}, 'left_image_aov': {'x': 23.098, 'y': 13.781}, 'orb_result': 123})]
 [(True, 30, {'object_id_r': 0, 'object_id_l': 1, 'confidence_r': 76.57, 'confidence_l': 72.23, 'object_name_right': 'chair', 'object_name_left': 'person', 'object_center_right': {'x': 1605, 'y': 846}, 'object_center_left': {'x': 902, 'y': 618}, 'right_image_aov': {'x': 20.895, 'y': 13.827}, 'left_image_aov': {'x': -1.879, 'y': 3.524}, 'orb_result': 30})
  (True, 17, {'object_id_r': 1, 'object_id_l': 1, 'confidence_r': 69.42, 'confidence_l': 72.23, 'object_name_right': 'person', 'object_name_left': 'person', 'object_center_right': {'x': 927, 'y': 597}, 'object_center_left': {'x': 902, 'y': 618}, 'right_image_aov': {'x': -1.069, 'y': 2.576}, 'left_image_aov': {'x': -1.879, 'y': 3.524}, 'orb_result': 17})
  (True, 30, {'object_id_r': 2, 'object_id_l': 1, 'confidence_r': 62.58, 'confidence_l': 72.23, 'object_name_right': 'chair', 'object_name_left': 'person', 'object_center_right': {'x': 1292, 'y': 827}, 'object_center_left': {'x': 902, 'y': 618}, 'right_image_aov': {'x': 10.755, 'y': 12.968}, 'left_image_aov': {'x': -1.879, 'y': 3.524}, 'orb_result': 30})]
 [(True, 136, {'object_id_r': 0, 'object_id_l': 2, 'confidence_r': 76.57, 'confidence_l': 61.53, 'object_name_right': 'chair', 'object_name_left': 'chair', 'object_center_right': {'x': 1605, 'y': 846}, 'object_center_left': {'x': 1325, 'y': 826}, 'right_image_aov': {'x': 20.895, 'y': 13.827}, 'left_image_aov': {'x': 11.824, 'y': 12.923}, 'orb_result': 136})
  (True, 74, {'object_id_r': 1, 'object_id_l': 2, 'confidence_r': 69.42, 'confidence_l': 61.53, 'object_name_right': 'person', 'object_name_left': 'chair', 'object_center_right': {'x': 927, 'y': 597}, 'object_center_left': {'x': 1325, 'y': 826}, 'right_image_aov': {'x': -1.069, 'y': 2.576}, 'left_image_aov': {'x': 11.824, 'y': 12.923}, 'orb_result': 74})
  (True, 153, {'object_id_r': 2, 'object_id_l': 2, 'confidence_r': 62.58, 'confidence_l': 61.53, 'object_name_right': 'chair', 'object_name_left': 'chair', 'object_center_right': {'x': 1292, 'y': 827}, 'object_center_left': {'x': 1325, 'y': 826}, 'right_image_aov': {'x': 10.755, 'y': 12.968}, 'left_image_aov': {'x': 11.824, 'y': 12.923}, 'orb_result': 153})]]
2024-12-28 02:12:47,540 - INFO - The results of Max orb pairs are: [((2, 2), 153), ((0, 0), 126), ((1, 1), 17)]
2024-12-28 02:12:47,583 - INFO - The data of objects: [{'name': 'chair', 'distance': 11.33, 'angle': 11.29}, {'name': 'chair', 'distance': 5.5, 'angle': 22.0}, {'name': 'person', 'distance': 14.96, 'angle': -1.47}]
2024-12-28 02:12:47,583 - INFO - ----New round of detections----
2024-12-28 02:12:47,903 - INFO - -----------------------------------------------------
2024-12-28 02:12:47,903 - INFO - 
the correlation matrixe: [[(True, 126, {'object_id_r': 0, 'object_id_l': 0, 'confidence_r': 76.57, 'confidence_l': 74.84, 'object_name_right': 'chair', 'object_name_left': 'chair', 'object_center_right': {'x': 1605, 'y': 846}, 'object_center_left': {'x': 1673, 'y': 845}, 'right_image_aov': {'x': 20.895, 'y': 13.827}, 'left_image_aov': {'x': 23.098, 'y': 13.781}, 'orb_result': 126})
  (True, 48, {'object_id_r': 1, 'object_id_l': 0, 'confidence_r': 69.42, 'confidence_l': 74.84, 'object_name_right': 'person', 'object_name_left': 'chair', 'object_center_right': {'x': 927, 'y': 597}, 'object_center_left': {'x': 1673, 'y': 845}, 'right_image_aov': {'x': -1.069, 'y': 2.576}, 'left_image_aov': {'x': 23.098, 'y': 13.781}, 'orb_result': 48})
  (True, 123, {'object_id_r': 2, 'object_id_l': 0, 'confidence_r': 62.58, 'confidence_l': 74.84, 'object_name_right': 'chair', 'object_name_left': 'chair', 'object_center_right': {'x': 1292, 'y': 827}, 'object_center_left': {'x': 1673, 'y': 845}, 'right_image_aov': {'x': 10.755, 'y': 12.968}, 'left_image_aov': {'x': 23.098, 'y': 13.781}, 'orb_result': 123})]
 [(True, 30, {'object_id_r': 0, 'object_id_l': 1, 'confidence_r': 76.57, 'confidence_l': 72.23, 'object_name_right': 'chair', 'object_name_left': 'person', 'object_center_right': {'x': 1605, 'y': 846}, 'object_center_left': {'x': 902, 'y': 618}, 'right_image_aov': {'x': 20.895, 'y': 13.827}, 'left_image_aov': {'x': -1.879, 'y': 3.524}, 'orb_result': 30})
  (True, 17, {'object_id_r': 1, 'object_id_l': 1, 'confidence_r': 69.42, 'confidence_l': 72.23, 'object_name_right': 'person', 'object_name_left': 'person', 'object_center_right': {'x': 927, 'y': 597}, 'object_center_left': {'x': 902, 'y': 618}, 'right_image_aov': {'x': -1.069, 'y': 2.576}, 'left_image_aov': {'x': -1.879, 'y': 3.524}, 'orb_result': 17})
  (True, 30, {'object_id_r': 2, 'object_id_l': 1, 'confidence_r': 62.58, 'confidence_l': 72.23, 'object_name_right': 'chair', 'object_name_left': 'person', 'object_center_right': {'x': 1292, 'y': 827}, 'object_center_left': {'x': 902, 'y': 618}, 'right_image_aov': {'x': 10.755, 'y': 12.968}, 'left_image_aov': {'x': -1.879, 'y': 3.524}, 'orb_result': 30})]
 [(True, 136, {'object_id_r': 0, 'object_id_l': 2, 'confidence_r': 76.57, 'confidence_l': 61.53, 'object_name_right': 'chair', 'object_name_left': 'chair', 'object_center_right': {'x': 1605, 'y': 846}, 'object_center_left': {'x': 1325, 'y': 826}, 'right_image_aov': {'x': 20.895, 'y': 13.827}, 'left_image_aov': {'x': 11.824, 'y': 12.923}, 'orb_result': 136})
  (True, 74, {'object_id_r': 1, 'object_id_l': 2, 'confidence_r': 69.42, 'confidence_l': 61.53, 'object_name_right': 'person', 'object_name_left': 'chair', 'object_center_right': {'x': 927, 'y': 597}, 'object_center_left': {'x': 1325, 'y': 826}, 'right_image_aov': {'x': -1.069, 'y': 2.576}, 'left_image_aov': {'x': 11.824, 'y': 12.923}, 'orb_result': 74})
  (True, 153, {'object_id_r': 2, 'object_id_l': 2, 'confidence_r': 62.58, 'confidence_l': 61.53, 'object_name_right': 'chair', 'object_name_left': 'chair', 'object_center_right': {'x': 1292, 'y': 827}, 'object_center_left': {'x': 1325, 'y': 826}, 'right_image_aov': {'x': 10.755, 'y': 12.968}, 'left_image_aov': {'x': 11.824, 'y': 12.923}, 'orb_result': 153})]]
2024-12-28 02:12:47,903 - INFO - The results of Max orb pairs are: [((2, 2), 153), ((0, 0), 126), ((1, 1), 17)]
2024-12-28 02:12:47,948 - INFO - The data of objects: [{'name': 'chair', 'distance': 11.33, 'angle': 11.29}, {'name': 'chair', 'distance': 5.5, 'angle': 22.0}, {'name': 'person', 'distance': 14.96, 'angle': -1.47}]
2024-12-28 02:12:47,948 - INFO - ----New round of detections----
