2024-12-28 21:36:15,376 - INFO - Application started
2024-12-28 21:36:21,417 - INFO - ----------GPU details----------
2024-12-28 21:36:21,417 - INFO - PyTorch version: 2.5.1+cu124
2024-12-28 21:36:21,417 - INFO - CUDA device: NVIDIA RTX 3500 Ada Generation Laptop GPU
2024-12-28 21:36:21,417 - INFO - ----------Processing loop started----------
2024-12-28 21:36:21,417 - INFO - ----New round of detections----
2024-12-28 21:36:22,021 - INFO - -----------------------------------------------------
2024-12-28 21:36:22,021 - INFO - 
the correlation matrixe: [[(True, 126, {'object_id_r': 0, 'object_id_l': 0, 'confidence_r': 76.57, 'confidence_l': 74.84, 'object_name_right': 'chair', 'object_name_left': 'chair', 'object_center_right': {'x': 1605, 'y': 846}, 'object_center_left': {'x': 1673, 'y': 845}, 'right_image_aov': {'x': 20.895, 'y': 13.827}, 'left_image_aov': {'x': 23.098, 'y': 13.781}, 'orb_result': 126})
  (True, 48, {'object_id_r': 1, 'object_id_l': 0, 'confidence_r': 69.42, 'confidence_l': 74.84, 'object_name_right': 'person', 'object_name_left': 'chair', 'object_center_right': {'x': 927, 'y': 597}, 'object_center_left': {'x': 1673, 'y': 845}, 'right_image_aov': {'x': -1.069, 'y': 2.576}, 'left_image_aov': {'x': 23.098, 'y': 13.781}, 'orb_result': 48})
  (True, 123, {'object_id_r': 2, 'object_id_l': 0, 'confidence_r': 62.58, 'confidence_l': 74.84, 'object_name_right': 'chair', 'object_name_left': 'chair', 'object_center_right': {'x': 1292, 'y': 827}, 'object_center_left': {'x': 1673, 'y': 845}, 'right_image_aov': {'x': 10.755, 'y': 12.968}, 'left_image_aov': {'x': 23.098, 'y': 13.781}, 'orb_result': 123})]
 [(True, 30, {'object_id_r': 0, 'object_id_l': 1, 'confidence_r': 76.57, 'confidence_l': 72.23, 'object_name_right': 'chair', 'object_name_left': 'person', 'object_center_right': {'x': 1605, 'y': 846}, 'object_center_left': {'x': 902, 'y': 618}, 'right_image_aov': {'x': 20.895, 'y': 13.827}, 'left_image_aov': {'x': -1.879, 'y': 3.524}, 'orb_result': 30})
  (True, 17, {'object_id_r': 1, 'object_id_l': 1, 'confidence_r': 69.42, 'confidence_l': 72.23, 'object_name_right': 'person', 'object_name_left': 'person', 'object_center_right': {'x': 927, 'y': 597}, 'object_center_left': {'x': 902, 'y': 618}, 'right_image_aov': {'x': -1.069, 'y': 2.576}, 'left_image_aov': {'x': -1.879, 'y': 3.524}, 'orb_result': 17})
  (True, 30, {'object_id_r': 2, 'object_id_l': 1, 'confidence_r': 62.58, 'confidence_l': 72.23, 'object_name_right': 'chair', 'object_name_left': 'person', 'object_center_right': {'x': 1292, 'y': 827}, 'object_center_left': {'x': 902, 'y': 618}, 'right_image_aov': {'x': 10.755, 'y': 12.968}, 'left_image_aov': {'x': -1.879, 'y': 3.524}, 'orb_result': 30})]
 [(True, 136, {'object_id_r': 0, 'object_id_l': 2, 'confidence_r': 76.57, 'confidence_l': 61.53, 'object_name_right': 'chair', 'object_name_left': 'chair', 'object_center_right': {'x': 1605, 'y': 846}, 'object_center_left': {'x': 1325, 'y': 826}, 'right_image_aov': {'x': 20.895, 'y': 13.827}, 'left_image_aov': {'x': 11.824, 'y': 12.923}, 'orb_result': 136})
  (True, 74, {'object_id_r': 1, 'object_id_l': 2, 'confidence_r': 69.42, 'confidence_l': 61.53, 'object_name_right': 'person', 'object_name_left': 'chair', 'object_center_right': {'x': 927, 'y': 597}, 'object_center_left': {'x': 1325, 'y': 826}, 'right_image_aov': {'x': -1.069, 'y': 2.576}, 'left_image_aov': {'x': 11.824, 'y': 12.923}, 'orb_result': 74})
  (True, 153, {'object_id_r': 2, 'object_id_l': 2, 'confidence_r': 62.58, 'confidence_l': 61.53, 'object_name_right': 'chair', 'object_name_left': 'chair', 'object_center_right': {'x': 1292, 'y': 827}, 'object_center_left': {'x': 1325, 'y': 826}, 'right_image_aov': {'x': 10.755, 'y': 12.968}, 'left_image_aov': {'x': 11.824, 'y': 12.923}, 'orb_result': 153})]]
2024-12-28 21:36:22,021 - INFO - The results of Max orb pairs are: [((2, 2), 153), ((0, 0), 126), ((1, 1), 17)]
2024-12-28 21:36:22,062 - INFO - The data of objects: [{'name': 'chair', 'distance': 11.33, 'angle': 11.29}, {'name': 'chair', 'distance': 5.5, 'angle': 22.0}, {'name': 'person', 'distance': 14.96, 'angle': -1.47}]
2024-12-28 21:36:22,062 - INFO - ----New round of detections----
2024-12-28 21:36:22,303 - INFO - -----------------------------------------------------
2024-12-28 21:36:22,303 - INFO - 
the correlation matrixe: [[(True, 126, {'object_id_r': 0, 'object_id_l': 0, 'confidence_r': 76.57, 'confidence_l': 74.84, 'object_name_right': 'chair', 'object_name_left': 'chair', 'object_center_right': {'x': 1605, 'y': 846}, 'object_center_left': {'x': 1673, 'y': 845}, 'right_image_aov': {'x': 20.895, 'y': 13.827}, 'left_image_aov': {'x': 23.098, 'y': 13.781}, 'orb_result': 126})
  (True, 48, {'object_id_r': 1, 'object_id_l': 0, 'confidence_r': 69.42, 'confidence_l': 74.84, 'object_name_right': 'person', 'object_name_left': 'chair', 'object_center_right': {'x': 927, 'y': 597}, 'object_center_left': {'x': 1673, 'y': 845}, 'right_image_aov': {'x': -1.069, 'y': 2.576}, 'left_image_aov': {'x': 23.098, 'y': 13.781}, 'orb_result': 48})
  (True, 123, {'object_id_r': 2, 'object_id_l': 0, 'confidence_r': 62.58, 'confidence_l': 74.84, 'object_name_right': 'chair', 'object_name_left': 'chair', 'object_center_right': {'x': 1292, 'y': 827}, 'object_center_left': {'x': 1673, 'y': 845}, 'right_image_aov': {'x': 10.755, 'y': 12.968}, 'left_image_aov': {'x': 23.098, 'y': 13.781}, 'orb_result': 123})]
 [(True, 30, {'object_id_r': 0, 'object_id_l': 1, 'confidence_r': 76.57, 'confidence_l': 72.23, 'object_name_right': 'chair', 'object_name_left': 'person', 'object_center_right': {'x': 1605, 'y': 846}, 'object_center_left': {'x': 902, 'y': 618}, 'right_image_aov': {'x': 20.895, 'y': 13.827}, 'left_image_aov': {'x': -1.879, 'y': 3.524}, 'orb_result': 30})
  (True, 17, {'object_id_r': 1, 'object_id_l': 1, 'confidence_r': 69.42, 'confidence_l': 72.23, 'object_name_right': 'person', 'object_name_left': 'person', 'object_center_right': {'x': 927, 'y': 597}, 'object_center_left': {'x': 902, 'y': 618}, 'right_image_aov': {'x': -1.069, 'y': 2.576}, 'left_image_aov': {'x': -1.879, 'y': 3.524}, 'orb_result': 17})
  (True, 30, {'object_id_r': 2, 'object_id_l': 1, 'confidence_r': 62.58, 'confidence_l': 72.23, 'object_name_right': 'chair', 'object_name_left': 'person', 'object_center_right': {'x': 1292, 'y': 827}, 'object_center_left': {'x': 902, 'y': 618}, 'right_image_aov': {'x': 10.755, 'y': 12.968}, 'left_image_aov': {'x': -1.879, 'y': 3.524}, 'orb_result': 30})]
 [(True, 136, {'object_id_r': 0, 'object_id_l': 2, 'confidence_r': 76.57, 'confidence_l': 61.53, 'object_name_right': 'chair', 'object_name_left': 'chair', 'object_center_right': {'x': 1605, 'y': 846}, 'object_center_left': {'x': 1325, 'y': 826}, 'right_image_aov': {'x': 20.895, 'y': 13.827}, 'left_image_aov': {'x': 11.824, 'y': 12.923}, 'orb_result': 136})
  (True, 74, {'object_id_r': 1, 'object_id_l': 2, 'confidence_r': 69.42, 'confidence_l': 61.53, 'object_name_right': 'person', 'object_name_left': 'chair', 'object_center_right': {'x': 927, 'y': 597}, 'object_center_left': {'x': 1325, 'y': 826}, 'right_image_aov': {'x': -1.069, 'y': 2.576}, 'left_image_aov': {'x': 11.824, 'y': 12.923}, 'orb_result': 74})
  (True, 153, {'object_id_r': 2, 'object_id_l': 2, 'confidence_r': 62.58, 'confidence_l': 61.53, 'object_name_right': 'chair', 'object_name_left': 'chair', 'object_center_right': {'x': 1292, 'y': 827}, 'object_center_left': {'x': 1325, 'y': 826}, 'right_image_aov': {'x': 10.755, 'y': 12.968}, 'left_image_aov': {'x': 11.824, 'y': 12.923}, 'orb_result': 153})]]
2024-12-28 21:36:22,303 - INFO - The results of Max orb pairs are: [((2, 2), 153), ((0, 0), 126), ((1, 1), 17)]
2024-12-28 21:36:22,336 - INFO - The data of objects: [{'name': 'chair', 'distance': 11.33, 'angle': 11.29}, {'name': 'chair', 'distance': 5.5, 'angle': 22.0}, {'name': 'person', 'distance': 14.96, 'angle': -1.47}]
2024-12-28 21:36:22,336 - INFO - ----New round of detections----
2024-12-28 21:36:22,579 - INFO - -----------------------------------------------------
2024-12-28 21:36:22,579 - INFO - 
the correlation matrixe: [[(True, 126, {'object_id_r': 0, 'object_id_l': 0, 'confidence_r': 76.57, 'confidence_l': 74.84, 'object_name_right': 'chair', 'object_name_left': 'chair', 'object_center_right': {'x': 1605, 'y': 846}, 'object_center_left': {'x': 1673, 'y': 845}, 'right_image_aov': {'x': 20.895, 'y': 13.827}, 'left_image_aov': {'x': 23.098, 'y': 13.781}, 'orb_result': 126})
  (True, 48, {'object_id_r': 1, 'object_id_l': 0, 'confidence_r': 69.42, 'confidence_l': 74.84, 'object_name_right': 'person', 'object_name_left': 'chair', 'object_center_right': {'x': 927, 'y': 597}, 'object_center_left': {'x': 1673, 'y': 845}, 'right_image_aov': {'x': -1.069, 'y': 2.576}, 'left_image_aov': {'x': 23.098, 'y': 13.781}, 'orb_result': 48})
  (True, 123, {'object_id_r': 2, 'object_id_l': 0, 'confidence_r': 62.58, 'confidence_l': 74.84, 'object_name_right': 'chair', 'object_name_left': 'chair', 'object_center_right': {'x': 1292, 'y': 827}, 'object_center_left': {'x': 1673, 'y': 845}, 'right_image_aov': {'x': 10.755, 'y': 12.968}, 'left_image_aov': {'x': 23.098, 'y': 13.781}, 'orb_result': 123})]
 [(True, 30, {'object_id_r': 0, 'object_id_l': 1, 'confidence_r': 76.57, 'confidence_l': 72.23, 'object_name_right': 'chair', 'object_name_left': 'person', 'object_center_right': {'x': 1605, 'y': 846}, 'object_center_left': {'x': 902, 'y': 618}, 'right_image_aov': {'x': 20.895, 'y': 13.827}, 'left_image_aov': {'x': -1.879, 'y': 3.524}, 'orb_result': 30})
  (True, 17, {'object_id_r': 1, 'object_id_l': 1, 'confidence_r': 69.42, 'confidence_l': 72.23, 'object_name_right': 'person', 'object_name_left': 'person', 'object_center_right': {'x': 927, 'y': 597}, 'object_center_left': {'x': 902, 'y': 618}, 'right_image_aov': {'x': -1.069, 'y': 2.576}, 'left_image_aov': {'x': -1.879, 'y': 3.524}, 'orb_result': 17})
  (True, 30, {'object_id_r': 2, 'object_id_l': 1, 'confidence_r': 62.58, 'confidence_l': 72.23, 'object_name_right': 'chair', 'object_name_left': 'person', 'object_center_right': {'x': 1292, 'y': 827}, 'object_center_left': {'x': 902, 'y': 618}, 'right_image_aov': {'x': 10.755, 'y': 12.968}, 'left_image_aov': {'x': -1.879, 'y': 3.524}, 'orb_result': 30})]
 [(True, 136, {'object_id_r': 0, 'object_id_l': 2, 'confidence_r': 76.57, 'confidence_l': 61.53, 'object_name_right': 'chair', 'object_name_left': 'chair', 'object_center_right': {'x': 1605, 'y': 846}, 'object_center_left': {'x': 1325, 'y': 826}, 'right_image_aov': {'x': 20.895, 'y': 13.827}, 'left_image_aov': {'x': 11.824, 'y': 12.923}, 'orb_result': 136})
  (True, 74, {'object_id_r': 1, 'object_id_l': 2, 'confidence_r': 69.42, 'confidence_l': 61.53, 'object_name_right': 'person', 'object_name_left': 'chair', 'object_center_right': {'x': 927, 'y': 597}, 'object_center_left': {'x': 1325, 'y': 826}, 'right_image_aov': {'x': -1.069, 'y': 2.576}, 'left_image_aov': {'x': 11.824, 'y': 12.923}, 'orb_result': 74})
  (True, 153, {'object_id_r': 2, 'object_id_l': 2, 'confidence_r': 62.58, 'confidence_l': 61.53, 'object_name_right': 'chair', 'object_name_left': 'chair', 'object_center_right': {'x': 1292, 'y': 827}, 'object_center_left': {'x': 1325, 'y': 826}, 'right_image_aov': {'x': 10.755, 'y': 12.968}, 'left_image_aov': {'x': 11.824, 'y': 12.923}, 'orb_result': 153})]]
2024-12-28 21:36:22,586 - INFO - The results of Max orb pairs are: [((2, 2), 153), ((0, 0), 126), ((1, 1), 17)]
2024-12-28 21:36:22,614 - INFO - The data of objects: [{'name': 'chair', 'distance': 11.33, 'angle': 11.29}, {'name': 'chair', 'distance': 5.5, 'angle': 22.0}, {'name': 'person', 'distance': 14.96, 'angle': -1.47}]
2024-12-28 21:36:22,614 - INFO - ----New round of detections----
2024-12-28 21:36:22,854 - INFO - -----------------------------------------------------
2024-12-28 21:36:22,854 - INFO - 
the correlation matrixe: [[(True, 126, {'object_id_r': 0, 'object_id_l': 0, 'confidence_r': 76.57, 'confidence_l': 74.84, 'object_name_right': 'chair', 'object_name_left': 'chair', 'object_center_right': {'x': 1605, 'y': 846}, 'object_center_left': {'x': 1673, 'y': 845}, 'right_image_aov': {'x': 20.895, 'y': 13.827}, 'left_image_aov': {'x': 23.098, 'y': 13.781}, 'orb_result': 126})
  (True, 48, {'object_id_r': 1, 'object_id_l': 0, 'confidence_r': 69.42, 'confidence_l': 74.84, 'object_name_right': 'person', 'object_name_left': 'chair', 'object_center_right': {'x': 927, 'y': 597}, 'object_center_left': {'x': 1673, 'y': 845}, 'right_image_aov': {'x': -1.069, 'y': 2.576}, 'left_image_aov': {'x': 23.098, 'y': 13.781}, 'orb_result': 48})
  (True, 123, {'object_id_r': 2, 'object_id_l': 0, 'confidence_r': 62.58, 'confidence_l': 74.84, 'object_name_right': 'chair', 'object_name_left': 'chair', 'object_center_right': {'x': 1292, 'y': 827}, 'object_center_left': {'x': 1673, 'y': 845}, 'right_image_aov': {'x': 10.755, 'y': 12.968}, 'left_image_aov': {'x': 23.098, 'y': 13.781}, 'orb_result': 123})]
 [(True, 30, {'object_id_r': 0, 'object_id_l': 1, 'confidence_r': 76.57, 'confidence_l': 72.23, 'object_name_right': 'chair', 'object_name_left': 'person', 'object_center_right': {'x': 1605, 'y': 846}, 'object_center_left': {'x': 902, 'y': 618}, 'right_image_aov': {'x': 20.895, 'y': 13.827}, 'left_image_aov': {'x': -1.879, 'y': 3.524}, 'orb_result': 30})
  (True, 17, {'object_id_r': 1, 'object_id_l': 1, 'confidence_r': 69.42, 'confidence_l': 72.23, 'object_name_right': 'person', 'object_name_left': 'person', 'object_center_right': {'x': 927, 'y': 597}, 'object_center_left': {'x': 902, 'y': 618}, 'right_image_aov': {'x': -1.069, 'y': 2.576}, 'left_image_aov': {'x': -1.879, 'y': 3.524}, 'orb_result': 17})
  (True, 30, {'object_id_r': 2, 'object_id_l': 1, 'confidence_r': 62.58, 'confidence_l': 72.23, 'object_name_right': 'chair', 'object_name_left': 'person', 'object_center_right': {'x': 1292, 'y': 827}, 'object_center_left': {'x': 902, 'y': 618}, 'right_image_aov': {'x': 10.755, 'y': 12.968}, 'left_image_aov': {'x': -1.879, 'y': 3.524}, 'orb_result': 30})]
 [(True, 136, {'object_id_r': 0, 'object_id_l': 2, 'confidence_r': 76.57, 'confidence_l': 61.53, 'object_name_right': 'chair', 'object_name_left': 'chair', 'object_center_right': {'x': 1605, 'y': 846}, 'object_center_left': {'x': 1325, 'y': 826}, 'right_image_aov': {'x': 20.895, 'y': 13.827}, 'left_image_aov': {'x': 11.824, 'y': 12.923}, 'orb_result': 136})
  (True, 74, {'object_id_r': 1, 'object_id_l': 2, 'confidence_r': 69.42, 'confidence_l': 61.53, 'object_name_right': 'person', 'object_name_left': 'chair', 'object_center_right': {'x': 927, 'y': 597}, 'object_center_left': {'x': 1325, 'y': 826}, 'right_image_aov': {'x': -1.069, 'y': 2.576}, 'left_image_aov': {'x': 11.824, 'y': 12.923}, 'orb_result': 74})
  (True, 153, {'object_id_r': 2, 'object_id_l': 2, 'confidence_r': 62.58, 'confidence_l': 61.53, 'object_name_right': 'chair', 'object_name_left': 'chair', 'object_center_right': {'x': 1292, 'y': 827}, 'object_center_left': {'x': 1325, 'y': 826}, 'right_image_aov': {'x': 10.755, 'y': 12.968}, 'left_image_aov': {'x': 11.824, 'y': 12.923}, 'orb_result': 153})]]
2024-12-28 21:36:22,858 - INFO - The results of Max orb pairs are: [((2, 2), 153), ((0, 0), 126), ((1, 1), 17)]
2024-12-28 21:36:22,889 - INFO - The data of objects: [{'name': 'chair', 'distance': 11.33, 'angle': 11.29}, {'name': 'chair', 'distance': 5.5, 'angle': 22.0}, {'name': 'person', 'distance': 14.96, 'angle': -1.47}]
2024-12-28 21:36:22,889 - INFO - ----New round of detections----
2024-12-28 21:36:23,171 - INFO - -----------------------------------------------------
2024-12-28 21:36:23,171 - INFO - 
the correlation matrixe: [[(True, 126, {'object_id_r': 0, 'object_id_l': 0, 'confidence_r': 76.57, 'confidence_l': 74.84, 'object_name_right': 'chair', 'object_name_left': 'chair', 'object_center_right': {'x': 1605, 'y': 846}, 'object_center_left': {'x': 1673, 'y': 845}, 'right_image_aov': {'x': 20.895, 'y': 13.827}, 'left_image_aov': {'x': 23.098, 'y': 13.781}, 'orb_result': 126})
  (True, 48, {'object_id_r': 1, 'object_id_l': 0, 'confidence_r': 69.42, 'confidence_l': 74.84, 'object_name_right': 'person', 'object_name_left': 'chair', 'object_center_right': {'x': 927, 'y': 597}, 'object_center_left': {'x': 1673, 'y': 845}, 'right_image_aov': {'x': -1.069, 'y': 2.576}, 'left_image_aov': {'x': 23.098, 'y': 13.781}, 'orb_result': 48})
  (True, 123, {'object_id_r': 2, 'object_id_l': 0, 'confidence_r': 62.58, 'confidence_l': 74.84, 'object_name_right': 'chair', 'object_name_left': 'chair', 'object_center_right': {'x': 1292, 'y': 827}, 'object_center_left': {'x': 1673, 'y': 845}, 'right_image_aov': {'x': 10.755, 'y': 12.968}, 'left_image_aov': {'x': 23.098, 'y': 13.781}, 'orb_result': 123})]
 [(True, 30, {'object_id_r': 0, 'object_id_l': 1, 'confidence_r': 76.57, 'confidence_l': 72.23, 'object_name_right': 'chair', 'object_name_left': 'person', 'object_center_right': {'x': 1605, 'y': 846}, 'object_center_left': {'x': 902, 'y': 618}, 'right_image_aov': {'x': 20.895, 'y': 13.827}, 'left_image_aov': {'x': -1.879, 'y': 3.524}, 'orb_result': 30})
  (True, 17, {'object_id_r': 1, 'object_id_l': 1, 'confidence_r': 69.42, 'confidence_l': 72.23, 'object_name_right': 'person', 'object_name_left': 'person', 'object_center_right': {'x': 927, 'y': 597}, 'object_center_left': {'x': 902, 'y': 618}, 'right_image_aov': {'x': -1.069, 'y': 2.576}, 'left_image_aov': {'x': -1.879, 'y': 3.524}, 'orb_result': 17})
  (True, 30, {'object_id_r': 2, 'object_id_l': 1, 'confidence_r': 62.58, 'confidence_l': 72.23, 'object_name_right': 'chair', 'object_name_left': 'person', 'object_center_right': {'x': 1292, 'y': 827}, 'object_center_left': {'x': 902, 'y': 618}, 'right_image_aov': {'x': 10.755, 'y': 12.968}, 'left_image_aov': {'x': -1.879, 'y': 3.524}, 'orb_result': 30})]
 [(True, 136, {'object_id_r': 0, 'object_id_l': 2, 'confidence_r': 76.57, 'confidence_l': 61.53, 'object_name_right': 'chair', 'object_name_left': 'chair', 'object_center_right': {'x': 1605, 'y': 846}, 'object_center_left': {'x': 1325, 'y': 826}, 'right_image_aov': {'x': 20.895, 'y': 13.827}, 'left_image_aov': {'x': 11.824, 'y': 12.923}, 'orb_result': 136})
  (True, 74, {'object_id_r': 1, 'object_id_l': 2, 'confidence_r': 69.42, 'confidence_l': 61.53, 'object_name_right': 'person', 'object_name_left': 'chair', 'object_center_right': {'x': 927, 'y': 597}, 'object_center_left': {'x': 1325, 'y': 826}, 'right_image_aov': {'x': -1.069, 'y': 2.576}, 'left_image_aov': {'x': 11.824, 'y': 12.923}, 'orb_result': 74})
  (True, 153, {'object_id_r': 2, 'object_id_l': 2, 'confidence_r': 62.58, 'confidence_l': 61.53, 'object_name_right': 'chair', 'object_name_left': 'chair', 'object_center_right': {'x': 1292, 'y': 827}, 'object_center_left': {'x': 1325, 'y': 826}, 'right_image_aov': {'x': 10.755, 'y': 12.968}, 'left_image_aov': {'x': 11.824, 'y': 12.923}, 'orb_result': 153})]]
2024-12-28 21:36:23,176 - INFO - The results of Max orb pairs are: [((2, 2), 153), ((0, 0), 126), ((1, 1), 17)]
2024-12-28 21:36:23,203 - INFO - The data of objects: [{'name': 'chair', 'distance': 11.33, 'angle': 11.29}, {'name': 'chair', 'distance': 5.5, 'angle': 22.0}, {'name': 'person', 'distance': 14.96, 'angle': -1.47}]
2024-12-28 21:36:23,203 - INFO - ----New round of detections----
2024-12-28 21:36:23,453 - INFO - -----------------------------------------------------
2024-12-28 21:36:23,453 - INFO - 
the correlation matrixe: [[(True, 126, {'object_id_r': 0, 'object_id_l': 0, 'confidence_r': 76.57, 'confidence_l': 74.84, 'object_name_right': 'chair', 'object_name_left': 'chair', 'object_center_right': {'x': 1605, 'y': 846}, 'object_center_left': {'x': 1673, 'y': 845}, 'right_image_aov': {'x': 20.895, 'y': 13.827}, 'left_image_aov': {'x': 23.098, 'y': 13.781}, 'orb_result': 126})
  (True, 48, {'object_id_r': 1, 'object_id_l': 0, 'confidence_r': 69.42, 'confidence_l': 74.84, 'object_name_right': 'person', 'object_name_left': 'chair', 'object_center_right': {'x': 927, 'y': 597}, 'object_center_left': {'x': 1673, 'y': 845}, 'right_image_aov': {'x': -1.069, 'y': 2.576}, 'left_image_aov': {'x': 23.098, 'y': 13.781}, 'orb_result': 48})
  (True, 123, {'object_id_r': 2, 'object_id_l': 0, 'confidence_r': 62.58, 'confidence_l': 74.84, 'object_name_right': 'chair', 'object_name_left': 'chair', 'object_center_right': {'x': 1292, 'y': 827}, 'object_center_left': {'x': 1673, 'y': 845}, 'right_image_aov': {'x': 10.755, 'y': 12.968}, 'left_image_aov': {'x': 23.098, 'y': 13.781}, 'orb_result': 123})]
 [(True, 30, {'object_id_r': 0, 'object_id_l': 1, 'confidence_r': 76.57, 'confidence_l': 72.23, 'object_name_right': 'chair', 'object_name_left': 'person', 'object_center_right': {'x': 1605, 'y': 846}, 'object_center_left': {'x': 902, 'y': 618}, 'right_image_aov': {'x': 20.895, 'y': 13.827}, 'left_image_aov': {'x': -1.879, 'y': 3.524}, 'orb_result': 30})
  (True, 17, {'object_id_r': 1, 'object_id_l': 1, 'confidence_r': 69.42, 'confidence_l': 72.23, 'object_name_right': 'person', 'object_name_left': 'person', 'object_center_right': {'x': 927, 'y': 597}, 'object_center_left': {'x': 902, 'y': 618}, 'right_image_aov': {'x': -1.069, 'y': 2.576}, 'left_image_aov': {'x': -1.879, 'y': 3.524}, 'orb_result': 17})
  (True, 30, {'object_id_r': 2, 'object_id_l': 1, 'confidence_r': 62.58, 'confidence_l': 72.23, 'object_name_right': 'chair', 'object_name_left': 'person', 'object_center_right': {'x': 1292, 'y': 827}, 'object_center_left': {'x': 902, 'y': 618}, 'right_image_aov': {'x': 10.755, 'y': 12.968}, 'left_image_aov': {'x': -1.879, 'y': 3.524}, 'orb_result': 30})]
 [(True, 136, {'object_id_r': 0, 'object_id_l': 2, 'confidence_r': 76.57, 'confidence_l': 61.53, 'object_name_right': 'chair', 'object_name_left': 'chair', 'object_center_right': {'x': 1605, 'y': 846}, 'object_center_left': {'x': 1325, 'y': 826}, 'right_image_aov': {'x': 20.895, 'y': 13.827}, 'left_image_aov': {'x': 11.824, 'y': 12.923}, 'orb_result': 136})
  (True, 74, {'object_id_r': 1, 'object_id_l': 2, 'confidence_r': 69.42, 'confidence_l': 61.53, 'object_name_right': 'person', 'object_name_left': 'chair', 'object_center_right': {'x': 927, 'y': 597}, 'object_center_left': {'x': 1325, 'y': 826}, 'right_image_aov': {'x': -1.069, 'y': 2.576}, 'left_image_aov': {'x': 11.824, 'y': 12.923}, 'orb_result': 74})
  (True, 153, {'object_id_r': 2, 'object_id_l': 2, 'confidence_r': 62.58, 'confidence_l': 61.53, 'object_name_right': 'chair', 'object_name_left': 'chair', 'object_center_right': {'x': 1292, 'y': 827}, 'object_center_left': {'x': 1325, 'y': 826}, 'right_image_aov': {'x': 10.755, 'y': 12.968}, 'left_image_aov': {'x': 11.824, 'y': 12.923}, 'orb_result': 153})]]
2024-12-28 21:36:23,453 - INFO - The results of Max orb pairs are: [((2, 2), 153), ((0, 0), 126), ((1, 1), 17)]
2024-12-28 21:36:23,483 - INFO - The data of objects: [{'name': 'chair', 'distance': 11.33, 'angle': 11.29}, {'name': 'chair', 'distance': 5.5, 'angle': 22.0}, {'name': 'person', 'distance': 14.96, 'angle': -1.47}]
2024-12-28 21:36:23,486 - INFO - ----New round of detections----
2024-12-28 21:36:23,725 - INFO - -----------------------------------------------------
2024-12-28 21:36:23,734 - INFO - 
the correlation matrixe: [[(True, 126, {'object_id_r': 0, 'object_id_l': 0, 'confidence_r': 76.57, 'confidence_l': 74.84, 'object_name_right': 'chair', 'object_name_left': 'chair', 'object_center_right': {'x': 1605, 'y': 846}, 'object_center_left': {'x': 1673, 'y': 845}, 'right_image_aov': {'x': 20.895, 'y': 13.827}, 'left_image_aov': {'x': 23.098, 'y': 13.781}, 'orb_result': 126})
  (True, 48, {'object_id_r': 1, 'object_id_l': 0, 'confidence_r': 69.42, 'confidence_l': 74.84, 'object_name_right': 'person', 'object_name_left': 'chair', 'object_center_right': {'x': 927, 'y': 597}, 'object_center_left': {'x': 1673, 'y': 845}, 'right_image_aov': {'x': -1.069, 'y': 2.576}, 'left_image_aov': {'x': 23.098, 'y': 13.781}, 'orb_result': 48})
  (True, 123, {'object_id_r': 2, 'object_id_l': 0, 'confidence_r': 62.58, 'confidence_l': 74.84, 'object_name_right': 'chair', 'object_name_left': 'chair', 'object_center_right': {'x': 1292, 'y': 827}, 'object_center_left': {'x': 1673, 'y': 845}, 'right_image_aov': {'x': 10.755, 'y': 12.968}, 'left_image_aov': {'x': 23.098, 'y': 13.781}, 'orb_result': 123})]
 [(True, 30, {'object_id_r': 0, 'object_id_l': 1, 'confidence_r': 76.57, 'confidence_l': 72.23, 'object_name_right': 'chair', 'object_name_left': 'person', 'object_center_right': {'x': 1605, 'y': 846}, 'object_center_left': {'x': 902, 'y': 618}, 'right_image_aov': {'x': 20.895, 'y': 13.827}, 'left_image_aov': {'x': -1.879, 'y': 3.524}, 'orb_result': 30})
  (True, 17, {'object_id_r': 1, 'object_id_l': 1, 'confidence_r': 69.42, 'confidence_l': 72.23, 'object_name_right': 'person', 'object_name_left': 'person', 'object_center_right': {'x': 927, 'y': 597}, 'object_center_left': {'x': 902, 'y': 618}, 'right_image_aov': {'x': -1.069, 'y': 2.576}, 'left_image_aov': {'x': -1.879, 'y': 3.524}, 'orb_result': 17})
  (True, 30, {'object_id_r': 2, 'object_id_l': 1, 'confidence_r': 62.58, 'confidence_l': 72.23, 'object_name_right': 'chair', 'object_name_left': 'person', 'object_center_right': {'x': 1292, 'y': 827}, 'object_center_left': {'x': 902, 'y': 618}, 'right_image_aov': {'x': 10.755, 'y': 12.968}, 'left_image_aov': {'x': -1.879, 'y': 3.524}, 'orb_result': 30})]
 [(True, 136, {'object_id_r': 0, 'object_id_l': 2, 'confidence_r': 76.57, 'confidence_l': 61.53, 'object_name_right': 'chair', 'object_name_left': 'chair', 'object_center_right': {'x': 1605, 'y': 846}, 'object_center_left': {'x': 1325, 'y': 826}, 'right_image_aov': {'x': 20.895, 'y': 13.827}, 'left_image_aov': {'x': 11.824, 'y': 12.923}, 'orb_result': 136})
  (True, 74, {'object_id_r': 1, 'object_id_l': 2, 'confidence_r': 69.42, 'confidence_l': 61.53, 'object_name_right': 'person', 'object_name_left': 'chair', 'object_center_right': {'x': 927, 'y': 597}, 'object_center_left': {'x': 1325, 'y': 826}, 'right_image_aov': {'x': -1.069, 'y': 2.576}, 'left_image_aov': {'x': 11.824, 'y': 12.923}, 'orb_result': 74})
  (True, 153, {'object_id_r': 2, 'object_id_l': 2, 'confidence_r': 62.58, 'confidence_l': 61.53, 'object_name_right': 'chair', 'object_name_left': 'chair', 'object_center_right': {'x': 1292, 'y': 827}, 'object_center_left': {'x': 1325, 'y': 826}, 'right_image_aov': {'x': 10.755, 'y': 12.968}, 'left_image_aov': {'x': 11.824, 'y': 12.923}, 'orb_result': 153})]]
2024-12-28 21:36:23,734 - INFO - The results of Max orb pairs are: [((2, 2), 153), ((0, 0), 126), ((1, 1), 17)]
2024-12-28 21:36:23,760 - INFO - The data of objects: [{'name': 'chair', 'distance': 11.33, 'angle': 11.29}, {'name': 'chair', 'distance': 5.5, 'angle': 22.0}, {'name': 'person', 'distance': 14.96, 'angle': -1.47}]
2024-12-28 21:36:23,760 - INFO - ----New round of detections----
2024-12-28 21:36:24,009 - INFO - -----------------------------------------------------
2024-12-28 21:36:24,009 - INFO - 
the correlation matrixe: [[(True, 126, {'object_id_r': 0, 'object_id_l': 0, 'confidence_r': 76.57, 'confidence_l': 74.84, 'object_name_right': 'chair', 'object_name_left': 'chair', 'object_center_right': {'x': 1605, 'y': 846}, 'object_center_left': {'x': 1673, 'y': 845}, 'right_image_aov': {'x': 20.895, 'y': 13.827}, 'left_image_aov': {'x': 23.098, 'y': 13.781}, 'orb_result': 126})
  (True, 48, {'object_id_r': 1, 'object_id_l': 0, 'confidence_r': 69.42, 'confidence_l': 74.84, 'object_name_right': 'person', 'object_name_left': 'chair', 'object_center_right': {'x': 927, 'y': 597}, 'object_center_left': {'x': 1673, 'y': 845}, 'right_image_aov': {'x': -1.069, 'y': 2.576}, 'left_image_aov': {'x': 23.098, 'y': 13.781}, 'orb_result': 48})
  (True, 123, {'object_id_r': 2, 'object_id_l': 0, 'confidence_r': 62.58, 'confidence_l': 74.84, 'object_name_right': 'chair', 'object_name_left': 'chair', 'object_center_right': {'x': 1292, 'y': 827}, 'object_center_left': {'x': 1673, 'y': 845}, 'right_image_aov': {'x': 10.755, 'y': 12.968}, 'left_image_aov': {'x': 23.098, 'y': 13.781}, 'orb_result': 123})]
 [(True, 30, {'object_id_r': 0, 'object_id_l': 1, 'confidence_r': 76.57, 'confidence_l': 72.23, 'object_name_right': 'chair', 'object_name_left': 'person', 'object_center_right': {'x': 1605, 'y': 846}, 'object_center_left': {'x': 902, 'y': 618}, 'right_image_aov': {'x': 20.895, 'y': 13.827}, 'left_image_aov': {'x': -1.879, 'y': 3.524}, 'orb_result': 30})
  (True, 17, {'object_id_r': 1, 'object_id_l': 1, 'confidence_r': 69.42, 'confidence_l': 72.23, 'object_name_right': 'person', 'object_name_left': 'person', 'object_center_right': {'x': 927, 'y': 597}, 'object_center_left': {'x': 902, 'y': 618}, 'right_image_aov': {'x': -1.069, 'y': 2.576}, 'left_image_aov': {'x': -1.879, 'y': 3.524}, 'orb_result': 17})
  (True, 30, {'object_id_r': 2, 'object_id_l': 1, 'confidence_r': 62.58, 'confidence_l': 72.23, 'object_name_right': 'chair', 'object_name_left': 'person', 'object_center_right': {'x': 1292, 'y': 827}, 'object_center_left': {'x': 902, 'y': 618}, 'right_image_aov': {'x': 10.755, 'y': 12.968}, 'left_image_aov': {'x': -1.879, 'y': 3.524}, 'orb_result': 30})]
 [(True, 136, {'object_id_r': 0, 'object_id_l': 2, 'confidence_r': 76.57, 'confidence_l': 61.53, 'object_name_right': 'chair', 'object_name_left': 'chair', 'object_center_right': {'x': 1605, 'y': 846}, 'object_center_left': {'x': 1325, 'y': 826}, 'right_image_aov': {'x': 20.895, 'y': 13.827}, 'left_image_aov': {'x': 11.824, 'y': 12.923}, 'orb_result': 136})
  (True, 74, {'object_id_r': 1, 'object_id_l': 2, 'confidence_r': 69.42, 'confidence_l': 61.53, 'object_name_right': 'person', 'object_name_left': 'chair', 'object_center_right': {'x': 927, 'y': 597}, 'object_center_left': {'x': 1325, 'y': 826}, 'right_image_aov': {'x': -1.069, 'y': 2.576}, 'left_image_aov': {'x': 11.824, 'y': 12.923}, 'orb_result': 74})
  (True, 153, {'object_id_r': 2, 'object_id_l': 2, 'confidence_r': 62.58, 'confidence_l': 61.53, 'object_name_right': 'chair', 'object_name_left': 'chair', 'object_center_right': {'x': 1292, 'y': 827}, 'object_center_left': {'x': 1325, 'y': 826}, 'right_image_aov': {'x': 10.755, 'y': 12.968}, 'left_image_aov': {'x': 11.824, 'y': 12.923}, 'orb_result': 153})]]
2024-12-28 21:36:24,009 - INFO - The results of Max orb pairs are: [((2, 2), 153), ((0, 0), 126), ((1, 1), 17)]
2024-12-28 21:36:24,043 - INFO - The data of objects: [{'name': 'chair', 'distance': 11.33, 'angle': 11.29}, {'name': 'chair', 'distance': 5.5, 'angle': 22.0}, {'name': 'person', 'distance': 14.96, 'angle': -1.47}]
2024-12-28 21:36:24,043 - INFO - ----New round of detections----
2024-12-28 21:36:24,279 - INFO - -----------------------------------------------------
2024-12-28 21:36:24,279 - INFO - 
the correlation matrixe: [[(True, 126, {'object_id_r': 0, 'object_id_l': 0, 'confidence_r': 76.57, 'confidence_l': 74.84, 'object_name_right': 'chair', 'object_name_left': 'chair', 'object_center_right': {'x': 1605, 'y': 846}, 'object_center_left': {'x': 1673, 'y': 845}, 'right_image_aov': {'x': 20.895, 'y': 13.827}, 'left_image_aov': {'x': 23.098, 'y': 13.781}, 'orb_result': 126})
  (True, 48, {'object_id_r': 1, 'object_id_l': 0, 'confidence_r': 69.42, 'confidence_l': 74.84, 'object_name_right': 'person', 'object_name_left': 'chair', 'object_center_right': {'x': 927, 'y': 597}, 'object_center_left': {'x': 1673, 'y': 845}, 'right_image_aov': {'x': -1.069, 'y': 2.576}, 'left_image_aov': {'x': 23.098, 'y': 13.781}, 'orb_result': 48})
  (True, 123, {'object_id_r': 2, 'object_id_l': 0, 'confidence_r': 62.58, 'confidence_l': 74.84, 'object_name_right': 'chair', 'object_name_left': 'chair', 'object_center_right': {'x': 1292, 'y': 827}, 'object_center_left': {'x': 1673, 'y': 845}, 'right_image_aov': {'x': 10.755, 'y': 12.968}, 'left_image_aov': {'x': 23.098, 'y': 13.781}, 'orb_result': 123})]
 [(True, 30, {'object_id_r': 0, 'object_id_l': 1, 'confidence_r': 76.57, 'confidence_l': 72.23, 'object_name_right': 'chair', 'object_name_left': 'person', 'object_center_right': {'x': 1605, 'y': 846}, 'object_center_left': {'x': 902, 'y': 618}, 'right_image_aov': {'x': 20.895, 'y': 13.827}, 'left_image_aov': {'x': -1.879, 'y': 3.524}, 'orb_result': 30})
  (True, 17, {'object_id_r': 1, 'object_id_l': 1, 'confidence_r': 69.42, 'confidence_l': 72.23, 'object_name_right': 'person', 'object_name_left': 'person', 'object_center_right': {'x': 927, 'y': 597}, 'object_center_left': {'x': 902, 'y': 618}, 'right_image_aov': {'x': -1.069, 'y': 2.576}, 'left_image_aov': {'x': -1.879, 'y': 3.524}, 'orb_result': 17})
  (True, 30, {'object_id_r': 2, 'object_id_l': 1, 'confidence_r': 62.58, 'confidence_l': 72.23, 'object_name_right': 'chair', 'object_name_left': 'person', 'object_center_right': {'x': 1292, 'y': 827}, 'object_center_left': {'x': 902, 'y': 618}, 'right_image_aov': {'x': 10.755, 'y': 12.968}, 'left_image_aov': {'x': -1.879, 'y': 3.524}, 'orb_result': 30})]
 [(True, 136, {'object_id_r': 0, 'object_id_l': 2, 'confidence_r': 76.57, 'confidence_l': 61.53, 'object_name_right': 'chair', 'object_name_left': 'chair', 'object_center_right': {'x': 1605, 'y': 846}, 'object_center_left': {'x': 1325, 'y': 826}, 'right_image_aov': {'x': 20.895, 'y': 13.827}, 'left_image_aov': {'x': 11.824, 'y': 12.923}, 'orb_result': 136})
  (True, 74, {'object_id_r': 1, 'object_id_l': 2, 'confidence_r': 69.42, 'confidence_l': 61.53, 'object_name_right': 'person', 'object_name_left': 'chair', 'object_center_right': {'x': 927, 'y': 597}, 'object_center_left': {'x': 1325, 'y': 826}, 'right_image_aov': {'x': -1.069, 'y': 2.576}, 'left_image_aov': {'x': 11.824, 'y': 12.923}, 'orb_result': 74})
  (True, 153, {'object_id_r': 2, 'object_id_l': 2, 'confidence_r': 62.58, 'confidence_l': 61.53, 'object_name_right': 'chair', 'object_name_left': 'chair', 'object_center_right': {'x': 1292, 'y': 827}, 'object_center_left': {'x': 1325, 'y': 826}, 'right_image_aov': {'x': 10.755, 'y': 12.968}, 'left_image_aov': {'x': 11.824, 'y': 12.923}, 'orb_result': 153})]]
2024-12-28 21:36:24,279 - INFO - The results of Max orb pairs are: [((2, 2), 153), ((0, 0), 126), ((1, 1), 17)]
2024-12-28 21:36:24,309 - INFO - The data of objects: [{'name': 'chair', 'distance': 11.33, 'angle': 11.29}, {'name': 'chair', 'distance': 5.5, 'angle': 22.0}, {'name': 'person', 'distance': 14.96, 'angle': -1.47}]
2024-12-28 21:36:24,309 - INFO - ----New round of detections----
2024-12-28 21:36:24,551 - INFO - -----------------------------------------------------
2024-12-28 21:36:24,551 - INFO - 
the correlation matrixe: [[(True, 126, {'object_id_r': 0, 'object_id_l': 0, 'confidence_r': 76.57, 'confidence_l': 74.84, 'object_name_right': 'chair', 'object_name_left': 'chair', 'object_center_right': {'x': 1605, 'y': 846}, 'object_center_left': {'x': 1673, 'y': 845}, 'right_image_aov': {'x': 20.895, 'y': 13.827}, 'left_image_aov': {'x': 23.098, 'y': 13.781}, 'orb_result': 126})
  (True, 48, {'object_id_r': 1, 'object_id_l': 0, 'confidence_r': 69.42, 'confidence_l': 74.84, 'object_name_right': 'person', 'object_name_left': 'chair', 'object_center_right': {'x': 927, 'y': 597}, 'object_center_left': {'x': 1673, 'y': 845}, 'right_image_aov': {'x': -1.069, 'y': 2.576}, 'left_image_aov': {'x': 23.098, 'y': 13.781}, 'orb_result': 48})
  (True, 123, {'object_id_r': 2, 'object_id_l': 0, 'confidence_r': 62.58, 'confidence_l': 74.84, 'object_name_right': 'chair', 'object_name_left': 'chair', 'object_center_right': {'x': 1292, 'y': 827}, 'object_center_left': {'x': 1673, 'y': 845}, 'right_image_aov': {'x': 10.755, 'y': 12.968}, 'left_image_aov': {'x': 23.098, 'y': 13.781}, 'orb_result': 123})]
 [(True, 30, {'object_id_r': 0, 'object_id_l': 1, 'confidence_r': 76.57, 'confidence_l': 72.23, 'object_name_right': 'chair', 'object_name_left': 'person', 'object_center_right': {'x': 1605, 'y': 846}, 'object_center_left': {'x': 902, 'y': 618}, 'right_image_aov': {'x': 20.895, 'y': 13.827}, 'left_image_aov': {'x': -1.879, 'y': 3.524}, 'orb_result': 30})
  (True, 17, {'object_id_r': 1, 'object_id_l': 1, 'confidence_r': 69.42, 'confidence_l': 72.23, 'object_name_right': 'person', 'object_name_left': 'person', 'object_center_right': {'x': 927, 'y': 597}, 'object_center_left': {'x': 902, 'y': 618}, 'right_image_aov': {'x': -1.069, 'y': 2.576}, 'left_image_aov': {'x': -1.879, 'y': 3.524}, 'orb_result': 17})
  (True, 30, {'object_id_r': 2, 'object_id_l': 1, 'confidence_r': 62.58, 'confidence_l': 72.23, 'object_name_right': 'chair', 'object_name_left': 'person', 'object_center_right': {'x': 1292, 'y': 827}, 'object_center_left': {'x': 902, 'y': 618}, 'right_image_aov': {'x': 10.755, 'y': 12.968}, 'left_image_aov': {'x': -1.879, 'y': 3.524}, 'orb_result': 30})]
 [(True, 136, {'object_id_r': 0, 'object_id_l': 2, 'confidence_r': 76.57, 'confidence_l': 61.53, 'object_name_right': 'chair', 'object_name_left': 'chair', 'object_center_right': {'x': 1605, 'y': 846}, 'object_center_left': {'x': 1325, 'y': 826}, 'right_image_aov': {'x': 20.895, 'y': 13.827}, 'left_image_aov': {'x': 11.824, 'y': 12.923}, 'orb_result': 136})
  (True, 74, {'object_id_r': 1, 'object_id_l': 2, 'confidence_r': 69.42, 'confidence_l': 61.53, 'object_name_right': 'person', 'object_name_left': 'chair', 'object_center_right': {'x': 927, 'y': 597}, 'object_center_left': {'x': 1325, 'y': 826}, 'right_image_aov': {'x': -1.069, 'y': 2.576}, 'left_image_aov': {'x': 11.824, 'y': 12.923}, 'orb_result': 74})
  (True, 153, {'object_id_r': 2, 'object_id_l': 2, 'confidence_r': 62.58, 'confidence_l': 61.53, 'object_name_right': 'chair', 'object_name_left': 'chair', 'object_center_right': {'x': 1292, 'y': 827}, 'object_center_left': {'x': 1325, 'y': 826}, 'right_image_aov': {'x': 10.755, 'y': 12.968}, 'left_image_aov': {'x': 11.824, 'y': 12.923}, 'orb_result': 153})]]
2024-12-28 21:36:24,551 - INFO - The results of Max orb pairs are: [((2, 2), 153), ((0, 0), 126), ((1, 1), 17)]
2024-12-28 21:36:24,582 - INFO - The data of objects: [{'name': 'chair', 'distance': 11.33, 'angle': 11.29}, {'name': 'chair', 'distance': 5.5, 'angle': 22.0}, {'name': 'person', 'distance': 14.96, 'angle': -1.47}]
2024-12-28 21:36:24,582 - INFO - ----New round of detections----
