2025-01-10 12:25:05,793 - INFO - Application started
2025-01-10 12:25:15,115 - INFO - ----------GPU details----------
2025-01-10 12:25:15,115 - INFO - PyTorch version: 2.5.1+cu124
2025-01-10 12:25:15,115 - INFO - CUDA device: NVIDIA RTX 3500 Ada Generation Laptop GPU
2025-01-10 12:25:15,115 - INFO - ----------Processing loop started----------
2025-01-10 12:25:15,134 - INFO - ----New round of detections----
2025-01-10 12:25:16,036 - INFO - -----------------------------------------------------
2025-01-10 12:25:16,036 - INFO - 
the correlation matrixe: [[(False, 6, {'object_id_r': 0, 'object_id_l': 0, 'confidence_r': 82.13, 'confidence_l': 66.04, 'object_name_right': 'car', 'object_name_left': 'person', 'object_center_right': {'x': 146, 'y': 478}, 'object_center_left': {'x': 1271, 'y': 456}, 'right_image_aov': {'x': -26.37, 'y': -2.801}, 'left_image_aov': {'x': 10.075, 'y': -3.796}, 'orb_result': 6})
  (False, 7, {'object_id_r': 1, 'object_id_l': 0, 'confidence_r': 76.97, 'confidence_l': 66.04, 'object_name_right': 'car', 'object_name_left': 'person', 'object_center_right': {'x': 1003, 'y': 480}, 'object_center_left': {'x': 1271, 'y': 456}, 'right_image_aov': {'x': 1.393, 'y': -2.711}, 'left_image_aov': {'x': 10.075, 'y': -3.796}, 'orb_result': 7})
  (False, 7, {'object_id_r': 2, 'object_id_l': 0, 'confidence_r': 71.38, 'confidence_l': 66.04, 'object_name_right': 'person', 'object_name_left': 'person', 'object_center_right': {'x': 1234, 'y': 448}, 'object_center_left': {'x': 1271, 'y': 456}, 'right_image_aov': {'x': 8.876, 'y': -4.157}, 'left_image_aov': {'x': 10.075, 'y': -3.796}, 'orb_result': 7})
  (False, 4, {'object_id_r': 3, 'object_id_l': 0, 'confidence_r': 70.5, 'confidence_l': 66.04, 'object_name_right': 'car', 'object_name_left': 'person', 'object_center_right': {'x': 357, 'y': 476}, 'object_center_left': {'x': 1271, 'y': 456}, 'right_image_aov': {'x': -19.535, 'y': -2.892}, 'left_image_aov': {'x': 10.075, 'y': -3.796}, 'orb_result': 4})]
 [(True, 177, {'object_id_r': 0, 'object_id_l': 1, 'confidence_r': 82.13, 'confidence_l': 64.47, 'object_name_right': 'car', 'object_name_left': 'car', 'object_center_right': {'x': 146, 'y': 478}, 'object_center_left': {'x': 164, 'y': 510}, 'right_image_aov': {'x': -26.37, 'y': -2.801}, 'left_image_aov': {'x': -25.787, 'y': -1.356}, 'orb_result': 177})
  (True, 89, {'object_id_r': 1, 'object_id_l': 1, 'confidence_r': 76.97, 'confidence_l': 64.47, 'object_name_right': 'car', 'object_name_left': 'car', 'object_center_right': {'x': 1003, 'y': 480}, 'object_center_left': {'x': 164, 'y': 510}, 'right_image_aov': {'x': 1.393, 'y': -2.711}, 'left_image_aov': {'x': -25.787, 'y': -1.356}, 'orb_result': 89})
  (False, 6, {'object_id_r': 2, 'object_id_l': 1, 'confidence_r': 71.38, 'confidence_l': 64.47, 'object_name_right': 'person', 'object_name_left': 'car', 'object_center_right': {'x': 1234, 'y': 448}, 'object_center_left': {'x': 164, 'y': 510}, 'right_image_aov': {'x': 8.876, 'y': -4.157}, 'left_image_aov': {'x': -25.787, 'y': -1.356}, 'orb_result': 6})
  (True, 67, {'object_id_r': 3, 'object_id_l': 1, 'confidence_r': 70.5, 'confidence_l': 64.47, 'object_name_right': 'car', 'object_name_left': 'car', 'object_center_right': {'x': 357, 'y': 476}, 'object_center_left': {'x': 164, 'y': 510}, 'right_image_aov': {'x': -19.535, 'y': -2.892}, 'left_image_aov': {'x': -25.787, 'y': -1.356}, 'orb_result': 67})]
 [(True, 62, {'object_id_r': 0, 'object_id_l': 2, 'confidence_r': 82.13, 'confidence_l': 63.48, 'object_name_right': 'car', 'object_name_left': 'car', 'object_center_right': {'x': 146, 'y': 478}, 'object_center_left': {'x': 400, 'y': 503}, 'right_image_aov': {'x': -26.37, 'y': -2.801}, 'left_image_aov': {'x': -18.142, 'y': -1.672}, 'orb_result': 62})
  (True, 53, {'object_id_r': 1, 'object_id_l': 2, 'confidence_r': 76.97, 'confidence_l': 63.48, 'object_name_right': 'car', 'object_name_left': 'car', 'object_center_right': {'x': 1003, 'y': 480}, 'object_center_left': {'x': 400, 'y': 503}, 'right_image_aov': {'x': 1.393, 'y': -2.711}, 'left_image_aov': {'x': -18.142, 'y': -1.672}, 'orb_result': 53})
  (False, 4, {'object_id_r': 2, 'object_id_l': 2, 'confidence_r': 71.38, 'confidence_l': 63.48, 'object_name_right': 'person', 'object_name_left': 'car', 'object_center_right': {'x': 1234, 'y': 448}, 'object_center_left': {'x': 400, 'y': 503}, 'right_image_aov': {'x': 8.876, 'y': -4.157}, 'left_image_aov': {'x': -18.142, 'y': -1.672}, 'orb_result': 4})
  (True, 92, {'object_id_r': 3, 'object_id_l': 2, 'confidence_r': 70.5, 'confidence_l': 63.48, 'object_name_right': 'car', 'object_name_left': 'car', 'object_center_right': {'x': 357, 'y': 476}, 'object_center_left': {'x': 400, 'y': 503}, 'right_image_aov': {'x': -19.535, 'y': -2.892}, 'left_image_aov': {'x': -18.142, 'y': -1.672}, 'orb_result': 92})]
 [(True, 107, {'object_id_r': 0, 'object_id_l': 3, 'confidence_r': 82.13, 'confidence_l': 62.5, 'object_name_right': 'car', 'object_name_left': 'car', 'object_center_right': {'x': 146, 'y': 478}, 'object_center_left': {'x': 1057, 'y': 490}, 'right_image_aov': {'x': -26.37, 'y': -2.801}, 'left_image_aov': {'x': 3.142, 'y': -2.259}, 'orb_result': 107})
  (True, 126, {'object_id_r': 1, 'object_id_l': 3, 'confidence_r': 76.97, 'confidence_l': 62.5, 'object_name_right': 'car', 'object_name_left': 'car', 'object_center_right': {'x': 1003, 'y': 480}, 'object_center_left': {'x': 1057, 'y': 490}, 'right_image_aov': {'x': 1.393, 'y': -2.711}, 'left_image_aov': {'x': 3.142, 'y': -2.259}, 'orb_result': 126})
  (False, 6, {'object_id_r': 2, 'object_id_l': 3, 'confidence_r': 71.38, 'confidence_l': 62.5, 'object_name_right': 'person', 'object_name_left': 'car', 'object_center_right': {'x': 1234, 'y': 448}, 'object_center_left': {'x': 1057, 'y': 490}, 'right_image_aov': {'x': 8.876, 'y': -4.157}, 'left_image_aov': {'x': 3.142, 'y': -2.259}, 'orb_result': 6})
  (True, 51, {'object_id_r': 3, 'object_id_l': 3, 'confidence_r': 70.5, 'confidence_l': 62.5, 'object_name_right': 'car', 'object_name_left': 'car', 'object_center_right': {'x': 357, 'y': 476}, 'object_center_left': {'x': 1057, 'y': 490}, 'right_image_aov': {'x': -19.535, 'y': -2.892}, 'left_image_aov': {'x': 3.142, 'y': -2.259}, 'orb_result': 51})]]
2025-01-10 12:25:16,038 - INFO - The results of Max orb pairs are: [((1, 0), 177), ((3, 1), 126), ((2, 3), 92), ((0, 2), 7)]
2025-01-10 12:25:16,125 - INFO - The data of objects: [{'name': 'car', 'distance': 5.21, 'angle': -26.08}, {'name': 'car', 'distance': 7.65, 'angle': 2.27}, {'name': 'car', 'distance': 5.31, 'angle': -18.84}, {'name': 'person', 'distance': 9.86, 'angle': 9.48}]
2025-01-10 12:25:16,125 - CRITICAL - Critical error in while loop
Traceback (most recent call last):
  File "c:\Users\shai.y\Documents\Naggles_tmp-main\code\main_with_gui.py", line 364, in processing_loop
    if monitoring_rounds_of_detections is None:
UnboundLocalError: local variable 'monitoring_rounds_of_detections' referenced before assignment
2025-01-10 12:25:16,126 - INFO - The video ended and now the App will be close! Bey Bey
