2025-01-10 14:40:02,799 - INFO - Application started
2025-01-10 14:40:12,791 - INFO - ----------GPU details----------
2025-01-10 14:40:12,792 - INFO - PyTorch version: 2.5.1+cu124
2025-01-10 14:40:12,792 - INFO - CUDA device: NVIDIA RTX 3500 Ada Generation Laptop GPU
2025-01-10 14:40:12,792 - INFO - ----------Processing loop started----------
2025-01-10 14:40:12,814 - INFO - ----New round of detections----
2025-01-10 14:40:13,709 - INFO - -----------------------------------------------------
2025-01-10 14:40:13,709 - INFO - 
the correlation matrixe: [[(False, 6, {'object_id_r': 0, 'object_id_l': 0, 'confidence_r': 82.13, 'confidence_l': 66.04, 'object_name_right': 'car', 'object_name_left': 'person', 'object_center_right': {'x': 146, 'y': 478}, 'object_center_left': {'x': 1271, 'y': 456}, 'right_image_aov': {'x': -26.37, 'y': -2.801}, 'left_image_aov': {'x': 10.075, 'y': -3.796}, 'orb_result': 6})
  (False, 7, {'object_id_r': 1, 'object_id_l': 0, 'confidence_r': 76.97, 'confidence_l': 66.04, 'object_name_right': 'car', 'object_name_left': 'person', 'object_center_right': {'x': 1003, 'y': 480}, 'object_center_left': {'x': 1271, 'y': 456}, 'right_image_aov': {'x': 1.393, 'y': -2.711}, 'left_image_aov': {'x': 10.075, 'y': -3.796}, 'orb_result': 7})
  (False, 7, {'object_id_r': 2, 'object_id_l': 0, 'confidence_r': 71.38, 'confidence_l': 66.04, 'object_name_right': 'person', 'object_name_left': 'person', 'object_center_right': {'x': 1234, 'y': 448}, 'object_center_left': {'x': 1271, 'y': 456}, 'right_image_aov': {'x': 8.876, 'y': -4.157}, 'left_image_aov': {'x': 10.075, 'y': -3.796}, 'orb_result': 7})
  (False, 4, {'object_id_r': 3, 'object_id_l': 0, 'confidence_r': 70.5, 'confidence_l': 66.04, 'object_name_right': 'car', 'object_name_left': 'person', 'object_center_right': {'x': 357, 'y': 476}, 'object_center_left': {'x': 1271, 'y': 456}, 'right_image_aov': {'x': -19.535, 'y': -2.892}, 'left_image_aov': {'x': 10.075, 'y': -3.796}, 'orb_result': 4})]
 [(True, 177, {'object_id_r': 0, 'object_id_l': 1, 'confidence_r': 82.13, 'confidence_l': 64.47, 'object_name_right': 'car', 'object_name_left': 'car', 'object_center_right': {'x': 146, 'y': 478}, 'object_center_left': {'x': 164, 'y': 510}, 'right_image_aov': {'x': -26.37, 'y': -2.801}, 'left_image_aov': {'x': -25.787, 'y': -1.356}, 'orb_result': 177})
  (True, 89, {'object_id_r': 1, 'object_id_l': 1, 'confidence_r': 76.97, 'confidence_l': 64.47, 'object_name_right': 'car', 'object_name_left': 'car', 'object_center_right': {'x': 1003, 'y': 480}, 'object_center_left': {'x': 164, 'y': 510}, 'right_image_aov': {'x': 1.393, 'y': -2.711}, 'left_image_aov': {'x': -25.787, 'y': -1.356}, 'orb_result': 89})
  (False, 6, {'object_id_r': 2, 'object_id_l': 1, 'confidence_r': 71.38, 'confidence_l': 64.47, 'object_name_right': 'person', 'object_name_left': 'car', 'object_center_right': {'x': 1234, 'y': 448}, 'object_center_left': {'x': 164, 'y': 510}, 'right_image_aov': {'x': 8.876, 'y': -4.157}, 'left_image_aov': {'x': -25.787, 'y': -1.356}, 'orb_result': 6})
  (True, 67, {'object_id_r': 3, 'object_id_l': 1, 'confidence_r': 70.5, 'confidence_l': 64.47, 'object_name_right': 'car', 'object_name_left': 'car', 'object_center_right': {'x': 357, 'y': 476}, 'object_center_left': {'x': 164, 'y': 510}, 'right_image_aov': {'x': -19.535, 'y': -2.892}, 'left_image_aov': {'x': -25.787, 'y': -1.356}, 'orb_result': 67})]
 [(True, 62, {'object_id_r': 0, 'object_id_l': 2, 'confidence_r': 82.13, 'confidence_l': 63.48, 'object_name_right': 'car', 'object_name_left': 'car', 'object_center_right': {'x': 146, 'y': 478}, 'object_center_left': {'x': 400, 'y': 503}, 'right_image_aov': {'x': -26.37, 'y': -2.801}, 'left_image_aov': {'x': -18.142, 'y': -1.672}, 'orb_result': 62})
  (True, 53, {'object_id_r': 1, 'object_id_l': 2, 'confidence_r': 76.97, 'confidence_l': 63.48, 'object_name_right': 'car', 'object_name_left': 'car', 'object_center_right': {'x': 1003, 'y': 480}, 'object_center_left': {'x': 400, 'y': 503}, 'right_image_aov': {'x': 1.393, 'y': -2.711}, 'left_image_aov': {'x': -18.142, 'y': -1.672}, 'orb_result': 53})
  (False, 4, {'object_id_r': 2, 'object_id_l': 2, 'confidence_r': 71.38, 'confidence_l': 63.48, 'object_name_right': 'person', 'object_name_left': 'car', 'object_center_right': {'x': 1234, 'y': 448}, 'object_center_left': {'x': 400, 'y': 503}, 'right_image_aov': {'x': 8.876, 'y': -4.157}, 'left_image_aov': {'x': -18.142, 'y': -1.672}, 'orb_result': 4})
  (True, 92, {'object_id_r': 3, 'object_id_l': 2, 'confidence_r': 70.5, 'confidence_l': 63.48, 'object_name_right': 'car', 'object_name_left': 'car', 'object_center_right': {'x': 357, 'y': 476}, 'object_center_left': {'x': 400, 'y': 503}, 'right_image_aov': {'x': -19.535, 'y': -2.892}, 'left_image_aov': {'x': -18.142, 'y': -1.672}, 'orb_result': 92})]
 [(True, 107, {'object_id_r': 0, 'object_id_l': 3, 'confidence_r': 82.13, 'confidence_l': 62.5, 'object_name_right': 'car', 'object_name_left': 'car', 'object_center_right': {'x': 146, 'y': 478}, 'object_center_left': {'x': 1057, 'y': 490}, 'right_image_aov': {'x': -26.37, 'y': -2.801}, 'left_image_aov': {'x': 3.142, 'y': -2.259}, 'orb_result': 107})
  (True, 126, {'object_id_r': 1, 'object_id_l': 3, 'confidence_r': 76.97, 'confidence_l': 62.5, 'object_name_right': 'car', 'object_name_left': 'car', 'object_center_right': {'x': 1003, 'y': 480}, 'object_center_left': {'x': 1057, 'y': 490}, 'right_image_aov': {'x': 1.393, 'y': -2.711}, 'left_image_aov': {'x': 3.142, 'y': -2.259}, 'orb_result': 126})
  (False, 6, {'object_id_r': 2, 'object_id_l': 3, 'confidence_r': 71.38, 'confidence_l': 62.5, 'object_name_right': 'person', 'object_name_left': 'car', 'object_center_right': {'x': 1234, 'y': 448}, 'object_center_left': {'x': 1057, 'y': 490}, 'right_image_aov': {'x': 8.876, 'y': -4.157}, 'left_image_aov': {'x': 3.142, 'y': -2.259}, 'orb_result': 6})
  (True, 51, {'object_id_r': 3, 'object_id_l': 3, 'confidence_r': 70.5, 'confidence_l': 62.5, 'object_name_right': 'car', 'object_name_left': 'car', 'object_center_right': {'x': 357, 'y': 476}, 'object_center_left': {'x': 1057, 'y': 490}, 'right_image_aov': {'x': -19.535, 'y': -2.892}, 'left_image_aov': {'x': 3.142, 'y': -2.259}, 'orb_result': 51})]]
2025-01-10 14:40:13,711 - INFO - The results of Max orb pairs are: [((1, 0), 177), ((3, 1), 126), ((2, 3), 92), ((0, 2), 7)]
2025-01-10 14:40:13,848 - INFO - The data of objects: [{'name': 'car', 'distance': 5.21, 'angle': -26.08}, {'name': 'car', 'distance': 7.65, 'angle': 2.27}, {'name': 'car', 'distance': 5.31, 'angle': -18.84}, {'name': 'person', 'distance': 9.86, 'angle': 9.48}]
2025-01-10 14:40:17,021 - INFO - ----New round of detections----
2025-01-10 14:40:17,397 - INFO - -----------------------------------------------------
2025-01-10 14:40:17,397 - INFO - 
the correlation matrixe: [[(True, 96, {'object_id_r': 0, 'object_id_l': 0, 'confidence_r': 82.98, 'confidence_l': 75.76, 'object_name_right': 'car', 'object_name_left': 'car', 'object_center_right': {'x': 143, 'y': 479}, 'object_center_left': {'x': 1053, 'y': 491}, 'right_image_aov': {'x': -26.467, 'y': -2.756}, 'left_image_aov': {'x': 3.013, 'y': -2.214}, 'orb_result': 96})
  (True, 155, {'object_id_r': 1, 'object_id_l': 0, 'confidence_r': 76.38, 'confidence_l': 75.76, 'object_name_right': 'car', 'object_name_left': 'car', 'object_center_right': {'x': 1004, 'y': 482}, 'object_center_left': {'x': 1053, 'y': 491}, 'right_image_aov': {'x': 1.425, 'y': -2.621}, 'left_image_aov': {'x': 3.013, 'y': -2.214}, 'orb_result': 155})
  (True, 52, {'object_id_r': 2, 'object_id_l': 0, 'confidence_r': 75.26, 'confidence_l': 75.76, 'object_name_right': 'car', 'object_name_left': 'car', 'object_center_right': {'x': 355, 'y': 475}, 'object_center_left': {'x': 1053, 'y': 491}, 'right_image_aov': {'x': -19.599, 'y': -2.937}, 'left_image_aov': {'x': 3.013, 'y': -2.214}, 'orb_result': 52})
  (False, 5, {'object_id_r': 3, 'object_id_l': 0, 'confidence_r': 64.93, 'confidence_l': 75.76, 'object_name_right': 'person', 'object_name_left': 'car', 'object_center_right': {'x': 1235, 'y': 445}, 'object_center_left': {'x': 1053, 'y': 491}, 'right_image_aov': {'x': 8.909, 'y': -4.293}, 'left_image_aov': {'x': 3.013, 'y': -2.214}, 'orb_result': 5})]
 [(True, 175, {'object_id_r': 0, 'object_id_l': 1, 'confidence_r': 82.98, 'confidence_l': 73.49, 'object_name_right': 'car', 'object_name_left': 'car', 'object_center_right': {'x': 143, 'y': 479}, 'object_center_left': {'x': 169, 'y': 506}, 'right_image_aov': {'x': -26.467, 'y': -2.756}, 'left_image_aov': {'x': -25.625, 'y': -1.536}, 'orb_result': 175})
  (True, 105, {'object_id_r': 1, 'object_id_l': 1, 'confidence_r': 76.38, 'confidence_l': 73.49, 'object_name_right': 'car', 'object_name_left': 'car', 'object_center_right': {'x': 1004, 'y': 482}, 'object_center_left': {'x': 169, 'y': 506}, 'right_image_aov': {'x': 1.425, 'y': -2.621}, 'left_image_aov': {'x': -25.625, 'y': -1.536}, 'orb_result': 105})
  (True, 74, {'object_id_r': 2, 'object_id_l': 1, 'confidence_r': 75.26, 'confidence_l': 73.49, 'object_name_right': 'car', 'object_name_left': 'car', 'object_center_right': {'x': 355, 'y': 475}, 'object_center_left': {'x': 169, 'y': 506}, 'right_image_aov': {'x': -19.599, 'y': -2.937}, 'left_image_aov': {'x': -25.625, 'y': -1.536}, 'orb_result': 74})
  (False, 9, {'object_id_r': 3, 'object_id_l': 1, 'confidence_r': 64.93, 'confidence_l': 73.49, 'object_name_right': 'person', 'object_name_left': 'car', 'object_center_right': {'x': 1235, 'y': 445}, 'object_center_left': {'x': 169, 'y': 506}, 'right_image_aov': {'x': 8.909, 'y': -4.293}, 'left_image_aov': {'x': -25.625, 'y': -1.536}, 'orb_result': 9})]
 [(False, 5, {'object_id_r': 0, 'object_id_l': 2, 'confidence_r': 82.98, 'confidence_l': 70.64, 'object_name_right': 'car', 'object_name_left': 'person', 'object_center_right': {'x': 143, 'y': 479}, 'object_center_left': {'x': 1269, 'y': 455}, 'right_image_aov': {'x': -26.467, 'y': -2.756}, 'left_image_aov': {'x': 10.01, 'y': -3.841}, 'orb_result': 5})
  (False, 4, {'object_id_r': 1, 'object_id_l': 2, 'confidence_r': 76.38, 'confidence_l': 70.64, 'object_name_right': 'car', 'object_name_left': 'person', 'object_center_right': {'x': 1004, 'y': 482}, 'object_center_left': {'x': 1269, 'y': 455}, 'right_image_aov': {'x': 1.425, 'y': -2.621}, 'left_image_aov': {'x': 10.01, 'y': -3.841}, 'orb_result': 4})
  (False, 3, {'object_id_r': 2, 'object_id_l': 2, 'confidence_r': 75.26, 'confidence_l': 70.64, 'object_name_right': 'car', 'object_name_left': 'person', 'object_center_right': {'x': 355, 'y': 475}, 'object_center_left': {'x': 1269, 'y': 455}, 'right_image_aov': {'x': -19.599, 'y': -2.937}, 'left_image_aov': {'x': 10.01, 'y': -3.841}, 'orb_result': 3})
  (False, 5, {'object_id_r': 3, 'object_id_l': 2, 'confidence_r': 64.93, 'confidence_l': 70.64, 'object_name_right': 'person', 'object_name_left': 'person', 'object_center_right': {'x': 1235, 'y': 445}, 'object_center_left': {'x': 1269, 'y': 455}, 'right_image_aov': {'x': 8.909, 'y': -4.293}, 'left_image_aov': {'x': 10.01, 'y': -3.841}, 'orb_result': 5})]
 [(True, 64, {'object_id_r': 0, 'object_id_l': 3, 'confidence_r': 82.98, 'confidence_l': 65.18, 'object_name_right': 'car', 'object_name_left': 'car', 'object_center_right': {'x': 143, 'y': 479}, 'object_center_left': {'x': 401, 'y': 501}, 'right_image_aov': {'x': -26.467, 'y': -2.756}, 'left_image_aov': {'x': -18.109, 'y': -1.762}, 'orb_result': 64})
  (True, 58, {'object_id_r': 1, 'object_id_l': 3, 'confidence_r': 76.38, 'confidence_l': 65.18, 'object_name_right': 'car', 'object_name_left': 'car', 'object_center_right': {'x': 1004, 'y': 482}, 'object_center_left': {'x': 401, 'y': 501}, 'right_image_aov': {'x': 1.425, 'y': -2.621}, 'left_image_aov': {'x': -18.109, 'y': -1.762}, 'orb_result': 58})
  (True, 95, {'object_id_r': 2, 'object_id_l': 3, 'confidence_r': 75.26, 'confidence_l': 65.18, 'object_name_right': 'car', 'object_name_left': 'car', 'object_center_right': {'x': 355, 'y': 475}, 'object_center_left': {'x': 401, 'y': 501}, 'right_image_aov': {'x': -19.599, 'y': -2.937}, 'left_image_aov': {'x': -18.109, 'y': -1.762}, 'orb_result': 95})
  (False, 4, {'object_id_r': 3, 'object_id_l': 3, 'confidence_r': 64.93, 'confidence_l': 65.18, 'object_name_right': 'person', 'object_name_left': 'car', 'object_center_right': {'x': 1235, 'y': 445}, 'object_center_left': {'x': 401, 'y': 501}, 'right_image_aov': {'x': 8.909, 'y': -4.293}, 'left_image_aov': {'x': -18.109, 'y': -1.762}, 'orb_result': 4})]]
2025-01-10 14:40:17,398 - INFO - The results of Max orb pairs are: [((1, 0), 175), ((0, 1), 155), ((3, 2), 95), ((2, 3), 5)]
2025-01-10 14:40:17,505 - INFO - The data of objects: [{'name': 'car', 'distance': 3.63, 'angle': -26.05}, {'name': 'car', 'distance': 8.43, 'angle': 2.22}, {'name': 'car', 'distance': 4.96, 'angle': -18.85}, {'name': 'person', 'distance': 10.74, 'angle': 9.46}]
2025-01-10 14:40:18,613 - INFO - ----New round of detections----
2025-01-10 14:40:18,951 - INFO - -----------------------------------------------------
2025-01-10 14:40:18,951 - INFO - 
the correlation matrixe: [[(True, 104, {'object_id_r': 0, 'object_id_l': 0, 'confidence_r': 79.89, 'confidence_l': 79.33, 'object_name_right': 'car', 'object_name_left': 'car', 'object_center_right': {'x': 144, 'y': 479}, 'object_center_left': {'x': 1051, 'y': 491}, 'right_image_aov': {'x': -26.435, 'y': -2.756}, 'left_image_aov': {'x': 2.948, 'y': -2.214}, 'orb_result': 104})
  (True, 163, {'object_id_r': 1, 'object_id_l': 0, 'confidence_r': 78.0, 'confidence_l': 79.33, 'object_name_right': 'car', 'object_name_left': 'car', 'object_center_right': {'x': 1003, 'y': 481}, 'object_center_left': {'x': 1051, 'y': 491}, 'right_image_aov': {'x': 1.393, 'y': -2.666}, 'left_image_aov': {'x': 2.948, 'y': -2.214}, 'orb_result': 163})
  (False, 8, {'object_id_r': 2, 'object_id_l': 0, 'confidence_r': 72.92, 'confidence_l': 79.33, 'object_name_right': 'person', 'object_name_left': 'car', 'object_center_right': {'x': 1234, 'y': 439}, 'object_center_left': {'x': 1051, 'y': 491}, 'right_image_aov': {'x': 8.876, 'y': -4.564}, 'left_image_aov': {'x': 2.948, 'y': -2.214}, 'orb_result': 8})
  (True, 52, {'object_id_r': 3, 'object_id_l': 0, 'confidence_r': 72.65, 'confidence_l': 79.33, 'object_name_right': 'car', 'object_name_left': 'car', 'object_center_right': {'x': 357, 'y': 476}, 'object_center_left': {'x': 1051, 'y': 491}, 'right_image_aov': {'x': -19.535, 'y': -2.892}, 'left_image_aov': {'x': 2.948, 'y': -2.214}, 'orb_result': 52})]
 [(False, 7, {'object_id_r': 0, 'object_id_l': 1, 'confidence_r': 79.89, 'confidence_l': 66.38, 'object_name_right': 'car', 'object_name_left': 'person', 'object_center_right': {'x': 144, 'y': 479}, 'object_center_left': {'x': 1266, 'y': 458}, 'right_image_aov': {'x': -26.435, 'y': -2.756}, 'left_image_aov': {'x': 9.913, 'y': -3.705}, 'orb_result': 7})
  (False, 7, {'object_id_r': 1, 'object_id_l': 1, 'confidence_r': 78.0, 'confidence_l': 66.38, 'object_name_right': 'car', 'object_name_left': 'person', 'object_center_right': {'x': 1003, 'y': 481}, 'object_center_left': {'x': 1266, 'y': 458}, 'right_image_aov': {'x': 1.393, 'y': -2.666}, 'left_image_aov': {'x': 9.913, 'y': -3.705}, 'orb_result': 7})
  (False, 6, {'object_id_r': 2, 'object_id_l': 1, 'confidence_r': 72.92, 'confidence_l': 66.38, 'object_name_right': 'person', 'object_name_left': 'person', 'object_center_right': {'x': 1234, 'y': 439}, 'object_center_left': {'x': 1266, 'y': 458}, 'right_image_aov': {'x': 8.876, 'y': -4.564}, 'left_image_aov': {'x': 9.913, 'y': -3.705}, 'orb_result': 6})
  (False, 3, {'object_id_r': 3, 'object_id_l': 1, 'confidence_r': 72.65, 'confidence_l': 66.38, 'object_name_right': 'car', 'object_name_left': 'person', 'object_center_right': {'x': 357, 'y': 476}, 'object_center_left': {'x': 1266, 'y': 458}, 'right_image_aov': {'x': -19.535, 'y': -2.892}, 'left_image_aov': {'x': 9.913, 'y': -3.705}, 'orb_result': 3})]
 [(True, 168, {'object_id_r': 0, 'object_id_l': 2, 'confidence_r': 79.89, 'confidence_l': 66.04, 'object_name_right': 'car', 'object_name_left': 'car', 'object_center_right': {'x': 144, 'y': 479}, 'object_center_left': {'x': 165, 'y': 508}, 'right_image_aov': {'x': -26.435, 'y': -2.756}, 'left_image_aov': {'x': -25.755, 'y': -1.446}, 'orb_result': 168})
  (True, 96, {'object_id_r': 1, 'object_id_l': 2, 'confidence_r': 78.0, 'confidence_l': 66.04, 'object_name_right': 'car', 'object_name_left': 'car', 'object_center_right': {'x': 1003, 'y': 481}, 'object_center_left': {'x': 165, 'y': 508}, 'right_image_aov': {'x': 1.393, 'y': -2.666}, 'left_image_aov': {'x': -25.755, 'y': -1.446}, 'orb_result': 96})
  (False, 8, {'object_id_r': 2, 'object_id_l': 2, 'confidence_r': 72.92, 'confidence_l': 66.04, 'object_name_right': 'person', 'object_name_left': 'car', 'object_center_right': {'x': 1234, 'y': 439}, 'object_center_left': {'x': 165, 'y': 508}, 'right_image_aov': {'x': 8.876, 'y': -4.564}, 'left_image_aov': {'x': -25.755, 'y': -1.446}, 'orb_result': 8})
  (True, 72, {'object_id_r': 3, 'object_id_l': 2, 'confidence_r': 72.65, 'confidence_l': 66.04, 'object_name_right': 'car', 'object_name_left': 'car', 'object_center_right': {'x': 357, 'y': 476}, 'object_center_left': {'x': 165, 'y': 508}, 'right_image_aov': {'x': -19.535, 'y': -2.892}, 'left_image_aov': {'x': -25.755, 'y': -1.446}, 'orb_result': 72})]
 [(True, 67, {'object_id_r': 0, 'object_id_l': 3, 'confidence_r': 79.89, 'confidence_l': 62.67, 'object_name_right': 'car', 'object_name_left': 'car', 'object_center_right': {'x': 144, 'y': 479}, 'object_center_left': {'x': 403, 'y': 498}, 'right_image_aov': {'x': -26.435, 'y': -2.756}, 'left_image_aov': {'x': -18.044, 'y': -1.898}, 'orb_result': 67})
  (True, 63, {'object_id_r': 1, 'object_id_l': 3, 'confidence_r': 78.0, 'confidence_l': 62.67, 'object_name_right': 'car', 'object_name_left': 'car', 'object_center_right': {'x': 1003, 'y': 481}, 'object_center_left': {'x': 403, 'y': 498}, 'right_image_aov': {'x': 1.393, 'y': -2.666}, 'left_image_aov': {'x': -18.044, 'y': -1.898}, 'orb_result': 63})
  (False, 6, {'object_id_r': 2, 'object_id_l': 3, 'confidence_r': 72.92, 'confidence_l': 62.67, 'object_name_right': 'person', 'object_name_left': 'car', 'object_center_right': {'x': 1234, 'y': 439}, 'object_center_left': {'x': 403, 'y': 498}, 'right_image_aov': {'x': 8.876, 'y': -4.564}, 'left_image_aov': {'x': -18.044, 'y': -1.898}, 'orb_result': 6})
  (True, 111, {'object_id_r': 3, 'object_id_l': 3, 'confidence_r': 72.65, 'confidence_l': 62.67, 'object_name_right': 'car', 'object_name_left': 'car', 'object_center_right': {'x': 357, 'y': 476}, 'object_center_left': {'x': 403, 'y': 498}, 'right_image_aov': {'x': -19.535, 'y': -2.892}, 'left_image_aov': {'x': -18.044, 'y': -1.898}, 'orb_result': 111})]]
2025-01-10 14:40:18,951 - INFO - The results of Max orb pairs are: [((2, 0), 168), ((0, 1), 163), ((3, 3), 111), ((1, 2), 6)]
2025-01-10 14:40:19,043 - INFO - The data of objects: [{'name': 'car', 'distance': 4.45, 'angle': -26.09}, {'name': 'car', 'distance': 8.61, 'angle': 2.17}, {'name': 'car', 'distance': 4.98, 'angle': -18.79}, {'name': 'person', 'distance': 11.42, 'angle': 9.39}]
2025-01-10 14:40:20,260 - INFO - ----New round of detections----
2025-01-10 14:40:20,636 - INFO - -----------------------------------------------------
2025-01-10 14:40:20,637 - INFO - 
the correlation matrixe: [[(True, 111, {'object_id_r': 0, 'object_id_l': 0, 'confidence_r': 80.0, 'confidence_l': 77.85, 'object_name_right': 'car', 'object_name_left': 'car', 'object_center_right': {'x': 144, 'y': 480}, 'object_center_left': {'x': 1051, 'y': 491}, 'right_image_aov': {'x': -26.435, 'y': -2.711}, 'left_image_aov': {'x': 2.948, 'y': -2.214}, 'orb_result': 111})
  (True, 154, {'object_id_r': 1, 'object_id_l': 0, 'confidence_r': 79.77, 'confidence_l': 77.85, 'object_name_right': 'car', 'object_name_left': 'car', 'object_center_right': {'x': 1001, 'y': 481}, 'object_center_left': {'x': 1051, 'y': 491}, 'right_image_aov': {'x': 1.328, 'y': -2.666}, 'left_image_aov': {'x': 2.948, 'y': -2.214}, 'orb_result': 154})
  (True, 65, {'object_id_r': 2, 'object_id_l': 0, 'confidence_r': 73.81, 'confidence_l': 77.85, 'object_name_right': 'car', 'object_name_left': 'car', 'object_center_right': {'x': 356, 'y': 475}, 'object_center_left': {'x': 1051, 'y': 491}, 'right_image_aov': {'x': -19.567, 'y': -2.937}, 'left_image_aov': {'x': 2.948, 'y': -2.214}, 'orb_result': 65})
  (False, 8, {'object_id_r': 3, 'object_id_l': 0, 'confidence_r': 70.89, 'confidence_l': 77.85, 'object_name_right': 'person', 'object_name_left': 'car', 'object_center_right': {'x': 1233, 'y': 441}, 'object_center_left': {'x': 1051, 'y': 491}, 'right_image_aov': {'x': 8.844, 'y': -4.473}, 'left_image_aov': {'x': 2.948, 'y': -2.214}, 'orb_result': 8})]
 [(True, 181, {'object_id_r': 0, 'object_id_l': 1, 'confidence_r': 80.0, 'confidence_l': 70.31, 'object_name_right': 'car', 'object_name_left': 'car', 'object_center_right': {'x': 144, 'y': 480}, 'object_center_left': {'x': 165, 'y': 508}, 'right_image_aov': {'x': -26.435, 'y': -2.711}, 'left_image_aov': {'x': -25.755, 'y': -1.446}, 'orb_result': 181})
  (True, 100, {'object_id_r': 1, 'object_id_l': 1, 'confidence_r': 79.77, 'confidence_l': 70.31, 'object_name_right': 'car', 'object_name_left': 'car', 'object_center_right': {'x': 1001, 'y': 481}, 'object_center_left': {'x': 165, 'y': 508}, 'right_image_aov': {'x': 1.328, 'y': -2.666}, 'left_image_aov': {'x': -25.755, 'y': -1.446}, 'orb_result': 100})
  (True, 52, {'object_id_r': 2, 'object_id_l': 1, 'confidence_r': 73.81, 'confidence_l': 70.31, 'object_name_right': 'car', 'object_name_left': 'car', 'object_center_right': {'x': 356, 'y': 475}, 'object_center_left': {'x': 165, 'y': 508}, 'right_image_aov': {'x': -19.567, 'y': -2.937}, 'left_image_aov': {'x': -25.755, 'y': -1.446}, 'orb_result': 52})
  (False, 7, {'object_id_r': 3, 'object_id_l': 1, 'confidence_r': 70.89, 'confidence_l': 70.31, 'object_name_right': 'person', 'object_name_left': 'car', 'object_center_right': {'x': 1233, 'y': 441}, 'object_center_left': {'x': 165, 'y': 508}, 'right_image_aov': {'x': 8.844, 'y': -4.473}, 'left_image_aov': {'x': -25.755, 'y': -1.446}, 'orb_result': 7})]
 [(True, 68, {'object_id_r': 0, 'object_id_l': 2, 'confidence_r': 80.0, 'confidence_l': 65.17, 'object_name_right': 'car', 'object_name_left': 'car', 'object_center_right': {'x': 144, 'y': 480}, 'object_center_left': {'x': 402, 'y': 499}, 'right_image_aov': {'x': -26.435, 'y': -2.711}, 'left_image_aov': {'x': -18.077, 'y': -1.853}, 'orb_result': 68})
  (True, 60, {'object_id_r': 1, 'object_id_l': 2, 'confidence_r': 79.77, 'confidence_l': 65.17, 'object_name_right': 'car', 'object_name_left': 'car', 'object_center_right': {'x': 1001, 'y': 481}, 'object_center_left': {'x': 402, 'y': 499}, 'right_image_aov': {'x': 1.328, 'y': -2.666}, 'left_image_aov': {'x': -18.077, 'y': -1.853}, 'orb_result': 60})
  (True, 96, {'object_id_r': 2, 'object_id_l': 2, 'confidence_r': 73.81, 'confidence_l': 65.17, 'object_name_right': 'car', 'object_name_left': 'car', 'object_center_right': {'x': 356, 'y': 475}, 'object_center_left': {'x': 402, 'y': 499}, 'right_image_aov': {'x': -19.567, 'y': -2.937}, 'left_image_aov': {'x': -18.077, 'y': -1.853}, 'orb_result': 96})
  (False, 5, {'object_id_r': 3, 'object_id_l': 2, 'confidence_r': 70.89, 'confidence_l': 65.17, 'object_name_right': 'person', 'object_name_left': 'car', 'object_center_right': {'x': 1233, 'y': 441}, 'object_center_left': {'x': 402, 'y': 499}, 'right_image_aov': {'x': 8.844, 'y': -4.473}, 'left_image_aov': {'x': -18.077, 'y': -1.853}, 'orb_result': 5})]]
2025-01-10 14:40:20,637 - INFO - The results of Max orb pairs are: [((1, 0), 181), ((0, 1), 154), ((2, 2), 96)]
2025-01-10 14:40:20,729 - INFO - The data of objects: [{'name': 'car', 'distance': 4.45, 'angle': -26.09}, {'name': 'car', 'distance': 8.26, 'angle': 2.14}, {'name': 'car', 'distance': 4.97, 'angle': -18.82}]
2025-01-10 14:40:21,805 - INFO - ----New round of detections----
2025-01-10 14:40:22,167 - INFO - -----------------------------------------------------
2025-01-10 14:40:22,167 - INFO - 
the correlation matrixe: [[(True, 183, {'object_id_r': 0, 'object_id_l': 0, 'confidence_r': 81.69, 'confidence_l': 75.42, 'object_name_right': 'car', 'object_name_left': 'car', 'object_center_right': {'x': 143, 'y': 480}, 'object_center_left': {'x': 166, 'y': 506}, 'right_image_aov': {'x': -26.467, 'y': -2.711}, 'left_image_aov': {'x': -25.722, 'y': -1.536}, 'orb_result': 183})
  (True, 100, {'object_id_r': 1, 'object_id_l': 0, 'confidence_r': 80.15, 'confidence_l': 75.42, 'object_name_right': 'car', 'object_name_left': 'car', 'object_center_right': {'x': 1005, 'y': 481}, 'object_center_left': {'x': 166, 'y': 506}, 'right_image_aov': {'x': 1.458, 'y': -2.666}, 'left_image_aov': {'x': -25.722, 'y': -1.536}, 'orb_result': 100})
  (True, 65, {'object_id_r': 2, 'object_id_l': 0, 'confidence_r': 72.03, 'confidence_l': 75.42, 'object_name_right': 'car', 'object_name_left': 'car', 'object_center_right': {'x': 357, 'y': 475}, 'object_center_left': {'x': 166, 'y': 506}, 'right_image_aov': {'x': -19.535, 'y': -2.937}, 'left_image_aov': {'x': -25.722, 'y': -1.536}, 'orb_result': 65})
  (False, 4, {'object_id_r': 3, 'object_id_l': 0, 'confidence_r': 67.65, 'confidence_l': 75.42, 'object_name_right': 'person', 'object_name_left': 'car', 'object_center_right': {'x': 1234, 'y': 438}, 'object_center_left': {'x': 166, 'y': 506}, 'right_image_aov': {'x': 8.876, 'y': -4.609}, 'left_image_aov': {'x': -25.722, 'y': -1.536}, 'orb_result': 4})]
 [(True, 110, {'object_id_r': 0, 'object_id_l': 1, 'confidence_r': 81.69, 'confidence_l': 74.34, 'object_name_right': 'car', 'object_name_left': 'car', 'object_center_right': {'x': 143, 'y': 480}, 'object_center_left': {'x': 1054, 'y': 491}, 'right_image_aov': {'x': -26.467, 'y': -2.711}, 'left_image_aov': {'x': 3.045, 'y': -2.214}, 'orb_result': 110})
  (True, 159, {'object_id_r': 1, 'object_id_l': 1, 'confidence_r': 80.15, 'confidence_l': 74.34, 'object_name_right': 'car', 'object_name_left': 'car', 'object_center_right': {'x': 1005, 'y': 481}, 'object_center_left': {'x': 1054, 'y': 491}, 'right_image_aov': {'x': 1.458, 'y': -2.666}, 'left_image_aov': {'x': 3.045, 'y': -2.214}, 'orb_result': 159})
  (True, 56, {'object_id_r': 2, 'object_id_l': 1, 'confidence_r': 72.03, 'confidence_l': 74.34, 'object_name_right': 'car', 'object_name_left': 'car', 'object_center_right': {'x': 357, 'y': 475}, 'object_center_left': {'x': 1054, 'y': 491}, 'right_image_aov': {'x': -19.535, 'y': -2.937}, 'left_image_aov': {'x': 3.045, 'y': -2.214}, 'orb_result': 56})
  (False, 5, {'object_id_r': 3, 'object_id_l': 1, 'confidence_r': 67.65, 'confidence_l': 74.34, 'object_name_right': 'person', 'object_name_left': 'car', 'object_center_right': {'x': 1234, 'y': 438}, 'object_center_left': {'x': 1054, 'y': 491}, 'right_image_aov': {'x': 8.876, 'y': -4.609}, 'left_image_aov': {'x': 3.045, 'y': -2.214}, 'orb_result': 5})]
 [(True, 55, {'object_id_r': 0, 'object_id_l': 2, 'confidence_r': 81.69, 'confidence_l': 66.98, 'object_name_right': 'car', 'object_name_left': 'car', 'object_center_right': {'x': 143, 'y': 480}, 'object_center_left': {'x': 401, 'y': 501}, 'right_image_aov': {'x': -26.467, 'y': -2.711}, 'left_image_aov': {'x': -18.109, 'y': -1.762}, 'orb_result': 55})
  (True, 59, {'object_id_r': 1, 'object_id_l': 2, 'confidence_r': 80.15, 'confidence_l': 66.98, 'object_name_right': 'car', 'object_name_left': 'car', 'object_center_right': {'x': 1005, 'y': 481}, 'object_center_left': {'x': 401, 'y': 501}, 'right_image_aov': {'x': 1.458, 'y': -2.666}, 'left_image_aov': {'x': -18.109, 'y': -1.762}, 'orb_result': 59})
  (True, 99, {'object_id_r': 2, 'object_id_l': 2, 'confidence_r': 72.03, 'confidence_l': 66.98, 'object_name_right': 'car', 'object_name_left': 'car', 'object_center_right': {'x': 357, 'y': 475}, 'object_center_left': {'x': 401, 'y': 501}, 'right_image_aov': {'x': -19.535, 'y': -2.937}, 'left_image_aov': {'x': -18.109, 'y': -1.762}, 'orb_result': 99})
  (False, 3, {'object_id_r': 3, 'object_id_l': 2, 'confidence_r': 67.65, 'confidence_l': 66.98, 'object_name_right': 'person', 'object_name_left': 'car', 'object_center_right': {'x': 1234, 'y': 438}, 'object_center_left': {'x': 401, 'y': 501}, 'right_image_aov': {'x': 8.876, 'y': -4.609}, 'left_image_aov': {'x': -18.109, 'y': -1.762}, 'orb_result': 3})]
 [(False, 6, {'object_id_r': 0, 'object_id_l': 3, 'confidence_r': 81.69, 'confidence_l': 64.79, 'object_name_right': 'car', 'object_name_left': 'person', 'object_center_right': {'x': 143, 'y': 480}, 'object_center_left': {'x': 1272, 'y': 458}, 'right_image_aov': {'x': -26.467, 'y': -2.711}, 'left_image_aov': {'x': 10.107, 'y': -3.705}, 'orb_result': 6})
  (True, 10, {'object_id_r': 1, 'object_id_l': 3, 'confidence_r': 80.15, 'confidence_l': 64.79, 'object_name_right': 'car', 'object_name_left': 'person', 'object_center_right': {'x': 1005, 'y': 481}, 'object_center_left': {'x': 1272, 'y': 458}, 'right_image_aov': {'x': 1.458, 'y': -2.666}, 'left_image_aov': {'x': 10.107, 'y': -3.705}, 'orb_result': 10})
  (False, 3, {'object_id_r': 2, 'object_id_l': 3, 'confidence_r': 72.03, 'confidence_l': 64.79, 'object_name_right': 'car', 'object_name_left': 'person', 'object_center_right': {'x': 357, 'y': 475}, 'object_center_left': {'x': 1272, 'y': 458}, 'right_image_aov': {'x': -19.535, 'y': -2.937}, 'left_image_aov': {'x': 10.107, 'y': -3.705}, 'orb_result': 3})
  (False, 2, {'object_id_r': 3, 'object_id_l': 3, 'confidence_r': 67.65, 'confidence_l': 64.79, 'object_name_right': 'person', 'object_name_left': 'person', 'object_center_right': {'x': 1234, 'y': 438}, 'object_center_left': {'x': 1272, 'y': 458}, 'right_image_aov': {'x': 8.876, 'y': -4.609}, 'left_image_aov': {'x': 10.107, 'y': -3.705}, 'orb_result': 2})]]
2025-01-10 14:40:22,168 - INFO - The results of Max orb pairs are: [((0, 0), 183), ((1, 1), 159), ((2, 2), 99), ((3, 3), 2)]
2025-01-10 14:40:22,266 - INFO - The data of objects: [{'name': 'car', 'distance': 4.06, 'angle': -26.09}, {'name': 'car', 'distance': 8.43, 'angle': 2.25}, {'name': 'car', 'distance': 5.2, 'angle': -18.82}, {'name': 'person', 'distance': 9.6, 'angle': 9.49}]
2025-01-10 14:40:25,164 - INFO - ----New round of detections----
2025-01-10 14:40:25,582 - INFO - -----------------------------------------------------
2025-01-10 14:40:25,583 - INFO - 
the correlation matrixe: [[(True, 173, {'object_id_r': 0, 'object_id_l': 0, 'confidence_r': 79.63, 'confidence_l': 76.81, 'object_name_right': 'car', 'object_name_left': 'car', 'object_center_right': {'x': 145, 'y': 479}, 'object_center_left': {'x': 160, 'y': 506}, 'right_image_aov': {'x': -26.403, 'y': -2.756}, 'left_image_aov': {'x': -25.917, 'y': -1.536}, 'orb_result': 173})
  (True, 106, {'object_id_r': 1, 'object_id_l': 0, 'confidence_r': 79.43, 'confidence_l': 76.81, 'object_name_right': 'car', 'object_name_left': 'car', 'object_center_right': {'x': 1003, 'y': 481}, 'object_center_left': {'x': 160, 'y': 506}, 'right_image_aov': {'x': 1.393, 'y': -2.666}, 'left_image_aov': {'x': -25.917, 'y': -1.536}, 'orb_result': 106})
  (True, 61, {'object_id_r': 2, 'object_id_l': 0, 'confidence_r': 67.27, 'confidence_l': 76.81, 'object_name_right': 'car', 'object_name_left': 'car', 'object_center_right': {'x': 356, 'y': 475}, 'object_center_left': {'x': 160, 'y': 506}, 'right_image_aov': {'x': -19.567, 'y': -2.937}, 'left_image_aov': {'x': -25.917, 'y': -1.536}, 'orb_result': 61})
  (False, 2, {'object_id_r': 3, 'object_id_l': 0, 'confidence_r': 66.39, 'confidence_l': 76.81, 'object_name_right': 'person', 'object_name_left': 'car', 'object_center_right': {'x': 1234, 'y': 441}, 'object_center_left': {'x': 160, 'y': 506}, 'right_image_aov': {'x': 8.876, 'y': -4.473}, 'left_image_aov': {'x': -25.917, 'y': -1.536}, 'orb_result': 2})]
 [(True, 101, {'object_id_r': 0, 'object_id_l': 1, 'confidence_r': 79.63, 'confidence_l': 74.71, 'object_name_right': 'car', 'object_name_left': 'car', 'object_center_right': {'x': 145, 'y': 479}, 'object_center_left': {'x': 1051, 'y': 490}, 'right_image_aov': {'x': -26.403, 'y': -2.756}, 'left_image_aov': {'x': 2.948, 'y': -2.259}, 'orb_result': 101})
  (True, 164, {'object_id_r': 1, 'object_id_l': 1, 'confidence_r': 79.43, 'confidence_l': 74.71, 'object_name_right': 'car', 'object_name_left': 'car', 'object_center_right': {'x': 1003, 'y': 481}, 'object_center_left': {'x': 1051, 'y': 490}, 'right_image_aov': {'x': 1.393, 'y': -2.666}, 'left_image_aov': {'x': 2.948, 'y': -2.259}, 'orb_result': 164})
  (True, 54, {'object_id_r': 2, 'object_id_l': 1, 'confidence_r': 67.27, 'confidence_l': 74.71, 'object_name_right': 'car', 'object_name_left': 'car', 'object_center_right': {'x': 356, 'y': 475}, 'object_center_left': {'x': 1051, 'y': 490}, 'right_image_aov': {'x': -19.567, 'y': -2.937}, 'left_image_aov': {'x': 2.948, 'y': -2.259}, 'orb_result': 54})
  (False, 2, {'object_id_r': 3, 'object_id_l': 1, 'confidence_r': 66.39, 'confidence_l': 74.71, 'object_name_right': 'person', 'object_name_left': 'car', 'object_center_right': {'x': 1234, 'y': 441}, 'object_center_left': {'x': 1051, 'y': 490}, 'right_image_aov': {'x': 8.876, 'y': -4.473}, 'left_image_aov': {'x': 2.948, 'y': -2.259}, 'orb_result': 2})]
 [(True, 60, {'object_id_r': 0, 'object_id_l': 2, 'confidence_r': 79.63, 'confidence_l': 68.14, 'object_name_right': 'car', 'object_name_left': 'car', 'object_center_right': {'x': 145, 'y': 479}, 'object_center_left': {'x': 402, 'y': 501}, 'right_image_aov': {'x': -26.403, 'y': -2.756}, 'left_image_aov': {'x': -18.077, 'y': -1.762}, 'orb_result': 60})
  (True, 55, {'object_id_r': 1, 'object_id_l': 2, 'confidence_r': 79.43, 'confidence_l': 68.14, 'object_name_right': 'car', 'object_name_left': 'car', 'object_center_right': {'x': 1003, 'y': 481}, 'object_center_left': {'x': 402, 'y': 501}, 'right_image_aov': {'x': 1.393, 'y': -2.666}, 'left_image_aov': {'x': -18.077, 'y': -1.762}, 'orb_result': 55})
  (True, 86, {'object_id_r': 2, 'object_id_l': 2, 'confidence_r': 67.27, 'confidence_l': 68.14, 'object_name_right': 'car', 'object_name_left': 'car', 'object_center_right': {'x': 356, 'y': 475}, 'object_center_left': {'x': 402, 'y': 501}, 'right_image_aov': {'x': -19.567, 'y': -2.937}, 'left_image_aov': {'x': -18.077, 'y': -1.762}, 'orb_result': 86})
  (False, 1, {'object_id_r': 3, 'object_id_l': 2, 'confidence_r': 66.39, 'confidence_l': 68.14, 'object_name_right': 'person', 'object_name_left': 'car', 'object_center_right': {'x': 1234, 'y': 441}, 'object_center_left': {'x': 402, 'y': 501}, 'right_image_aov': {'x': 8.876, 'y': -4.473}, 'left_image_aov': {'x': -18.077, 'y': -1.762}, 'orb_result': 1})]
 [(False, 7, {'object_id_r': 0, 'object_id_l': 3, 'confidence_r': 79.63, 'confidence_l': 63.9, 'object_name_right': 'car', 'object_name_left': 'person', 'object_center_right': {'x': 145, 'y': 479}, 'object_center_left': {'x': 1270, 'y': 460}, 'right_image_aov': {'x': -26.403, 'y': -2.756}, 'left_image_aov': {'x': 10.043, 'y': -3.615}, 'orb_result': 7})
  (False, 6, {'object_id_r': 1, 'object_id_l': 3, 'confidence_r': 79.43, 'confidence_l': 63.9, 'object_name_right': 'car', 'object_name_left': 'person', 'object_center_right': {'x': 1003, 'y': 481}, 'object_center_left': {'x': 1270, 'y': 460}, 'right_image_aov': {'x': 1.393, 'y': -2.666}, 'left_image_aov': {'x': 10.043, 'y': -3.615}, 'orb_result': 6})
  (False, 4, {'object_id_r': 2, 'object_id_l': 3, 'confidence_r': 67.27, 'confidence_l': 63.9, 'object_name_right': 'car', 'object_name_left': 'person', 'object_center_right': {'x': 356, 'y': 475}, 'object_center_left': {'x': 1270, 'y': 460}, 'right_image_aov': {'x': -19.567, 'y': -2.937}, 'left_image_aov': {'x': 10.043, 'y': -3.615}, 'orb_result': 4})
  (False, 2, {'object_id_r': 3, 'object_id_l': 3, 'confidence_r': 66.39, 'confidence_l': 63.9, 'object_name_right': 'person', 'object_name_left': 'person', 'object_center_right': {'x': 1234, 'y': 441}, 'object_center_left': {'x': 1270, 'y': 460}, 'right_image_aov': {'x': 8.876, 'y': -4.473}, 'left_image_aov': {'x': 10.043, 'y': -3.615}, 'orb_result': 2})]]
2025-01-10 14:40:25,583 - INFO - The results of Max orb pairs are: [((0, 0), 173), ((1, 1), 164), ((2, 2), 86), ((3, 3), 2)]
2025-01-10 14:40:25,675 - INFO - The data of objects: [{'name': 'car', 'distance': 6.14, 'angle': -26.16}, {'name': 'car', 'distance': 8.61, 'angle': 2.17}, {'name': 'car', 'distance': 4.97, 'angle': -18.82}, {'name': 'person', 'distance': 10.13, 'angle': 9.46}]
2025-01-10 14:40:27,668 - INFO - ----New round of detections----
2025-01-10 14:40:28,134 - INFO - -----------------------------------------------------
2025-01-10 14:40:28,134 - INFO - 
the correlation matrixe: [[(True, 172, {'object_id_r': 0, 'object_id_l': 0, 'confidence_r': 79.22, 'confidence_l': 76.87, 'object_name_right': 'car', 'object_name_left': 'car', 'object_center_right': {'x': 145, 'y': 479}, 'object_center_left': {'x': 161, 'y': 506}, 'right_image_aov': {'x': -26.403, 'y': -2.756}, 'left_image_aov': {'x': -25.884, 'y': -1.536}, 'orb_result': 172})
  (True, 118, {'object_id_r': 1, 'object_id_l': 0, 'confidence_r': 77.85, 'confidence_l': 76.87, 'object_name_right': 'car', 'object_name_left': 'car', 'object_center_right': {'x': 1001, 'y': 482}, 'object_center_left': {'x': 161, 'y': 506}, 'right_image_aov': {'x': 1.328, 'y': -2.621}, 'left_image_aov': {'x': -25.884, 'y': -1.536}, 'orb_result': 118})
  (False, 2, {'object_id_r': 2, 'object_id_l': 0, 'confidence_r': 70.44, 'confidence_l': 76.87, 'object_name_right': 'person', 'object_name_left': 'car', 'object_center_right': {'x': 1234, 'y': 443}, 'object_center_left': {'x': 161, 'y': 506}, 'right_image_aov': {'x': 8.876, 'y': -4.383}, 'left_image_aov': {'x': -25.884, 'y': -1.536}, 'orb_result': 2})
  (True, 71, {'object_id_r': 3, 'object_id_l': 0, 'confidence_r': 67.2, 'confidence_l': 76.87, 'object_name_right': 'car', 'object_name_left': 'car', 'object_center_right': {'x': 356, 'y': 475}, 'object_center_left': {'x': 161, 'y': 506}, 'right_image_aov': {'x': -19.567, 'y': -2.937}, 'left_image_aov': {'x': -25.884, 'y': -1.536}, 'orb_result': 71})]
 [(True, 98, {'object_id_r': 0, 'object_id_l': 1, 'confidence_r': 79.22, 'confidence_l': 71.55, 'object_name_right': 'car', 'object_name_left': 'car', 'object_center_right': {'x': 145, 'y': 479}, 'object_center_left': {'x': 1056, 'y': 490}, 'right_image_aov': {'x': -26.403, 'y': -2.756}, 'left_image_aov': {'x': 3.11, 'y': -2.259}, 'orb_result': 98})
  (True, 159, {'object_id_r': 1, 'object_id_l': 1, 'confidence_r': 77.85, 'confidence_l': 71.55, 'object_name_right': 'car', 'object_name_left': 'car', 'object_center_right': {'x': 1001, 'y': 482}, 'object_center_left': {'x': 1056, 'y': 490}, 'right_image_aov': {'x': 1.328, 'y': -2.621}, 'left_image_aov': {'x': 3.11, 'y': -2.259}, 'orb_result': 159})
  (False, 2, {'object_id_r': 2, 'object_id_l': 1, 'confidence_r': 70.44, 'confidence_l': 71.55, 'object_name_right': 'person', 'object_name_left': 'car', 'object_center_right': {'x': 1234, 'y': 443}, 'object_center_left': {'x': 1056, 'y': 490}, 'right_image_aov': {'x': 8.876, 'y': -4.383}, 'left_image_aov': {'x': 3.11, 'y': -2.259}, 'orb_result': 2})
  (True, 53, {'object_id_r': 3, 'object_id_l': 1, 'confidence_r': 67.2, 'confidence_l': 71.55, 'object_name_right': 'car', 'object_name_left': 'car', 'object_center_right': {'x': 356, 'y': 475}, 'object_center_left': {'x': 1056, 'y': 490}, 'right_image_aov': {'x': -19.567, 'y': -2.937}, 'left_image_aov': {'x': 3.11, 'y': -2.259}, 'orb_result': 53})]
 [(True, 73, {'object_id_r': 0, 'object_id_l': 2, 'confidence_r': 79.22, 'confidence_l': 69.39, 'object_name_right': 'car', 'object_name_left': 'car', 'object_center_right': {'x': 145, 'y': 479}, 'object_center_left': {'x': 402, 'y': 501}, 'right_image_aov': {'x': -26.403, 'y': -2.756}, 'left_image_aov': {'x': -18.077, 'y': -1.762}, 'orb_result': 73})
  (True, 67, {'object_id_r': 1, 'object_id_l': 2, 'confidence_r': 77.85, 'confidence_l': 69.39, 'object_name_right': 'car', 'object_name_left': 'car', 'object_center_right': {'x': 1001, 'y': 482}, 'object_center_left': {'x': 402, 'y': 501}, 'right_image_aov': {'x': 1.328, 'y': -2.621}, 'left_image_aov': {'x': -18.077, 'y': -1.762}, 'orb_result': 67})
  (False, 2, {'object_id_r': 2, 'object_id_l': 2, 'confidence_r': 70.44, 'confidence_l': 69.39, 'object_name_right': 'person', 'object_name_left': 'car', 'object_center_right': {'x': 1234, 'y': 443}, 'object_center_left': {'x': 402, 'y': 501}, 'right_image_aov': {'x': 8.876, 'y': -4.383}, 'left_image_aov': {'x': -18.077, 'y': -1.762}, 'orb_result': 2})
  (True, 91, {'object_id_r': 3, 'object_id_l': 2, 'confidence_r': 67.2, 'confidence_l': 69.39, 'object_name_right': 'car', 'object_name_left': 'car', 'object_center_right': {'x': 356, 'y': 475}, 'object_center_left': {'x': 402, 'y': 501}, 'right_image_aov': {'x': -19.567, 'y': -2.937}, 'left_image_aov': {'x': -18.077, 'y': -1.762}, 'orb_result': 91})]
 [(False, 6, {'object_id_r': 0, 'object_id_l': 3, 'confidence_r': 79.22, 'confidence_l': 63.93, 'object_name_right': 'car', 'object_name_left': 'person', 'object_center_right': {'x': 145, 'y': 479}, 'object_center_left': {'x': 1270, 'y': 459}, 'right_image_aov': {'x': -26.403, 'y': -2.756}, 'left_image_aov': {'x': 10.043, 'y': -3.66}, 'orb_result': 6})
  (False, 8, {'object_id_r': 1, 'object_id_l': 3, 'confidence_r': 77.85, 'confidence_l': 63.93, 'object_name_right': 'car', 'object_name_left': 'person', 'object_center_right': {'x': 1001, 'y': 482}, 'object_center_left': {'x': 1270, 'y': 459}, 'right_image_aov': {'x': 1.328, 'y': -2.621}, 'left_image_aov': {'x': 10.043, 'y': -3.66}, 'orb_result': 8})
  (False, 4, {'object_id_r': 2, 'object_id_l': 3, 'confidence_r': 70.44, 'confidence_l': 63.93, 'object_name_right': 'person', 'object_name_left': 'person', 'object_center_right': {'x': 1234, 'y': 443}, 'object_center_left': {'x': 1270, 'y': 459}, 'right_image_aov': {'x': 8.876, 'y': -4.383}, 'left_image_aov': {'x': 10.043, 'y': -3.66}, 'orb_result': 4})
  (False, 4, {'object_id_r': 3, 'object_id_l': 3, 'confidence_r': 67.2, 'confidence_l': 63.93, 'object_name_right': 'car', 'object_name_left': 'person', 'object_center_right': {'x': 356, 'y': 475}, 'object_center_left': {'x': 1270, 'y': 459}, 'right_image_aov': {'x': -19.567, 'y': -2.937}, 'left_image_aov': {'x': 10.043, 'y': -3.66}, 'orb_result': 4})]]
2025-01-10 14:40:28,134 - INFO - The results of Max orb pairs are: [((0, 0), 172), ((1, 1), 159), ((2, 3), 91), ((3, 2), 4)]
2025-01-10 14:40:28,225 - INFO - The data of objects: [{'name': 'car', 'distance': 5.77, 'angle': -26.14}, {'name': 'car', 'distance': 7.51, 'angle': 2.22}, {'name': 'car', 'distance': 4.97, 'angle': -18.82}, {'name': 'person', 'distance': 10.13, 'angle': 9.46}]
2025-01-10 14:40:38,192 - INFO - ----New round of detections----
2025-01-10 14:40:38,635 - INFO - -----------------------------------------------------
2025-01-10 14:40:38,636 - INFO - 
the correlation matrixe: [[(True, 110, {'object_id_r': 0, 'object_id_l': 0, 'confidence_r': 80.06, 'confidence_l': 78.27, 'object_name_right': 'car', 'object_name_left': 'car', 'object_center_right': {'x': 1002, 'y': 483}, 'object_center_left': {'x': 164, 'y': 507}, 'right_image_aov': {'x': 1.361, 'y': -2.576}, 'left_image_aov': {'x': -25.787, 'y': -1.491}, 'orb_result': 110})
  (True, 180, {'object_id_r': 1, 'object_id_l': 0, 'confidence_r': 79.6, 'confidence_l': 78.27, 'object_name_right': 'car', 'object_name_left': 'car', 'object_center_right': {'x': 146, 'y': 479}, 'object_center_left': {'x': 164, 'y': 507}, 'right_image_aov': {'x': -26.37, 'y': -2.756}, 'left_image_aov': {'x': -25.787, 'y': -1.491}, 'orb_result': 180})
  (False, 7, {'object_id_r': 2, 'object_id_l': 0, 'confidence_r': 72.45, 'confidence_l': 78.27, 'object_name_right': 'person', 'object_name_left': 'car', 'object_center_right': {'x': 1234, 'y': 445}, 'object_center_left': {'x': 164, 'y': 507}, 'right_image_aov': {'x': 8.876, 'y': -4.293}, 'left_image_aov': {'x': -25.787, 'y': -1.491}, 'orb_result': 7})
  (True, 67, {'object_id_r': 3, 'object_id_l': 0, 'confidence_r': 68.74, 'confidence_l': 78.27, 'object_name_right': 'car', 'object_name_left': 'car', 'object_center_right': {'x': 356, 'y': 475}, 'object_center_left': {'x': 164, 'y': 507}, 'right_image_aov': {'x': -19.567, 'y': -2.937}, 'left_image_aov': {'x': -25.787, 'y': -1.491}, 'orb_result': 67})]
 [(True, 161, {'object_id_r': 0, 'object_id_l': 1, 'confidence_r': 80.06, 'confidence_l': 72.55, 'object_name_right': 'car', 'object_name_left': 'car', 'object_center_right': {'x': 1002, 'y': 483}, 'object_center_left': {'x': 1057, 'y': 490}, 'right_image_aov': {'x': 1.361, 'y': -2.576}, 'left_image_aov': {'x': 3.142, 'y': -2.259}, 'orb_result': 161})
  (True, 101, {'object_id_r': 1, 'object_id_l': 1, 'confidence_r': 79.6, 'confidence_l': 72.55, 'object_name_right': 'car', 'object_name_left': 'car', 'object_center_right': {'x': 146, 'y': 479}, 'object_center_left': {'x': 1057, 'y': 490}, 'right_image_aov': {'x': -26.37, 'y': -2.756}, 'left_image_aov': {'x': 3.142, 'y': -2.259}, 'orb_result': 101})
  (False, 6, {'object_id_r': 2, 'object_id_l': 1, 'confidence_r': 72.45, 'confidence_l': 72.55, 'object_name_right': 'person', 'object_name_left': 'car', 'object_center_right': {'x': 1234, 'y': 445}, 'object_center_left': {'x': 1057, 'y': 490}, 'right_image_aov': {'x': 8.876, 'y': -4.293}, 'left_image_aov': {'x': 3.142, 'y': -2.259}, 'orb_result': 6})
  (True, 61, {'object_id_r': 3, 'object_id_l': 1, 'confidence_r': 68.74, 'confidence_l': 72.55, 'object_name_right': 'car', 'object_name_left': 'car', 'object_center_right': {'x': 356, 'y': 475}, 'object_center_left': {'x': 1057, 'y': 490}, 'right_image_aov': {'x': -19.567, 'y': -2.937}, 'left_image_aov': {'x': 3.142, 'y': -2.259}, 'orb_result': 61})]
 [(True, 55, {'object_id_r': 0, 'object_id_l': 2, 'confidence_r': 80.06, 'confidence_l': 69.03, 'object_name_right': 'car', 'object_name_left': 'car', 'object_center_right': {'x': 1002, 'y': 483}, 'object_center_left': {'x': 404, 'y': 500}, 'right_image_aov': {'x': 1.361, 'y': -2.576}, 'left_image_aov': {'x': -18.012, 'y': -1.807}, 'orb_result': 55})
  (True, 73, {'object_id_r': 1, 'object_id_l': 2, 'confidence_r': 79.6, 'confidence_l': 69.03, 'object_name_right': 'car', 'object_name_left': 'car', 'object_center_right': {'x': 146, 'y': 479}, 'object_center_left': {'x': 404, 'y': 500}, 'right_image_aov': {'x': -26.37, 'y': -2.756}, 'left_image_aov': {'x': -18.012, 'y': -1.807}, 'orb_result': 73})
  (False, 5, {'object_id_r': 2, 'object_id_l': 2, 'confidence_r': 72.45, 'confidence_l': 69.03, 'object_name_right': 'person', 'object_name_left': 'car', 'object_center_right': {'x': 1234, 'y': 445}, 'object_center_left': {'x': 404, 'y': 500}, 'right_image_aov': {'x': 8.876, 'y': -4.293}, 'left_image_aov': {'x': -18.012, 'y': -1.807}, 'orb_result': 5})
  (True, 107, {'object_id_r': 3, 'object_id_l': 2, 'confidence_r': 68.74, 'confidence_l': 69.03, 'object_name_right': 'car', 'object_name_left': 'car', 'object_center_right': {'x': 356, 'y': 475}, 'object_center_left': {'x': 404, 'y': 500}, 'right_image_aov': {'x': -19.567, 'y': -2.937}, 'left_image_aov': {'x': -18.012, 'y': -1.807}, 'orb_result': 107})]
 [(False, 7, {'object_id_r': 0, 'object_id_l': 3, 'confidence_r': 80.06, 'confidence_l': 60.72, 'object_name_right': 'car', 'object_name_left': 'person', 'object_center_right': {'x': 1002, 'y': 483}, 'object_center_left': {'x': 1271, 'y': 459}, 'right_image_aov': {'x': 1.361, 'y': -2.576}, 'left_image_aov': {'x': 10.075, 'y': -3.66}, 'orb_result': 7})
  (False, 5, {'object_id_r': 1, 'object_id_l': 3, 'confidence_r': 79.6, 'confidence_l': 60.72, 'object_name_right': 'car', 'object_name_left': 'person', 'object_center_right': {'x': 146, 'y': 479}, 'object_center_left': {'x': 1271, 'y': 459}, 'right_image_aov': {'x': -26.37, 'y': -2.756}, 'left_image_aov': {'x': 10.075, 'y': -3.66}, 'orb_result': 5})
  (False, 4, {'object_id_r': 2, 'object_id_l': 3, 'confidence_r': 72.45, 'confidence_l': 60.72, 'object_name_right': 'person', 'object_name_left': 'person', 'object_center_right': {'x': 1234, 'y': 445}, 'object_center_left': {'x': 1271, 'y': 459}, 'right_image_aov': {'x': 8.876, 'y': -4.293}, 'left_image_aov': {'x': 10.075, 'y': -3.66}, 'orb_result': 4})
  (False, 3, {'object_id_r': 3, 'object_id_l': 3, 'confidence_r': 68.74, 'confidence_l': 60.72, 'object_name_right': 'car', 'object_name_left': 'person', 'object_center_right': {'x': 356, 'y': 475}, 'object_center_left': {'x': 1271, 'y': 459}, 'right_image_aov': {'x': -19.567, 'y': -2.937}, 'left_image_aov': {'x': 10.075, 'y': -3.66}, 'orb_result': 3})]]
2025-01-10 14:40:38,636 - INFO - The results of Max orb pairs are: [((0, 1), 180), ((1, 0), 161), ((2, 3), 107), ((3, 2), 4)]
2025-01-10 14:40:38,731 - INFO - The data of objects: [{'name': 'car', 'distance': 5.21, 'angle': -26.08}, {'name': 'car', 'distance': 7.51, 'angle': 2.25}, {'name': 'car', 'distance': 4.78, 'angle': -18.79}, {'name': 'person', 'distance': 9.86, 'angle': 9.48}]
2025-01-10 14:41:05,102 - INFO - ----New round of detections----
2025-01-10 14:41:05,549 - INFO - -----------------------------------------------------
2025-01-10 14:41:05,550 - INFO - 
the correlation matrixe: [[(True, 166, {'object_id_r': 0, 'object_id_l': 0, 'confidence_r': 78.03, 'confidence_l': 77.69, 'object_name_right': 'car', 'object_name_left': 'car', 'object_center_right': {'x': 150, 'y': 479}, 'object_center_left': {'x': 163, 'y': 504}, 'right_image_aov': {'x': -26.241, 'y': -2.756}, 'left_image_aov': {'x': -25.819, 'y': -1.627}, 'orb_result': 166})
  (True, 98, {'object_id_r': 1, 'object_id_l': 0, 'confidence_r': 75.84, 'confidence_l': 77.69, 'object_name_right': 'car', 'object_name_left': 'car', 'object_center_right': {'x': 1000, 'y': 482}, 'object_center_left': {'x': 163, 'y': 504}, 'right_image_aov': {'x': 1.296, 'y': -2.621}, 'left_image_aov': {'x': -25.819, 'y': -1.627}, 'orb_result': 98})
  (False, 5, {'object_id_r': 2, 'object_id_l': 0, 'confidence_r': 70.07, 'confidence_l': 77.69, 'object_name_right': 'person', 'object_name_left': 'car', 'object_center_right': {'x': 1232, 'y': 443}, 'object_center_left': {'x': 163, 'y': 504}, 'right_image_aov': {'x': 8.812, 'y': -4.383}, 'left_image_aov': {'x': -25.819, 'y': -1.627}, 'orb_result': 5})
  (True, 72, {'object_id_r': 3, 'object_id_l': 0, 'confidence_r': 67.27, 'confidence_l': 77.69, 'object_name_right': 'car', 'object_name_left': 'car', 'object_center_right': {'x': 354, 'y': 472}, 'object_center_left': {'x': 163, 'y': 504}, 'right_image_aov': {'x': -19.632, 'y': -3.073}, 'left_image_aov': {'x': -25.819, 'y': -1.627}, 'orb_result': 72})]
 [(True, 92, {'object_id_r': 0, 'object_id_l': 1, 'confidence_r': 78.03, 'confidence_l': 72.08, 'object_name_right': 'car', 'object_name_left': 'car', 'object_center_right': {'x': 150, 'y': 479}, 'object_center_left': {'x': 1052, 'y': 491}, 'right_image_aov': {'x': -26.241, 'y': -2.756}, 'left_image_aov': {'x': 2.98, 'y': -2.214}, 'orb_result': 92})
  (True, 161, {'object_id_r': 1, 'object_id_l': 1, 'confidence_r': 75.84, 'confidence_l': 72.08, 'object_name_right': 'car', 'object_name_left': 'car', 'object_center_right': {'x': 1000, 'y': 482}, 'object_center_left': {'x': 1052, 'y': 491}, 'right_image_aov': {'x': 1.296, 'y': -2.621}, 'left_image_aov': {'x': 2.98, 'y': -2.214}, 'orb_result': 161})
  (False, 5, {'object_id_r': 2, 'object_id_l': 1, 'confidence_r': 70.07, 'confidence_l': 72.08, 'object_name_right': 'person', 'object_name_left': 'car', 'object_center_right': {'x': 1232, 'y': 443}, 'object_center_left': {'x': 1052, 'y': 491}, 'right_image_aov': {'x': 8.812, 'y': -4.383}, 'left_image_aov': {'x': 2.98, 'y': -2.214}, 'orb_result': 5})
  (True, 60, {'object_id_r': 3, 'object_id_l': 1, 'confidence_r': 67.27, 'confidence_l': 72.08, 'object_name_right': 'car', 'object_name_left': 'car', 'object_center_right': {'x': 354, 'y': 472}, 'object_center_left': {'x': 1052, 'y': 491}, 'right_image_aov': {'x': -19.632, 'y': -3.073}, 'left_image_aov': {'x': 2.98, 'y': -2.214}, 'orb_result': 60})]
 [(True, 80, {'object_id_r': 0, 'object_id_l': 2, 'confidence_r': 78.03, 'confidence_l': 68.01, 'object_name_right': 'car', 'object_name_left': 'car', 'object_center_right': {'x': 150, 'y': 479}, 'object_center_left': {'x': 404, 'y': 499}, 'right_image_aov': {'x': -26.241, 'y': -2.756}, 'left_image_aov': {'x': -18.012, 'y': -1.853}, 'orb_result': 80})
  (True, 64, {'object_id_r': 1, 'object_id_l': 2, 'confidence_r': 75.84, 'confidence_l': 68.01, 'object_name_right': 'car', 'object_name_left': 'car', 'object_center_right': {'x': 1000, 'y': 482}, 'object_center_left': {'x': 404, 'y': 499}, 'right_image_aov': {'x': 1.296, 'y': -2.621}, 'left_image_aov': {'x': -18.012, 'y': -1.853}, 'orb_result': 64})
  (False, 6, {'object_id_r': 2, 'object_id_l': 2, 'confidence_r': 70.07, 'confidence_l': 68.01, 'object_name_right': 'person', 'object_name_left': 'car', 'object_center_right': {'x': 1232, 'y': 443}, 'object_center_left': {'x': 404, 'y': 499}, 'right_image_aov': {'x': 8.812, 'y': -4.383}, 'left_image_aov': {'x': -18.012, 'y': -1.853}, 'orb_result': 6})
  (True, 94, {'object_id_r': 3, 'object_id_l': 2, 'confidence_r': 67.27, 'confidence_l': 68.01, 'object_name_right': 'car', 'object_name_left': 'car', 'object_center_right': {'x': 354, 'y': 472}, 'object_center_left': {'x': 404, 'y': 499}, 'right_image_aov': {'x': -19.632, 'y': -3.073}, 'left_image_aov': {'x': -18.012, 'y': -1.853}, 'orb_result': 94})]
 [(False, 2, {'object_id_r': 0, 'object_id_l': 3, 'confidence_r': 78.03, 'confidence_l': 60.62, 'object_name_right': 'car', 'object_name_left': 'person', 'object_center_right': {'x': 150, 'y': 479}, 'object_center_left': {'x': 1269, 'y': 466}, 'right_image_aov': {'x': -26.241, 'y': -2.756}, 'left_image_aov': {'x': 10.01, 'y': -3.344}, 'orb_result': 2})
  (False, 2, {'object_id_r': 1, 'object_id_l': 3, 'confidence_r': 75.84, 'confidence_l': 60.62, 'object_name_right': 'car', 'object_name_left': 'person', 'object_center_right': {'x': 1000, 'y': 482}, 'object_center_left': {'x': 1269, 'y': 466}, 'right_image_aov': {'x': 1.296, 'y': -2.621}, 'left_image_aov': {'x': 10.01, 'y': -3.344}, 'orb_result': 2})
  (False, 1, {'object_id_r': 2, 'object_id_l': 3, 'confidence_r': 70.07, 'confidence_l': 60.62, 'object_name_right': 'person', 'object_name_left': 'person', 'object_center_right': {'x': 1232, 'y': 443}, 'object_center_left': {'x': 1269, 'y': 466}, 'right_image_aov': {'x': 8.812, 'y': -4.383}, 'left_image_aov': {'x': 10.01, 'y': -3.344}, 'orb_result': 1})
  (False, 1, {'object_id_r': 3, 'object_id_l': 3, 'confidence_r': 67.27, 'confidence_l': 60.62, 'object_name_right': 'car', 'object_name_left': 'person', 'object_center_right': {'x': 354, 'y': 472}, 'object_center_left': {'x': 1269, 'y': 466}, 'right_image_aov': {'x': -19.632, 'y': -3.073}, 'left_image_aov': {'x': 10.01, 'y': -3.344}, 'orb_result': 1})]]
2025-01-10 14:41:05,550 - INFO - The results of Max orb pairs are: [((0, 0), 166), ((1, 1), 161), ((2, 3), 94), ((3, 2), 1)]
2025-01-10 14:41:05,654 - INFO - The data of objects: [{'name': 'car', 'distance': 7.27, 'angle': -26.03}, {'name': 'car', 'distance': 7.95, 'angle': 2.14}, {'name': 'car', 'distance': 4.58, 'angle': -18.82}, {'name': 'person', 'distance': 9.88, 'angle': 9.41}]
