2025-06-01 10:25:46,618 - INFO - Application started
2025-06-01 10:25:46,618 - INFO - Using device: cpu
2025-06-01 10:25:59,616 - INFO - ----------GPU details----------
2025-06-01 10:25:59,619 - INFO - PyTorch version: 2.6.0+cpu
2025-06-01 10:25:59,619 - WARNING - No CUDA device detected. The program will run on CPU.
2025-06-01 10:25:59,619 - INFO - ----------Processing loop started----------
2025-06-01 10:26:17,537 - INFO - ----New round of detections----
2025-06-01 10:26:20,649 - INFO - -----------------------------------------------------
2025-06-01 10:26:20,649 - INFO - 
The correlation matrix: [[(True, 102, {'object_id_r': 0, 'object_id_l': 0, 'confidence_r': 75.8, 'confidence_l': 84.36, 'object_name_right': 'person', 'object_name_left': 'car', 'object_center_right': {'x': 1610, 'y': 568}, 'object_center_left': {'x': 546, 'y': 474}, 'right_image_aov': {'x': 21.057, 'y': 1.265}, 'left_image_aov': {'x': -13.412, 'y': -2.982}, 'orb_result': 102})]
 [(True, 109, {'object_id_r': 0, 'object_id_l': 1, 'confidence_r': 75.8, 'confidence_l': 72.5, 'object_name_right': 'person', 'object_name_left': 'chair', 'object_center_right': {'x': 1610, 'y': 568}, 'object_center_left': {'x': 1551, 'y': 808}, 'right_image_aov': {'x': 21.057, 'y': 1.265}, 'left_image_aov': {'x': 19.146, 'y': 12.11}, 'orb_result': 109})]
 [(True, 113, {'object_id_r': 0, 'object_id_l': 2, 'confidence_r': 75.8, 'confidence_l': 67.23, 'object_name_right': 'person', 'object_name_left': 'person', 'object_center_right': {'x': 1610, 'y': 568}, 'object_center_left': {'x': 1594, 'y': 536}, 'right_image_aov': {'x': 21.057, 'y': 1.265}, 'left_image_aov': {'x': 20.539, 'y': -0.181}, 'orb_result': 113})]]
2025-06-01 10:26:20,649 - INFO - The results of Max orb pairs are: [((2, 0), 113)]
2025-06-01 10:26:20,745 - INFO - The data of objects (smoothed): [{'id': 0, 'name': 'person', 'distance': 12.1, 'angle': 20.8, 'match_count': 1}]
2025-06-01 10:26:20,762 - INFO - ----New round of detections----
2025-06-01 10:26:21,881 - INFO - -----------------------------------------------------
2025-06-01 10:26:21,881 - INFO - 
The correlation matrix: [[(True, 114, {'object_id_r': 0, 'object_id_l': 0, 'confidence_r': 91.24, 'confidence_l': 90.42, 'object_name_right': 'person', 'object_name_left': 'person', 'object_center_right': {'x': 1621, 'y': 554}, 'object_center_left': {'x': 219, 'y': 531}, 'right_image_aov': {'x': 21.414, 'y': 0.633}, 'left_image_aov': {'x': -24.005, 'y': -0.407}, 'orb_result': 114})
  (True, 142, {'object_id_r': 1, 'object_id_l': 0, 'confidence_r': 88.07, 'confidence_l': 90.42, 'object_name_right': 'person', 'object_name_left': 'person', 'object_center_right': {'x': 163, 'y': 537}, 'object_center_left': {'x': 219, 'y': 531}, 'right_image_aov': {'x': -25.819, 'y': -0.136}, 'left_image_aov': {'x': -24.005, 'y': -0.407}, 'orb_result': 142})
  (True, 142, {'object_id_r': 2, 'object_id_l': 0, 'confidence_r': 84.35, 'confidence_l': 90.42, 'object_name_right': 'car', 'object_name_left': 'person', 'object_center_right': {'x': 590, 'y': 483}, 'object_center_left': {'x': 219, 'y': 531}, 'right_image_aov': {'x': -11.986, 'y': -2.576}, 'left_image_aov': {'x': -24.005, 'y': -0.407}, 'orb_result': 142})]
 [(True, 81, {'object_id_r': 0, 'object_id_l': 1, 'confidence_r': 91.24, 'confidence_l': 84.37, 'object_name_right': 'person', 'object_name_left': 'car', 'object_center_right': {'x': 1621, 'y': 554}, 'object_center_left': {'x': 639, 'y': 450}, 'right_image_aov': {'x': 21.414, 'y': 0.633}, 'left_image_aov': {'x': -10.399, 'y': -4.067}, 'orb_result': 81})
  (True, 142, {'object_id_r': 1, 'object_id_l': 1, 'confidence_r': 88.07, 'confidence_l': 84.37, 'object_name_right': 'person', 'object_name_left': 'car', 'object_center_right': {'x': 163, 'y': 537}, 'object_center_left': {'x': 639, 'y': 450}, 'right_image_aov': {'x': -25.819, 'y': -0.136}, 'left_image_aov': {'x': -10.399, 'y': -4.067}, 'orb_result': 142})
  (True, 200, {'object_id_r': 2, 'object_id_l': 1, 'confidence_r': 84.35, 'confidence_l': 84.37, 'object_name_right': 'car', 'object_name_left': 'car', 'object_center_right': {'x': 590, 'y': 483}, 'object_center_left': {'x': 639, 'y': 450}, 'right_image_aov': {'x': -11.986, 'y': -2.576}, 'left_image_aov': {'x': -10.399, 'y': -4.067}, 'orb_result': 200})]
 [(True, 108, {'object_id_r': 0, 'object_id_l': 2, 'confidence_r': 91.24, 'confidence_l': 71.4, 'object_name_right': 'person', 'object_name_left': 'chair', 'object_center_right': {'x': 1621, 'y': 554}, 'object_center_left': {'x': 1550, 'y': 809}, 'right_image_aov': {'x': 21.414, 'y': 0.633}, 'left_image_aov': {'x': 19.114, 'y': 12.155}, 'orb_result': 108})
  (True, 133, {'object_id_r': 1, 'object_id_l': 2, 'confidence_r': 88.07, 'confidence_l': 71.4, 'object_name_right': 'person', 'object_name_left': 'chair', 'object_center_right': {'x': 163, 'y': 537}, 'object_center_left': {'x': 1550, 'y': 809}, 'right_image_aov': {'x': -25.819, 'y': -0.136}, 'left_image_aov': {'x': 19.114, 'y': 12.155}, 'orb_result': 133})
  (True, 140, {'object_id_r': 2, 'object_id_l': 2, 'confidence_r': 84.35, 'confidence_l': 71.4, 'object_name_right': 'car', 'object_name_left': 'chair', 'object_center_right': {'x': 590, 'y': 483}, 'object_center_left': {'x': 1550, 'y': 809}, 'right_image_aov': {'x': -11.986, 'y': -2.576}, 'left_image_aov': {'x': 19.114, 'y': 12.155}, 'orb_result': 140})]
 [(True, 105, {'object_id_r': 0, 'object_id_l': 3, 'confidence_r': 91.24, 'confidence_l': 65.73, 'object_name_right': 'person', 'object_name_left': 'person', 'object_center_right': {'x': 1621, 'y': 554}, 'object_center_left': {'x': 1592, 'y': 527}, 'right_image_aov': {'x': 21.414, 'y': 0.633}, 'left_image_aov': {'x': 20.474, 'y': -0.587}, 'orb_result': 105})
  (True, 135, {'object_id_r': 1, 'object_id_l': 3, 'confidence_r': 88.07, 'confidence_l': 65.73, 'object_name_right': 'person', 'object_name_left': 'person', 'object_center_right': {'x': 163, 'y': 537}, 'object_center_left': {'x': 1592, 'y': 527}, 'right_image_aov': {'x': -25.819, 'y': -0.136}, 'left_image_aov': {'x': 20.474, 'y': -0.587}, 'orb_result': 135})
  (True, 114, {'object_id_r': 2, 'object_id_l': 3, 'confidence_r': 84.35, 'confidence_l': 65.73, 'object_name_right': 'car', 'object_name_left': 'person', 'object_center_right': {'x': 590, 'y': 483}, 'object_center_left': {'x': 1592, 'y': 527}, 'right_image_aov': {'x': -11.986, 'y': -2.576}, 'left_image_aov': {'x': 20.474, 'y': -0.587}, 'orb_result': 114})]]
2025-06-01 10:26:21,881 - INFO - The results of Max orb pairs are: [((1, 2), 200), ((0, 1), 142), ((3, 0), 105)]
2025-06-01 10:26:21,973 - INFO - The data of objects (smoothed): [{'id': 1, 'name': 'person', 'distance': 2.1, 'angle': -24.9, 'match_count': 1}, {'id': 2, 'name': 'person', 'distance': 6.6, 'angle': 20.9, 'match_count': 1}]
2025-06-01 10:26:21,986 - INFO - ----New round of detections----
2025-06-01 10:26:22,861 - INFO - -----------------------------------------------------
2025-06-01 10:26:22,861 - INFO - 
The correlation matrix: [[(True, 147, {'object_id_r': 0, 'object_id_l': 0, 'confidence_r': 91.17, 'confidence_l': 75.27, 'object_name_right': 'person', 'object_name_left': 'person', 'object_center_right': {'x': 1623, 'y': 555}, 'object_center_left': {'x': 636, 'y': 513}, 'right_image_aov': {'x': 21.478, 'y': 0.678}, 'left_image_aov': {'x': -10.496, 'y': -1.22}, 'orb_result': 147})
  (False, 0, {'object_id_r': 1, 'object_id_l': 0, 'confidence_r': 60.82, 'confidence_l': 75.27, 'object_name_right': 'person', 'object_name_left': 'person', 'object_center_right': {'x': 1257, 'y': 449}, 'object_center_left': {'x': 636, 'y': 513}, 'right_image_aov': {'x': 9.622, 'y': -4.112}, 'left_image_aov': {'x': -10.496, 'y': -1.22}, 'orb_result': 0})]
 [(True, 109, {'object_id_r': 0, 'object_id_l': 1, 'confidence_r': 91.17, 'confidence_l': 66.67, 'object_name_right': 'person', 'object_name_left': 'chair', 'object_center_right': {'x': 1623, 'y': 555}, 'object_center_left': {'x': 1558, 'y': 818}, 'right_image_aov': {'x': 21.478, 'y': 0.678}, 'left_image_aov': {'x': 19.373, 'y': 12.561}, 'orb_result': 109})
  (False, 0, {'object_id_r': 1, 'object_id_l': 1, 'confidence_r': 60.82, 'confidence_l': 66.67, 'object_name_right': 'person', 'object_name_left': 'chair', 'object_center_right': {'x': 1257, 'y': 449}, 'object_center_left': {'x': 1558, 'y': 818}, 'right_image_aov': {'x': 9.622, 'y': -4.112}, 'left_image_aov': {'x': 19.373, 'y': 12.561}, 'orb_result': 0})]
 [(True, 101, {'object_id_r': 0, 'object_id_l': 2, 'confidence_r': 91.17, 'confidence_l': 63.17, 'object_name_right': 'person', 'object_name_left': 'person', 'object_center_right': {'x': 1623, 'y': 555}, 'object_center_left': {'x': 1595, 'y': 529}, 'right_image_aov': {'x': 21.478, 'y': 0.678}, 'left_image_aov': {'x': 20.571, 'y': -0.497}, 'orb_result': 101})
  (False, 0, {'object_id_r': 1, 'object_id_l': 2, 'confidence_r': 60.82, 'confidence_l': 63.17, 'object_name_right': 'person', 'object_name_left': 'person', 'object_center_right': {'x': 1257, 'y': 449}, 'object_center_left': {'x': 1595, 'y': 529}, 'right_image_aov': {'x': 9.622, 'y': -4.112}, 'left_image_aov': {'x': 20.571, 'y': -0.497}, 'orb_result': 0})]]
2025-06-01 10:26:22,862 - INFO - The results of Max orb pairs are: [((2, 0), 101), ((0, 1), 0)]
2025-06-01 10:26:22,957 - INFO - The data of objects (smoothed): [{'id': 2, 'name': 'person', 'distance': 6.6, 'angle': 20.9, 'match_count': 2}, {'id': 3, 'name': 'person', 'distance': 0.0, 'angle': -0.4, 'match_count': 1}]
2025-06-01 10:26:22,986 - INFO - ----New round of detections----
2025-06-01 10:26:24,025 - INFO - -----------------------------------------------------
2025-06-01 10:26:24,025 - INFO - 
The correlation matrix: [[(True, 112, {'object_id_r': 0, 'object_id_l': 0, 'confidence_r': 91.67, 'confidence_l': 84.31, 'object_name_right': 'person', 'object_name_left': 'car', 'object_center_right': {'x': 1623, 'y': 553}, 'object_center_left': {'x': 447, 'y': 472}, 'right_image_aov': {'x': 21.478, 'y': 0.587}, 'left_image_aov': {'x': -16.619, 'y': -3.073}, 'orb_result': 112})
  (True, 147, {'object_id_r': 1, 'object_id_l': 0, 'confidence_r': 77.78, 'confidence_l': 84.31, 'object_name_right': 'person', 'object_name_left': 'car', 'object_center_right': {'x': 825, 'y': 461}, 'object_center_left': {'x': 447, 'y': 472}, 'right_image_aov': {'x': -4.373, 'y': -3.57}, 'left_image_aov': {'x': -16.619, 'y': -3.073}, 'orb_result': 147})
  (True, 199, {'object_id_r': 2, 'object_id_l': 0, 'confidence_r': 60.89, 'confidence_l': 84.31, 'object_name_right': 'car', 'object_name_left': 'car', 'object_center_right': {'x': 518, 'y': 502}, 'object_center_left': {'x': 447, 'y': 472}, 'right_image_aov': {'x': -14.319, 'y': -1.717}, 'left_image_aov': {'x': -16.619, 'y': -3.073}, 'orb_result': 199})]
 [(True, 129, {'object_id_r': 0, 'object_id_l': 1, 'confidence_r': 91.67, 'confidence_l': 77.7, 'object_name_right': 'person', 'object_name_left': 'person', 'object_center_right': {'x': 1623, 'y': 553}, 'object_center_left': {'x': 861, 'y': 447}, 'right_image_aov': {'x': 21.478, 'y': 0.587}, 'left_image_aov': {'x': -3.207, 'y': -4.202}, 'orb_result': 129})
  (True, 173, {'object_id_r': 1, 'object_id_l': 1, 'confidence_r': 77.78, 'confidence_l': 77.7, 'object_name_right': 'person', 'object_name_left': 'person', 'object_center_right': {'x': 825, 'y': 461}, 'object_center_left': {'x': 861, 'y': 447}, 'right_image_aov': {'x': -4.373, 'y': -3.57}, 'left_image_aov': {'x': -3.207, 'y': -4.202}, 'orb_result': 173})
  (True, 148, {'object_id_r': 2, 'object_id_l': 1, 'confidence_r': 60.89, 'confidence_l': 77.7, 'object_name_right': 'car', 'object_name_left': 'person', 'object_center_right': {'x': 518, 'y': 502}, 'object_center_left': {'x': 861, 'y': 447}, 'right_image_aov': {'x': -14.319, 'y': -1.717}, 'left_image_aov': {'x': -3.207, 'y': -4.202}, 'orb_result': 148})]
 [(True, 120, {'object_id_r': 0, 'object_id_l': 2, 'confidence_r': 91.67, 'confidence_l': 71.6, 'object_name_right': 'person', 'object_name_left': 'chair', 'object_center_right': {'x': 1623, 'y': 553}, 'object_center_left': {'x': 1548, 'y': 809}, 'right_image_aov': {'x': 21.478, 'y': 0.587}, 'left_image_aov': {'x': 19.049, 'y': 12.155}, 'orb_result': 120})
  (True, 143, {'object_id_r': 1, 'object_id_l': 2, 'confidence_r': 77.78, 'confidence_l': 71.6, 'object_name_right': 'person', 'object_name_left': 'chair', 'object_center_right': {'x': 825, 'y': 461}, 'object_center_left': {'x': 1548, 'y': 809}, 'right_image_aov': {'x': -4.373, 'y': -3.57}, 'left_image_aov': {'x': 19.049, 'y': 12.155}, 'orb_result': 143})
  (True, 146, {'object_id_r': 2, 'object_id_l': 2, 'confidence_r': 60.89, 'confidence_l': 71.6, 'object_name_right': 'car', 'object_name_left': 'chair', 'object_center_right': {'x': 518, 'y': 502}, 'object_center_left': {'x': 1548, 'y': 809}, 'right_image_aov': {'x': -14.319, 'y': -1.717}, 'left_image_aov': {'x': 19.049, 'y': 12.155}, 'orb_result': 146})]
 [(True, 119, {'object_id_r': 0, 'object_id_l': 3, 'confidence_r': 91.67, 'confidence_l': 66.57, 'object_name_right': 'person', 'object_name_left': 'person', 'object_center_right': {'x': 1623, 'y': 553}, 'object_center_left': {'x': 1591, 'y': 547}, 'right_image_aov': {'x': 21.478, 'y': 0.587}, 'left_image_aov': {'x': 20.442, 'y': 0.316}, 'orb_result': 119})
  (True, 129, {'object_id_r': 1, 'object_id_l': 3, 'confidence_r': 77.78, 'confidence_l': 66.57, 'object_name_right': 'person', 'object_name_left': 'person', 'object_center_right': {'x': 825, 'y': 461}, 'object_center_left': {'x': 1591, 'y': 547}, 'right_image_aov': {'x': -4.373, 'y': -3.57}, 'left_image_aov': {'x': 20.442, 'y': 0.316}, 'orb_result': 129})
  (True, 138, {'object_id_r': 2, 'object_id_l': 3, 'confidence_r': 60.89, 'confidence_l': 66.57, 'object_name_right': 'car', 'object_name_left': 'person', 'object_center_right': {'x': 518, 'y': 502}, 'object_center_left': {'x': 1591, 'y': 547}, 'right_image_aov': {'x': -14.319, 'y': -1.717}, 'left_image_aov': {'x': 20.442, 'y': 0.316}, 'orb_result': 138})]]
2025-06-01 10:26:24,025 - INFO - The results of Max orb pairs are: [((0, 2), 199), ((1, 1), 173), ((3, 0), 119)]
2025-06-01 10:26:24,120 - INFO - The data of objects (smoothed): [{'id': 4, 'name': 'person', 'distance': 11.3, 'angle': -3.8, 'match_count': 1}, {'id': 2, 'name': 'person', 'distance': 6.6, 'angle': 20.9, 'match_count': 3}]
2025-06-01 10:26:24,138 - INFO - ----New round of detections----
2025-06-01 10:26:25,391 - INFO - -----------------------------------------------------
2025-06-01 10:26:25,391 - INFO - 
The correlation matrix: [[(True, 124, {'object_id_r': 0, 'object_id_l': 0, 'confidence_r': 91.4, 'confidence_l': 87.97, 'object_name_right': 'person', 'object_name_left': 'car', 'object_center_right': {'x': 1593, 'y': 547}, 'object_center_left': {'x': 553, 'y': 470}, 'right_image_aov': {'x': 20.507, 'y': 0.316}, 'left_image_aov': {'x': -13.185, 'y': -3.163}, 'orb_result': 124})
  (True, 232, {'object_id_r': 1, 'object_id_l': 0, 'confidence_r': 84.35, 'confidence_l': 87.97, 'object_name_right': 'car', 'object_name_left': 'car', 'object_center_right': {'x': 542, 'y': 489}, 'object_center_left': {'x': 553, 'y': 470}, 'right_image_aov': {'x': -13.541, 'y': -2.304}, 'left_image_aov': {'x': -13.185, 'y': -3.163}, 'orb_result': 232})
  (True, 140, {'object_id_r': 2, 'object_id_l': 0, 'confidence_r': 77.6, 'confidence_l': 87.97, 'object_name_right': 'person', 'object_name_left': 'car', 'object_center_right': {'x': 1001, 'y': 443}, 'object_center_left': {'x': 553, 'y': 470}, 'right_image_aov': {'x': 1.328, 'y': -4.383}, 'left_image_aov': {'x': -13.185, 'y': -3.163}, 'orb_result': 140})]
 [(True, 102, {'object_id_r': 0, 'object_id_l': 1, 'confidence_r': 91.4, 'confidence_l': 81.0, 'object_name_right': 'person', 'object_name_left': 'person', 'object_center_right': {'x': 1593, 'y': 547}, 'object_center_left': {'x': 1035, 'y': 424}, 'right_image_aov': {'x': 20.507, 'y': 0.316}, 'left_image_aov': {'x': 2.43, 'y': -5.241}, 'orb_result': 102})
  (True, 132, {'object_id_r': 1, 'object_id_l': 1, 'confidence_r': 84.35, 'confidence_l': 81.0, 'object_name_right': 'car', 'object_name_left': 'person', 'object_center_right': {'x': 542, 'y': 489}, 'object_center_left': {'x': 1035, 'y': 424}, 'right_image_aov': {'x': -13.541, 'y': -2.304}, 'left_image_aov': {'x': 2.43, 'y': -5.241}, 'orb_result': 132})
  (True, 158, {'object_id_r': 2, 'object_id_l': 1, 'confidence_r': 77.6, 'confidence_l': 81.0, 'object_name_right': 'person', 'object_name_left': 'person', 'object_center_right': {'x': 1001, 'y': 443}, 'object_center_left': {'x': 1035, 'y': 424}, 'right_image_aov': {'x': 1.328, 'y': -4.383}, 'left_image_aov': {'x': 2.43, 'y': -5.241}, 'orb_result': 158})]
 [(True, 126, {'object_id_r': 0, 'object_id_l': 2, 'confidence_r': 91.4, 'confidence_l': 69.37, 'object_name_right': 'person', 'object_name_left': 'chair', 'object_center_right': {'x': 1593, 'y': 547}, 'object_center_left': {'x': 1554, 'y': 814}, 'right_image_aov': {'x': 20.507, 'y': 0.316}, 'left_image_aov': {'x': 19.243, 'y': 12.381}, 'orb_result': 126})
  (True, 135, {'object_id_r': 1, 'object_id_l': 2, 'confidence_r': 84.35, 'confidence_l': 69.37, 'object_name_right': 'car', 'object_name_left': 'chair', 'object_center_right': {'x': 542, 'y': 489}, 'object_center_left': {'x': 1554, 'y': 814}, 'right_image_aov': {'x': -13.541, 'y': -2.304}, 'left_image_aov': {'x': 19.243, 'y': 12.381}, 'orb_result': 135})
  (True, 126, {'object_id_r': 2, 'object_id_l': 2, 'confidence_r': 77.6, 'confidence_l': 69.37, 'object_name_right': 'person', 'object_name_left': 'chair', 'object_center_right': {'x': 1001, 'y': 443}, 'object_center_left': {'x': 1554, 'y': 814}, 'right_image_aov': {'x': 1.328, 'y': -4.383}, 'left_image_aov': {'x': 19.243, 'y': 12.381}, 'orb_result': 126})]
 [(True, 102, {'object_id_r': 0, 'object_id_l': 3, 'confidence_r': 91.4, 'confidence_l': 66.21, 'object_name_right': 'person', 'object_name_left': 'person', 'object_center_right': {'x': 1593, 'y': 547}, 'object_center_left': {'x': 1575, 'y': 514}, 'right_image_aov': {'x': 20.507, 'y': 0.316}, 'left_image_aov': {'x': 19.923, 'y': -1.175}, 'orb_result': 102})
  (True, 136, {'object_id_r': 1, 'object_id_l': 3, 'confidence_r': 84.35, 'confidence_l': 66.21, 'object_name_right': 'car', 'object_name_left': 'person', 'object_center_right': {'x': 542, 'y': 489}, 'object_center_left': {'x': 1575, 'y': 514}, 'right_image_aov': {'x': -13.541, 'y': -2.304}, 'left_image_aov': {'x': 19.923, 'y': -1.175}, 'orb_result': 136})
  (True, 125, {'object_id_r': 2, 'object_id_l': 3, 'confidence_r': 77.6, 'confidence_l': 66.21, 'object_name_right': 'person', 'object_name_left': 'person', 'object_center_right': {'x': 1001, 'y': 443}, 'object_center_left': {'x': 1575, 'y': 514}, 'right_image_aov': {'x': 1.328, 'y': -4.383}, 'left_image_aov': {'x': 19.923, 'y': -1.175}, 'orb_result': 125})]]
2025-06-01 10:26:25,391 - INFO - The results of Max orb pairs are: [((0, 1), 232), ((1, 2), 158), ((3, 0), 102)]
2025-06-01 10:26:25,481 - INFO - The data of objects (smoothed): [{'id': 5, 'name': 'person', 'distance': 12.2, 'angle': 1.9, 'match_count': 1}, {'id': 6, 'name': 'person', 'distance': 11.3, 'angle': 20.2, 'match_count': 1}]
2025-06-01 10:26:25,513 - INFO - ----New round of detections----
2025-06-01 10:26:26,385 - INFO - -----------------------------------------------------
2025-06-01 10:26:26,385 - INFO - 
The correlation matrix: [[(True, 109, {'object_id_r': 0, 'object_id_l': 0, 'confidence_r': 90.86, 'confidence_l': 89.13, 'object_name_right': 'person', 'object_name_left': 'car', 'object_center_right': {'x': 1596, 'y': 548}, 'object_center_left': {'x': 602, 'y': 472}, 'right_image_aov': {'x': 20.604, 'y': 0.361}, 'left_image_aov': {'x': -11.598, 'y': -3.073}, 'orb_result': 109})
  (True, 233, {'object_id_r': 1, 'object_id_l': 0, 'confidence_r': 87.33, 'confidence_l': 89.13, 'object_name_right': 'car', 'object_name_left': 'car', 'object_center_right': {'x': 602, 'y': 491}, 'object_center_left': {'x': 602, 'y': 472}, 'right_image_aov': {'x': -11.598, 'y': -2.214}, 'left_image_aov': {'x': -11.598, 'y': -3.073}, 'orb_result': 233})]
 [(True, 109, {'object_id_r': 0, 'object_id_l': 1, 'confidence_r': 90.86, 'confidence_l': 73.31, 'object_name_right': 'person', 'object_name_left': 'chair', 'object_center_right': {'x': 1596, 'y': 548}, 'object_center_left': {'x': 1551, 'y': 817}, 'right_image_aov': {'x': 20.604, 'y': 0.361}, 'left_image_aov': {'x': 19.146, 'y': 12.516}, 'orb_result': 109})
  (True, 138, {'object_id_r': 1, 'object_id_l': 1, 'confidence_r': 87.33, 'confidence_l': 73.31, 'object_name_right': 'car', 'object_name_left': 'chair', 'object_center_right': {'x': 602, 'y': 491}, 'object_center_left': {'x': 1551, 'y': 817}, 'right_image_aov': {'x': -11.598, 'y': -2.214}, 'left_image_aov': {'x': 19.146, 'y': 12.516}, 'orb_result': 138})]
 [(True, 97, {'object_id_r': 0, 'object_id_l': 2, 'confidence_r': 90.86, 'confidence_l': 68.53, 'object_name_right': 'person', 'object_name_left': 'person', 'object_center_right': {'x': 1596, 'y': 548}, 'object_center_left': {'x': 1579, 'y': 472}, 'right_image_aov': {'x': 20.604, 'y': 0.361}, 'left_image_aov': {'x': 20.053, 'y': -3.073}, 'orb_result': 97})
  (True, 123, {'object_id_r': 1, 'object_id_l': 2, 'confidence_r': 87.33, 'confidence_l': 68.53, 'object_name_right': 'car', 'object_name_left': 'person', 'object_center_right': {'x': 602, 'y': 491}, 'object_center_left': {'x': 1579, 'y': 472}, 'right_image_aov': {'x': -11.598, 'y': -2.214}, 'left_image_aov': {'x': 20.053, 'y': -3.073}, 'orb_result': 123})]]
2025-06-01 10:26:26,385 - INFO - The results of Max orb pairs are: [((0, 1), 233), ((2, 0), 97)]
2025-06-01 10:26:26,473 - INFO - The data of objects (smoothed): [{'id': 6, 'name': 'person', 'distance': 11.3, 'angle': 20.2, 'match_count': 2}]
2025-06-01 10:26:26,490 - INFO - ----New round of detections----
2025-06-01 10:26:27,433 - INFO - -----------------------------------------------------
2025-06-01 10:26:27,433 - INFO - 
The correlation matrix: [[(True, 114, {'object_id_r': 0, 'object_id_l': 0, 'confidence_r': 91.38, 'confidence_l': 89.03, 'object_name_right': 'person', 'object_name_left': 'car', 'object_center_right': {'x': 1596, 'y': 546}, 'object_center_left': {'x': 602, 'y': 471}, 'right_image_aov': {'x': 20.604, 'y': 0.271}, 'left_image_aov': {'x': -11.598, 'y': -3.118}, 'orb_result': 114})
  (True, 251, {'object_id_r': 1, 'object_id_l': 0, 'confidence_r': 87.12, 'confidence_l': 89.03, 'object_name_right': 'car', 'object_name_left': 'car', 'object_center_right': {'x': 603, 'y': 490}, 'object_center_left': {'x': 602, 'y': 471}, 'right_image_aov': {'x': -11.565, 'y': -2.259}, 'left_image_aov': {'x': -11.598, 'y': -3.118}, 'orb_result': 251})]
 [(True, 98, {'object_id_r': 0, 'object_id_l': 1, 'confidence_r': 91.38, 'confidence_l': 72.81, 'object_name_right': 'person', 'object_name_left': 'chair', 'object_center_right': {'x': 1596, 'y': 546}, 'object_center_left': {'x': 1551, 'y': 808}, 'right_image_aov': {'x': 20.604, 'y': 0.271}, 'left_image_aov': {'x': 19.146, 'y': 12.11}, 'orb_result': 98})
  (True, 119, {'object_id_r': 1, 'object_id_l': 1, 'confidence_r': 87.12, 'confidence_l': 72.81, 'object_name_right': 'car', 'object_name_left': 'chair', 'object_center_right': {'x': 603, 'y': 490}, 'object_center_left': {'x': 1551, 'y': 808}, 'right_image_aov': {'x': -11.565, 'y': -2.259}, 'left_image_aov': {'x': 19.146, 'y': 12.11}, 'orb_result': 119})]
 [(True, 114, {'object_id_r': 0, 'object_id_l': 2, 'confidence_r': 91.38, 'confidence_l': 70.05, 'object_name_right': 'person', 'object_name_left': 'person', 'object_center_right': {'x': 1596, 'y': 546}, 'object_center_left': {'x': 1577, 'y': 468}, 'right_image_aov': {'x': 20.604, 'y': 0.271}, 'left_image_aov': {'x': 19.988, 'y': -3.253}, 'orb_result': 114})
  (True, 123, {'object_id_r': 1, 'object_id_l': 2, 'confidence_r': 87.12, 'confidence_l': 70.05, 'object_name_right': 'car', 'object_name_left': 'person', 'object_center_right': {'x': 603, 'y': 490}, 'object_center_left': {'x': 1577, 'y': 468}, 'right_image_aov': {'x': -11.565, 'y': -2.259}, 'left_image_aov': {'x': 19.988, 'y': -3.253}, 'orb_result': 123})]]
2025-06-01 10:26:27,433 - INFO - The results of Max orb pairs are: [((0, 1), 251), ((2, 0), 114)]
2025-06-01 10:26:27,529 - INFO - The data of objects (smoothed): [{'id': 6, 'name': 'person', 'distance': 11.3, 'angle': 20.2, 'match_count': 3}]
2025-06-01 10:26:27,554 - INFO - ----New round of detections----
2025-06-01 10:26:28,762 - INFO - -----------------------------------------------------
2025-06-01 10:26:28,762 - INFO - 
The correlation matrix: [[(True, 104, {'object_id_r': 0, 'object_id_l': 0, 'confidence_r': 90.97, 'confidence_l': 88.66, 'object_name_right': 'person', 'object_name_left': 'car', 'object_center_right': {'x': 1597, 'y': 548}, 'object_center_left': {'x': 604, 'y': 467}, 'right_image_aov': {'x': 20.636, 'y': 0.361}, 'left_image_aov': {'x': -11.533, 'y': -3.299}, 'orb_result': 104})
  (True, 260, {'object_id_r': 1, 'object_id_l': 0, 'confidence_r': 86.58, 'confidence_l': 88.66, 'object_name_right': 'car', 'object_name_left': 'car', 'object_center_right': {'x': 602, 'y': 489}, 'object_center_left': {'x': 604, 'y': 467}, 'right_image_aov': {'x': -11.598, 'y': -2.304}, 'left_image_aov': {'x': -11.533, 'y': -3.299}, 'orb_result': 260})]
 [(True, 114, {'object_id_r': 0, 'object_id_l': 1, 'confidence_r': 90.97, 'confidence_l': 73.18, 'object_name_right': 'person', 'object_name_left': 'chair', 'object_center_right': {'x': 1597, 'y': 548}, 'object_center_left': {'x': 1544, 'y': 808}, 'right_image_aov': {'x': 20.636, 'y': 0.361}, 'left_image_aov': {'x': 18.919, 'y': 12.11}, 'orb_result': 114})
  (True, 140, {'object_id_r': 1, 'object_id_l': 1, 'confidence_r': 86.58, 'confidence_l': 73.18, 'object_name_right': 'car', 'object_name_left': 'chair', 'object_center_right': {'x': 602, 'y': 489}, 'object_center_left': {'x': 1544, 'y': 808}, 'right_image_aov': {'x': -11.598, 'y': -2.304}, 'left_image_aov': {'x': 18.919, 'y': 12.11}, 'orb_result': 140})]
 [(True, 111, {'object_id_r': 0, 'object_id_l': 2, 'confidence_r': 90.97, 'confidence_l': 68.46, 'object_name_right': 'person', 'object_name_left': 'person', 'object_center_right': {'x': 1597, 'y': 548}, 'object_center_left': {'x': 1578, 'y': 473}, 'right_image_aov': {'x': 20.636, 'y': 0.361}, 'left_image_aov': {'x': 20.021, 'y': -3.027}, 'orb_result': 111})
  (True, 130, {'object_id_r': 1, 'object_id_l': 2, 'confidence_r': 86.58, 'confidence_l': 68.46, 'object_name_right': 'car', 'object_name_left': 'person', 'object_center_right': {'x': 602, 'y': 489}, 'object_center_left': {'x': 1578, 'y': 473}, 'right_image_aov': {'x': -11.598, 'y': -2.304}, 'left_image_aov': {'x': 20.021, 'y': -3.027}, 'orb_result': 130})]]
2025-06-01 10:26:28,762 - INFO - The results of Max orb pairs are: [((0, 1), 260), ((2, 0), 111)]
2025-06-01 10:26:28,846 - INFO - The data of objects (smoothed): [{'id': 6, 'name': 'person', 'distance': 11.3, 'angle': 20.2, 'match_count': 4}]
2025-06-01 10:26:28,873 - INFO - ----New round of detections----
2025-06-01 10:26:29,929 - INFO - -----------------------------------------------------
2025-06-01 10:26:29,929 - INFO - 
The correlation matrix: [[(True, 110, {'object_id_r': 0, 'object_id_l': 0, 'confidence_r': 90.77, 'confidence_l': 89.0, 'object_name_right': 'person', 'object_name_left': 'car', 'object_center_right': {'x': 1605, 'y': 547}, 'object_center_left': {'x': 604, 'y': 473}, 'right_image_aov': {'x': 20.895, 'y': 0.316}, 'left_image_aov': {'x': -11.533, 'y': -3.027}, 'orb_result': 110})
  (True, 253, {'object_id_r': 1, 'object_id_l': 0, 'confidence_r': 87.88, 'confidence_l': 89.0, 'object_name_right': 'car', 'object_name_left': 'car', 'object_center_right': {'x': 602, 'y': 491}, 'object_center_left': {'x': 604, 'y': 473}, 'right_image_aov': {'x': -11.598, 'y': -2.214}, 'left_image_aov': {'x': -11.533, 'y': -3.027}, 'orb_result': 253})]
 [(True, 115, {'object_id_r': 0, 'object_id_l': 1, 'confidence_r': 90.77, 'confidence_l': 73.66, 'object_name_right': 'person', 'object_name_left': 'chair', 'object_center_right': {'x': 1605, 'y': 547}, 'object_center_left': {'x': 1539, 'y': 804}, 'right_image_aov': {'x': 20.895, 'y': 0.316}, 'left_image_aov': {'x': 18.757, 'y': 11.929}, 'orb_result': 115})
  (True, 133, {'object_id_r': 1, 'object_id_l': 1, 'confidence_r': 87.88, 'confidence_l': 73.66, 'object_name_right': 'car', 'object_name_left': 'chair', 'object_center_right': {'x': 602, 'y': 491}, 'object_center_left': {'x': 1539, 'y': 804}, 'right_image_aov': {'x': -11.598, 'y': -2.214}, 'left_image_aov': {'x': 18.757, 'y': 11.929}, 'orb_result': 133})]
 [(True, 109, {'object_id_r': 0, 'object_id_l': 2, 'confidence_r': 90.77, 'confidence_l': 72.06, 'object_name_right': 'person', 'object_name_left': 'person', 'object_center_right': {'x': 1605, 'y': 547}, 'object_center_left': {'x': 1581, 'y': 517}, 'right_image_aov': {'x': 20.895, 'y': 0.316}, 'left_image_aov': {'x': 20.118, 'y': -1.039}, 'orb_result': 109})
  (True, 127, {'object_id_r': 1, 'object_id_l': 2, 'confidence_r': 87.88, 'confidence_l': 72.06, 'object_name_right': 'car', 'object_name_left': 'person', 'object_center_right': {'x': 602, 'y': 491}, 'object_center_left': {'x': 1581, 'y': 517}, 'right_image_aov': {'x': -11.598, 'y': -2.214}, 'left_image_aov': {'x': 20.118, 'y': -1.039}, 'orb_result': 127})]
 [(True, 84, {'object_id_r': 0, 'object_id_l': 3, 'confidence_r': 90.77, 'confidence_l': 70.04, 'object_name_right': 'person', 'object_name_left': 'person', 'object_center_right': {'x': 1605, 'y': 547}, 'object_center_left': {'x': 1806, 'y': 309}, 'right_image_aov': {'x': 20.895, 'y': 0.316}, 'left_image_aov': {'x': 27.407, 'y': -10.438}, 'orb_result': 84})
  (True, 133, {'object_id_r': 1, 'object_id_l': 3, 'confidence_r': 87.88, 'confidence_l': 70.04, 'object_name_right': 'car', 'object_name_left': 'person', 'object_center_right': {'x': 602, 'y': 491}, 'object_center_left': {'x': 1806, 'y': 309}, 'right_image_aov': {'x': -11.598, 'y': -2.214}, 'left_image_aov': {'x': 27.407, 'y': -10.438}, 'orb_result': 133})]]
2025-06-01 10:26:29,929 - INFO - The results of Max orb pairs are: [((0, 1), 253), ((2, 0), 109)]
2025-06-01 10:26:30,030 - INFO - The data of objects (smoothed): [{'id': 7, 'name': 'person', 'distance': 8.3, 'angle': 20.5, 'match_count': 1}]
2025-06-01 10:26:30,050 - INFO - ----New round of detections----
2025-06-01 10:26:30,966 - INFO - -----------------------------------------------------
2025-06-01 10:26:30,966 - INFO - 
The correlation matrix: [[(True, 112, {'object_id_r': 0, 'object_id_l': 0, 'confidence_r': 91.25, 'confidence_l': 89.15, 'object_name_right': 'person', 'object_name_left': 'car', 'object_center_right': {'x': 1604, 'y': 543}, 'object_center_left': {'x': 603, 'y': 472}, 'right_image_aov': {'x': 20.863, 'y': 0.136}, 'left_image_aov': {'x': -11.565, 'y': -3.073}, 'orb_result': 112})
  (True, 251, {'object_id_r': 1, 'object_id_l': 0, 'confidence_r': 87.64, 'confidence_l': 89.15, 'object_name_right': 'car', 'object_name_left': 'car', 'object_center_right': {'x': 603, 'y': 489}, 'object_center_left': {'x': 603, 'y': 472}, 'right_image_aov': {'x': -11.565, 'y': -2.304}, 'left_image_aov': {'x': -11.565, 'y': -3.073}, 'orb_result': 251})
  (True, 108, {'object_id_r': 2, 'object_id_l': 0, 'confidence_r': 66.93, 'confidence_l': 89.15, 'object_name_right': 'person', 'object_name_left': 'car', 'object_center_right': {'x': 1362, 'y': 420}, 'object_center_left': {'x': 603, 'y': 472}, 'right_image_aov': {'x': 13.023, 'y': -5.422}, 'left_image_aov': {'x': -11.565, 'y': -3.073}, 'orb_result': 108})]
 [(True, 87, {'object_id_r': 0, 'object_id_l': 1, 'confidence_r': 91.25, 'confidence_l': 65.17, 'object_name_right': 'person', 'object_name_left': 'person', 'object_center_right': {'x': 1604, 'y': 543}, 'object_center_left': {'x': 1585, 'y': 469}, 'right_image_aov': {'x': 20.863, 'y': 0.136}, 'left_image_aov': {'x': 20.247, 'y': -3.208}, 'orb_result': 87})
  (True, 125, {'object_id_r': 1, 'object_id_l': 1, 'confidence_r': 87.64, 'confidence_l': 65.17, 'object_name_right': 'car', 'object_name_left': 'person', 'object_center_right': {'x': 603, 'y': 489}, 'object_center_left': {'x': 1585, 'y': 469}, 'right_image_aov': {'x': -11.565, 'y': -2.304}, 'left_image_aov': {'x': 20.247, 'y': -3.208}, 'orb_result': 125})
  (True, 105, {'object_id_r': 2, 'object_id_l': 1, 'confidence_r': 66.93, 'confidence_l': 65.17, 'object_name_right': 'person', 'object_name_left': 'person', 'object_center_right': {'x': 1362, 'y': 420}, 'object_center_left': {'x': 1585, 'y': 469}, 'right_image_aov': {'x': 13.023, 'y': -5.422}, 'left_image_aov': {'x': 20.247, 'y': -3.208}, 'orb_result': 105})]
 [(True, 128, {'object_id_r': 0, 'object_id_l': 2, 'confidence_r': 91.25, 'confidence_l': 63.14, 'object_name_right': 'person', 'object_name_left': 'chair', 'object_center_right': {'x': 1604, 'y': 543}, 'object_center_left': {'x': 1563, 'y': 785}, 'right_image_aov': {'x': 20.863, 'y': 0.136}, 'left_image_aov': {'x': 19.535, 'y': 11.07}, 'orb_result': 128})
  (True, 140, {'object_id_r': 1, 'object_id_l': 2, 'confidence_r': 87.64, 'confidence_l': 63.14, 'object_name_right': 'car', 'object_name_left': 'chair', 'object_center_right': {'x': 603, 'y': 489}, 'object_center_left': {'x': 1563, 'y': 785}, 'right_image_aov': {'x': -11.565, 'y': -2.304}, 'left_image_aov': {'x': 19.535, 'y': 11.07}, 'orb_result': 140})
  (True, 111, {'object_id_r': 2, 'object_id_l': 2, 'confidence_r': 66.93, 'confidence_l': 63.14, 'object_name_right': 'person', 'object_name_left': 'chair', 'object_center_right': {'x': 1362, 'y': 420}, 'object_center_left': {'x': 1563, 'y': 785}, 'right_image_aov': {'x': 13.023, 'y': -5.422}, 'left_image_aov': {'x': 19.535, 'y': 11.07}, 'orb_result': 111})]]
2025-06-01 10:26:30,966 - INFO - The results of Max orb pairs are: [((0, 1), 251), ((1, 0), 87)]
2025-06-01 10:26:31,055 - INFO - The data of objects (smoothed): [{'id': 8, 'name': 'person', 'distance': 10.4, 'angle': 20.5, 'match_count': 1}]
2025-06-01 10:26:31,067 - INFO - ----New round of detections----
2025-06-01 10:26:32,118 - INFO - -----------------------------------------------------
2025-06-01 10:26:32,119 - INFO - 
The correlation matrix: [[(True, 111, {'object_id_r': 0, 'object_id_l': 0, 'confidence_r': 90.88, 'confidence_l': 88.1, 'object_name_right': 'person', 'object_name_left': 'car', 'object_center_right': {'x': 1608, 'y': 548}, 'object_center_left': {'x': 531, 'y': 472}, 'right_image_aov': {'x': 20.993, 'y': 0.361}, 'left_image_aov': {'x': -13.898, 'y': -3.073}, 'orb_result': 111})
  (True, 251, {'object_id_r': 1, 'object_id_l': 0, 'confidence_r': 84.41, 'confidence_l': 88.1, 'object_name_right': 'car', 'object_name_left': 'car', 'object_center_right': {'x': 526, 'y': 490}, 'object_center_left': {'x': 531, 'y': 472}, 'right_image_aov': {'x': -14.06, 'y': -2.259}, 'left_image_aov': {'x': -13.898, 'y': -3.073}, 'orb_result': 251})
  (True, 131, {'object_id_r': 2, 'object_id_l': 0, 'confidence_r': 82.25, 'confidence_l': 88.1, 'object_name_right': 'person', 'object_name_left': 'car', 'object_center_right': {'x': 987, 'y': 422}, 'object_center_left': {'x': 531, 'y': 472}, 'right_image_aov': {'x': 0.875, 'y': -5.332}, 'left_image_aov': {'x': -13.898, 'y': -3.073}, 'orb_result': 131})]
 [(True, 113, {'object_id_r': 0, 'object_id_l': 1, 'confidence_r': 90.88, 'confidence_l': 84.05, 'object_name_right': 'person', 'object_name_left': 'person', 'object_center_right': {'x': 1608, 'y': 548}, 'object_center_left': {'x': 997, 'y': 416}, 'right_image_aov': {'x': 20.993, 'y': 0.361}, 'left_image_aov': {'x': 1.199, 'y': -5.603}, 'orb_result': 113})
  (True, 140, {'object_id_r': 1, 'object_id_l': 1, 'confidence_r': 84.41, 'confidence_l': 84.05, 'object_name_right': 'car', 'object_name_left': 'person', 'object_center_right': {'x': 526, 'y': 490}, 'object_center_left': {'x': 997, 'y': 416}, 'right_image_aov': {'x': -14.06, 'y': -2.259}, 'left_image_aov': {'x': 1.199, 'y': -5.603}, 'orb_result': 140})
  (True, 163, {'object_id_r': 2, 'object_id_l': 1, 'confidence_r': 82.25, 'confidence_l': 84.05, 'object_name_right': 'person', 'object_name_left': 'person', 'object_center_right': {'x': 987, 'y': 422}, 'object_center_left': {'x': 997, 'y': 416}, 'right_image_aov': {'x': 0.875, 'y': -5.332}, 'left_image_aov': {'x': 1.199, 'y': -5.603}, 'orb_result': 163})]
 [(True, 124, {'object_id_r': 0, 'object_id_l': 2, 'confidence_r': 90.88, 'confidence_l': 72.35, 'object_name_right': 'person', 'object_name_left': 'chair', 'object_center_right': {'x': 1608, 'y': 548}, 'object_center_left': {'x': 1564, 'y': 817}, 'right_image_aov': {'x': 20.993, 'y': 0.361}, 'left_image_aov': {'x': 19.567, 'y': 12.516}, 'orb_result': 124})
  (True, 142, {'object_id_r': 1, 'object_id_l': 2, 'confidence_r': 84.41, 'confidence_l': 72.35, 'object_name_right': 'car', 'object_name_left': 'chair', 'object_center_right': {'x': 526, 'y': 490}, 'object_center_left': {'x': 1564, 'y': 817}, 'right_image_aov': {'x': -14.06, 'y': -2.259}, 'left_image_aov': {'x': 19.567, 'y': 12.516}, 'orb_result': 142})
  (True, 125, {'object_id_r': 2, 'object_id_l': 2, 'confidence_r': 82.25, 'confidence_l': 72.35, 'object_name_right': 'person', 'object_name_left': 'chair', 'object_center_right': {'x': 987, 'y': 422}, 'object_center_left': {'x': 1564, 'y': 817}, 'right_image_aov': {'x': 0.875, 'y': -5.332}, 'left_image_aov': {'x': 19.567, 'y': 12.516}, 'orb_result': 125})]
 [(True, 95, {'object_id_r': 0, 'object_id_l': 3, 'confidence_r': 90.88, 'confidence_l': 68.74, 'object_name_right': 'person', 'object_name_left': 'person', 'object_center_right': {'x': 1608, 'y': 548}, 'object_center_left': {'x': 1586, 'y': 482}, 'right_image_aov': {'x': 20.993, 'y': 0.361}, 'left_image_aov': {'x': 20.28, 'y': -2.621}, 'orb_result': 95})
  (True, 119, {'object_id_r': 1, 'object_id_l': 3, 'confidence_r': 84.41, 'confidence_l': 68.74, 'object_name_right': 'car', 'object_name_left': 'person', 'object_center_right': {'x': 526, 'y': 490}, 'object_center_left': {'x': 1586, 'y': 482}, 'right_image_aov': {'x': -14.06, 'y': -2.259}, 'left_image_aov': {'x': 20.28, 'y': -2.621}, 'orb_result': 119})
  (True, 117, {'object_id_r': 2, 'object_id_l': 3, 'confidence_r': 82.25, 'confidence_l': 68.74, 'object_name_right': 'person', 'object_name_left': 'person', 'object_center_right': {'x': 987, 'y': 422}, 'object_center_left': {'x': 1586, 'y': 482}, 'right_image_aov': {'x': 0.875, 'y': -5.332}, 'left_image_aov': {'x': 20.28, 'y': -2.621}, 'orb_result': 117})]
 [(True, 45, {'object_id_r': 0, 'object_id_l': 4, 'confidence_r': 90.88, 'confidence_l': 68.07, 'object_name_right': 'person', 'object_name_left': 'person', 'object_center_right': {'x': 1608, 'y': 548}, 'object_center_left': {'x': 1749, 'y': 339}, 'right_image_aov': {'x': 20.993, 'y': 0.361}, 'left_image_aov': {'x': 25.56, 'y': -9.082}, 'orb_result': 45})
  (True, 67, {'object_id_r': 1, 'object_id_l': 4, 'confidence_r': 84.41, 'confidence_l': 68.07, 'object_name_right': 'car', 'object_name_left': 'person', 'object_center_right': {'x': 526, 'y': 490}, 'object_center_left': {'x': 1749, 'y': 339}, 'right_image_aov': {'x': -14.06, 'y': -2.259}, 'left_image_aov': {'x': 25.56, 'y': -9.082}, 'orb_result': 67})
  (True, 72, {'object_id_r': 2, 'object_id_l': 4, 'confidence_r': 82.25, 'confidence_l': 68.07, 'object_name_right': 'person', 'object_name_left': 'person', 'object_center_right': {'x': 987, 'y': 422}, 'object_center_left': {'x': 1749, 'y': 339}, 'right_image_aov': {'x': 0.875, 'y': -5.332}, 'left_image_aov': {'x': 25.56, 'y': -9.082}, 'orb_result': 72})]]
2025-06-01 10:26:32,119 - INFO - The results of Max orb pairs are: [((0, 1), 251), ((1, 2), 163), ((3, 0), 95)]
2025-06-01 10:26:32,216 - INFO - The data of objects (smoothed): [{'id': 9, 'name': 'person', 'distance': 41.7, 'angle': 1.0, 'match_count': 1}, {'id': 10, 'name': 'person', 'distance': 8.9, 'angle': 20.6, 'match_count': 1}]
2025-06-01 10:26:32,234 - INFO - ----New round of detections----
2025-06-01 10:26:32,951 - INFO - -----------------------------------------------------
2025-06-01 10:26:32,951 - INFO - 
The correlation matrix: [[(True, 89, {'object_id_r': 0, 'object_id_l': 0, 'confidence_r': 90.74, 'confidence_l': 85.74, 'object_name_right': 'person', 'object_name_left': 'person', 'object_center_right': {'x': 1609, 'y': 549}, 'object_center_left': {'x': 603, 'y': 433}, 'right_image_aov': {'x': 21.025, 'y': 0.407}, 'left_image_aov': {'x': -11.565, 'y': -4.835}, 'orb_result': 89})
  (True, 129, {'object_id_r': 1, 'object_id_l': 0, 'confidence_r': 77.1, 'confidence_l': 85.74, 'object_name_right': 'person', 'object_name_left': 'person', 'object_center_right': {'x': 616, 'y': 452}, 'object_center_left': {'x': 603, 'y': 433}, 'right_image_aov': {'x': -11.144, 'y': -3.976}, 'left_image_aov': {'x': -11.565, 'y': -4.835}, 'orb_result': 129})]
 [(True, 117, {'object_id_r': 0, 'object_id_l': 1, 'confidence_r': 90.74, 'confidence_l': 74.85, 'object_name_right': 'person', 'object_name_left': 'chair', 'object_center_right': {'x': 1609, 'y': 549}, 'object_center_left': {'x': 1551, 'y': 818}, 'right_image_aov': {'x': 21.025, 'y': 0.407}, 'left_image_aov': {'x': 19.146, 'y': 12.561}, 'orb_result': 117})
  (True, 94, {'object_id_r': 1, 'object_id_l': 1, 'confidence_r': 77.1, 'confidence_l': 74.85, 'object_name_right': 'person', 'object_name_left': 'chair', 'object_center_right': {'x': 616, 'y': 452}, 'object_center_left': {'x': 1551, 'y': 818}, 'right_image_aov': {'x': -11.144, 'y': -3.976}, 'left_image_aov': {'x': 19.146, 'y': 12.561}, 'orb_result': 94})]
 [(True, 108, {'object_id_r': 0, 'object_id_l': 2, 'confidence_r': 90.74, 'confidence_l': 67.06, 'object_name_right': 'person', 'object_name_left': 'person', 'object_center_right': {'x': 1609, 'y': 549}, 'object_center_left': {'x': 1580, 'y': 481}, 'right_image_aov': {'x': 21.025, 'y': 0.407}, 'left_image_aov': {'x': 20.085, 'y': -2.666}, 'orb_result': 108})
  (True, 81, {'object_id_r': 1, 'object_id_l': 2, 'confidence_r': 77.1, 'confidence_l': 67.06, 'object_name_right': 'person', 'object_name_left': 'person', 'object_center_right': {'x': 616, 'y': 452}, 'object_center_left': {'x': 1580, 'y': 481}, 'right_image_aov': {'x': -11.144, 'y': -3.976}, 'left_image_aov': {'x': 20.085, 'y': -2.666}, 'orb_result': 81})]]
2025-06-01 10:26:32,951 - INFO - The results of Max orb pairs are: [((0, 1), 129), ((2, 0), 108)]
2025-06-01 10:26:32,999 - INFO - The data of objects (smoothed): [{'id': 11, 'name': 'person', 'distance': 26.4, 'angle': -11.4, 'match_count': 1}, {'id': 12, 'name': 'person', 'distance': 6.8, 'angle': 20.5, 'match_count': 1}]
2025-06-01 10:26:33,024 - INFO - ----New round of detections----
2025-06-01 10:26:33,822 - INFO - -----------------------------------------------------
2025-06-01 10:26:33,822 - INFO - 
The correlation matrix: [[(True, 120, {'object_id_r': 0, 'object_id_l': 0, 'confidence_r': 90.38, 'confidence_l': 84.81, 'object_name_right': 'person', 'object_name_left': 'person', 'object_center_right': {'x': 1607, 'y': 554}, 'object_center_left': {'x': 400, 'y': 437}, 'right_image_aov': {'x': 20.96, 'y': 0.633}, 'left_image_aov': {'x': -18.142, 'y': -4.654}, 'orb_result': 120})
  (True, 125, {'object_id_r': 1, 'object_id_l': 0, 'confidence_r': 87.38, 'confidence_l': 84.81, 'object_name_right': 'car', 'object_name_left': 'person', 'object_center_right': {'x': 896, 'y': 466}, 'object_center_left': {'x': 400, 'y': 437}, 'right_image_aov': {'x': -2.073, 'y': -3.344}, 'left_image_aov': {'x': -18.142, 'y': -4.654}, 'orb_result': 125})
  (True, 131, {'object_id_r': 2, 'object_id_l': 0, 'confidence_r': 78.69, 'confidence_l': 84.81, 'object_name_right': 'person', 'object_name_left': 'person', 'object_center_right': {'x': 396, 'y': 457}, 'object_center_left': {'x': 400, 'y': 437}, 'right_image_aov': {'x': -18.271, 'y': -3.75}, 'left_image_aov': {'x': -18.142, 'y': -4.654}, 'orb_result': 131})]
 [(True, 121, {'object_id_r': 0, 'object_id_l': 1, 'confidence_r': 90.38, 'confidence_l': 75.47, 'object_name_right': 'person', 'object_name_left': 'car', 'object_center_right': {'x': 1607, 'y': 554}, 'object_center_left': {'x': 849, 'y': 454}, 'right_image_aov': {'x': 20.96, 'y': 0.633}, 'left_image_aov': {'x': -3.596, 'y': -3.886}, 'orb_result': 121})
  (True, 192, {'object_id_r': 1, 'object_id_l': 1, 'confidence_r': 87.38, 'confidence_l': 75.47, 'object_name_right': 'car', 'object_name_left': 'car', 'object_center_right': {'x': 896, 'y': 466}, 'object_center_left': {'x': 849, 'y': 454}, 'right_image_aov': {'x': -2.073, 'y': -3.344}, 'left_image_aov': {'x': -3.596, 'y': -3.886}, 'orb_result': 192})
  (True, 123, {'object_id_r': 2, 'object_id_l': 1, 'confidence_r': 78.69, 'confidence_l': 75.47, 'object_name_right': 'person', 'object_name_left': 'car', 'object_center_right': {'x': 396, 'y': 457}, 'object_center_left': {'x': 849, 'y': 454}, 'right_image_aov': {'x': -18.271, 'y': -3.75}, 'left_image_aov': {'x': -3.596, 'y': -3.886}, 'orb_result': 123})]
 [(True, 116, {'object_id_r': 0, 'object_id_l': 2, 'confidence_r': 90.38, 'confidence_l': 72.84, 'object_name_right': 'person', 'object_name_left': 'chair', 'object_center_right': {'x': 1607, 'y': 554}, 'object_center_left': {'x': 1549, 'y': 817}, 'right_image_aov': {'x': 20.96, 'y': 0.633}, 'left_image_aov': {'x': 19.081, 'y': 12.516}, 'orb_result': 116})
  (True, 146, {'object_id_r': 1, 'object_id_l': 2, 'confidence_r': 87.38, 'confidence_l': 72.84, 'object_name_right': 'car', 'object_name_left': 'chair', 'object_center_right': {'x': 896, 'y': 466}, 'object_center_left': {'x': 1549, 'y': 817}, 'right_image_aov': {'x': -2.073, 'y': -3.344}, 'left_image_aov': {'x': 19.081, 'y': 12.516}, 'orb_result': 146})
  (True, 123, {'object_id_r': 2, 'object_id_l': 2, 'confidence_r': 78.69, 'confidence_l': 72.84, 'object_name_right': 'person', 'object_name_left': 'chair', 'object_center_right': {'x': 396, 'y': 457}, 'object_center_left': {'x': 1549, 'y': 817}, 'right_image_aov': {'x': -18.271, 'y': -3.75}, 'left_image_aov': {'x': 19.081, 'y': 12.516}, 'orb_result': 123})]
 [(True, 114, {'object_id_r': 0, 'object_id_l': 3, 'confidence_r': 90.38, 'confidence_l': 67.97, 'object_name_right': 'person', 'object_name_left': 'person', 'object_center_right': {'x': 1607, 'y': 554}, 'object_center_left': {'x': 1584, 'y': 500}, 'right_image_aov': {'x': 20.96, 'y': 0.633}, 'left_image_aov': {'x': 20.215, 'y': -1.807}, 'orb_result': 114})
  (True, 122, {'object_id_r': 1, 'object_id_l': 3, 'confidence_r': 87.38, 'confidence_l': 67.97, 'object_name_right': 'car', 'object_name_left': 'person', 'object_center_right': {'x': 896, 'y': 466}, 'object_center_left': {'x': 1584, 'y': 500}, 'right_image_aov': {'x': -2.073, 'y': -3.344}, 'left_image_aov': {'x': 20.215, 'y': -1.807}, 'orb_result': 122})
  (True, 133, {'object_id_r': 2, 'object_id_l': 3, 'confidence_r': 78.69, 'confidence_l': 67.97, 'object_name_right': 'person', 'object_name_left': 'person', 'object_center_right': {'x': 396, 'y': 457}, 'object_center_left': {'x': 1584, 'y': 500}, 'right_image_aov': {'x': -18.271, 'y': -3.75}, 'left_image_aov': {'x': 20.215, 'y': -1.807}, 'orb_result': 133})]]
2025-06-01 10:26:33,822 - INFO - The results of Max orb pairs are: [((1, 1), 192), ((3, 2), 133), ((0, 0), 120)]
2025-06-01 10:26:33,865 - INFO - The data of objects (smoothed): [{'id': 13, 'name': 'person', 'distance': 0.3, 'angle': 1.0, 'match_count': 1}, {'id': 14, 'name': 'person', 'distance': 0.0, 'angle': 1.4, 'match_count': 1}]
2025-06-01 10:26:33,890 - INFO - ----New round of detections----
2025-06-01 10:26:34,479 - INFO - -----------------------------------------------------
2025-06-01 10:26:34,479 - INFO - 
The correlation matrix: [[(True, 112, {'object_id_r': 0, 'object_id_l': 0, 'confidence_r': 91.57, 'confidence_l': 69.95, 'object_name_right': 'person', 'object_name_left': 'chair', 'object_center_right': {'x': 1610, 'y': 550}, 'object_center_left': {'x': 1548, 'y': 825}, 'right_image_aov': {'x': 21.057, 'y': 0.452}, 'left_image_aov': {'x': 19.049, 'y': 12.878}, 'orb_result': 112})
  (True, 133, {'object_id_r': 1, 'object_id_l': 0, 'confidence_r': 65.55, 'confidence_l': 69.95, 'object_name_right': 'car', 'object_name_left': 'chair', 'object_center_right': {'x': 1111, 'y': 462}, 'object_center_left': {'x': 1548, 'y': 825}, 'right_image_aov': {'x': 4.892, 'y': -3.524}, 'left_image_aov': {'x': 19.049, 'y': 12.878}, 'orb_result': 133})]]
2025-06-01 10:26:34,486 - INFO - The results of Max orb pairs are: []
2025-06-01 10:26:34,512 - INFO - The data of objects (smoothed): []
2025-06-01 10:26:34,538 - INFO - ----New round of detections----
2025-06-01 10:26:35,062 - INFO - The data of objects (smoothed): []
2025-06-01 10:26:35,082 - INFO - ----New round of detections----
2025-06-01 10:26:35,756 - INFO - The data of objects (smoothed): []
2025-06-01 10:26:35,770 - INFO - ----New round of detections----
2025-06-01 10:26:36,480 - INFO - -----------------------------------------------------
2025-06-01 10:26:36,480 - INFO - 
The correlation matrix: [[(True, 122, {'object_id_r': 0, 'object_id_l': 0, 'confidence_r': 90.16, 'confidence_l': 66.28, 'object_name_right': 'person', 'object_name_left': 'chair', 'object_center_right': {'x': 1622, 'y': 549}, 'object_center_left': {'x': 1551, 'y': 813}, 'right_image_aov': {'x': 21.446, 'y': 0.407}, 'left_image_aov': {'x': 19.146, 'y': 12.336}, 'orb_result': 122})]
 [(True, 92, {'object_id_r': 0, 'object_id_l': 1, 'confidence_r': 90.16, 'confidence_l': 63.43, 'object_name_right': 'person', 'object_name_left': 'person', 'object_center_right': {'x': 1622, 'y': 549}, 'object_center_left': {'x': 1573, 'y': 474}, 'right_image_aov': {'x': 21.446, 'y': 0.407}, 'left_image_aov': {'x': 19.859, 'y': -2.982}, 'orb_result': 92})]]
2025-06-01 10:26:36,480 - INFO - The results of Max orb pairs are: [((1, 0), 92)]
2025-06-01 10:26:36,514 - INFO - The data of objects (smoothed): [{'id': 15, 'name': 'person', 'distance': 4.0, 'angle': 20.6, 'match_count': 1}]
2025-06-01 10:26:36,537 - INFO - ----New round of detections----
2025-06-01 10:26:37,190 - INFO - -----------------------------------------------------
2025-06-01 10:26:37,190 - INFO - 
The correlation matrix: [[(True, 93, {'object_id_r': 0, 'object_id_l': 0, 'confidence_r': 90.34, 'confidence_l': 68.39, 'object_name_right': 'person', 'object_name_left': 'person', 'object_center_right': {'x': 1620, 'y': 549}, 'object_center_left': {'x': 1584, 'y': 472}, 'right_image_aov': {'x': 21.381, 'y': 0.407}, 'left_image_aov': {'x': 20.215, 'y': -3.073}, 'orb_result': 93})]
 [(True, 124, {'object_id_r': 0, 'object_id_l': 1, 'confidence_r': 90.34, 'confidence_l': 68.32, 'object_name_right': 'person', 'object_name_left': 'chair', 'object_center_right': {'x': 1620, 'y': 549}, 'object_center_left': {'x': 1558, 'y': 807}, 'right_image_aov': {'x': 21.381, 'y': 0.407}, 'left_image_aov': {'x': 19.373, 'y': 12.064}, 'orb_result': 124})]]
2025-06-01 10:26:37,190 - INFO - The results of Max orb pairs are: [((0, 0), 93)]
2025-06-01 10:26:37,229 - INFO - The data of objects (smoothed): [{'id': 16, 'name': 'person', 'distance': 5.4, 'angle': 20.8, 'match_count': 1}]
2025-06-01 10:26:37,256 - INFO - ----New round of detections----
2025-06-01 10:26:37,737 - INFO - -----------------------------------------------------
2025-06-01 10:26:37,739 - INFO - 
The correlation matrix: [[(True, 99, {'object_id_r': 0, 'object_id_l': 0, 'confidence_r': 90.71, 'confidence_l': 68.81, 'object_name_right': 'person', 'object_name_left': 'chair', 'object_center_right': {'x': 1612, 'y': 554}, 'object_center_left': {'x': 1551, 'y': 809}, 'right_image_aov': {'x': 21.122, 'y': 0.633}, 'left_image_aov': {'x': 19.146, 'y': 12.155}, 'orb_result': 99})]
 [(True, 108, {'object_id_r': 0, 'object_id_l': 1, 'confidence_r': 90.71, 'confidence_l': 68.03, 'object_name_right': 'person', 'object_name_left': 'person', 'object_center_right': {'x': 1612, 'y': 554}, 'object_center_left': {'x': 1583, 'y': 477}, 'right_image_aov': {'x': 21.122, 'y': 0.633}, 'left_image_aov': {'x': 20.183, 'y': -2.847}, 'orb_result': 108})]]
2025-06-01 10:26:37,739 - INFO - The results of Max orb pairs are: [((1, 0), 108)]
2025-06-01 10:26:37,775 - INFO - The data of objects (smoothed): [{'id': 17, 'name': 'person', 'distance': 6.8, 'angle': 20.6, 'match_count': 1}]
2025-06-01 10:26:37,799 - INFO - ----New round of detections----
2025-06-01 10:26:38,427 - INFO - -----------------------------------------------------
2025-06-01 10:26:38,427 - INFO - 
The correlation matrix: [[(False, 7, {'object_id_r': 0, 'object_id_l': 0, 'confidence_r': 91.03, 'confidence_l': 73.4, 'object_name_right': 'person', 'object_name_left': 'person', 'object_center_right': {'x': 1606, 'y': 553}, 'object_center_left': {'x': 1320, 'y': 389}, 'right_image_aov': {'x': 20.928, 'y': 0.587}, 'left_image_aov': {'x': 11.663, 'y': -6.823}, 'orb_result': 7})]
 [(True, 109, {'object_id_r': 0, 'object_id_l': 1, 'confidence_r': 91.03, 'confidence_l': 67.95, 'object_name_right': 'person', 'object_name_left': 'chair', 'object_center_right': {'x': 1606, 'y': 553}, 'object_center_left': {'x': 1553, 'y': 810}, 'right_image_aov': {'x': 20.928, 'y': 0.587}, 'left_image_aov': {'x': 19.211, 'y': 12.2}, 'orb_result': 109})]
 [(True, 111, {'object_id_r': 0, 'object_id_l': 2, 'confidence_r': 91.03, 'confidence_l': 67.28, 'object_name_right': 'person', 'object_name_left': 'person', 'object_center_right': {'x': 1606, 'y': 553}, 'object_center_left': {'x': 1584, 'y': 474}, 'right_image_aov': {'x': 20.928, 'y': 0.587}, 'left_image_aov': {'x': 20.215, 'y': -2.982}, 'orb_result': 111})]]
2025-06-01 10:26:38,427 - INFO - The results of Max orb pairs are: [((2, 0), 111)]
2025-06-01 10:26:38,465 - INFO - The data of objects (smoothed): [{'id': 18, 'name': 'person', 'distance': 9.0, 'angle': 20.6, 'match_count': 1}]
2025-06-01 10:26:38,483 - INFO - ----New round of detections----
2025-06-01 10:26:39,075 - INFO - -----------------------------------------------------
2025-06-01 10:26:39,075 - INFO - 
The correlation matrix: [[(True, 97, {'object_id_r': 0, 'object_id_l': 0, 'confidence_r': 90.83, 'confidence_l': 66.39, 'object_name_right': 'person', 'object_name_left': 'person', 'object_center_right': {'x': 1608, 'y': 554}, 'object_center_left': {'x': 1584, 'y': 492}, 'right_image_aov': {'x': 20.993, 'y': 0.633}, 'left_image_aov': {'x': 20.215, 'y': -2.169}, 'orb_result': 97})]
 [(True, 114, {'object_id_r': 0, 'object_id_l': 1, 'confidence_r': 90.83, 'confidence_l': 64.5, 'object_name_right': 'person', 'object_name_left': 'chair', 'object_center_right': {'x': 1608, 'y': 554}, 'object_center_left': {'x': 1555, 'y': 811}, 'right_image_aov': {'x': 20.993, 'y': 0.633}, 'left_image_aov': {'x': 19.276, 'y': 12.245}, 'orb_result': 114})]]
2025-06-01 10:26:39,075 - INFO - The results of Max orb pairs are: [((0, 0), 97)]
2025-06-01 10:26:39,113 - INFO - The data of objects (smoothed): [{'id': 18, 'name': 'person', 'distance': 9.0, 'angle': 20.6, 'match_count': 2}]
2025-06-01 10:26:39,137 - INFO - ----New round of detections----
2025-06-01 10:26:39,680 - INFO - -----------------------------------------------------
2025-06-01 10:26:39,684 - INFO - 
The correlation matrix: [[(True, 97, {'object_id_r': 0, 'object_id_l': 0, 'confidence_r': 90.42, 'confidence_l': 71.52, 'object_name_right': 'person', 'object_name_left': 'chair', 'object_center_right': {'x': 1611, 'y': 554}, 'object_center_left': {'x': 1553, 'y': 814}, 'right_image_aov': {'x': 21.09, 'y': 0.633}, 'left_image_aov': {'x': 19.211, 'y': 12.381}, 'orb_result': 97})]
 [(True, 103, {'object_id_r': 0, 'object_id_l': 1, 'confidence_r': 90.42, 'confidence_l': 67.76, 'object_name_right': 'person', 'object_name_left': 'person', 'object_center_right': {'x': 1611, 'y': 554}, 'object_center_left': {'x': 1585, 'y': 479}, 'right_image_aov': {'x': 21.09, 'y': 0.633}, 'left_image_aov': {'x': 20.247, 'y': -2.756}, 'orb_result': 103})]]
2025-06-01 10:26:39,684 - INFO - The results of Max orb pairs are: [((1, 0), 103)]
2025-06-01 10:26:39,724 - INFO - The data of objects (smoothed): [{'id': 19, 'name': 'person', 'distance': 7.5, 'angle': 20.7, 'match_count': 1}]
2025-06-01 10:26:39,739 - INFO - ----New round of detections----
2025-06-01 10:26:40,271 - INFO - -----------------------------------------------------
2025-06-01 10:26:40,271 - INFO - 
The correlation matrix: [[(True, 111, {'object_id_r': 0, 'object_id_l': 0, 'confidence_r': 91.04, 'confidence_l': 68.28, 'object_name_right': 'person', 'object_name_left': 'person', 'object_center_right': {'x': 1607, 'y': 552}, 'object_center_left': {'x': 1583, 'y': 475}, 'right_image_aov': {'x': 20.96, 'y': 0.542}, 'left_image_aov': {'x': 20.183, 'y': -2.937}, 'orb_result': 111})]
 [(True, 122, {'object_id_r': 0, 'object_id_l': 1, 'confidence_r': 91.04, 'confidence_l': 64.44, 'object_name_right': 'person', 'object_name_left': 'chair', 'object_center_right': {'x': 1607, 'y': 552}, 'object_center_left': {'x': 1552, 'y': 810}, 'right_image_aov': {'x': 20.96, 'y': 0.542}, 'left_image_aov': {'x': 19.178, 'y': 12.2}, 'orb_result': 122})]]
2025-06-01 10:26:40,271 - INFO - The results of Max orb pairs are: [((0, 0), 111)]
2025-06-01 10:26:40,312 - INFO - The data of objects (smoothed): [{'id': 19, 'name': 'person', 'distance': 7.5, 'angle': 20.7, 'match_count': 2}]
2025-06-01 10:26:40,339 - INFO - ----New round of detections----
2025-06-01 10:26:40,940 - INFO - -----------------------------------------------------
2025-06-01 10:26:40,940 - INFO - 
The correlation matrix: [[(True, 93, {'object_id_r': 0, 'object_id_l': 0, 'confidence_r': 90.69, 'confidence_l': 68.1, 'object_name_right': 'person', 'object_name_left': 'person', 'object_center_right': {'x': 1611, 'y': 552}, 'object_center_left': {'x': 1582, 'y': 477}, 'right_image_aov': {'x': 21.09, 'y': 0.542}, 'left_image_aov': {'x': 20.15, 'y': -2.847}, 'orb_result': 93})
  (False, 4, {'object_id_r': 1, 'object_id_l': 0, 'confidence_r': 67.9, 'confidence_l': 68.1, 'object_name_right': 'person', 'object_name_left': 'person', 'object_center_right': {'x': 1340, 'y': 403}, 'object_center_left': {'x': 1582, 'y': 477}, 'right_image_aov': {'x': 12.31, 'y': -6.19}, 'left_image_aov': {'x': 20.15, 'y': -2.847}, 'orb_result': 4})]
 [(False, 2, {'object_id_r': 0, 'object_id_l': 1, 'confidence_r': 90.69, 'confidence_l': 66.13, 'object_name_right': 'person', 'object_name_left': 'person', 'object_center_right': {'x': 1611, 'y': 552}, 'object_center_left': {'x': 1310, 'y': 398}, 'right_image_aov': {'x': 21.09, 'y': 0.542}, 'left_image_aov': {'x': 11.339, 'y': -6.416}, 'orb_result': 2})
  (False, 3, {'object_id_r': 1, 'object_id_l': 1, 'confidence_r': 67.9, 'confidence_l': 66.13, 'object_name_right': 'person', 'object_name_left': 'person', 'object_center_right': {'x': 1340, 'y': 403}, 'object_center_left': {'x': 1310, 'y': 398}, 'right_image_aov': {'x': 12.31, 'y': -6.19}, 'left_image_aov': {'x': 11.339, 'y': -6.416}, 'orb_result': 3})]
 [(True, 115, {'object_id_r': 0, 'object_id_l': 2, 'confidence_r': 90.69, 'confidence_l': 64.1, 'object_name_right': 'person', 'object_name_left': 'chair', 'object_center_right': {'x': 1611, 'y': 552}, 'object_center_left': {'x': 1555, 'y': 810}, 'right_image_aov': {'x': 21.09, 'y': 0.542}, 'left_image_aov': {'x': 19.276, 'y': 12.2}, 'orb_result': 115})
  (False, 6, {'object_id_r': 1, 'object_id_l': 2, 'confidence_r': 67.9, 'confidence_l': 64.1, 'object_name_right': 'person', 'object_name_left': 'chair', 'object_center_right': {'x': 1340, 'y': 403}, 'object_center_left': {'x': 1555, 'y': 810}, 'right_image_aov': {'x': 12.31, 'y': -6.19}, 'left_image_aov': {'x': 19.276, 'y': 12.2}, 'orb_result': 6})]]
2025-06-01 10:26:40,940 - INFO - The results of Max orb pairs are: [((0, 0), 93), ((1, 1), 3)]
2025-06-01 10:26:40,975 - INFO - The data of objects (smoothed): [{'id': 19, 'name': 'person', 'distance': 7.5, 'angle': 20.7, 'match_count': 3}, {'id': 20, 'name': 'person', 'distance': 11.3, 'angle': 11.8, 'match_count': 1}]
2025-06-01 10:26:41,000 - INFO - ----New round of detections----
2025-06-01 10:26:41,542 - INFO - -----------------------------------------------------
2025-06-01 10:26:41,542 - INFO - 
The correlation matrix: [[(True, 126, {'object_id_r': 0, 'object_id_l': 0, 'confidence_r': 91.12, 'confidence_l': 70.4, 'object_name_right': 'person', 'object_name_left': 'chair', 'object_center_right': {'x': 1617, 'y': 554}, 'object_center_left': {'x': 1554, 'y': 810}, 'right_image_aov': {'x': 21.284, 'y': 0.633}, 'left_image_aov': {'x': 19.243, 'y': 12.2}, 'orb_result': 126})]
 [(True, 106, {'object_id_r': 0, 'object_id_l': 1, 'confidence_r': 91.12, 'confidence_l': 68.22, 'object_name_right': 'person', 'object_name_left': 'person', 'object_center_right': {'x': 1617, 'y': 554}, 'object_center_left': {'x': 1581, 'y': 481}, 'right_image_aov': {'x': 21.284, 'y': 0.633}, 'left_image_aov': {'x': 20.118, 'y': -2.666}, 'orb_result': 106})]]
2025-06-01 10:26:41,542 - INFO - The results of Max orb pairs are: [((1, 0), 106)]
2025-06-01 10:26:41,579 - INFO - The data of objects (smoothed): [{'id': 21, 'name': 'person', 'distance': 5.4, 'angle': 20.7, 'match_count': 1}]
2025-06-01 10:26:41,602 - INFO - ----New round of detections----
2025-06-01 10:26:42,208 - INFO - -----------------------------------------------------
2025-06-01 10:26:42,208 - INFO - 
The correlation matrix: [[(True, 87, {'object_id_r': 0, 'object_id_l': 0, 'confidence_r': 91.03, 'confidence_l': 68.53, 'object_name_right': 'person', 'object_name_left': 'person', 'object_center_right': {'x': 1613, 'y': 551}, 'object_center_left': {'x': 1582, 'y': 490}, 'right_image_aov': {'x': 21.154, 'y': 0.497}, 'left_image_aov': {'x': 20.15, 'y': -2.259}, 'orb_result': 87})]
 [(True, 115, {'object_id_r': 0, 'object_id_l': 1, 'confidence_r': 91.03, 'confidence_l': 61.9, 'object_name_right': 'person', 'object_name_left': 'chair', 'object_center_right': {'x': 1613, 'y': 551}, 'object_center_left': {'x': 1576, 'y': 809}, 'right_image_aov': {'x': 21.154, 'y': 0.497}, 'left_image_aov': {'x': 19.956, 'y': 12.155}, 'orb_result': 115})]]
2025-06-01 10:26:42,208 - INFO - The results of Max orb pairs are: [((0, 0), 87)]
2025-06-01 10:26:42,244 - INFO - The data of objects (smoothed): [{'id': 21, 'name': 'person', 'distance': 5.4, 'angle': 20.7, 'match_count': 2}]
2025-06-01 10:26:42,262 - INFO - ----New round of detections----
2025-06-01 10:26:42,892 - INFO - -----------------------------------------------------
2025-06-01 10:26:42,892 - INFO - 
The correlation matrix: [[(False, 0, {'object_id_r': 0, 'object_id_l': 0, 'confidence_r': 90.97, 'confidence_l': 71.38, 'object_name_right': 'person', 'object_name_left': 'person', 'object_center_right': {'x': 1612, 'y': 553}, 'object_center_left': {'x': 1305, 'y': 401}, 'right_image_aov': {'x': 21.122, 'y': 0.587}, 'left_image_aov': {'x': 11.177, 'y': -6.281}, 'orb_result': 0})]
 [(True, 105, {'object_id_r': 0, 'object_id_l': 1, 'confidence_r': 90.97, 'confidence_l': 67.45, 'object_name_right': 'person', 'object_name_left': 'person', 'object_center_right': {'x': 1612, 'y': 553}, 'object_center_left': {'x': 1583, 'y': 487}, 'right_image_aov': {'x': 21.122, 'y': 0.587}, 'left_image_aov': {'x': 20.183, 'y': -2.395}, 'orb_result': 105})]
 [(False, 0, {'object_id_r': 0, 'object_id_l': 2, 'confidence_r': 90.97, 'confidence_l': 64.43, 'object_name_right': 'person', 'object_name_left': 'person', 'object_center_right': {'x': 1612, 'y': 553}, 'object_center_left': {'x': 1371, 'y': 404}, 'right_image_aov': {'x': 21.122, 'y': 0.587}, 'left_image_aov': {'x': 13.315, 'y': -6.145}, 'orb_result': 0})]
 [(True, 130, {'object_id_r': 0, 'object_id_l': 3, 'confidence_r': 90.97, 'confidence_l': 62.92, 'object_name_right': 'person', 'object_name_left': 'chair', 'object_center_right': {'x': 1612, 'y': 553}, 'object_center_left': {'x': 1554, 'y': 808}, 'right_image_aov': {'x': 21.122, 'y': 0.587}, 'left_image_aov': {'x': 19.243, 'y': 12.11}, 'orb_result': 130})]]
2025-06-01 10:26:42,892 - INFO - The results of Max orb pairs are: [((1, 0), 105)]
2025-06-01 10:26:42,926 - INFO - The data of objects (smoothed): [{'id': 22, 'name': 'person', 'distance': 6.8, 'angle': 20.6, 'match_count': 1}]
2025-06-01 10:26:42,956 - INFO - ----New round of detections----
2025-06-01 10:26:43,578 - INFO - -----------------------------------------------------
2025-06-01 10:26:43,578 - INFO - 
The correlation matrix: [[(True, 126, {'object_id_r': 0, 'object_id_l': 0, 'confidence_r': 90.73, 'confidence_l': 70.39, 'object_name_right': 'person', 'object_name_left': 'chair', 'object_center_right': {'x': 1613, 'y': 551}, 'object_center_left': {'x': 1559, 'y': 809}, 'right_image_aov': {'x': 21.154, 'y': 0.497}, 'left_image_aov': {'x': 19.405, 'y': 12.155}, 'orb_result': 126})]
 [(True, 112, {'object_id_r': 0, 'object_id_l': 1, 'confidence_r': 90.73, 'confidence_l': 68.69, 'object_name_right': 'person', 'object_name_left': 'person', 'object_center_right': {'x': 1613, 'y': 551}, 'object_center_left': {'x': 1583, 'y': 483}, 'right_image_aov': {'x': 21.154, 'y': 0.497}, 'left_image_aov': {'x': 20.183, 'y': -2.576}, 'orb_result': 112})]
 [(False, 0, {'object_id_r': 0, 'object_id_l': 2, 'confidence_r': 90.73, 'confidence_l': 63.38, 'object_name_right': 'person', 'object_name_left': 'person', 'object_center_right': {'x': 1613, 'y': 551}, 'object_center_left': {'x': 1308, 'y': 399}, 'right_image_aov': {'x': 21.154, 'y': 0.497}, 'left_image_aov': {'x': 11.274, 'y': -6.371}, 'orb_result': 0})]]
2025-06-01 10:26:43,578 - INFO - The results of Max orb pairs are: [((1, 0), 112)]
2025-06-01 10:26:43,619 - INFO - The data of objects (smoothed): [{'id': 22, 'name': 'person', 'distance': 6.8, 'angle': 20.6, 'match_count': 2}]
2025-06-01 10:26:43,639 - INFO - ----New round of detections----
2025-06-01 10:26:44,267 - INFO - -----------------------------------------------------
2025-06-01 10:26:44,268 - INFO - 
The correlation matrix: [[(True, 122, {'object_id_r': 0, 'object_id_l': 0, 'confidence_r': 90.06, 'confidence_l': 72.51, 'object_name_right': 'person', 'object_name_left': 'chair', 'object_center_right': {'x': 1618, 'y': 554}, 'object_center_left': {'x': 1558, 'y': 811}, 'right_image_aov': {'x': 21.316, 'y': 0.633}, 'left_image_aov': {'x': 19.373, 'y': 12.245}, 'orb_result': 122})]
 [(True, 106, {'object_id_r': 0, 'object_id_l': 1, 'confidence_r': 90.06, 'confidence_l': 69.03, 'object_name_right': 'person', 'object_name_left': 'person', 'object_center_right': {'x': 1618, 'y': 554}, 'object_center_left': {'x': 1583, 'y': 480}, 'right_image_aov': {'x': 21.316, 'y': 0.633}, 'left_image_aov': {'x': 20.183, 'y': -2.711}, 'orb_result': 106})]
 [(False, 0, {'object_id_r': 0, 'object_id_l': 2, 'confidence_r': 90.06, 'confidence_l': 65.96, 'object_name_right': 'person', 'object_name_left': 'person', 'object_center_right': {'x': 1618, 'y': 554}, 'object_center_left': {'x': 1310, 'y': 400}, 'right_image_aov': {'x': 21.316, 'y': 0.633}, 'left_image_aov': {'x': 11.339, 'y': -6.326}, 'orb_result': 0})]]
2025-06-01 10:26:44,268 - INFO - The results of Max orb pairs are: [((1, 0), 106)]
2025-06-01 10:26:44,303 - INFO - The data of objects (smoothed): [{'id': 23, 'name': 'person', 'distance': 5.6, 'angle': 20.8, 'match_count': 1}]
2025-06-01 10:26:44,322 - INFO - ----New round of detections----
2025-06-01 10:26:44,926 - INFO - -----------------------------------------------------
2025-06-01 10:26:44,926 - INFO - 
The correlation matrix: [[(True, 117, {'object_id_r': 0, 'object_id_l': 0, 'confidence_r': 90.59, 'confidence_l': 70.84, 'object_name_right': 'person', 'object_name_left': 'chair', 'object_center_right': {'x': 1618, 'y': 556}, 'object_center_left': {'x': 1554, 'y': 811}, 'right_image_aov': {'x': 21.316, 'y': 0.723}, 'left_image_aov': {'x': 19.243, 'y': 12.245}, 'orb_result': 117})]
 [(True, 113, {'object_id_r': 0, 'object_id_l': 1, 'confidence_r': 90.59, 'confidence_l': 69.32, 'object_name_right': 'person', 'object_name_left': 'person', 'object_center_right': {'x': 1618, 'y': 556}, 'object_center_left': {'x': 1583, 'y': 482}, 'right_image_aov': {'x': 21.316, 'y': 0.723}, 'left_image_aov': {'x': 20.183, 'y': -2.621}, 'orb_result': 113})]
 [(False, 0, {'object_id_r': 0, 'object_id_l': 2, 'confidence_r': 90.59, 'confidence_l': 63.12, 'object_name_right': 'person', 'object_name_left': 'person', 'object_center_right': {'x': 1618, 'y': 556}, 'object_center_left': {'x': 1318, 'y': 401}, 'right_image_aov': {'x': 21.316, 'y': 0.723}, 'left_image_aov': {'x': 11.598, 'y': -6.281}, 'orb_result': 0})]]
2025-06-01 10:26:44,926 - INFO - The results of Max orb pairs are: [((1, 0), 113)]
2025-06-01 10:26:44,959 - INFO - The data of objects (smoothed): [{'id': 23, 'name': 'person', 'distance': 5.6, 'angle': 20.8, 'match_count': 2}]
2025-06-01 10:26:44,978 - INFO - ----New round of detections----
2025-06-01 10:26:45,692 - INFO - -----------------------------------------------------
2025-06-01 10:26:45,692 - INFO - 
The correlation matrix: [[(True, 106, {'object_id_r': 0, 'object_id_l': 0, 'confidence_r': 89.85, 'confidence_l': 70.02, 'object_name_right': 'person', 'object_name_left': 'chair', 'object_center_right': {'x': 1629, 'y': 554}, 'object_center_left': {'x': 1554, 'y': 811}, 'right_image_aov': {'x': 21.673, 'y': 0.633}, 'left_image_aov': {'x': 19.243, 'y': 12.245}, 'orb_result': 106})]
 [(True, 96, {'object_id_r': 0, 'object_id_l': 1, 'confidence_r': 89.85, 'confidence_l': 69.21, 'object_name_right': 'person', 'object_name_left': 'person', 'object_center_right': {'x': 1629, 'y': 554}, 'object_center_left': {'x': 1582, 'y': 480}, 'right_image_aov': {'x': 21.673, 'y': 0.633}, 'left_image_aov': {'x': 20.15, 'y': -2.711}, 'orb_result': 96})]
 [(False, 0, {'object_id_r': 0, 'object_id_l': 2, 'confidence_r': 89.85, 'confidence_l': 64.41, 'object_name_right': 'person', 'object_name_left': 'person', 'object_center_right': {'x': 1629, 'y': 554}, 'object_center_left': {'x': 1314, 'y': 406}, 'right_image_aov': {'x': 21.673, 'y': 0.633}, 'left_image_aov': {'x': 11.468, 'y': -6.055}, 'orb_result': 0})]]
2025-06-01 10:26:45,693 - INFO - The results of Max orb pairs are: [((1, 0), 96)]
2025-06-01 10:26:45,730 - INFO - The data of objects (smoothed): [{'id': 24, 'name': 'person', 'distance': 4.1, 'angle': 20.9, 'match_count': 1}]
2025-06-01 10:26:45,751 - INFO - ----New round of detections----
2025-06-01 10:26:46,414 - INFO - -----------------------------------------------------
2025-06-01 10:26:46,415 - INFO - 
The correlation matrix: [[(True, 102, {'object_id_r': 0, 'object_id_l': 0, 'confidence_r': 90.14, 'confidence_l': 70.01, 'object_name_right': 'person', 'object_name_left': 'person', 'object_center_right': {'x': 1628, 'y': 553}, 'object_center_left': {'x': 1582, 'y': 482}, 'right_image_aov': {'x': 21.64, 'y': 0.587}, 'left_image_aov': {'x': 20.15, 'y': -2.621}, 'orb_result': 102})]
 [(True, 114, {'object_id_r': 0, 'object_id_l': 1, 'confidence_r': 90.14, 'confidence_l': 67.81, 'object_name_right': 'person', 'object_name_left': 'chair', 'object_center_right': {'x': 1628, 'y': 553}, 'object_center_left': {'x': 1550, 'y': 808}, 'right_image_aov': {'x': 21.64, 'y': 0.587}, 'left_image_aov': {'x': 19.114, 'y': 12.11}, 'orb_result': 114})]
 [(False, 0, {'object_id_r': 0, 'object_id_l': 2, 'confidence_r': 90.14, 'confidence_l': 60.21, 'object_name_right': 'person', 'object_name_left': 'person', 'object_center_right': {'x': 1628, 'y': 553}, 'object_center_left': {'x': 1303, 'y': 395}, 'right_image_aov': {'x': 21.64, 'y': 0.587}, 'left_image_aov': {'x': 11.112, 'y': -6.552}, 'orb_result': 0})]]
2025-06-01 10:26:46,415 - INFO - The results of Max orb pairs are: [((0, 0), 102)]
2025-06-01 10:26:46,586 - INFO - The data of objects (smoothed): [{'id': 24, 'name': 'person', 'distance': 4.1, 'angle': 20.9, 'match_count': 2}]
2025-06-01 10:26:46,603 - INFO - ----New round of detections----
2025-06-01 10:26:47,213 - INFO - -----------------------------------------------------
2025-06-01 10:26:47,214 - INFO - 
The correlation matrix: [[(True, 106, {'object_id_r': 0, 'object_id_l': 0, 'confidence_r': 90.8, 'confidence_l': 71.05, 'object_name_right': 'person', 'object_name_left': 'person', 'object_center_right': {'x': 1620, 'y': 557}, 'object_center_left': {'x': 1583, 'y': 482}, 'right_image_aov': {'x': 21.381, 'y': 0.768}, 'left_image_aov': {'x': 20.183, 'y': -2.621}, 'orb_result': 106})]
 [(True, 119, {'object_id_r': 0, 'object_id_l': 1, 'confidence_r': 90.8, 'confidence_l': 68.4, 'object_name_right': 'person', 'object_name_left': 'chair', 'object_center_right': {'x': 1620, 'y': 557}, 'object_center_left': {'x': 1554, 'y': 807}, 'right_image_aov': {'x': 21.381, 'y': 0.768}, 'left_image_aov': {'x': 19.243, 'y': 12.064}, 'orb_result': 119})]]
2025-06-01 10:26:47,214 - INFO - The results of Max orb pairs are: [((0, 0), 106)]
2025-06-01 10:26:47,253 - INFO - The data of objects (smoothed): [{'id': 25, 'name': 'person', 'distance': 5.2, 'angle': 20.8, 'match_count': 1}]
2025-06-01 10:26:47,272 - INFO - ----New round of detections----
2025-06-01 10:26:47,947 - INFO - -----------------------------------------------------
2025-06-01 10:26:47,947 - INFO - 
The correlation matrix: [[(True, 115, {'object_id_r': 0, 'object_id_l': 0, 'confidence_r': 91.07, 'confidence_l': 70.94, 'object_name_right': 'person', 'object_name_left': 'chair', 'object_center_right': {'x': 1615, 'y': 551}, 'object_center_left': {'x': 1552, 'y': 811}, 'right_image_aov': {'x': 21.219, 'y': 0.497}, 'left_image_aov': {'x': 19.178, 'y': 12.245}, 'orb_result': 115})
  (False, 0, {'object_id_r': 1, 'object_id_l': 0, 'confidence_r': 71.71, 'confidence_l': 70.94, 'object_name_right': 'person', 'object_name_left': 'chair', 'object_center_right': {'x': 1306, 'y': 405}, 'object_center_left': {'x': 1552, 'y': 811}, 'right_image_aov': {'x': 11.209, 'y': -6.1}, 'left_image_aov': {'x': 19.178, 'y': 12.245}, 'orb_result': 0})
  (False, 0, {'object_id_r': 2, 'object_id_l': 0, 'confidence_r': 69.8, 'confidence_l': 70.94, 'object_name_right': 'person', 'object_name_left': 'chair', 'object_center_right': {'x': 1372, 'y': 410}, 'object_center_left': {'x': 1552, 'y': 811}, 'right_image_aov': {'x': 13.347, 'y': -5.874}, 'left_image_aov': {'x': 19.178, 'y': 12.245}, 'orb_result': 0})]
 [(True, 114, {'object_id_r': 0, 'object_id_l': 1, 'confidence_r': 91.07, 'confidence_l': 69.14, 'object_name_right': 'person', 'object_name_left': 'person', 'object_center_right': {'x': 1615, 'y': 551}, 'object_center_left': {'x': 1584, 'y': 481}, 'right_image_aov': {'x': 21.219, 'y': 0.497}, 'left_image_aov': {'x': 20.215, 'y': -2.666}, 'orb_result': 114})
  (False, 0, {'object_id_r': 1, 'object_id_l': 1, 'confidence_r': 71.71, 'confidence_l': 69.14, 'object_name_right': 'person', 'object_name_left': 'person', 'object_center_right': {'x': 1306, 'y': 405}, 'object_center_left': {'x': 1584, 'y': 481}, 'right_image_aov': {'x': 11.209, 'y': -6.1}, 'left_image_aov': {'x': 20.215, 'y': -2.666}, 'orb_result': 0})
  (False, 0, {'object_id_r': 2, 'object_id_l': 1, 'confidence_r': 69.8, 'confidence_l': 69.14, 'object_name_right': 'person', 'object_name_left': 'person', 'object_center_right': {'x': 1372, 'y': 410}, 'object_center_left': {'x': 1584, 'y': 481}, 'right_image_aov': {'x': 13.347, 'y': -5.874}, 'left_image_aov': {'x': 20.215, 'y': -2.666}, 'orb_result': 0})]
 [(False, 0, {'object_id_r': 0, 'object_id_l': 2, 'confidence_r': 91.07, 'confidence_l': 62.56, 'object_name_right': 'person', 'object_name_left': 'person', 'object_center_right': {'x': 1615, 'y': 551}, 'object_center_left': {'x': 1257, 'y': 401}, 'right_image_aov': {'x': 21.219, 'y': 0.497}, 'left_image_aov': {'x': 9.622, 'y': -6.281}, 'orb_result': 0})
  (False, 0, {'object_id_r': 1, 'object_id_l': 2, 'confidence_r': 71.71, 'confidence_l': 62.56, 'object_name_right': 'person', 'object_name_left': 'person', 'object_center_right': {'x': 1306, 'y': 405}, 'object_center_left': {'x': 1257, 'y': 401}, 'right_image_aov': {'x': 11.209, 'y': -6.1}, 'left_image_aov': {'x': 9.622, 'y': -6.281}, 'orb_result': 0})
  (False, 0, {'object_id_r': 2, 'object_id_l': 2, 'confidence_r': 69.8, 'confidence_l': 62.56, 'object_name_right': 'person', 'object_name_left': 'person', 'object_center_right': {'x': 1372, 'y': 410}, 'object_center_left': {'x': 1257, 'y': 401}, 'right_image_aov': {'x': 13.347, 'y': -5.874}, 'left_image_aov': {'x': 9.622, 'y': -6.281}, 'orb_result': 0})]]
2025-06-01 10:26:47,947 - INFO - The results of Max orb pairs are: [((1, 0), 114), ((2, 1), 0)]
2025-06-01 10:26:47,991 - INFO - The data of objects (smoothed): [{'id': 26, 'name': 'person', 'distance': 6.3, 'angle': 20.7, 'match_count': 1}, {'id': 27, 'name': 'person', 'distance': 7.3, 'angle': 10.4, 'match_count': 1}]
2025-06-01 10:26:48,005 - INFO - ----New round of detections----
2025-06-01 10:26:48,674 - INFO - -----------------------------------------------------
2025-06-01 10:26:48,684 - INFO - 
The correlation matrix: [[(True, 111, {'object_id_r': 0, 'object_id_l': 0, 'confidence_r': 91.16, 'confidence_l': 70.4, 'object_name_right': 'person', 'object_name_left': 'person', 'object_center_right': {'x': 1614, 'y': 556}, 'object_center_left': {'x': 1581, 'y': 494}, 'right_image_aov': {'x': 21.187, 'y': 0.723}, 'left_image_aov': {'x': 20.118, 'y': -2.079}, 'orb_result': 111})
  (False, 0, {'object_id_r': 1, 'object_id_l': 0, 'confidence_r': 66.55, 'confidence_l': 70.4, 'object_name_right': 'person', 'object_name_left': 'person', 'object_center_right': {'x': 1361, 'y': 410}, 'object_center_left': {'x': 1581, 'y': 494}, 'right_image_aov': {'x': 12.991, 'y': -5.874}, 'left_image_aov': {'x': 20.118, 'y': -2.079}, 'orb_result': 0})
  (False, 0, {'object_id_r': 2, 'object_id_l': 0, 'confidence_r': 60.77, 'confidence_l': 70.4, 'object_name_right': 'person', 'object_name_left': 'person', 'object_center_right': {'x': 1285, 'y': 406}, 'object_center_left': {'x': 1581, 'y': 494}, 'right_image_aov': {'x': 10.529, 'y': -6.055}, 'left_image_aov': {'x': 20.118, 'y': -2.079}, 'orb_result': 0})]
 [(True, 118, {'object_id_r': 0, 'object_id_l': 1, 'confidence_r': 91.16, 'confidence_l': 68.91, 'object_name_right': 'person', 'object_name_left': 'chair', 'object_center_right': {'x': 1614, 'y': 556}, 'object_center_left': {'x': 1557, 'y': 813}, 'right_image_aov': {'x': 21.187, 'y': 0.723}, 'left_image_aov': {'x': 19.34, 'y': 12.336}, 'orb_result': 118})
  (False, 0, {'object_id_r': 1, 'object_id_l': 1, 'confidence_r': 66.55, 'confidence_l': 68.91, 'object_name_right': 'person', 'object_name_left': 'chair', 'object_center_right': {'x': 1361, 'y': 410}, 'object_center_left': {'x': 1557, 'y': 813}, 'right_image_aov': {'x': 12.991, 'y': -5.874}, 'left_image_aov': {'x': 19.34, 'y': 12.336}, 'orb_result': 0})
  (False, 0, {'object_id_r': 2, 'object_id_l': 1, 'confidence_r': 60.77, 'confidence_l': 68.91, 'object_name_right': 'person', 'object_name_left': 'chair', 'object_center_right': {'x': 1285, 'y': 406}, 'object_center_left': {'x': 1557, 'y': 813}, 'right_image_aov': {'x': 10.529, 'y': -6.055}, 'left_image_aov': {'x': 19.34, 'y': 12.336}, 'orb_result': 0})]]
2025-06-01 10:26:48,684 - INFO - The results of Max orb pairs are: [((0, 0), 111)]
2025-06-01 10:26:48,728 - INFO - The data of objects (smoothed): [{'id': 26, 'name': 'person', 'distance': 6.3, 'angle': 20.7, 'match_count': 2}]
2025-06-01 10:26:48,755 - INFO - ----New round of detections----
2025-06-01 10:26:49,437 - INFO - -----------------------------------------------------
2025-06-01 10:26:49,437 - INFO - 
The correlation matrix: [[(True, 83, {'object_id_r': 0, 'object_id_l': 0, 'confidence_r': 90.03, 'confidence_l': 61.99, 'object_name_right': 'person', 'object_name_left': 'car', 'object_center_right': {'x': 1627, 'y': 555}, 'object_center_left': {'x': 1744, 'y': 411}, 'right_image_aov': {'x': 21.608, 'y': 0.678}, 'left_image_aov': {'x': 25.398, 'y': -5.829}, 'orb_result': 83})
  (False, 0, {'object_id_r': 1, 'object_id_l': 0, 'confidence_r': 61.77, 'confidence_l': 61.99, 'object_name_right': 'person', 'object_name_left': 'car', 'object_center_right': {'x': 1350, 'y': 413}, 'object_center_left': {'x': 1744, 'y': 411}, 'right_image_aov': {'x': 12.634, 'y': -5.739}, 'left_image_aov': {'x': 25.398, 'y': -5.829}, 'orb_result': 0})]]
2025-06-01 10:26:49,437 - INFO - The results of Max orb pairs are: []
2025-06-01 10:26:49,468 - INFO - The data of objects (smoothed): []
2025-06-01 10:26:49,484 - INFO - ----New round of detections----
2025-06-01 10:26:50,164 - INFO - -----------------------------------------------------
2025-06-01 10:26:50,164 - INFO - 
The correlation matrix: [[(True, 107, {'object_id_r': 0, 'object_id_l': 0, 'confidence_r': 90.15, 'confidence_l': 67.73, 'object_name_right': 'person', 'object_name_left': 'car', 'object_center_right': {'x': 1617, 'y': 553}, 'object_center_left': {'x': 1310, 'y': 437}, 'right_image_aov': {'x': 21.284, 'y': 0.587}, 'left_image_aov': {'x': 11.339, 'y': -4.654}, 'orb_result': 107})
  (True, 145, {'object_id_r': 1, 'object_id_l': 0, 'confidence_r': 82.52, 'confidence_l': 67.73, 'object_name_right': 'car', 'object_name_left': 'car', 'object_center_right': {'x': 1205, 'y': 448}, 'object_center_left': {'x': 1310, 'y': 437}, 'right_image_aov': {'x': 7.937, 'y': -4.157}, 'left_image_aov': {'x': 11.339, 'y': -4.654}, 'orb_result': 145})]
 [(True, 119, {'object_id_r': 0, 'object_id_l': 1, 'confidence_r': 90.15, 'confidence_l': 65.23, 'object_name_right': 'person', 'object_name_left': 'chair', 'object_center_right': {'x': 1617, 'y': 553}, 'object_center_left': {'x': 1551, 'y': 823}, 'right_image_aov': {'x': 21.284, 'y': 0.587}, 'left_image_aov': {'x': 19.146, 'y': 12.787}, 'orb_result': 119})
  (True, 125, {'object_id_r': 1, 'object_id_l': 1, 'confidence_r': 82.52, 'confidence_l': 65.23, 'object_name_right': 'car', 'object_name_left': 'chair', 'object_center_right': {'x': 1205, 'y': 448}, 'object_center_left': {'x': 1551, 'y': 823}, 'right_image_aov': {'x': 7.937, 'y': -4.157}, 'left_image_aov': {'x': 19.146, 'y': 12.787}, 'orb_result': 125})]]
2025-06-01 10:26:50,164 - INFO - The results of Max orb pairs are: [((0, 1), 145)]
2025-06-01 10:26:50,193 - INFO - The data of objects (smoothed): []
2025-06-01 10:26:50,222 - INFO - ----New round of detections----
2025-06-01 10:26:50,889 - INFO - -----------------------------------------------------
2025-06-01 10:26:50,889 - INFO - 
The correlation matrix: [[(True, 110, {'object_id_r': 0, 'object_id_l': 0, 'confidence_r': 91.54, 'confidence_l': 90.32, 'object_name_right': 'person', 'object_name_left': 'car', 'object_center_right': {'x': 1615, 'y': 556}, 'object_center_left': {'x': 817, 'y': 452}, 'right_image_aov': {'x': 21.219, 'y': 0.723}, 'left_image_aov': {'x': -4.633, 'y': -3.976}, 'orb_result': 110})
  (True, 192, {'object_id_r': 1, 'object_id_l': 0, 'confidence_r': 90.42, 'confidence_l': 90.32, 'object_name_right': 'car', 'object_name_left': 'car', 'object_center_right': {'x': 868, 'y': 462}, 'object_center_left': {'x': 817, 'y': 452}, 'right_image_aov': {'x': -2.98, 'y': -3.524}, 'left_image_aov': {'x': -4.633, 'y': -3.976}, 'orb_result': 192})]
 [(True, 105, {'object_id_r': 0, 'object_id_l': 1, 'confidence_r': 91.54, 'confidence_l': 74.46, 'object_name_right': 'person', 'object_name_left': 'chair', 'object_center_right': {'x': 1615, 'y': 556}, 'object_center_left': {'x': 1551, 'y': 816}, 'right_image_aov': {'x': 21.219, 'y': 0.723}, 'left_image_aov': {'x': 19.146, 'y': 12.471}, 'orb_result': 105})
  (True, 153, {'object_id_r': 1, 'object_id_l': 1, 'confidence_r': 90.42, 'confidence_l': 74.46, 'object_name_right': 'car', 'object_name_left': 'chair', 'object_center_right': {'x': 868, 'y': 462}, 'object_center_left': {'x': 1551, 'y': 816}, 'right_image_aov': {'x': -2.98, 'y': -3.524}, 'left_image_aov': {'x': 19.146, 'y': 12.471}, 'orb_result': 153})]
 [(True, 100, {'object_id_r': 0, 'object_id_l': 2, 'confidence_r': 91.54, 'confidence_l': 69.63, 'object_name_right': 'person', 'object_name_left': 'person', 'object_center_right': {'x': 1615, 'y': 556}, 'object_center_left': {'x': 1583, 'y': 484}, 'right_image_aov': {'x': 21.219, 'y': 0.723}, 'left_image_aov': {'x': 20.183, 'y': -2.53}, 'orb_result': 100})
  (True, 120, {'object_id_r': 1, 'object_id_l': 2, 'confidence_r': 90.42, 'confidence_l': 69.63, 'object_name_right': 'car', 'object_name_left': 'person', 'object_center_right': {'x': 868, 'y': 462}, 'object_center_left': {'x': 1583, 'y': 484}, 'right_image_aov': {'x': -2.98, 'y': -3.524}, 'left_image_aov': {'x': 20.183, 'y': -2.53}, 'orb_result': 120})]]
2025-06-01 10:26:50,889 - INFO - The results of Max orb pairs are: [((0, 1), 192), ((2, 0), 100)]
2025-06-01 10:26:50,928 - INFO - The data of objects (smoothed): [{'id': 28, 'name': 'person', 'distance': 6.1, 'angle': 20.7, 'match_count': 1}]
2025-06-01 10:26:50,951 - INFO - ----New round of detections----
2025-06-01 10:26:51,729 - INFO - -----------------------------------------------------
2025-06-01 10:26:51,729 - INFO - 
The correlation matrix: [[(True, 125, {'object_id_r': 0, 'object_id_l': 0, 'confidence_r': 91.05, 'confidence_l': 90.54, 'object_name_right': 'person', 'object_name_left': 'car', 'object_center_right': {'x': 1612, 'y': 556}, 'object_center_left': {'x': 425, 'y': 456}, 'right_image_aov': {'x': 21.122, 'y': 0.723}, 'left_image_aov': {'x': -17.332, 'y': -3.796}, 'orb_result': 125})
  (True, 198, {'object_id_r': 1, 'object_id_l': 0, 'confidence_r': 84.71, 'confidence_l': 90.54, 'object_name_right': 'car', 'object_name_left': 'car', 'object_center_right': {'x': 407, 'y': 484}, 'object_center_left': {'x': 425, 'y': 456}, 'right_image_aov': {'x': -17.915, 'y': -2.53}, 'left_image_aov': {'x': -17.332, 'y': -3.796}, 'orb_result': 198})]
 [(True, 123, {'object_id_r': 0, 'object_id_l': 1, 'confidence_r': 91.05, 'confidence_l': 72.45, 'object_name_right': 'person', 'object_name_left': 'chair', 'object_center_right': {'x': 1612, 'y': 556}, 'object_center_left': {'x': 1556, 'y': 818}, 'right_image_aov': {'x': 21.122, 'y': 0.723}, 'left_image_aov': {'x': 19.308, 'y': 12.561}, 'orb_result': 123})
  (True, 127, {'object_id_r': 1, 'object_id_l': 1, 'confidence_r': 84.71, 'confidence_l': 72.45, 'object_name_right': 'car', 'object_name_left': 'chair', 'object_center_right': {'x': 407, 'y': 484}, 'object_center_left': {'x': 1556, 'y': 818}, 'right_image_aov': {'x': -17.915, 'y': -2.53}, 'left_image_aov': {'x': 19.308, 'y': 12.561}, 'orb_result': 127})]
 [(True, 113, {'object_id_r': 0, 'object_id_l': 2, 'confidence_r': 91.05, 'confidence_l': 70.28, 'object_name_right': 'person', 'object_name_left': 'person', 'object_center_right': {'x': 1612, 'y': 556}, 'object_center_left': {'x': 1585, 'y': 482}, 'right_image_aov': {'x': 21.122, 'y': 0.723}, 'left_image_aov': {'x': 20.247, 'y': -2.621}, 'orb_result': 113})
  (True, 119, {'object_id_r': 1, 'object_id_l': 2, 'confidence_r': 84.71, 'confidence_l': 70.28, 'object_name_right': 'car', 'object_name_left': 'person', 'object_center_right': {'x': 407, 'y': 484}, 'object_center_left': {'x': 1585, 'y': 482}, 'right_image_aov': {'x': -17.915, 'y': -2.53}, 'left_image_aov': {'x': 20.247, 'y': -2.621}, 'orb_result': 119})]]
2025-06-01 10:26:51,729 - INFO - The results of Max orb pairs are: [((0, 1), 198), ((2, 0), 113)]
2025-06-01 10:26:51,762 - INFO - The data of objects (smoothed): [{'id': 29, 'name': 'person', 'distance': 7.2, 'angle': 20.7, 'match_count': 1}]
2025-06-01 10:26:51,783 - INFO - ----New round of detections----
2025-06-01 10:26:52,423 - INFO - -----------------------------------------------------
2025-06-01 10:26:52,423 - INFO - 
The correlation matrix: [[(True, 116, {'object_id_r': 0, 'object_id_l': 0, 'confidence_r': 90.57, 'confidence_l': 69.81, 'object_name_right': 'person', 'object_name_left': 'chair', 'object_center_right': {'x': 1617, 'y': 555}, 'object_center_left': {'x': 1558, 'y': 816}, 'right_image_aov': {'x': 21.284, 'y': 0.678}, 'left_image_aov': {'x': 19.373, 'y': 12.471}, 'orb_result': 116})]
 [(True, 114, {'object_id_r': 0, 'object_id_l': 1, 'confidence_r': 90.57, 'confidence_l': 67.44, 'object_name_right': 'person', 'object_name_left': 'person', 'object_center_right': {'x': 1617, 'y': 555}, 'object_center_left': {'x': 1584, 'y': 493}, 'right_image_aov': {'x': 21.284, 'y': 0.678}, 'left_image_aov': {'x': 20.215, 'y': -2.124}, 'orb_result': 114})]]
2025-06-01 10:26:52,423 - INFO - The results of Max orb pairs are: [((1, 0), 114)]
2025-06-01 10:26:52,466 - INFO - The data of objects (smoothed): [{'id': 30, 'name': 'person', 'distance': 5.9, 'angle': 20.8, 'match_count': 1}]
2025-06-01 10:26:52,488 - INFO - ----New round of detections----
2025-06-01 10:26:53,120 - INFO - -----------------------------------------------------
2025-06-01 10:26:53,120 - INFO - 
The correlation matrix: [[(True, 123, {'object_id_r': 0, 'object_id_l': 0, 'confidence_r': 91.03, 'confidence_l': 69.87, 'object_name_right': 'person', 'object_name_left': 'chair', 'object_center_right': {'x': 1613, 'y': 556}, 'object_center_left': {'x': 1561, 'y': 818}, 'right_image_aov': {'x': 21.154, 'y': 0.723}, 'left_image_aov': {'x': 19.47, 'y': 12.561}, 'orb_result': 123})
  (False, 0, {'object_id_r': 1, 'object_id_l': 0, 'confidence_r': 65.1, 'confidence_l': 69.87, 'object_name_right': 'person', 'object_name_left': 'chair', 'object_center_right': {'x': 1262, 'y': 413}, 'object_center_left': {'x': 1561, 'y': 818}, 'right_image_aov': {'x': 9.784, 'y': -5.739}, 'left_image_aov': {'x': 19.47, 'y': 12.561}, 'orb_result': 0})]
 [(True, 109, {'object_id_r': 0, 'object_id_l': 1, 'confidence_r': 91.03, 'confidence_l': 68.28, 'object_name_right': 'person', 'object_name_left': 'person', 'object_center_right': {'x': 1613, 'y': 556}, 'object_center_left': {'x': 1583, 'y': 485}, 'right_image_aov': {'x': 21.154, 'y': 0.723}, 'left_image_aov': {'x': 20.183, 'y': -2.485}, 'orb_result': 109})
  (False, 0, {'object_id_r': 1, 'object_id_l': 1, 'confidence_r': 65.1, 'confidence_l': 68.28, 'object_name_right': 'person', 'object_name_left': 'person', 'object_center_right': {'x': 1262, 'y': 413}, 'object_center_left': {'x': 1583, 'y': 485}, 'right_image_aov': {'x': 9.784, 'y': -5.739}, 'left_image_aov': {'x': 20.183, 'y': -2.485}, 'orb_result': 0})]]
2025-06-01 10:26:53,120 - INFO - The results of Max orb pairs are: [((1, 0), 109)]
2025-06-01 10:26:53,151 - INFO - The data of objects (smoothed): [{'id': 30, 'name': 'person', 'distance': 5.9, 'angle': 20.8, 'match_count': 2}]
2025-06-01 10:26:53,170 - INFO - ----New round of detections----
2025-06-01 10:26:53,891 - INFO - -----------------------------------------------------
2025-06-01 10:26:53,891 - INFO - 
The correlation matrix: [[(True, 119, {'object_id_r': 0, 'object_id_l': 0, 'confidence_r': 90.84, 'confidence_l': 70.96, 'object_name_right': 'person', 'object_name_left': 'chair', 'object_center_right': {'x': 1618, 'y': 555}, 'object_center_left': {'x': 1555, 'y': 815}, 'right_image_aov': {'x': 21.316, 'y': 0.678}, 'left_image_aov': {'x': 19.276, 'y': 12.426}, 'orb_result': 119})]
 [(True, 102, {'object_id_r': 0, 'object_id_l': 1, 'confidence_r': 90.84, 'confidence_l': 68.84, 'object_name_right': 'person', 'object_name_left': 'person', 'object_center_right': {'x': 1618, 'y': 555}, 'object_center_left': {'x': 1584, 'y': 483}, 'right_image_aov': {'x': 21.316, 'y': 0.678}, 'left_image_aov': {'x': 20.215, 'y': -2.576}, 'orb_result': 102})]]
2025-06-01 10:26:53,891 - INFO - The results of Max orb pairs are: [((1, 0), 102)]
2025-06-01 10:26:53,931 - INFO - The data of objects (smoothed): [{'id': 30, 'name': 'person', 'distance': 5.9, 'angle': 20.8, 'match_count': 3}]
2025-06-01 10:26:53,957 - INFO - ----New round of detections----
2025-06-01 10:26:54,587 - INFO - -----------------------------------------------------
2025-06-01 10:26:54,587 - INFO - 
The correlation matrix: [[(True, 110, {'object_id_r': 0, 'object_id_l': 0, 'confidence_r': 90.33, 'confidence_l': 68.65, 'object_name_right': 'person', 'object_name_left': 'person', 'object_center_right': {'x': 1608, 'y': 553}, 'object_center_left': {'x': 1584, 'y': 488}, 'right_image_aov': {'x': 20.993, 'y': 0.587}, 'left_image_aov': {'x': 20.215, 'y': -2.35}, 'orb_result': 110})]
 [(True, 112, {'object_id_r': 0, 'object_id_l': 1, 'confidence_r': 90.33, 'confidence_l': 67.43, 'object_name_right': 'person', 'object_name_left': 'chair', 'object_center_right': {'x': 1608, 'y': 553}, 'object_center_left': {'x': 1552, 'y': 808}, 'right_image_aov': {'x': 20.993, 'y': 0.587}, 'left_image_aov': {'x': 19.178, 'y': 12.11}, 'orb_result': 112})]]
2025-06-01 10:26:54,587 - INFO - The results of Max orb pairs are: [((0, 0), 110)]
2025-06-01 10:26:54,624 - INFO - The data of objects (smoothed): [{'id': 31, 'name': 'person', 'distance': 8.2, 'angle': 20.6, 'match_count': 1}]
2025-06-01 10:26:54,649 - INFO - ----New round of detections----
2025-06-01 10:26:55,232 - INFO - -----------------------------------------------------
2025-06-01 10:26:55,232 - INFO - 
The correlation matrix: [[(True, 110, {'object_id_r': 0, 'object_id_l': 0, 'confidence_r': 90.6, 'confidence_l': 71.34, 'object_name_right': 'person', 'object_name_left': 'chair', 'object_center_right': {'x': 1610, 'y': 552}, 'object_center_left': {'x': 1551, 'y': 808}, 'right_image_aov': {'x': 21.057, 'y': 0.542}, 'left_image_aov': {'x': 19.146, 'y': 12.11}, 'orb_result': 110})]
 [(True, 102, {'object_id_r': 0, 'object_id_l': 1, 'confidence_r': 90.6, 'confidence_l': 69.09, 'object_name_right': 'person', 'object_name_left': 'person', 'object_center_right': {'x': 1610, 'y': 552}, 'object_center_left': {'x': 1582, 'y': 488}, 'right_image_aov': {'x': 21.057, 'y': 0.542}, 'left_image_aov': {'x': 20.15, 'y': -2.35}, 'orb_result': 102})]]
2025-06-01 10:26:55,232 - INFO - The results of Max orb pairs are: [((1, 0), 102)]
2025-06-01 10:26:55,285 - INFO - The data of objects (smoothed): [{'id': 32, 'name': 'person', 'distance': 7.0, 'angle': 20.6, 'match_count': 1}]
2025-06-01 10:26:55,303 - INFO - ----New round of detections----
2025-06-01 10:26:55,837 - INFO - -----------------------------------------------------
2025-06-01 10:26:55,838 - INFO - 
The correlation matrix: [[(True, 129, {'object_id_r': 0, 'object_id_l': 0, 'confidence_r': 91.34, 'confidence_l': 71.07, 'object_name_right': 'person', 'object_name_left': 'chair', 'object_center_right': {'x': 1607, 'y': 555}, 'object_center_left': {'x': 1551, 'y': 810}, 'right_image_aov': {'x': 20.96, 'y': 0.678}, 'left_image_aov': {'x': 19.146, 'y': 12.2}, 'orb_result': 129})]
 [(True, 107, {'object_id_r': 0, 'object_id_l': 1, 'confidence_r': 91.34, 'confidence_l': 68.51, 'object_name_right': 'person', 'object_name_left': 'person', 'object_center_right': {'x': 1607, 'y': 555}, 'object_center_left': {'x': 1579, 'y': 475}, 'right_image_aov': {'x': 20.96, 'y': 0.678}, 'left_image_aov': {'x': 20.053, 'y': -2.937}, 'orb_result': 107})]]
2025-06-01 10:26:55,838 - INFO - The results of Max orb pairs are: [((1, 0), 107)]
2025-06-01 10:26:55,873 - INFO - The data of objects (smoothed): [{'id': 32, 'name': 'person', 'distance': 7.0, 'angle': 20.6, 'match_count': 2}]
2025-06-01 10:26:55,893 - INFO - ----New round of detections----
2025-06-01 10:26:56,477 - INFO - -----------------------------------------------------
2025-06-01 10:26:56,477 - INFO - 
The correlation matrix: [[(True, 119, {'object_id_r': 0, 'object_id_l': 0, 'confidence_r': 90.54, 'confidence_l': 72.14, 'object_name_right': 'person', 'object_name_left': 'chair', 'object_center_right': {'x': 1611, 'y': 553}, 'object_center_left': {'x': 1555, 'y': 808}, 'right_image_aov': {'x': 21.09, 'y': 0.587}, 'left_image_aov': {'x': 19.276, 'y': 12.11}, 'orb_result': 119})]
 [(True, 104, {'object_id_r': 0, 'object_id_l': 1, 'confidence_r': 90.54, 'confidence_l': 68.35, 'object_name_right': 'person', 'object_name_left': 'person', 'object_center_right': {'x': 1611, 'y': 553}, 'object_center_left': {'x': 1579, 'y': 479}, 'right_image_aov': {'x': 21.09, 'y': 0.587}, 'left_image_aov': {'x': 20.053, 'y': -2.756}, 'orb_result': 104})]]
2025-06-01 10:26:56,477 - INFO - The results of Max orb pairs are: [((1, 0), 104)]
2025-06-01 10:26:56,521 - INFO - The data of objects (smoothed): [{'id': 32, 'name': 'person', 'distance': 7.0, 'angle': 20.6, 'match_count': 3}]
2025-06-01 10:26:56,535 - INFO - ----New round of detections----
