2024-12-15 11:19:14,973 - INFO - Application started
2024-12-15 11:19:19,255 - INFO - ----------Processing loop started----------
2024-12-15 11:19:19,269 - INFO - ----New round of detections----
2024-12-15 11:19:20,117 - INFO - the objects are: [{'object_id_r': 0, 'object_id_l': 0, 'object_name_right': 'person', 'object_name_left': 'person', 'object_center_right': {'x': 786, 'y': 543}, 'object_center_left': {'x': 546, 'y': 538}, 'right_image_aov': {'x': -5.637, 'y': 0.136}, 'left_image_aov': {'x': -13.412, 'y': -0.09}, 'orb_result': 126}]
2024-12-15 11:19:20,117 - INFO - -----------------------------------------------------
2024-12-15 11:19:20,118 - INFO - 
the correlation matrixe: [[(True, 126, {'object_id_r': 0, 'object_id_l': 0, 'object_name_right': 'person', 'object_name_left': 'person', 'object_center_right': {'x': 786, 'y': 543}, 'object_center_left': {'x': 546, 'y': 538}, 'right_image_aov': {'x': -5.637, 'y': 0.136}, 'left_image_aov': {'x': -13.412, 'y': -0.09}, 'orb_result': 126})]]
2024-12-15 11:19:20,118 - INFO - The results of Max orb pairs are: [((0, 0), 126)]
2024-12-15 11:19:20,184 - INFO - The data of objects: [{'name': 'person', 'distance': 1.56, 'angle': -9.52}]
2024-12-15 11:19:20,296 - INFO - ----New round of detections----
2024-12-15 11:19:20,813 - INFO - the objects are: [{'object_id_r': 0, 'object_id_l': 0, 'object_name_right': 'person', 'object_name_left': 'person', 'object_center_right': {'x': 788, 'y': 536}, 'object_center_left': {'x': 562, 'y': 534}, 'right_image_aov': {'x': -5.572, 'y': -0.181}, 'left_image_aov': {'x': -12.894, 'y': -0.271}, 'orb_result': 143}]
2024-12-15 11:19:20,813 - INFO - -----------------------------------------------------
2024-12-15 11:19:20,813 - INFO - 
the correlation matrixe: [[(True, 143, {'object_id_r': 0, 'object_id_l': 0, 'object_name_right': 'person', 'object_name_left': 'person', 'object_center_right': {'x': 788, 'y': 536}, 'object_center_left': {'x': 562, 'y': 534}, 'right_image_aov': {'x': -5.572, 'y': -0.181}, 'left_image_aov': {'x': -12.894, 'y': -0.271}, 'orb_result': 143})]]
2024-12-15 11:19:20,813 - INFO - The results of Max orb pairs are: [((0, 0), 143)]
2024-12-15 11:19:20,867 - INFO - The data of objects: [{'name': 'person', 'distance': 1.65, 'angle': -9.23}]
2024-12-15 11:19:20,978 - INFO - ----New round of detections----
2024-12-15 11:19:21,494 - INFO - the objects are: [{'object_id_r': 0, 'object_id_l': 0, 'object_name_right': 'person', 'object_name_left': 'person', 'object_center_right': {'x': 801, 'y': 541}, 'object_center_left': {'x': 569, 'y': 532}, 'right_image_aov': {'x': -5.151, 'y': 0.045}, 'left_image_aov': {'x': -12.667, 'y': -0.361}, 'orb_result': 157}]
2024-12-15 11:19:21,495 - INFO - -----------------------------------------------------
2024-12-15 11:19:21,495 - INFO - 
the correlation matrixe: [[(True, 157, {'object_id_r': 0, 'object_id_l': 0, 'object_name_right': 'person', 'object_name_left': 'person', 'object_center_right': {'x': 801, 'y': 541}, 'object_center_left': {'x': 569, 'y': 532}, 'right_image_aov': {'x': -5.151, 'y': 0.045}, 'left_image_aov': {'x': -12.667, 'y': -0.361}, 'orb_result': 157})]]
2024-12-15 11:19:21,495 - INFO - The results of Max orb pairs are: [((0, 0), 157)]
2024-12-15 11:19:21,539 - INFO - The data of objects: [{'name': 'person', 'distance': 1.61, 'angle': -8.91}]
2024-12-15 11:19:21,644 - INFO - ----New round of detections----
2024-12-15 11:19:22,146 - INFO - the objects are: [{'object_id_r': 0, 'object_id_l': 0, 'object_name_right': 'person', 'object_name_left': 'person', 'object_center_right': {'x': 803, 'y': 536}, 'object_center_left': {'x': 567, 'y': 534}, 'right_image_aov': {'x': -5.086, 'y': -0.181}, 'left_image_aov': {'x': -12.732, 'y': -0.271}, 'orb_result': 149}]
2024-12-15 11:19:22,148 - INFO - -----------------------------------------------------
2024-12-15 11:19:22,148 - INFO - 
the correlation matrixe: [[(True, 149, {'object_id_r': 0, 'object_id_l': 0, 'object_name_right': 'person', 'object_name_left': 'person', 'object_center_right': {'x': 803, 'y': 536}, 'object_center_left': {'x': 567, 'y': 534}, 'right_image_aov': {'x': -5.086, 'y': -0.181}, 'left_image_aov': {'x': -12.732, 'y': -0.271}, 'orb_result': 149})]]
2024-12-15 11:19:22,148 - INFO - The results of Max orb pairs are: [((0, 0), 149)]
2024-12-15 11:19:22,192 - INFO - The data of objects: [{'name': 'person', 'distance': 1.58, 'angle': -8.91}]
2024-12-15 11:19:22,300 - INFO - ----New round of detections----
2024-12-15 11:19:22,810 - INFO - the objects are: [{'object_id_r': 0, 'object_id_l': 0, 'object_name_right': 'person', 'object_name_left': 'person', 'object_center_right': {'x': 799, 'y': 533}, 'object_center_left': {'x': 562, 'y': 533}, 'right_image_aov': {'x': -5.216, 'y': -0.316}, 'left_image_aov': {'x': -12.894, 'y': -0.316}, 'orb_result': 157}]
2024-12-15 11:19:22,810 - INFO - -----------------------------------------------------
2024-12-15 11:19:22,810 - INFO - 
the correlation matrixe: [[(True, 157, {'object_id_r': 0, 'object_id_l': 0, 'object_name_right': 'person', 'object_name_left': 'person', 'object_center_right': {'x': 799, 'y': 533}, 'object_center_left': {'x': 562, 'y': 533}, 'right_image_aov': {'x': -5.216, 'y': -0.316}, 'left_image_aov': {'x': -12.894, 'y': -0.316}, 'orb_result': 157})]]
2024-12-15 11:19:22,810 - INFO - The results of Max orb pairs are: [((0, 0), 157)]
2024-12-15 11:19:22,857 - INFO - The data of objects: [{'name': 'person', 'distance': 1.58, 'angle': -9.05}]
2024-12-15 11:19:22,959 - INFO - ----New round of detections----
2024-12-15 11:19:23,615 - INFO - the objects are: [{'object_id_r': 0, 'object_id_l': 0, 'object_name_right': 'person', 'object_name_left': 'person', 'object_center_right': {'x': 802, 'y': 540}, 'object_center_left': {'x': 562, 'y': 534}, 'right_image_aov': {'x': -5.119, 'y': 0.0}, 'left_image_aov': {'x': -12.894, 'y': -0.271}, 'orb_result': 147}]
2024-12-15 11:19:23,616 - INFO - -----------------------------------------------------
2024-12-15 11:19:23,616 - INFO - 
the correlation matrixe: [[(True, 147, {'object_id_r': 0, 'object_id_l': 0, 'object_name_right': 'person', 'object_name_left': 'person', 'object_center_right': {'x': 802, 'y': 540}, 'object_center_left': {'x': 562, 'y': 534}, 'right_image_aov': {'x': -5.119, 'y': 0.0}, 'left_image_aov': {'x': -12.894, 'y': -0.271}, 'orb_result': 147})]]
2024-12-15 11:19:23,617 - INFO - The results of Max orb pairs are: [((0, 0), 147)]
2024-12-15 11:19:23,685 - INFO - The data of objects: [{'name': 'person', 'distance': 1.56, 'angle': -9.01}]
2024-12-15 11:19:23,792 - INFO - ----New round of detections----
2024-12-15 11:19:24,289 - INFO - the objects are: [{'object_id_r': 0, 'object_id_l': 0, 'object_name_right': 'person', 'object_name_left': 'person', 'object_center_right': {'x': 802, 'y': 534}, 'object_center_left': {'x': 559, 'y': 534}, 'right_image_aov': {'x': -5.119, 'y': -0.271}, 'left_image_aov': {'x': -12.991, 'y': -0.271}, 'orb_result': 142}]
2024-12-15 11:19:24,289 - INFO - -----------------------------------------------------
2024-12-15 11:19:24,289 - INFO - 
the correlation matrixe: [[(True, 142, {'object_id_r': 0, 'object_id_l': 0, 'object_name_right': 'person', 'object_name_left': 'person', 'object_center_right': {'x': 802, 'y': 534}, 'object_center_left': {'x': 559, 'y': 534}, 'right_image_aov': {'x': -5.119, 'y': -0.271}, 'left_image_aov': {'x': -12.991, 'y': -0.271}, 'orb_result': 142})]]
2024-12-15 11:19:24,289 - INFO - The results of Max orb pairs are: [((0, 0), 142)]
2024-12-15 11:19:24,334 - INFO - The data of objects: [{'name': 'person', 'distance': 1.54, 'angle': -9.05}]
2024-12-15 11:19:24,445 - INFO - ----New round of detections----
2024-12-15 11:19:24,950 - INFO - the objects are: [{'object_id_r': 0, 'object_id_l': 0, 'object_name_right': 'person', 'object_name_left': 'person', 'object_center_right': {'x': 803, 'y': 542}, 'object_center_left': {'x': 563, 'y': 535}, 'right_image_aov': {'x': -5.086, 'y': 0.09}, 'left_image_aov': {'x': -12.861, 'y': -0.226}, 'orb_result': 156}]
2024-12-15 11:19:24,950 - INFO - -----------------------------------------------------
2024-12-15 11:19:24,950 - INFO - 
the correlation matrixe: [[(True, 156, {'object_id_r': 0, 'object_id_l': 0, 'object_name_right': 'person', 'object_name_left': 'person', 'object_center_right': {'x': 803, 'y': 542}, 'object_center_left': {'x': 563, 'y': 535}, 'right_image_aov': {'x': -5.086, 'y': 0.09}, 'left_image_aov': {'x': -12.861, 'y': -0.226}, 'orb_result': 156})]]
2024-12-15 11:19:24,951 - INFO - The results of Max orb pairs are: [((0, 0), 156)]
2024-12-15 11:19:24,996 - INFO - The data of objects: [{'name': 'person', 'distance': 1.56, 'angle': -8.97}]
2024-12-15 11:19:25,100 - INFO - ----New round of detections----
2024-12-15 11:19:25,622 - INFO - the objects are: [{'object_id_r': 0, 'object_id_l': 0, 'object_name_right': 'person', 'object_name_left': 'person', 'object_center_right': {'x': 802, 'y': 542}, 'object_center_left': {'x': 554, 'y': 537}, 'right_image_aov': {'x': -5.119, 'y': 0.09}, 'left_image_aov': {'x': -13.153, 'y': -0.136}, 'orb_result': 160}]
2024-12-15 11:19:25,622 - INFO - -----------------------------------------------------
2024-12-15 11:19:25,622 - INFO - 
the correlation matrixe: [[(True, 160, {'object_id_r': 0, 'object_id_l': 0, 'object_name_right': 'person', 'object_name_left': 'person', 'object_center_right': {'x': 802, 'y': 542}, 'object_center_left': {'x': 554, 'y': 537}, 'right_image_aov': {'x': -5.119, 'y': 0.09}, 'left_image_aov': {'x': -13.153, 'y': -0.136}, 'orb_result': 160})]]
2024-12-15 11:19:25,622 - INFO - The results of Max orb pairs are: [((0, 0), 160)]
2024-12-15 11:19:25,703 - INFO - The data of objects: [{'name': 'person', 'distance': 1.51, 'angle': -9.14}]
2024-12-15 11:19:25,818 - INFO - ----New round of detections----
2024-12-15 11:19:26,271 - INFO - the objects are: [{'object_id_r': 0, 'object_id_l': 0, 'object_name_right': 'person', 'object_name_left': 'person', 'object_center_right': {'x': 795, 'y': 536}, 'object_center_left': {'x': 551, 'y': 537}, 'right_image_aov': {'x': -5.345, 'y': -0.181}, 'left_image_aov': {'x': -13.25, 'y': -0.136}, 'orb_result': 154}]
2024-12-15 11:19:26,271 - INFO - -----------------------------------------------------
2024-12-15 11:19:26,272 - INFO - 
the correlation matrixe: [[(True, 154, {'object_id_r': 0, 'object_id_l': 0, 'object_name_right': 'person', 'object_name_left': 'person', 'object_center_right': {'x': 795, 'y': 536}, 'object_center_left': {'x': 551, 'y': 537}, 'right_image_aov': {'x': -5.345, 'y': -0.181}, 'left_image_aov': {'x': -13.25, 'y': -0.136}, 'orb_result': 154})]]
2024-12-15 11:19:26,272 - INFO - The results of Max orb pairs are: [((0, 0), 154)]
2024-12-15 11:19:26,320 - INFO - The data of objects: [{'name': 'person', 'distance': 1.53, 'angle': -9.3}]
2024-12-15 11:19:26,425 - INFO - ----New round of detections----
2024-12-15 11:19:26,978 - INFO - the objects are: [{'object_id_r': 0, 'object_id_l': 0, 'object_name_right': 'person', 'object_name_left': 'person', 'object_center_right': {'x': 795, 'y': 541}, 'object_center_left': {'x': 548, 'y': 538}, 'right_image_aov': {'x': -5.345, 'y': 0.045}, 'left_image_aov': {'x': -13.347, 'y': -0.09}, 'orb_result': 133}]
2024-12-15 11:19:26,979 - INFO - -----------------------------------------------------
2024-12-15 11:19:26,979 - INFO - 
the correlation matrixe: [[(True, 133, {'object_id_r': 0, 'object_id_l': 0, 'object_name_right': 'person', 'object_name_left': 'person', 'object_center_right': {'x': 795, 'y': 541}, 'object_center_left': {'x': 548, 'y': 538}, 'right_image_aov': {'x': -5.345, 'y': 0.045}, 'left_image_aov': {'x': -13.347, 'y': -0.09}, 'orb_result': 133})]]
2024-12-15 11:19:26,979 - INFO - The results of Max orb pairs are: [((0, 0), 133)]
2024-12-15 11:19:27,021 - INFO - The data of objects: [{'name': 'person', 'distance': 1.51, 'angle': -9.35}]
2024-12-15 11:19:27,127 - INFO - ----New round of detections----
2024-12-15 11:19:27,717 - INFO - the objects are: [{'object_id_r': 0, 'object_id_l': 0, 'object_name_right': 'person', 'object_name_left': 'person', 'object_center_right': {'x': 794, 'y': 541}, 'object_center_left': {'x': 547, 'y': 539}, 'right_image_aov': {'x': -5.378, 'y': 0.045}, 'left_image_aov': {'x': -13.379, 'y': -0.045}, 'orb_result': 154}]
2024-12-15 11:19:27,717 - INFO - -----------------------------------------------------
2024-12-15 11:19:27,717 - INFO - 
the correlation matrixe: [[(True, 154, {'object_id_r': 0, 'object_id_l': 0, 'object_name_right': 'person', 'object_name_left': 'person', 'object_center_right': {'x': 794, 'y': 541}, 'object_center_left': {'x': 547, 'y': 539}, 'right_image_aov': {'x': -5.378, 'y': 0.045}, 'left_image_aov': {'x': -13.379, 'y': -0.045}, 'orb_result': 154})]]
2024-12-15 11:19:27,717 - INFO - The results of Max orb pairs are: [((0, 0), 154)]
2024-12-15 11:19:27,795 - INFO - The data of objects: [{'name': 'person', 'distance': 1.51, 'angle': -9.38}]
2024-12-15 11:19:27,901 - INFO - ----New round of detections----
2024-12-15 11:19:28,423 - INFO - the objects are: [{'object_id_r': 0, 'object_id_l': 0, 'object_name_right': 'person', 'object_name_left': 'person', 'object_center_right': {'x': 793, 'y': 540}, 'object_center_left': {'x': 552, 'y': 541}, 'right_image_aov': {'x': -5.41, 'y': 0.0}, 'left_image_aov': {'x': -13.218, 'y': 0.045}, 'orb_result': 145}]
2024-12-15 11:19:28,424 - INFO - -----------------------------------------------------
2024-12-15 11:19:28,424 - INFO - 
the correlation matrixe: [[(True, 145, {'object_id_r': 0, 'object_id_l': 0, 'object_name_right': 'person', 'object_name_left': 'person', 'object_center_right': {'x': 793, 'y': 540}, 'object_center_left': {'x': 552, 'y': 541}, 'right_image_aov': {'x': -5.41, 'y': 0.0}, 'left_image_aov': {'x': -13.218, 'y': 0.045}, 'orb_result': 145})]]
2024-12-15 11:19:28,424 - INFO - The results of Max orb pairs are: [((0, 0), 145)]
2024-12-15 11:19:28,474 - INFO - The data of objects: [{'name': 'person', 'distance': 1.55, 'angle': -9.31}]
2024-12-15 11:19:28,586 - INFO - ----New round of detections----
2024-12-15 11:19:29,110 - INFO - the objects are: [{'object_id_r': 0, 'object_id_l': 0, 'object_name_right': 'person', 'object_name_left': 'person', 'object_center_right': {'x': 792, 'y': 539}, 'object_center_left': {'x': 557, 'y': 537}, 'right_image_aov': {'x': -5.442, 'y': -0.045}, 'left_image_aov': {'x': -13.056, 'y': -0.136}, 'orb_result': 147}]
2024-12-15 11:19:29,110 - INFO - -----------------------------------------------------
2024-12-15 11:19:29,110 - INFO - 
the correlation matrixe: [[(True, 147, {'object_id_r': 0, 'object_id_l': 0, 'object_name_right': 'person', 'object_name_left': 'person', 'object_center_right': {'x': 792, 'y': 539}, 'object_center_left': {'x': 557, 'y': 537}, 'right_image_aov': {'x': -5.442, 'y': -0.045}, 'left_image_aov': {'x': -13.056, 'y': -0.136}, 'orb_result': 147})]]
2024-12-15 11:19:29,110 - INFO - The results of Max orb pairs are: [((0, 0), 147)]
2024-12-15 11:19:29,158 - INFO - The data of objects: [{'name': 'person', 'distance': 1.59, 'angle': -9.25}]
2024-12-15 11:19:29,269 - INFO - ----New round of detections----
2024-12-15 11:19:29,840 - INFO - the objects are: [{'object_id_r': 0, 'object_id_l': 0, 'object_name_right': 'person', 'object_name_left': 'person', 'object_center_right': {'x': 791, 'y': 536}, 'object_center_left': {'x': 555, 'y': 537}, 'right_image_aov': {'x': -5.475, 'y': -0.181}, 'left_image_aov': {'x': -13.12, 'y': -0.136}, 'orb_result': 148}]
2024-12-15 11:19:29,840 - INFO - -----------------------------------------------------
2024-12-15 11:19:29,840 - INFO - 
the correlation matrixe: [[(True, 148, {'object_id_r': 0, 'object_id_l': 0, 'object_name_right': 'person', 'object_name_left': 'person', 'object_center_right': {'x': 791, 'y': 536}, 'object_center_left': {'x': 555, 'y': 537}, 'right_image_aov': {'x': -5.475, 'y': -0.181}, 'left_image_aov': {'x': -13.12, 'y': -0.136}, 'orb_result': 148})]]
2024-12-15 11:19:29,840 - INFO - The results of Max orb pairs are: [((0, 0), 148)]
2024-12-15 11:19:29,888 - INFO - The data of objects: [{'name': 'person', 'distance': 1.58, 'angle': -9.3}]
2024-12-15 11:19:29,998 - INFO - ----New round of detections----
2024-12-15 11:19:30,537 - INFO - the objects are: [{'object_id_r': 0, 'object_id_l': 0, 'object_name_right': 'person', 'object_name_left': 'person', 'object_center_right': {'x': 796, 'y': 534}, 'object_center_left': {'x': 559, 'y': 536}, 'right_image_aov': {'x': -5.313, 'y': -0.271}, 'left_image_aov': {'x': -12.991, 'y': -0.181}, 'orb_result': 147}]
2024-12-15 11:19:30,537 - INFO - -----------------------------------------------------
2024-12-15 11:19:30,537 - INFO - 
the correlation matrixe: [[(True, 147, {'object_id_r': 0, 'object_id_l': 0, 'object_name_right': 'person', 'object_name_left': 'person', 'object_center_right': {'x': 796, 'y': 534}, 'object_center_left': {'x': 559, 'y': 536}, 'right_image_aov': {'x': -5.313, 'y': -0.271}, 'left_image_aov': {'x': -12.991, 'y': -0.181}, 'orb_result': 147})]]
2024-12-15 11:19:30,537 - INFO - The results of Max orb pairs are: [((0, 0), 147)]
2024-12-15 11:19:30,592 - INFO - The data of objects: [{'name': 'person', 'distance': 1.58, 'angle': -9.15}]
2024-12-15 11:19:30,696 - INFO - ----New round of detections----
2024-12-15 11:19:31,247 - INFO - the objects are: [{'object_id_r': 0, 'object_id_l': 0, 'object_name_right': 'person', 'object_name_left': 'person', 'object_center_right': {'x': 795, 'y': 533}, 'object_center_left': {'x': 560, 'y': 536}, 'right_image_aov': {'x': -5.345, 'y': -0.316}, 'left_image_aov': {'x': -12.958, 'y': -0.181}, 'orb_result': 138}]
2024-12-15 11:19:31,248 - INFO - -----------------------------------------------------
2024-12-15 11:19:31,248 - INFO - 
the correlation matrixe: [[(True, 138, {'object_id_r': 0, 'object_id_l': 0, 'object_name_right': 'person', 'object_name_left': 'person', 'object_center_right': {'x': 795, 'y': 533}, 'object_center_left': {'x': 560, 'y': 536}, 'right_image_aov': {'x': -5.345, 'y': -0.316}, 'left_image_aov': {'x': -12.958, 'y': -0.181}, 'orb_result': 138})]]
2024-12-15 11:19:31,248 - INFO - The results of Max orb pairs are: [((0, 0), 138)]
2024-12-15 11:19:31,294 - INFO - The data of objects: [{'name': 'person', 'distance': 1.59, 'angle': -9.15}]
2024-12-15 11:19:31,409 - INFO - ----New round of detections----
2024-12-15 11:19:31,982 - INFO - the objects are: [{'object_id_r': 0, 'object_id_l': 0, 'object_name_right': 'person', 'object_name_left': 'person', 'object_center_right': {'x': 801, 'y': 540}, 'object_center_left': {'x': 560, 'y': 534}, 'right_image_aov': {'x': -5.151, 'y': 0.0}, 'left_image_aov': {'x': -12.958, 'y': -0.271}, 'orb_result': 160}]
2024-12-15 11:19:31,982 - INFO - -----------------------------------------------------
2024-12-15 11:19:31,982 - INFO - 
the correlation matrixe: [[(True, 160, {'object_id_r': 0, 'object_id_l': 0, 'object_name_right': 'person', 'object_name_left': 'person', 'object_center_right': {'x': 801, 'y': 540}, 'object_center_left': {'x': 560, 'y': 534}, 'right_image_aov': {'x': -5.151, 'y': 0.0}, 'left_image_aov': {'x': -12.958, 'y': -0.271}, 'orb_result': 160})]]
2024-12-15 11:19:31,982 - INFO - The results of Max orb pairs are: [((0, 0), 160)]
2024-12-15 11:19:32,055 - INFO - The data of objects: [{'name': 'person', 'distance': 1.55, 'angle': -9.05}]
2024-12-15 11:19:32,170 - INFO - ----New round of detections----
2024-12-15 11:19:32,712 - INFO - the objects are: [{'object_id_r': 0, 'object_id_l': 0, 'object_name_right': 'person', 'object_name_left': 'person', 'object_center_right': {'x': 802, 'y': 540}, 'object_center_left': {'x': 558, 'y': 535}, 'right_image_aov': {'x': -5.119, 'y': 0.0}, 'left_image_aov': {'x': -13.023, 'y': -0.226}, 'orb_result': 146}]
2024-12-15 11:19:32,712 - INFO - -----------------------------------------------------
2024-12-15 11:19:32,712 - INFO - 
the correlation matrixe: [[(True, 146, {'object_id_r': 0, 'object_id_l': 0, 'object_name_right': 'person', 'object_name_left': 'person', 'object_center_right': {'x': 802, 'y': 540}, 'object_center_left': {'x': 558, 'y': 535}, 'right_image_aov': {'x': -5.119, 'y': 0.0}, 'left_image_aov': {'x': -13.023, 'y': -0.226}, 'orb_result': 146})]]
2024-12-15 11:19:32,712 - INFO - The results of Max orb pairs are: [((0, 0), 146)]
2024-12-15 11:19:32,776 - INFO - The data of objects: [{'name': 'person', 'distance': 1.53, 'angle': -9.07}]
2024-12-15 11:19:32,885 - INFO - ----New round of detections----
2024-12-15 11:19:33,438 - INFO - the objects are: [{'object_id_r': 0, 'object_id_l': 0, 'object_name_right': 'person', 'object_name_left': 'person', 'object_center_right': {'x': 803, 'y': 540}, 'object_center_left': {'x': 559, 'y': 535}, 'right_image_aov': {'x': -5.086, 'y': 0.0}, 'left_image_aov': {'x': -12.991, 'y': -0.226}, 'orb_result': 138}]
2024-12-15 11:19:33,438 - INFO - -----------------------------------------------------
2024-12-15 11:19:33,439 - INFO - 
the correlation matrixe: [[(True, 138, {'object_id_r': 0, 'object_id_l': 0, 'object_name_right': 'person', 'object_name_left': 'person', 'object_center_right': {'x': 803, 'y': 540}, 'object_center_left': {'x': 559, 'y': 535}, 'right_image_aov': {'x': -5.086, 'y': 0.0}, 'left_image_aov': {'x': -12.991, 'y': -0.226}, 'orb_result': 138})]]
2024-12-15 11:19:33,439 - INFO - The results of Max orb pairs are: [((0, 0), 138)]
2024-12-15 11:19:33,481 - INFO - The data of objects: [{'name': 'person', 'distance': 1.53, 'angle': -9.04}]
2024-12-15 11:19:33,584 - INFO - ----New round of detections----
2024-12-15 11:19:34,079 - INFO - the objects are: [{'object_id_r': 0, 'object_id_l': 0, 'object_name_right': 'person', 'object_name_left': 'person', 'object_center_right': {'x': 801, 'y': 540}, 'object_center_left': {'x': 558, 'y': 536}, 'right_image_aov': {'x': -5.151, 'y': 0.0}, 'left_image_aov': {'x': -13.023, 'y': -0.181}, 'orb_result': 150}]
2024-12-15 11:19:34,079 - INFO - -----------------------------------------------------
2024-12-15 11:19:34,080 - INFO - 
the correlation matrixe: [[(True, 150, {'object_id_r': 0, 'object_id_l': 0, 'object_name_right': 'person', 'object_name_left': 'person', 'object_center_right': {'x': 801, 'y': 540}, 'object_center_left': {'x': 558, 'y': 536}, 'right_image_aov': {'x': -5.151, 'y': 0.0}, 'left_image_aov': {'x': -13.023, 'y': -0.181}, 'orb_result': 150})]]
2024-12-15 11:19:34,080 - INFO - The results of Max orb pairs are: [((0, 0), 150)]
2024-12-15 11:19:34,134 - INFO - The data of objects: [{'name': 'person', 'distance': 1.54, 'angle': -9.09}]
2024-12-15 11:19:34,249 - INFO - ----New round of detections----
2024-12-15 11:19:34,789 - INFO - the objects are: [{'object_id_r': 0, 'object_id_l': 0, 'object_name_right': 'person', 'object_name_left': 'person', 'object_center_right': {'x': 799, 'y': 540}, 'object_center_left': {'x': 552, 'y': 537}, 'right_image_aov': {'x': -5.216, 'y': 0.0}, 'left_image_aov': {'x': -13.218, 'y': -0.136}, 'orb_result': 134}]
2024-12-15 11:19:34,789 - INFO - -----------------------------------------------------
2024-12-15 11:19:34,789 - INFO - 
the correlation matrixe: [[(True, 134, {'object_id_r': 0, 'object_id_l': 0, 'object_name_right': 'person', 'object_name_left': 'person', 'object_center_right': {'x': 799, 'y': 540}, 'object_center_left': {'x': 552, 'y': 537}, 'right_image_aov': {'x': -5.216, 'y': 0.0}, 'left_image_aov': {'x': -13.218, 'y': -0.136}, 'orb_result': 134})]]
2024-12-15 11:19:34,790 - INFO - The results of Max orb pairs are: [((0, 0), 134)]
2024-12-15 11:19:34,836 - INFO - The data of objects: [{'name': 'person', 'distance': 1.51, 'angle': -9.22}]
2024-12-15 11:19:34,949 - INFO - ----New round of detections----
2024-12-15 11:19:35,512 - INFO - the objects are: [{'object_id_r': 0, 'object_id_l': 0, 'object_name_right': 'person', 'object_name_left': 'person', 'object_center_right': {'x': 795, 'y': 540}, 'object_center_left': {'x': 550, 'y': 537}, 'right_image_aov': {'x': -5.345, 'y': 0.0}, 'left_image_aov': {'x': -13.282, 'y': -0.136}, 'orb_result': 151}]
2024-12-15 11:19:35,512 - INFO - -----------------------------------------------------
2024-12-15 11:19:35,513 - INFO - 
the correlation matrixe: [[(True, 151, {'object_id_r': 0, 'object_id_l': 0, 'object_name_right': 'person', 'object_name_left': 'person', 'object_center_right': {'x': 795, 'y': 540}, 'object_center_left': {'x': 550, 'y': 537}, 'right_image_aov': {'x': -5.345, 'y': 0.0}, 'left_image_aov': {'x': -13.282, 'y': -0.136}, 'orb_result': 151})]]
2024-12-15 11:19:35,513 - INFO - The results of Max orb pairs are: [((0, 0), 151)]
2024-12-15 11:19:35,604 - INFO - The data of objects: [{'name': 'person', 'distance': 1.53, 'angle': -9.31}]
2024-12-15 11:19:35,716 - INFO - ----New round of detections----
2024-12-15 11:19:36,221 - INFO - the objects are: [{'object_id_r': 0, 'object_id_l': 0, 'object_name_right': 'person', 'object_name_left': 'person', 'object_center_right': {'x': 793, 'y': 540}, 'object_center_left': {'x': 549, 'y': 537}, 'right_image_aov': {'x': -5.41, 'y': 0.0}, 'left_image_aov': {'x': -13.315, 'y': -0.136}, 'orb_result': 148}]
2024-12-15 11:19:36,221 - INFO - -----------------------------------------------------
2024-12-15 11:19:36,221 - INFO - 
the correlation matrixe: [[(True, 148, {'object_id_r': 0, 'object_id_l': 0, 'object_name_right': 'person', 'object_name_left': 'person', 'object_center_right': {'x': 793, 'y': 540}, 'object_center_left': {'x': 549, 'y': 537}, 'right_image_aov': {'x': -5.41, 'y': 0.0}, 'left_image_aov': {'x': -13.315, 'y': -0.136}, 'orb_result': 148})]]
2024-12-15 11:19:36,221 - INFO - The results of Max orb pairs are: [((0, 0), 148)]
2024-12-15 11:19:36,304 - INFO - The data of objects: [{'name': 'person', 'distance': 1.53, 'angle': -9.36}]
2024-12-15 11:19:36,414 - INFO - ----New round of detections----
2024-12-15 11:19:36,891 - INFO - the objects are: [{'object_id_r': 0, 'object_id_l': 0, 'object_name_right': 'person', 'object_name_left': 'person', 'object_center_right': {'x': 792, 'y': 540}, 'object_center_left': {'x': 549, 'y': 539}, 'right_image_aov': {'x': -5.442, 'y': 0.0}, 'left_image_aov': {'x': -13.315, 'y': -0.045}, 'orb_result': 154}]
2024-12-15 11:19:36,891 - INFO - -----------------------------------------------------
2024-12-15 11:19:36,891 - INFO - 
the correlation matrixe: [[(True, 154, {'object_id_r': 0, 'object_id_l': 0, 'object_name_right': 'person', 'object_name_left': 'person', 'object_center_right': {'x': 792, 'y': 540}, 'object_center_left': {'x': 549, 'y': 539}, 'right_image_aov': {'x': -5.442, 'y': 0.0}, 'left_image_aov': {'x': -13.315, 'y': -0.045}, 'orb_result': 154})]]
2024-12-15 11:19:36,891 - INFO - The results of Max orb pairs are: [((0, 0), 154)]
2024-12-15 11:19:36,977 - INFO - The data of objects: [{'name': 'person', 'distance': 1.54, 'angle': -9.38}]
2024-12-15 11:19:37,082 - INFO - ----New round of detections----
2024-12-15 11:19:37,615 - INFO - the objects are: [{'object_id_r': 0, 'object_id_l': 0, 'object_name_right': 'person', 'object_name_left': 'person', 'object_center_right': {'x': 794, 'y': 542}, 'object_center_left': {'x': 549, 'y': 539}, 'right_image_aov': {'x': -5.378, 'y': 0.09}, 'left_image_aov': {'x': -13.315, 'y': -0.045}, 'orb_result': 159}]
2024-12-15 11:19:37,615 - INFO - -----------------------------------------------------
2024-12-15 11:19:37,615 - INFO - 
the correlation matrixe: [[(True, 159, {'object_id_r': 0, 'object_id_l': 0, 'object_name_right': 'person', 'object_name_left': 'person', 'object_center_right': {'x': 794, 'y': 542}, 'object_center_left': {'x': 549, 'y': 539}, 'right_image_aov': {'x': -5.378, 'y': 0.09}, 'left_image_aov': {'x': -13.315, 'y': -0.045}, 'orb_result': 159})]]
2024-12-15 11:19:37,615 - INFO - The results of Max orb pairs are: [((0, 0), 159)]
2024-12-15 11:19:37,701 - INFO - The data of objects: [{'name': 'person', 'distance': 1.53, 'angle': -9.35}]
2024-12-15 11:19:37,813 - INFO - ----New round of detections----
2024-12-15 11:19:38,392 - INFO - the objects are: [{'object_id_r': 0, 'object_id_l': 0, 'object_name_right': 'person', 'object_name_left': 'person', 'object_center_right': {'x': 794, 'y': 542}, 'object_center_left': {'x': 554, 'y': 542}, 'right_image_aov': {'x': -5.378, 'y': 0.09}, 'left_image_aov': {'x': -13.153, 'y': 0.09}, 'orb_result': 142}]
2024-12-15 11:19:38,392 - INFO - -----------------------------------------------------
2024-12-15 11:19:38,392 - INFO - 
the correlation matrixe: [[(True, 142, {'object_id_r': 0, 'object_id_l': 0, 'object_name_right': 'person', 'object_name_left': 'person', 'object_center_right': {'x': 794, 'y': 542}, 'object_center_left': {'x': 554, 'y': 542}, 'right_image_aov': {'x': -5.378, 'y': 0.09}, 'left_image_aov': {'x': -13.153, 'y': 0.09}, 'orb_result': 142})]]
2024-12-15 11:19:38,392 - INFO - The results of Max orb pairs are: [((0, 0), 142)]
2024-12-15 11:19:38,441 - INFO - The data of objects: [{'name': 'person', 'distance': 1.56, 'angle': -9.27}]
2024-12-15 11:19:38,547 - INFO - ----New round of detections----
2024-12-15 11:19:39,031 - INFO - the objects are: [{'object_id_r': 0, 'object_id_l': 0, 'object_name_right': 'person', 'object_name_left': 'person', 'object_center_right': {'x': 794, 'y': 540}, 'object_center_left': {'x': 555, 'y': 542}, 'right_image_aov': {'x': -5.378, 'y': 0.0}, 'left_image_aov': {'x': -13.12, 'y': 0.09}, 'orb_result': 159}]
2024-12-15 11:19:39,031 - INFO - -----------------------------------------------------
2024-12-15 11:19:39,031 - INFO - 
the correlation matrixe: [[(True, 159, {'object_id_r': 0, 'object_id_l': 0, 'object_name_right': 'person', 'object_name_left': 'person', 'object_center_right': {'x': 794, 'y': 540}, 'object_center_left': {'x': 555, 'y': 542}, 'right_image_aov': {'x': -5.378, 'y': 0.0}, 'left_image_aov': {'x': -13.12, 'y': 0.09}, 'orb_result': 159})]]
2024-12-15 11:19:39,032 - INFO - The results of Max orb pairs are: [((0, 0), 159)]
2024-12-15 11:19:39,101 - INFO - The data of objects: [{'name': 'person', 'distance': 1.56, 'angle': -9.25}]
2024-12-15 11:19:39,208 - INFO - ----New round of detections----
2024-12-15 11:19:39,772 - INFO - the objects are: [{'object_id_r': 0, 'object_id_l': 0, 'object_name_right': 'person', 'object_name_left': 'person', 'object_center_right': {'x': 798, 'y': 542}, 'object_center_left': {'x': 555, 'y': 543}, 'right_image_aov': {'x': -5.248, 'y': 0.09}, 'left_image_aov': {'x': -13.12, 'y': 0.136}, 'orb_result': 159}]
2024-12-15 11:19:39,773 - INFO - -----------------------------------------------------
2024-12-15 11:19:39,773 - INFO - 
the correlation matrixe: [[(True, 159, {'object_id_r': 0, 'object_id_l': 0, 'object_name_right': 'person', 'object_name_left': 'person', 'object_center_right': {'x': 798, 'y': 542}, 'object_center_left': {'x': 555, 'y': 543}, 'right_image_aov': {'x': -5.248, 'y': 0.09}, 'left_image_aov': {'x': -13.12, 'y': 0.136}, 'orb_result': 159})]]
2024-12-15 11:19:39,773 - INFO - The results of Max orb pairs are: [((0, 0), 159)]
2024-12-15 11:19:39,816 - INFO - The data of objects: [{'name': 'person', 'distance': 1.54, 'angle': -9.18}]
2024-12-15 11:19:39,922 - INFO - ----New round of detections----
2024-12-15 11:19:40,414 - INFO - the objects are: [{'object_id_r': 0, 'object_id_l': 0, 'object_name_right': 'person', 'object_name_left': 'person', 'object_center_right': {'x': 798, 'y': 542}, 'object_center_left': {'x': 557, 'y': 544}, 'right_image_aov': {'x': -5.248, 'y': 0.09}, 'left_image_aov': {'x': -13.056, 'y': 0.181}, 'orb_result': 167}]
2024-12-15 11:19:40,414 - INFO - -----------------------------------------------------
2024-12-15 11:19:40,415 - INFO - 
the correlation matrixe: [[(True, 167, {'object_id_r': 0, 'object_id_l': 0, 'object_name_right': 'person', 'object_name_left': 'person', 'object_center_right': {'x': 798, 'y': 542}, 'object_center_left': {'x': 557, 'y': 544}, 'right_image_aov': {'x': -5.248, 'y': 0.09}, 'left_image_aov': {'x': -13.056, 'y': 0.181}, 'orb_result': 167})]]
2024-12-15 11:19:40,415 - INFO - The results of Max orb pairs are: [((0, 0), 167)]
2024-12-15 11:19:40,480 - INFO - The data of objects: [{'name': 'person', 'distance': 1.55, 'angle': -9.15}]
2024-12-15 11:19:40,593 - INFO - ----New round of detections----
2024-12-15 11:19:41,109 - INFO - the objects are: [{'object_id_r': 0, 'object_id_l': 0, 'object_name_right': 'person', 'object_name_left': 'person', 'object_center_right': {'x': 796, 'y': 539}, 'object_center_left': {'x': 559, 'y': 542}, 'right_image_aov': {'x': -5.313, 'y': -0.045}, 'left_image_aov': {'x': -12.991, 'y': 0.09}, 'orb_result': 161}]
2024-12-15 11:19:41,109 - INFO - -----------------------------------------------------
2024-12-15 11:19:41,109 - INFO - 
the correlation matrixe: [[(True, 161, {'object_id_r': 0, 'object_id_l': 0, 'object_name_right': 'person', 'object_name_left': 'person', 'object_center_right': {'x': 796, 'y': 539}, 'object_center_left': {'x': 559, 'y': 542}, 'right_image_aov': {'x': -5.313, 'y': -0.045}, 'left_image_aov': {'x': -12.991, 'y': 0.09}, 'orb_result': 161})]]
2024-12-15 11:19:41,109 - INFO - The results of Max orb pairs are: [((0, 0), 161)]
2024-12-15 11:19:41,162 - INFO - The data of objects: [{'name': 'person', 'distance': 1.58, 'angle': -9.15}]
2024-12-15 11:19:41,271 - INFO - ----New round of detections----
2024-12-15 11:19:41,841 - INFO - the objects are: [{'object_id_r': 0, 'object_id_l': 0, 'object_name_right': 'person', 'object_name_left': 'person', 'object_center_right': {'x': 795, 'y': 542}, 'object_center_left': {'x': 556, 'y': 544}, 'right_image_aov': {'x': -5.345, 'y': 0.09}, 'left_image_aov': {'x': -13.088, 'y': 0.181}, 'orb_result': 157}]
2024-12-15 11:19:41,841 - INFO - -----------------------------------------------------
2024-12-15 11:19:41,843 - INFO - 
the correlation matrixe: [[(True, 157, {'object_id_r': 0, 'object_id_l': 0, 'object_name_right': 'person', 'object_name_left': 'person', 'object_center_right': {'x': 795, 'y': 542}, 'object_center_left': {'x': 556, 'y': 544}, 'right_image_aov': {'x': -5.345, 'y': 0.09}, 'left_image_aov': {'x': -13.088, 'y': 0.181}, 'orb_result': 157})]]
2024-12-15 11:19:41,843 - INFO - The results of Max orb pairs are: [((0, 0), 157)]
2024-12-15 11:19:41,917 - INFO - The data of objects: [{'name': 'person', 'distance': 1.56, 'angle': -9.22}]
2024-12-15 11:19:42,031 - INFO - ----New round of detections----
2024-12-15 11:19:42,625 - INFO - the objects are: [{'object_id_r': 0, 'object_id_l': 0, 'object_name_right': 'person', 'object_name_left': 'person', 'object_center_right': {'x': 799, 'y': 541}, 'object_center_left': {'x': 560, 'y': 544}, 'right_image_aov': {'x': -5.216, 'y': 0.045}, 'left_image_aov': {'x': -12.958, 'y': 0.181}, 'orb_result': 160}]
2024-12-15 11:19:42,625 - INFO - -----------------------------------------------------
2024-12-15 11:19:42,625 - INFO - 
the correlation matrixe: [[(True, 160, {'object_id_r': 0, 'object_id_l': 0, 'object_name_right': 'person', 'object_name_left': 'person', 'object_center_right': {'x': 799, 'y': 541}, 'object_center_left': {'x': 560, 'y': 544}, 'right_image_aov': {'x': -5.216, 'y': 0.045}, 'left_image_aov': {'x': -12.958, 'y': 0.181}, 'orb_result': 160})]]
2024-12-15 11:19:42,625 - INFO - The results of Max orb pairs are: [((0, 0), 160)]
2024-12-15 11:19:42,676 - INFO - The data of objects: [{'name': 'person', 'distance': 1.56, 'angle': -9.09}]
2024-12-15 11:19:42,782 - INFO - ----New round of detections----
2024-12-15 11:19:43,294 - INFO - the objects are: [{'object_id_r': 0, 'object_id_l': 0, 'object_name_right': 'person', 'object_name_left': 'person', 'object_center_right': {'x': 798, 'y': 542}, 'object_center_left': {'x': 562, 'y': 542}, 'right_image_aov': {'x': -5.248, 'y': 0.09}, 'left_image_aov': {'x': -12.894, 'y': 0.09}, 'orb_result': 149}]
2024-12-15 11:19:43,294 - INFO - -----------------------------------------------------
2024-12-15 11:19:43,294 - INFO - 
the correlation matrixe: [[(True, 149, {'object_id_r': 0, 'object_id_l': 0, 'object_name_right': 'person', 'object_name_left': 'person', 'object_center_right': {'x': 798, 'y': 542}, 'object_center_left': {'x': 562, 'y': 542}, 'right_image_aov': {'x': -5.248, 'y': 0.09}, 'left_image_aov': {'x': -12.894, 'y': 0.09}, 'orb_result': 149})]]
2024-12-15 11:19:43,295 - INFO - The results of Max orb pairs are: [((0, 0), 149)]
2024-12-15 11:19:43,340 - INFO - The data of objects: [{'name': 'person', 'distance': 1.58, 'angle': -9.07}]
2024-12-15 11:19:43,452 - INFO - ----New round of detections----
2024-12-15 11:19:43,984 - INFO - the objects are: [{'object_id_r': 0, 'object_id_l': 0, 'object_name_right': 'person', 'object_name_left': 'person', 'object_center_right': {'x': 798, 'y': 540}, 'object_center_left': {'x': 555, 'y': 544}, 'right_image_aov': {'x': -5.248, 'y': 0.0}, 'left_image_aov': {'x': -13.12, 'y': 0.181}, 'orb_result': 151}]
2024-12-15 11:19:43,984 - INFO - -----------------------------------------------------
2024-12-15 11:19:43,984 - INFO - 
the correlation matrixe: [[(True, 151, {'object_id_r': 0, 'object_id_l': 0, 'object_name_right': 'person', 'object_name_left': 'person', 'object_center_right': {'x': 798, 'y': 540}, 'object_center_left': {'x': 555, 'y': 544}, 'right_image_aov': {'x': -5.248, 'y': 0.0}, 'left_image_aov': {'x': -13.12, 'y': 0.181}, 'orb_result': 151})]]
2024-12-15 11:19:43,984 - INFO - The results of Max orb pairs are: [((0, 0), 151)]
2024-12-15 11:19:44,040 - INFO - The data of objects: [{'name': 'person', 'distance': 1.54, 'angle': -9.18}]
2024-12-15 11:19:44,154 - INFO - ----New round of detections----
2024-12-15 11:19:44,637 - INFO - the objects are: [{'object_id_r': 0, 'object_id_l': 0, 'object_name_right': 'person', 'object_name_left': 'person', 'object_center_right': {'x': 798, 'y': 538}, 'object_center_left': {'x': 559, 'y': 539}, 'right_image_aov': {'x': -5.248, 'y': -0.09}, 'left_image_aov': {'x': -12.991, 'y': -0.045}, 'orb_result': 144}]
2024-12-15 11:19:44,637 - INFO - -----------------------------------------------------
2024-12-15 11:19:44,638 - INFO - 
the correlation matrixe: [[(True, 144, {'object_id_r': 0, 'object_id_l': 0, 'object_name_right': 'person', 'object_name_left': 'person', 'object_center_right': {'x': 798, 'y': 538}, 'object_center_left': {'x': 559, 'y': 539}, 'right_image_aov': {'x': -5.248, 'y': -0.09}, 'left_image_aov': {'x': -12.991, 'y': -0.045}, 'orb_result': 144})]]
2024-12-15 11:19:44,638 - INFO - The results of Max orb pairs are: [((0, 0), 144)]
2024-12-15 11:19:44,684 - INFO - The data of objects: [{'name': 'person', 'distance': 1.56, 'angle': -9.12}]
2024-12-15 11:19:44,789 - INFO - ----New round of detections----
2024-12-15 11:19:45,448 - INFO - the objects are: [{'object_id_r': 0, 'object_id_l': 0, 'object_name_right': 'person', 'object_name_left': 'person', 'object_center_right': {'x': 798, 'y': 544}, 'object_center_left': {'x': 557, 'y': 538}, 'right_image_aov': {'x': -5.248, 'y': 0.181}, 'left_image_aov': {'x': -13.056, 'y': -0.09}, 'orb_result': 141}]
2024-12-15 11:19:45,449 - INFO - -----------------------------------------------------
2024-12-15 11:19:45,449 - INFO - 
the correlation matrixe: [[(True, 141, {'object_id_r': 0, 'object_id_l': 0, 'object_name_right': 'person', 'object_name_left': 'person', 'object_center_right': {'x': 798, 'y': 544}, 'object_center_left': {'x': 557, 'y': 538}, 'right_image_aov': {'x': -5.248, 'y': 0.181}, 'left_image_aov': {'x': -13.056, 'y': -0.09}, 'orb_result': 141})]]
2024-12-15 11:19:45,449 - INFO - The results of Max orb pairs are: [((0, 0), 141)]
2024-12-15 11:19:45,492 - INFO - The data of objects: [{'name': 'person', 'distance': 1.55, 'angle': -9.15}]
2024-12-15 11:19:45,597 - INFO - ----New round of detections----
2024-12-15 11:19:46,118 - INFO - the objects are: [{'object_id_r': 0, 'object_id_l': 0, 'object_name_right': 'person', 'object_name_left': 'person', 'object_center_right': {'x': 798, 'y': 541}, 'object_center_left': {'x': 557, 'y': 539}, 'right_image_aov': {'x': -5.248, 'y': 0.045}, 'left_image_aov': {'x': -13.056, 'y': -0.045}, 'orb_result': 133}]
2024-12-15 11:19:46,119 - INFO - -----------------------------------------------------
2024-12-15 11:19:46,119 - INFO - 
the correlation matrixe: [[(True, 133, {'object_id_r': 0, 'object_id_l': 0, 'object_name_right': 'person', 'object_name_left': 'person', 'object_center_right': {'x': 798, 'y': 541}, 'object_center_left': {'x': 557, 'y': 539}, 'right_image_aov': {'x': -5.248, 'y': 0.045}, 'left_image_aov': {'x': -13.056, 'y': -0.045}, 'orb_result': 133})]]
2024-12-15 11:19:46,119 - INFO - The results of Max orb pairs are: [((0, 0), 133)]
2024-12-15 11:19:46,162 - INFO - The data of objects: [{'name': 'person', 'distance': 1.55, 'angle': -9.15}]
2024-12-15 11:19:46,270 - INFO - ----New round of detections----
2024-12-15 11:19:46,808 - INFO - the objects are: [{'object_id_r': 0, 'object_id_l': 0, 'object_name_right': 'person', 'object_name_left': 'person', 'object_center_right': {'x': 802, 'y': 540}, 'object_center_left': {'x': 565, 'y': 538}, 'right_image_aov': {'x': -5.119, 'y': 0.0}, 'left_image_aov': {'x': -12.796, 'y': -0.09}, 'orb_result': 129}]
2024-12-15 11:19:46,809 - INFO - -----------------------------------------------------
2024-12-15 11:19:46,809 - INFO - 
the correlation matrixe: [[(True, 129, {'object_id_r': 0, 'object_id_l': 0, 'object_name_right': 'person', 'object_name_left': 'person', 'object_center_right': {'x': 802, 'y': 540}, 'object_center_left': {'x': 565, 'y': 538}, 'right_image_aov': {'x': -5.119, 'y': 0.0}, 'left_image_aov': {'x': -12.796, 'y': -0.09}, 'orb_result': 129})]]
2024-12-15 11:19:46,809 - INFO - The results of Max orb pairs are: [((0, 0), 129)]
2024-12-15 11:19:46,917 - INFO - The data of objects: [{'name': 'person', 'distance': 1.58, 'angle': -8.96}]
2024-12-15 11:19:47,020 - INFO - ----New round of detections----
2024-12-15 11:19:47,669 - INFO - the objects are: [{'object_id_r': 0, 'object_id_l': 0, 'object_name_right': 'person', 'object_name_left': 'person', 'object_center_right': {'x': 801, 'y': 538}, 'object_center_left': {'x': 560, 'y': 540}, 'right_image_aov': {'x': -5.151, 'y': -0.09}, 'left_image_aov': {'x': -12.958, 'y': 0.0}, 'orb_result': 138}]
2024-12-15 11:19:47,670 - INFO - -----------------------------------------------------
2024-12-15 11:19:47,670 - INFO - 
the correlation matrixe: [[(True, 138, {'object_id_r': 0, 'object_id_l': 0, 'object_name_right': 'person', 'object_name_left': 'person', 'object_center_right': {'x': 801, 'y': 538}, 'object_center_left': {'x': 560, 'y': 540}, 'right_image_aov': {'x': -5.151, 'y': -0.09}, 'left_image_aov': {'x': -12.958, 'y': 0.0}, 'orb_result': 138})]]
2024-12-15 11:19:47,670 - INFO - The results of Max orb pairs are: [((0, 0), 138)]
2024-12-15 11:19:47,720 - INFO - The data of objects: [{'name': 'person', 'distance': 1.55, 'angle': -9.05}]
2024-12-15 11:19:47,827 - INFO - ----New round of detections----
2024-12-15 11:19:48,292 - INFO - the objects are: [{'object_id_r': 0, 'object_id_l': 0, 'object_name_right': 'person', 'object_name_left': 'person', 'object_center_right': {'x': 780, 'y': 538}, 'object_center_left': {'x': 561, 'y': 539}, 'right_image_aov': {'x': -5.831, 'y': -0.09}, 'left_image_aov': {'x': -12.926, 'y': -0.045}, 'orb_result': 134}]
2024-12-15 11:19:48,293 - INFO - -----------------------------------------------------
2024-12-15 11:19:48,293 - INFO - 
the correlation matrixe: [[(True, 134, {'object_id_r': 0, 'object_id_l': 0, 'object_name_right': 'person', 'object_name_left': 'person', 'object_center_right': {'x': 780, 'y': 538}, 'object_center_left': {'x': 561, 'y': 539}, 'right_image_aov': {'x': -5.831, 'y': -0.09}, 'left_image_aov': {'x': -12.926, 'y': -0.045}, 'orb_result': 134})]]
2024-12-15 11:19:48,293 - INFO - The results of Max orb pairs are: [((0, 0), 134)]
2024-12-15 11:19:48,362 - INFO - The data of objects: [{'name': 'person', 'distance': 1.71, 'angle': -9.38}]
2024-12-15 11:19:48,478 - INFO - ----New round of detections----
2024-12-15 11:19:49,002 - INFO - the objects are: [{'object_id_r': 0, 'object_id_l': 0, 'object_name_right': 'person', 'object_name_left': 'person', 'object_center_right': {'x': 755, 'y': 532}, 'object_center_left': {'x': 535, 'y': 543}, 'right_image_aov': {'x': -6.641, 'y': -0.361}, 'left_image_aov': {'x': -13.768, 'y': 0.136}, 'orb_result': 134}]
2024-12-15 11:19:49,002 - INFO - -----------------------------------------------------
2024-12-15 11:19:49,003 - INFO - 
the correlation matrixe: [[(True, 134, {'object_id_r': 0, 'object_id_l': 0, 'object_name_right': 'person', 'object_name_left': 'person', 'object_center_right': {'x': 755, 'y': 532}, 'object_center_left': {'x': 535, 'y': 543}, 'right_image_aov': {'x': -6.641, 'y': -0.361}, 'left_image_aov': {'x': -13.768, 'y': 0.136}, 'orb_result': 134})]]
2024-12-15 11:19:49,003 - INFO - The results of Max orb pairs are: [((0, 0), 134)]
2024-12-15 11:19:49,054 - INFO - The data of objects: [{'name': 'person', 'distance': 1.7, 'angle': -10.2}]
2024-12-15 11:19:49,168 - INFO - ----New round of detections----
2024-12-15 11:19:49,742 - INFO - the objects are: [{'object_id_r': 0, 'object_id_l': 0, 'object_name_right': 'person', 'object_name_left': 'person', 'object_center_right': {'x': 739, 'y': 536}, 'object_center_left': {'x': 541, 'y': 541}, 'right_image_aov': {'x': -7.159, 'y': -0.181}, 'left_image_aov': {'x': -13.574, 'y': 0.045}, 'orb_result': 152}]
2024-12-15 11:19:49,742 - INFO - -----------------------------------------------------
2024-12-15 11:19:49,742 - INFO - 
the correlation matrixe: [[(True, 152, {'object_id_r': 0, 'object_id_l': 0, 'object_name_right': 'person', 'object_name_left': 'person', 'object_center_right': {'x': 739, 'y': 536}, 'object_center_left': {'x': 541, 'y': 541}, 'right_image_aov': {'x': -7.159, 'y': -0.181}, 'left_image_aov': {'x': -13.574, 'y': 0.045}, 'orb_result': 152})]]
2024-12-15 11:19:49,742 - INFO - The results of Max orb pairs are: [((0, 0), 152)]
2024-12-15 11:19:49,786 - INFO - The data of objects: [{'name': 'person', 'distance': 1.89, 'angle': -10.37}]
2024-12-15 11:19:49,897 - INFO - ----New round of detections----
2024-12-15 11:19:50,430 - INFO - the objects are: [{'object_id_r': 0, 'object_id_l': 0, 'object_name_right': 'person', 'object_name_left': 'person', 'object_center_right': {'x': 734, 'y': 535}, 'object_center_left': {'x': 543, 'y': 540}, 'right_image_aov': {'x': -7.321, 'y': -0.226}, 'left_image_aov': {'x': -13.509, 'y': 0.0}, 'orb_result': 142}]
2024-12-15 11:19:50,430 - INFO - -----------------------------------------------------
2024-12-15 11:19:50,430 - INFO - 
the correlation matrixe: [[(True, 142, {'object_id_r': 0, 'object_id_l': 0, 'object_name_right': 'person', 'object_name_left': 'person', 'object_center_right': {'x': 734, 'y': 535}, 'object_center_left': {'x': 543, 'y': 540}, 'right_image_aov': {'x': -7.321, 'y': -0.226}, 'left_image_aov': {'x': -13.509, 'y': 0.0}, 'orb_result': 142})]]
2024-12-15 11:19:50,430 - INFO - The results of Max orb pairs are: [((0, 0), 142)]
2024-12-15 11:19:50,495 - INFO - The data of objects: [{'name': 'person', 'distance': 1.96, 'angle': -10.41}]
2024-12-15 11:19:50,600 - INFO - ----New round of detections----
2024-12-15 11:19:51,105 - INFO - the objects are: [{'object_id_r': 0, 'object_id_l': 0, 'object_name_right': 'person', 'object_name_left': 'person', 'object_center_right': {'x': 738, 'y': 538}, 'object_center_left': {'x': 546, 'y': 541}, 'right_image_aov': {'x': -7.192, 'y': -0.09}, 'left_image_aov': {'x': -13.412, 'y': 0.045}, 'orb_result': 151}]
2024-12-15 11:19:51,105 - INFO - -----------------------------------------------------
2024-12-15 11:19:51,106 - INFO - 
the correlation matrixe: [[(True, 151, {'object_id_r': 0, 'object_id_l': 0, 'object_name_right': 'person', 'object_name_left': 'person', 'object_center_right': {'x': 738, 'y': 538}, 'object_center_left': {'x': 546, 'y': 541}, 'right_image_aov': {'x': -7.192, 'y': -0.09}, 'left_image_aov': {'x': -13.412, 'y': 0.045}, 'orb_result': 151})]]
2024-12-15 11:19:51,106 - INFO - The results of Max orb pairs are: [((0, 0), 151)]
2024-12-15 11:19:51,179 - INFO - The data of objects: [{'name': 'person', 'distance': 1.95, 'angle': -10.3}]
2024-12-15 11:19:51,282 - INFO - ----New round of detections----
2024-12-15 11:19:51,879 - INFO - the objects are: [{'object_id_r': 0, 'object_id_l': 0, 'object_name_right': 'person', 'object_name_left': 'person', 'object_center_right': {'x': 722, 'y': 532}, 'object_center_left': {'x': 547, 'y': 539}, 'right_image_aov': {'x': -7.71, 'y': -0.361}, 'left_image_aov': {'x': -13.379, 'y': -0.045}, 'orb_result': 141}]
2024-12-15 11:19:51,879 - INFO - -----------------------------------------------------
2024-12-15 11:19:51,879 - INFO - 
the correlation matrixe: [[(True, 141, {'object_id_r': 0, 'object_id_l': 0, 'object_name_right': 'person', 'object_name_left': 'person', 'object_center_right': {'x': 722, 'y': 532}, 'object_center_left': {'x': 547, 'y': 539}, 'right_image_aov': {'x': -7.71, 'y': -0.361}, 'left_image_aov': {'x': -13.379, 'y': -0.045}, 'orb_result': 141})]]
2024-12-15 11:19:51,880 - INFO - The results of Max orb pairs are: [((0, 0), 141)]
2024-12-15 11:19:51,936 - INFO - The data of objects: [{'name': 'person', 'distance': 2.14, 'angle': -10.54}]
2024-12-15 11:19:52,045 - INFO - ----New round of detections----
2024-12-15 11:19:52,571 - INFO - the objects are: [{'object_id_r': 0, 'object_id_l': 0, 'object_name_right': 'person', 'object_name_left': 'person', 'object_center_right': {'x': 724, 'y': 535}, 'object_center_left': {'x': 541, 'y': 539}, 'right_image_aov': {'x': -7.645, 'y': -0.226}, 'left_image_aov': {'x': -13.574, 'y': -0.045}, 'orb_result': 150}]
2024-12-15 11:19:52,571 - INFO - -----------------------------------------------------
2024-12-15 11:19:52,571 - INFO - 
the correlation matrixe: [[(True, 150, {'object_id_r': 0, 'object_id_l': 0, 'object_name_right': 'person', 'object_name_left': 'person', 'object_center_right': {'x': 724, 'y': 535}, 'object_center_left': {'x': 541, 'y': 539}, 'right_image_aov': {'x': -7.645, 'y': -0.226}, 'left_image_aov': {'x': -13.574, 'y': -0.045}, 'orb_result': 150})]]
2024-12-15 11:19:52,571 - INFO - The results of Max orb pairs are: [((0, 0), 150)]
2024-12-15 11:19:52,634 - INFO - The data of objects: [{'name': 'person', 'distance': 2.04, 'angle': -10.61}]
2024-12-15 11:19:52,746 - INFO - ----New round of detections----
2024-12-15 11:19:53,384 - INFO - the objects are: [{'object_id_r': 0, 'object_id_l': 0, 'object_name_right': 'person', 'object_name_left': 'person', 'object_center_right': {'x': 728, 'y': 537}, 'object_center_left': {'x': 535, 'y': 541}, 'right_image_aov': {'x': -7.516, 'y': -0.136}, 'left_image_aov': {'x': -13.768, 'y': 0.045}, 'orb_result': 156}]
2024-12-15 11:19:53,384 - INFO - -----------------------------------------------------
2024-12-15 11:19:53,384 - INFO - 
the correlation matrixe: [[(True, 156, {'object_id_r': 0, 'object_id_l': 0, 'object_name_right': 'person', 'object_name_left': 'person', 'object_center_right': {'x': 728, 'y': 537}, 'object_center_left': {'x': 535, 'y': 541}, 'right_image_aov': {'x': -7.516, 'y': -0.136}, 'left_image_aov': {'x': -13.768, 'y': 0.045}, 'orb_result': 156})]]
2024-12-15 11:19:53,384 - INFO - The results of Max orb pairs are: [((0, 0), 156)]
2024-12-15 11:19:53,440 - INFO - The data of objects: [{'name': 'person', 'distance': 1.94, 'angle': -10.64}]
2024-12-15 11:19:53,542 - INFO - ----New round of detections----
2024-12-15 11:19:54,044 - INFO - the objects are: [{'object_id_r': 0, 'object_id_l': 0, 'object_name_right': 'person', 'object_name_left': 'person', 'object_center_right': {'x': 723, 'y': 537}, 'object_center_left': {'x': 547, 'y': 539}, 'right_image_aov': {'x': -7.678, 'y': -0.136}, 'left_image_aov': {'x': -13.379, 'y': -0.045}, 'orb_result': 147}]
2024-12-15 11:19:54,044 - INFO - -----------------------------------------------------
2024-12-15 11:19:54,044 - INFO - 
the correlation matrixe: [[(True, 147, {'object_id_r': 0, 'object_id_l': 0, 'object_name_right': 'person', 'object_name_left': 'person', 'object_center_right': {'x': 723, 'y': 537}, 'object_center_left': {'x': 547, 'y': 539}, 'right_image_aov': {'x': -7.678, 'y': -0.136}, 'left_image_aov': {'x': -13.379, 'y': -0.045}, 'orb_result': 147})]]
2024-12-15 11:19:54,045 - INFO - The results of Max orb pairs are: [((0, 0), 147)]
2024-12-15 11:19:54,111 - INFO - The data of objects: [{'name': 'person', 'distance': 2.12, 'angle': -10.53}]
2024-12-15 11:19:54,226 - INFO - ----New round of detections----
2024-12-15 11:19:54,230 - CRITICAL - Critical error in while loop
Traceback (most recent call last):
  File "c:\Users\User\OneDrive - Afeka College Of Engineering\ \final Project - Eye sight\code\main_with_gui.py", line 210, in processing_loop
    frames = {0: usb_camera.increase_image_quality(frame_left), 1: usb_camera.increase_image_quality(frame_right)}
  File "c:\Users\User\OneDrive - Afeka College Of Engineering\ \final Project - Eye sight\code\OOP_webcam.py", line 223, in increase_image_quality
    raise ValueError("Input image is None. Please provide a valid image.")
ValueError: Input image is None. Please provide a valid image.
2024-12-15 11:19:54,231 - INFO - The video ended and now the App will be close! Bey Bey
