2024-12-15 16:14:38,643 - INFO - Application started
2024-12-15 16:14:44,949 - INFO - ----------Processing loop started----------
2024-12-15 16:14:59,326 - INFO - ----New round of detections----
2024-12-15 16:15:03,259 - INFO - the objects are: [{'object_id_r': 0, 'object_id_l': 0, 'object_name_right': 'bottle', 'object_name_left': 'bottle', 'object_center_right': {'x': 113, 'y': 853}, 'object_center_left': {'x': 699, 'y': 836}, 'right_image_aov': {'x': -27.439, 'y': 14.143}, 'left_image_aov': {'x': -8.455, 'y': 13.375}, 'orb_result': 119}, {'object_id_r': 0, 'object_id_l': 1, 'object_name_right': 'bottle', 'object_name_left': 'couch', 'object_center_right': {'x': 113, 'y': 853}, 'object_center_left': {'x': 960, 'y': 777}, 'right_image_aov': {'x': -27.439, 'y': 14.143}, 'left_image_aov': {'x': 0.0, 'y': 10.709}, 'orb_result': 100}, {'object_id_r': 1, 'object_id_l': 0, 'object_name_right': 'couch', 'object_name_left': 'bottle', 'object_center_right': {'x': 947, 'y': 783}, 'object_center_left': {'x': 699, 'y': 836}, 'right_image_aov': {'x': -0.421, 'y': 10.98}, 'left_image_aov': {'x': -8.455, 'y': 13.375}, 'orb_result': 100}, {'object_id_r': 1, 'object_id_l': 1, 'object_name_right': 'couch', 'object_name_left': 'couch', 'object_center_right': {'x': 947, 'y': 783}, 'object_center_left': {'x': 960, 'y': 777}, 'right_image_aov': {'x': -0.421, 'y': 10.98}, 'left_image_aov': {'x': 0.0, 'y': 10.709}, 'orb_result': 150}]
2024-12-15 16:15:03,260 - INFO - -----------------------------------------------------
2024-12-15 16:15:03,260 - INFO - 
the correlation matrixe: [[(True, 119, {'object_id_r': 0, 'object_id_l': 0, 'object_name_right': 'bottle', 'object_name_left': 'bottle', 'object_center_right': {'x': 113, 'y': 853}, 'object_center_left': {'x': 699, 'y': 836}, 'right_image_aov': {'x': -27.439, 'y': 14.143}, 'left_image_aov': {'x': -8.455, 'y': 13.375}, 'orb_result': 119})
  (True, 100, {'object_id_r': 1, 'object_id_l': 0, 'object_name_right': 'couch', 'object_name_left': 'bottle', 'object_center_right': {'x': 947, 'y': 783}, 'object_center_left': {'x': 699, 'y': 836}, 'right_image_aov': {'x': -0.421, 'y': 10.98}, 'left_image_aov': {'x': -8.455, 'y': 13.375}, 'orb_result': 100})]
 [(True, 100, {'object_id_r': 0, 'object_id_l': 1, 'object_name_right': 'bottle', 'object_name_left': 'couch', 'object_center_right': {'x': 113, 'y': 853}, 'object_center_left': {'x': 960, 'y': 777}, 'right_image_aov': {'x': -27.439, 'y': 14.143}, 'left_image_aov': {'x': 0.0, 'y': 10.709}, 'orb_result': 100})
  (True, 150, {'object_id_r': 1, 'object_id_l': 1, 'object_name_right': 'couch', 'object_name_left': 'couch', 'object_center_right': {'x': 947, 'y': 783}, 'object_center_left': {'x': 960, 'y': 777}, 'right_image_aov': {'x': -0.421, 'y': 10.98}, 'left_image_aov': {'x': 0.0, 'y': 10.709}, 'orb_result': 150})]]
2024-12-15 16:15:03,260 - INFO - The results of Max orb pairs are: [((1, 1), 150), ((0, 0), 119)]
2024-12-15 16:15:03,347 - INFO - The data of objects: [{'name': 'couch', 'distance': 28.77, 'angle': -0.21}, {'name': 'bottle', 'distance': 0.64, 'angle': -17.95}]
2024-12-15 16:15:03,452 - INFO - ----New round of detections----
2024-12-15 16:15:04,197 - INFO - the objects are: [{'object_id_r': 0, 'object_id_l': 0, 'object_name_right': 'bottle', 'object_name_left': 'bottle', 'object_center_right': {'x': 112, 'y': 853}, 'object_center_left': {'x': 700, 'y': 838}, 'right_image_aov': {'x': -27.472, 'y': 14.143}, 'left_image_aov': {'x': -8.423, 'y': 13.465}, 'orb_result': 104}, {'object_id_r': 0, 'object_id_l': 1, 'object_name_right': 'bottle', 'object_name_left': 'couch', 'object_center_right': {'x': 112, 'y': 853}, 'object_center_left': {'x': 953, 'y': 776}, 'right_image_aov': {'x': -27.472, 'y': 14.143}, 'left_image_aov': {'x': -0.227, 'y': 10.664}, 'orb_result': 110}, {'object_id_r': 1, 'object_id_l': 0, 'object_name_right': 'couch', 'object_name_left': 'bottle', 'object_center_right': {'x': 912, 'y': 793}, 'object_center_left': {'x': 700, 'y': 838}, 'right_image_aov': {'x': -1.555, 'y': 11.432}, 'left_image_aov': {'x': -8.423, 'y': 13.465}, 'orb_result': 106}, {'object_id_r': 1, 'object_id_l': 1, 'object_name_right': 'couch', 'object_name_left': 'couch', 'object_center_right': {'x': 912, 'y': 793}, 'object_center_left': {'x': 953, 'y': 776}, 'right_image_aov': {'x': -1.555, 'y': 11.432}, 'left_image_aov': {'x': -0.227, 'y': 10.664}, 'orb_result': 169}]
2024-12-15 16:15:04,197 - INFO - -----------------------------------------------------
2024-12-15 16:15:04,197 - INFO - 
the correlation matrixe: [[(True, 104, {'object_id_r': 0, 'object_id_l': 0, 'object_name_right': 'bottle', 'object_name_left': 'bottle', 'object_center_right': {'x': 112, 'y': 853}, 'object_center_left': {'x': 700, 'y': 838}, 'right_image_aov': {'x': -27.472, 'y': 14.143}, 'left_image_aov': {'x': -8.423, 'y': 13.465}, 'orb_result': 104})
  (True, 106, {'object_id_r': 1, 'object_id_l': 0, 'object_name_right': 'couch', 'object_name_left': 'bottle', 'object_center_right': {'x': 912, 'y': 793}, 'object_center_left': {'x': 700, 'y': 838}, 'right_image_aov': {'x': -1.555, 'y': 11.432}, 'left_image_aov': {'x': -8.423, 'y': 13.465}, 'orb_result': 106})]
 [(True, 110, {'object_id_r': 0, 'object_id_l': 1, 'object_name_right': 'bottle', 'object_name_left': 'couch', 'object_center_right': {'x': 112, 'y': 853}, 'object_center_left': {'x': 953, 'y': 776}, 'right_image_aov': {'x': -27.472, 'y': 14.143}, 'left_image_aov': {'x': -0.227, 'y': 10.664}, 'orb_result': 110})
  (True, 169, {'object_id_r': 1, 'object_id_l': 1, 'object_name_right': 'couch', 'object_name_left': 'couch', 'object_center_right': {'x': 912, 'y': 793}, 'object_center_left': {'x': 953, 'y': 776}, 'right_image_aov': {'x': -1.555, 'y': 11.432}, 'left_image_aov': {'x': -0.227, 'y': 10.664}, 'orb_result': 169})]]
2024-12-15 16:15:04,197 - INFO - The results of Max orb pairs are: [((1, 1), 169), ((0, 0), 104)]
2024-12-15 16:15:04,259 - INFO - The data of objects: [{'name': 'couch', 'distance': 9.12, 'angle': -0.89}, {'name': 'bottle', 'distance': 0.64, 'angle': -17.95}]
2024-12-15 16:15:04,371 - INFO - ----New round of detections----
2024-12-15 16:15:05,043 - INFO - the objects are: [{'object_id_r': 0, 'object_id_l': 0, 'object_name_right': 'bottle', 'object_name_left': 'bottle', 'object_center_right': {'x': 113, 'y': 852}, 'object_center_left': {'x': 698, 'y': 837}, 'right_image_aov': {'x': -27.439, 'y': 14.098}, 'left_image_aov': {'x': -8.488, 'y': 13.42}, 'orb_result': 105}, {'object_id_r': 0, 'object_id_l': 1, 'object_name_right': 'bottle', 'object_name_left': 'couch', 'object_center_right': {'x': 113, 'y': 852}, 'object_center_left': {'x': 965, 'y': 778}, 'right_image_aov': {'x': -27.439, 'y': 14.098}, 'left_image_aov': {'x': 0.162, 'y': 10.754}, 'orb_result': 98}, {'object_id_r': 1, 'object_id_l': 0, 'object_name_right': 'couch', 'object_name_left': 'bottle', 'object_center_right': {'x': 947, 'y': 782}, 'object_center_left': {'x': 698, 'y': 837}, 'right_image_aov': {'x': -0.421, 'y': 10.935}, 'left_image_aov': {'x': -8.488, 'y': 13.42}, 'orb_result': 103}, {'object_id_r': 1, 'object_id_l': 1, 'object_name_right': 'couch', 'object_name_left': 'couch', 'object_center_right': {'x': 947, 'y': 782}, 'object_center_left': {'x': 965, 'y': 778}, 'right_image_aov': {'x': -0.421, 'y': 10.935}, 'left_image_aov': {'x': 0.162, 'y': 10.754}, 'orb_result': 160}]
2024-12-15 16:15:05,043 - INFO - -----------------------------------------------------
2024-12-15 16:15:05,043 - INFO - 
the correlation matrixe: [[(True, 105, {'object_id_r': 0, 'object_id_l': 0, 'object_name_right': 'bottle', 'object_name_left': 'bottle', 'object_center_right': {'x': 113, 'y': 852}, 'object_center_left': {'x': 698, 'y': 837}, 'right_image_aov': {'x': -27.439, 'y': 14.098}, 'left_image_aov': {'x': -8.488, 'y': 13.42}, 'orb_result': 105})
  (True, 103, {'object_id_r': 1, 'object_id_l': 0, 'object_name_right': 'couch', 'object_name_left': 'bottle', 'object_center_right': {'x': 947, 'y': 782}, 'object_center_left': {'x': 698, 'y': 837}, 'right_image_aov': {'x': -0.421, 'y': 10.935}, 'left_image_aov': {'x': -8.488, 'y': 13.42}, 'orb_result': 103})]
 [(True, 98, {'object_id_r': 0, 'object_id_l': 1, 'object_name_right': 'bottle', 'object_name_left': 'couch', 'object_center_right': {'x': 113, 'y': 852}, 'object_center_left': {'x': 965, 'y': 778}, 'right_image_aov': {'x': -27.439, 'y': 14.098}, 'left_image_aov': {'x': 0.162, 'y': 10.754}, 'orb_result': 98})
  (True, 160, {'object_id_r': 1, 'object_id_l': 1, 'object_name_right': 'couch', 'object_name_left': 'couch', 'object_center_right': {'x': 947, 'y': 782}, 'object_center_left': {'x': 965, 'y': 778}, 'right_image_aov': {'x': -0.421, 'y': 10.935}, 'left_image_aov': {'x': 0.162, 'y': 10.754}, 'orb_result': 160})]]
2024-12-15 16:15:05,044 - INFO - The results of Max orb pairs are: [((1, 1), 160), ((0, 0), 105)]
2024-12-15 16:15:05,096 - INFO - The data of objects: [{'name': 'couch', 'distance': 20.78, 'angle': -0.13}, {'name': 'bottle', 'distance': 0.64, 'angle': -17.96}]
2024-12-15 16:15:05,209 - INFO - ----New round of detections----
2024-12-15 16:15:06,087 - INFO - the objects are: [{'object_id_r': 0, 'object_id_l': 0, 'object_name_right': 'bottle', 'object_name_left': 'bottle', 'object_center_right': {'x': 114, 'y': 850}, 'object_center_left': {'x': 700, 'y': 836}, 'right_image_aov': {'x': -27.407, 'y': 14.007}, 'left_image_aov': {'x': -8.423, 'y': 13.375}, 'orb_result': 118}, {'object_id_r': 0, 'object_id_l': 1, 'object_name_right': 'bottle', 'object_name_left': 'couch', 'object_center_right': {'x': 114, 'y': 850}, 'object_center_left': {'x': 960, 'y': 776}, 'right_image_aov': {'x': -27.407, 'y': 14.007}, 'left_image_aov': {'x': 0.0, 'y': 10.664}, 'orb_result': 106}, {'object_id_r': 1, 'object_id_l': 0, 'object_name_right': 'couch', 'object_name_left': 'bottle', 'object_center_right': {'x': 946, 'y': 785}, 'object_center_left': {'x': 700, 'y': 836}, 'right_image_aov': {'x': -0.454, 'y': 11.07}, 'left_image_aov': {'x': -8.423, 'y': 13.375}, 'orb_result': 96}, {'object_id_r': 1, 'object_id_l': 1, 'object_name_right': 'couch', 'object_name_left': 'couch', 'object_center_right': {'x': 946, 'y': 785}, 'object_center_left': {'x': 960, 'y': 776}, 'right_image_aov': {'x': -0.454, 'y': 11.07}, 'left_image_aov': {'x': 0.0, 'y': 10.664}, 'orb_result': 168}]
2024-12-15 16:15:06,087 - INFO - -----------------------------------------------------
2024-12-15 16:15:06,087 - INFO - 
the correlation matrixe: [[(True, 118, {'object_id_r': 0, 'object_id_l': 0, 'object_name_right': 'bottle', 'object_name_left': 'bottle', 'object_center_right': {'x': 114, 'y': 850}, 'object_center_left': {'x': 700, 'y': 836}, 'right_image_aov': {'x': -27.407, 'y': 14.007}, 'left_image_aov': {'x': -8.423, 'y': 13.375}, 'orb_result': 118})
  (True, 96, {'object_id_r': 1, 'object_id_l': 0, 'object_name_right': 'couch', 'object_name_left': 'bottle', 'object_center_right': {'x': 946, 'y': 785}, 'object_center_left': {'x': 700, 'y': 836}, 'right_image_aov': {'x': -0.454, 'y': 11.07}, 'left_image_aov': {'x': -8.423, 'y': 13.375}, 'orb_result': 96})]
 [(True, 106, {'object_id_r': 0, 'object_id_l': 1, 'object_name_right': 'bottle', 'object_name_left': 'couch', 'object_center_right': {'x': 114, 'y': 850}, 'object_center_left': {'x': 960, 'y': 776}, 'right_image_aov': {'x': -27.407, 'y': 14.007}, 'left_image_aov': {'x': 0.0, 'y': 10.664}, 'orb_result': 106})
  (True, 168, {'object_id_r': 1, 'object_id_l': 1, 'object_name_right': 'couch', 'object_name_left': 'couch', 'object_center_right': {'x': 946, 'y': 785}, 'object_center_left': {'x': 960, 'y': 776}, 'right_image_aov': {'x': -0.454, 'y': 11.07}, 'left_image_aov': {'x': 0.0, 'y': 10.664}, 'orb_result': 168})]]
2024-12-15 16:15:06,087 - INFO - The results of Max orb pairs are: [((1, 1), 168), ((0, 0), 118)]
2024-12-15 16:15:06,148 - INFO - The data of objects: [{'name': 'couch', 'distance': 26.71, 'angle': -0.23}, {'name': 'bottle', 'distance': 0.64, 'angle': -17.91}]
2024-12-15 16:15:06,261 - INFO - ----New round of detections----
2024-12-15 16:15:07,040 - INFO - the objects are: [{'object_id_r': 0, 'object_id_l': 0, 'object_name_right': 'bottle', 'object_name_left': 'bottle', 'object_center_right': {'x': 113, 'y': 850}, 'object_center_left': {'x': 700, 'y': 836}, 'right_image_aov': {'x': -27.439, 'y': 14.007}, 'left_image_aov': {'x': -8.423, 'y': 13.375}, 'orb_result': 119}, {'object_id_r': 0, 'object_id_l': 1, 'object_name_right': 'bottle', 'object_name_left': 'couch', 'object_center_right': {'x': 113, 'y': 850}, 'object_center_left': {'x': 959, 'y': 778}, 'right_image_aov': {'x': -27.439, 'y': 14.007}, 'left_image_aov': {'x': -0.032, 'y': 10.754}, 'orb_result': 106}, {'object_id_r': 1, 'object_id_l': 0, 'object_name_right': 'couch', 'object_name_left': 'bottle', 'object_center_right': {'x': 916, 'y': 793}, 'object_center_left': {'x': 700, 'y': 836}, 'right_image_aov': {'x': -1.425, 'y': 11.432}, 'left_image_aov': {'x': -8.423, 'y': 13.375}, 'orb_result': 90}, {'object_id_r': 1, 'object_id_l': 1, 'object_name_right': 'couch', 'object_name_left': 'couch', 'object_center_right': {'x': 916, 'y': 793}, 'object_center_left': {'x': 959, 'y': 778}, 'right_image_aov': {'x': -1.425, 'y': 11.432}, 'left_image_aov': {'x': -0.032, 'y': 10.754}, 'orb_result': 173}]
2024-12-15 16:15:07,040 - INFO - -----------------------------------------------------
2024-12-15 16:15:07,041 - INFO - 
the correlation matrixe: [[(True, 119, {'object_id_r': 0, 'object_id_l': 0, 'object_name_right': 'bottle', 'object_name_left': 'bottle', 'object_center_right': {'x': 113, 'y': 850}, 'object_center_left': {'x': 700, 'y': 836}, 'right_image_aov': {'x': -27.439, 'y': 14.007}, 'left_image_aov': {'x': -8.423, 'y': 13.375}, 'orb_result': 119})
  (True, 90, {'object_id_r': 1, 'object_id_l': 0, 'object_name_right': 'couch', 'object_name_left': 'bottle', 'object_center_right': {'x': 916, 'y': 793}, 'object_center_left': {'x': 700, 'y': 836}, 'right_image_aov': {'x': -1.425, 'y': 11.432}, 'left_image_aov': {'x': -8.423, 'y': 13.375}, 'orb_result': 90})]
 [(True, 106, {'object_id_r': 0, 'object_id_l': 1, 'object_name_right': 'bottle', 'object_name_left': 'couch', 'object_center_right': {'x': 113, 'y': 850}, 'object_center_left': {'x': 959, 'y': 778}, 'right_image_aov': {'x': -27.439, 'y': 14.007}, 'left_image_aov': {'x': -0.032, 'y': 10.754}, 'orb_result': 106})
  (True, 173, {'object_id_r': 1, 'object_id_l': 1, 'object_name_right': 'couch', 'object_name_left': 'couch', 'object_center_right': {'x': 916, 'y': 793}, 'object_center_left': {'x': 959, 'y': 778}, 'right_image_aov': {'x': -1.425, 'y': 11.432}, 'left_image_aov': {'x': -0.032, 'y': 10.754}, 'orb_result': 173})]]
2024-12-15 16:15:07,041 - INFO - The results of Max orb pairs are: [((1, 1), 173), ((0, 0), 119)]
2024-12-15 16:15:07,100 - INFO - The data of objects: [{'name': 'couch', 'distance': 8.7, 'angle': -0.73}, {'name': 'bottle', 'distance': 0.64, 'angle': -17.93}]
2024-12-15 16:15:07,205 - INFO - ----New round of detections----
2024-12-15 16:15:08,288 - INFO - the objects are: [{'object_id_r': 0, 'object_id_l': 0, 'object_name_right': 'bottle', 'object_name_left': 'bottle', 'object_center_right': {'x': 114, 'y': 851}, 'object_center_left': {'x': 700, 'y': 837}, 'right_image_aov': {'x': -27.407, 'y': 14.053}, 'left_image_aov': {'x': -8.423, 'y': 13.42}, 'orb_result': 120}, {'object_id_r': 0, 'object_id_l': 1, 'object_name_right': 'bottle', 'object_name_left': 'couch', 'object_center_right': {'x': 114, 'y': 851}, 'object_center_left': {'x': 955, 'y': 777}, 'right_image_aov': {'x': -27.407, 'y': 14.053}, 'left_image_aov': {'x': -0.162, 'y': 10.709}, 'orb_result': 102}, {'object_id_r': 1, 'object_id_l': 0, 'object_name_right': 'couch', 'object_name_left': 'bottle', 'object_center_right': {'x': 906, 'y': 794}, 'object_center_left': {'x': 700, 'y': 837}, 'right_image_aov': {'x': -1.749, 'y': 11.477}, 'left_image_aov': {'x': -8.423, 'y': 13.42}, 'orb_result': 94}, {'object_id_r': 1, 'object_id_l': 1, 'object_name_right': 'couch', 'object_name_left': 'couch', 'object_center_right': {'x': 906, 'y': 794}, 'object_center_left': {'x': 955, 'y': 777}, 'right_image_aov': {'x': -1.749, 'y': 11.477}, 'left_image_aov': {'x': -0.162, 'y': 10.709}, 'orb_result': 171}]
2024-12-15 16:15:08,288 - INFO - -----------------------------------------------------
2024-12-15 16:15:08,289 - INFO - 
the correlation matrixe: [[(True, 120, {'object_id_r': 0, 'object_id_l': 0, 'object_name_right': 'bottle', 'object_name_left': 'bottle', 'object_center_right': {'x': 114, 'y': 851}, 'object_center_left': {'x': 700, 'y': 837}, 'right_image_aov': {'x': -27.407, 'y': 14.053}, 'left_image_aov': {'x': -8.423, 'y': 13.42}, 'orb_result': 120})
  (True, 94, {'object_id_r': 1, 'object_id_l': 0, 'object_name_right': 'couch', 'object_name_left': 'bottle', 'object_center_right': {'x': 906, 'y': 794}, 'object_center_left': {'x': 700, 'y': 837}, 'right_image_aov': {'x': -1.749, 'y': 11.477}, 'left_image_aov': {'x': -8.423, 'y': 13.42}, 'orb_result': 94})]
 [(True, 102, {'object_id_r': 0, 'object_id_l': 1, 'object_name_right': 'bottle', 'object_name_left': 'couch', 'object_center_right': {'x': 114, 'y': 851}, 'object_center_left': {'x': 955, 'y': 777}, 'right_image_aov': {'x': -27.407, 'y': 14.053}, 'left_image_aov': {'x': -0.162, 'y': 10.709}, 'orb_result': 102})
  (True, 171, {'object_id_r': 1, 'object_id_l': 1, 'object_name_right': 'couch', 'object_name_left': 'couch', 'object_center_right': {'x': 906, 'y': 794}, 'object_center_left': {'x': 955, 'y': 777}, 'right_image_aov': {'x': -1.749, 'y': 11.477}, 'left_image_aov': {'x': -0.162, 'y': 10.709}, 'orb_result': 171})]]
2024-12-15 16:15:08,289 - INFO - The results of Max orb pairs are: [((1, 1), 171), ((0, 0), 120)]
2024-12-15 16:15:08,355 - INFO - The data of objects: [{'name': 'couch', 'distance': 7.63, 'angle': -0.96}, {'name': 'bottle', 'distance': 0.64, 'angle': -17.91}]
2024-12-15 16:15:08,464 - INFO - ----New round of detections----
2024-12-15 16:15:09,168 - INFO - the objects are: [{'object_id_r': 0, 'object_id_l': 0, 'object_name_right': 'bottle', 'object_name_left': 'bottle', 'object_center_right': {'x': 113, 'y': 850}, 'object_center_left': {'x': 700, 'y': 837}, 'right_image_aov': {'x': -27.439, 'y': 14.007}, 'left_image_aov': {'x': -8.423, 'y': 13.42}, 'orb_result': 114}, {'object_id_r': 0, 'object_id_l': 1, 'object_name_right': 'bottle', 'object_name_left': 'couch', 'object_center_right': {'x': 113, 'y': 850}, 'object_center_left': {'x': 957, 'y': 778}, 'right_image_aov': {'x': -27.439, 'y': 14.007}, 'left_image_aov': {'x': -0.097, 'y': 10.754}, 'orb_result': 107}, {'object_id_r': 1, 'object_id_l': 0, 'object_name_right': 'couch', 'object_name_left': 'bottle', 'object_center_right': {'x': 949, 'y': 783}, 'object_center_left': {'x': 700, 'y': 837}, 'right_image_aov': {'x': -0.356, 'y': 10.98}, 'left_image_aov': {'x': -8.423, 'y': 13.42}, 'orb_result': 101}, {'object_id_r': 1, 'object_id_l': 1, 'object_name_right': 'couch', 'object_name_left': 'couch', 'object_center_right': {'x': 949, 'y': 783}, 'object_center_left': {'x': 957, 'y': 778}, 'right_image_aov': {'x': -0.356, 'y': 10.98}, 'left_image_aov': {'x': -0.097, 'y': 10.754}, 'orb_result': 173}]
2024-12-15 16:15:09,168 - INFO - -----------------------------------------------------
2024-12-15 16:15:09,169 - INFO - 
the correlation matrixe: [[(True, 114, {'object_id_r': 0, 'object_id_l': 0, 'object_name_right': 'bottle', 'object_name_left': 'bottle', 'object_center_right': {'x': 113, 'y': 850}, 'object_center_left': {'x': 700, 'y': 837}, 'right_image_aov': {'x': -27.439, 'y': 14.007}, 'left_image_aov': {'x': -8.423, 'y': 13.42}, 'orb_result': 114})
  (True, 101, {'object_id_r': 1, 'object_id_l': 0, 'object_name_right': 'couch', 'object_name_left': 'bottle', 'object_center_right': {'x': 949, 'y': 783}, 'object_center_left': {'x': 700, 'y': 837}, 'right_image_aov': {'x': -0.356, 'y': 10.98}, 'left_image_aov': {'x': -8.423, 'y': 13.42}, 'orb_result': 101})]
 [(True, 107, {'object_id_r': 0, 'object_id_l': 1, 'object_name_right': 'bottle', 'object_name_left': 'couch', 'object_center_right': {'x': 113, 'y': 850}, 'object_center_left': {'x': 957, 'y': 778}, 'right_image_aov': {'x': -27.439, 'y': 14.007}, 'left_image_aov': {'x': -0.097, 'y': 10.754}, 'orb_result': 107})
  (True, 173, {'object_id_r': 1, 'object_id_l': 1, 'object_name_right': 'couch', 'object_name_left': 'couch', 'object_center_right': {'x': 949, 'y': 783}, 'object_center_left': {'x': 957, 'y': 778}, 'right_image_aov': {'x': -0.356, 'y': 10.98}, 'left_image_aov': {'x': -0.097, 'y': 10.754}, 'orb_result': 173})]]
2024-12-15 16:15:09,169 - INFO - The results of Max orb pairs are: [((1, 1), 173), ((0, 0), 114)]
2024-12-15 16:15:09,225 - INFO - The data of objects: [{'name': 'couch', 'distance': 46.75, 'angle': -0.23}, {'name': 'bottle', 'distance': 0.64, 'angle': -17.93}]
2024-12-15 16:15:09,329 - INFO - ----New round of detections----
2024-12-15 16:15:10,118 - INFO - the objects are: [{'object_id_r': 0, 'object_id_l': 0, 'object_name_right': 'bottle', 'object_name_left': 'bottle', 'object_center_right': {'x': 115, 'y': 849}, 'object_center_left': {'x': 699, 'y': 837}, 'right_image_aov': {'x': -27.374, 'y': 13.962}, 'left_image_aov': {'x': -8.455, 'y': 13.42}, 'orb_result': 117}, {'object_id_r': 0, 'object_id_l': 1, 'object_name_right': 'bottle', 'object_name_left': 'couch', 'object_center_right': {'x': 115, 'y': 849}, 'object_center_left': {'x': 960, 'y': 776}, 'right_image_aov': {'x': -27.374, 'y': 13.962}, 'left_image_aov': {'x': 0.0, 'y': 10.664}, 'orb_result': 112}, {'object_id_r': 1, 'object_id_l': 0, 'object_name_right': 'couch', 'object_name_left': 'bottle', 'object_center_right': {'x': 948, 'y': 784}, 'object_center_left': {'x': 699, 'y': 837}, 'right_image_aov': {'x': -0.389, 'y': 11.025}, 'left_image_aov': {'x': -8.455, 'y': 13.42}, 'orb_result': 97}, {'object_id_r': 1, 'object_id_l': 1, 'object_name_right': 'couch', 'object_name_left': 'couch', 'object_center_right': {'x': 948, 'y': 784}, 'object_center_left': {'x': 960, 'y': 776}, 'right_image_aov': {'x': -0.389, 'y': 11.025}, 'left_image_aov': {'x': 0.0, 'y': 10.664}, 'orb_result': 166}]
2024-12-15 16:15:10,118 - INFO - -----------------------------------------------------
2024-12-15 16:15:10,119 - INFO - 
the correlation matrixe: [[(True, 117, {'object_id_r': 0, 'object_id_l': 0, 'object_name_right': 'bottle', 'object_name_left': 'bottle', 'object_center_right': {'x': 115, 'y': 849}, 'object_center_left': {'x': 699, 'y': 837}, 'right_image_aov': {'x': -27.374, 'y': 13.962}, 'left_image_aov': {'x': -8.455, 'y': 13.42}, 'orb_result': 117})
  (True, 97, {'object_id_r': 1, 'object_id_l': 0, 'object_name_right': 'couch', 'object_name_left': 'bottle', 'object_center_right': {'x': 948, 'y': 784}, 'object_center_left': {'x': 699, 'y': 837}, 'right_image_aov': {'x': -0.389, 'y': 11.025}, 'left_image_aov': {'x': -8.455, 'y': 13.42}, 'orb_result': 97})]
 [(True, 112, {'object_id_r': 0, 'object_id_l': 1, 'object_name_right': 'bottle', 'object_name_left': 'couch', 'object_center_right': {'x': 115, 'y': 849}, 'object_center_left': {'x': 960, 'y': 776}, 'right_image_aov': {'x': -27.374, 'y': 13.962}, 'left_image_aov': {'x': 0.0, 'y': 10.664}, 'orb_result': 112})
  (True, 166, {'object_id_r': 1, 'object_id_l': 1, 'object_name_right': 'couch', 'object_name_left': 'couch', 'object_center_right': {'x': 948, 'y': 784}, 'object_center_left': {'x': 960, 'y': 776}, 'right_image_aov': {'x': -0.389, 'y': 11.025}, 'left_image_aov': {'x': 0.0, 'y': 10.664}, 'orb_result': 166})]]
2024-12-15 16:15:10,119 - INFO - The results of Max orb pairs are: [((1, 1), 166), ((0, 0), 117)]
2024-12-15 16:15:10,196 - INFO - The data of objects: [{'name': 'couch', 'distance': 31.17, 'angle': -0.19}, {'name': 'bottle', 'distance': 0.64, 'angle': -17.91}]
2024-12-15 16:15:10,298 - INFO - ----New round of detections----
2024-12-15 16:15:10,741 - CRITICAL - Critical error in while loop
Traceback (most recent call last):
  File "c:\Users\User\OneDrive - Afeka College Of Engineering\שולחן העבודה\final Project - Eye sight\code\main_with_gui.py", line 232, in processing_loop
    for conf_arr_r, conf_arr_l in detections_r, detections_l:
ValueError: not enough values to unpack (expected 2, got 0)
2024-12-15 16:15:10,741 - INFO - The video ended and now the App will be close! Bey Bey
