2024-12-15 14:26:43,699 - INFO - Application started
2024-12-15 14:26:47,790 - INFO - ----------Processing loop started----------
2024-12-15 14:26:47,810 - INFO - ----New round of detections----
2024-12-15 14:26:48,468 - INFO - The data of objects: []
2024-12-15 14:26:48,575 - INFO - ----New round of detections----
2024-12-15 14:26:49,149 - INFO - The data of objects: []
2024-12-15 14:26:49,263 - INFO - ----New round of detections----
2024-12-15 14:26:49,912 - INFO - The data of objects: []
2024-12-15 14:26:50,016 - INFO - ----New round of detections----
2024-12-15 14:26:50,642 - INFO - The data of objects: []
2024-12-15 14:26:50,798 - INFO - ----New round of detections----
2024-12-15 14:26:51,408 - INFO - The data of objects: []
2024-12-15 14:26:51,519 - INFO - ----New round of detections----
2024-12-15 14:26:52,128 - INFO - The data of objects: []
2024-12-15 14:26:52,236 - INFO - ----New round of detections----
2024-12-15 14:26:52,822 - INFO - The data of objects: []
2024-12-15 14:26:52,924 - INFO - ----New round of detections----
2024-12-15 14:26:53,551 - INFO - The data of objects: []
2024-12-15 14:26:53,662 - INFO - ----New round of detections----
2024-12-15 14:26:54,303 - INFO - The data of objects: []
2024-12-15 14:26:54,410 - INFO - ----New round of detections----
2024-12-15 14:26:55,001 - INFO - The data of objects: []
2024-12-15 14:26:55,107 - INFO - ----New round of detections----
2024-12-15 14:26:55,802 - INFO - The data of objects: []
2024-12-15 14:26:55,904 - INFO - ----New round of detections----
2024-12-15 14:26:56,469 - INFO - The data of objects: []
2024-12-15 14:26:56,576 - INFO - ----New round of detections----
2024-12-15 14:26:57,269 - INFO - The data of objects: []
2024-12-15 14:26:57,373 - INFO - ----New round of detections----
2024-12-15 14:26:58,187 - INFO - The data of objects: []
2024-12-15 14:26:58,298 - INFO - ----New round of detections----
2024-12-15 14:26:59,513 - INFO - The data of objects: []
2024-12-15 14:26:59,618 - INFO - ----New round of detections----
2024-12-15 14:27:00,928 - INFO - The data of objects: []
2024-12-15 14:27:01,036 - INFO - ----New round of detections----
2024-12-15 14:27:02,254 - INFO - The data of objects: []
2024-12-15 14:27:02,368 - INFO - ----New round of detections----
2024-12-15 14:27:03,584 - INFO - The data of objects: []
2024-12-15 14:27:03,695 - INFO - ----New round of detections----
2024-12-15 14:27:04,989 - INFO - The data of objects: []
2024-12-15 14:27:05,105 - INFO - ----New round of detections----
2024-12-15 14:27:06,326 - INFO - The data of objects: []
2024-12-15 14:27:06,432 - INFO - ----New round of detections----
2024-12-15 14:27:07,656 - INFO - The data of objects: []
2024-12-15 14:27:07,766 - INFO - ----New round of detections----
2024-12-15 14:27:09,042 - INFO - The data of objects: []
2024-12-15 14:27:09,158 - INFO - ----New round of detections----
2024-12-15 14:27:10,461 - INFO - The data of objects: []
2024-12-15 14:27:10,565 - INFO - ----New round of detections----
2024-12-15 14:27:11,776 - INFO - The data of objects: []
2024-12-15 14:27:11,882 - INFO - ----New round of detections----
2024-12-15 14:27:13,028 - INFO - The data of objects: []
2024-12-15 14:27:13,144 - INFO - ----New round of detections----
2024-12-15 14:27:14,311 - INFO - The data of objects: []
2024-12-15 14:27:14,426 - INFO - ----New round of detections----
2024-12-15 14:27:15,610 - INFO - The data of objects: []
2024-12-15 14:27:15,714 - INFO - ----New round of detections----
2024-12-15 14:27:16,897 - INFO - The data of objects: []
2024-12-15 14:27:16,999 - INFO - ----New round of detections----
2024-12-15 14:27:18,104 - INFO - The data of objects: []
2024-12-15 14:27:18,207 - INFO - ----New round of detections----
2024-12-15 14:27:19,378 - INFO - The data of objects: []
2024-12-15 14:27:19,485 - INFO - ----New round of detections----
2024-12-15 14:27:20,676 - INFO - The data of objects: []
2024-12-15 14:27:20,787 - INFO - ----New round of detections----
2024-12-15 14:27:21,951 - INFO - The data of objects: []
2024-12-15 14:27:22,057 - INFO - ----New round of detections----
2024-12-15 14:27:23,253 - INFO - The data of objects: []
2024-12-15 14:27:23,390 - INFO - ----New round of detections----
2024-12-15 14:27:24,547 - INFO - The data of objects: []
2024-12-15 14:27:24,655 - INFO - ----New round of detections----
2024-12-15 14:27:25,969 - INFO - The data of objects: []
2024-12-15 14:27:26,117 - INFO - ----New round of detections----
2024-12-15 14:27:27,218 - INFO - The data of objects: []
2024-12-15 14:27:27,323 - INFO - ----New round of detections----
2024-12-15 14:27:28,442 - INFO - The data of objects: []
2024-12-15 14:27:28,547 - INFO - ----New round of detections----
2024-12-15 14:27:29,701 - INFO - The data of objects: []
2024-12-15 14:27:29,814 - INFO - ----New round of detections----
2024-12-15 14:27:30,951 - INFO - The data of objects: []
2024-12-15 14:27:31,061 - INFO - ----New round of detections----
2024-12-15 14:27:32,246 - INFO - The data of objects: []
2024-12-15 14:27:32,356 - INFO - ----New round of detections----
2024-12-15 14:27:33,576 - INFO - The data of objects: []
2024-12-15 14:27:33,687 - INFO - ----New round of detections----
2024-12-15 14:27:34,974 - INFO - The data of objects: []
2024-12-15 14:27:35,081 - INFO - ----New round of detections----
2024-12-15 14:27:36,233 - INFO - The data of objects: []
2024-12-15 14:27:36,338 - INFO - ----New round of detections----
2024-12-15 14:27:37,604 - INFO - The data of objects: []
2024-12-15 14:27:37,719 - INFO - ----New round of detections----
2024-12-15 14:27:38,857 - INFO - The data of objects: []
2024-12-15 14:27:38,960 - INFO - ----New round of detections----
2024-12-15 14:27:40,134 - INFO - The data of objects: []
2024-12-15 14:27:40,246 - INFO - ----New round of detections----
2024-12-15 14:27:41,408 - INFO - The data of objects: []
2024-12-15 14:27:41,512 - INFO - ----New round of detections----
2024-12-15 14:27:42,651 - INFO - The data of objects: []
2024-12-15 14:27:42,761 - INFO - ----New round of detections----
2024-12-15 14:27:43,913 - INFO - The data of objects: []
2024-12-15 14:27:44,024 - INFO - ----New round of detections----
2024-12-15 14:27:45,248 - INFO - The data of objects: []
2024-12-15 14:27:45,363 - INFO - ----New round of detections----
2024-12-15 14:27:46,611 - INFO - The data of objects: []
2024-12-15 14:27:46,720 - INFO - ----New round of detections----
2024-12-15 14:27:48,513 - INFO - the objects are: [{'object_id_r': 0, 'object_id_l': 0, 'object_name_right': 'potted plant', 'object_name_left': 'potted plant', 'object_center_right': {'x': 312, 'y': 747}, 'object_center_left': {'x': 315, 'y': 712}, 'right_image_aov': {'x': -20.993, 'y': 9.353}, 'left_image_aov': {'x': -20.895, 'y': 7.772}, 'orb_result': 170}]
2024-12-15 14:27:48,514 - INFO - -----------------------------------------------------
2024-12-15 14:27:48,514 - INFO - 
the correlation matrixe: [[(True, 170, {'object_id_r': 0, 'object_id_l': 0, 'object_name_right': 'potted plant', 'object_name_left': 'potted plant', 'object_center_right': {'x': 312, 'y': 747}, 'object_center_left': {'x': 315, 'y': 712}, 'right_image_aov': {'x': -20.993, 'y': 9.353}, 'left_image_aov': {'x': -20.895, 'y': 7.772}, 'orb_result': 170})]]
2024-12-15 14:27:48,514 - INFO - The results of Max orb pairs are: [((0, 0), 170)]
2024-12-15 14:27:48,688 - INFO - The data of objects: [{'name': 'potted plant', 'distance': 124.66, 'angle': -20.94}]
2024-12-15 14:27:48,802 - INFO - ----New round of detections----
2024-12-15 14:27:50,041 - INFO - The data of objects: []
2024-12-15 14:27:50,147 - INFO - ----New round of detections----
2024-12-15 14:27:51,236 - INFO - the objects are: [{'object_id_r': 0, 'object_id_l': 0, 'object_name_right': 'potted plant', 'object_name_left': 'potted plant', 'object_center_right': {'x': 237, 'y': 734}, 'object_center_left': {'x': 271, 'y': 708}, 'right_image_aov': {'x': -23.422, 'y': 8.766}, 'left_image_aov': {'x': -22.321, 'y': 7.591}, 'orb_result': 170}]
2024-12-15 14:27:51,237 - INFO - -----------------------------------------------------
2024-12-15 14:27:51,237 - INFO - 
the correlation matrixe: [[(True, 170, {'object_id_r': 0, 'object_id_l': 0, 'object_name_right': 'potted plant', 'object_name_left': 'potted plant', 'object_center_right': {'x': 237, 'y': 734}, 'object_center_left': {'x': 271, 'y': 708}, 'right_image_aov': {'x': -23.422, 'y': 8.766}, 'left_image_aov': {'x': -22.321, 'y': 7.591}, 'orb_result': 170})]]
2024-12-15 14:27:51,238 - INFO - The results of Max orb pairs are: [((0, 0), 170)]
2024-12-15 14:27:51,381 - INFO - The data of objects: [{'name': 'potted plant', 'distance': 11.0, 'angle': -22.87}]
2024-12-15 14:27:51,484 - INFO - ----New round of detections----
2024-12-15 14:27:52,661 - INFO - the objects are: [{'object_id_r': 0, 'object_id_l': 0, 'object_name_right': 'chair', 'object_name_left': 'potted plant', 'object_center_right': {'x': 1092, 'y': 660}, 'object_center_left': {'x': 259, 'y': 703}, 'right_image_aov': {'x': 4.276, 'y': 5.422}, 'left_image_aov': {'x': -22.709, 'y': 7.365}, 'orb_result': 49}]
2024-12-15 14:27:52,662 - INFO - -----------------------------------------------------
2024-12-15 14:27:52,662 - INFO - 
the correlation matrixe: [[(True, 49, {'object_id_r': 0, 'object_id_l': 0, 'object_name_right': 'chair', 'object_name_left': 'potted plant', 'object_center_right': {'x': 1092, 'y': 660}, 'object_center_left': {'x': 259, 'y': 703}, 'right_image_aov': {'x': 4.276, 'y': 5.422}, 'left_image_aov': {'x': -22.709, 'y': 7.365}, 'orb_result': 49})]]
2024-12-15 14:27:52,662 - INFO - The results of Max orb pairs are: []
2024-12-15 14:27:52,791 - INFO - The data of objects: []
2024-12-15 14:27:52,893 - INFO - ----New round of detections----
2024-12-15 14:27:54,026 - INFO - the objects are: [{'object_id_r': 0, 'object_id_l': 0, 'object_name_right': 'potted plant', 'object_name_left': 'potted plant', 'object_center_right': {'x': 201, 'y': 720}, 'object_center_left': {'x': 225, 'y': 718}, 'right_image_aov': {'x': -24.588, 'y': 8.133}, 'left_image_aov': {'x': -23.811, 'y': 8.043}, 'orb_result': 168}, {'object_id_r': 1, 'object_id_l': 0, 'object_name_right': 'chair', 'object_name_left': 'potted plant', 'object_center_right': {'x': 1062, 'y': 638}, 'object_center_left': {'x': 225, 'y': 718}, 'right_image_aov': {'x': 3.304, 'y': 4.428}, 'left_image_aov': {'x': -23.811, 'y': 8.043}, 'orb_result': 45}]
2024-12-15 14:27:54,027 - INFO - -----------------------------------------------------
2024-12-15 14:27:54,027 - INFO - 
the correlation matrixe: [[(True, 168, {'object_id_r': 0, 'object_id_l': 0, 'object_name_right': 'potted plant', 'object_name_left': 'potted plant', 'object_center_right': {'x': 201, 'y': 720}, 'object_center_left': {'x': 225, 'y': 718}, 'right_image_aov': {'x': -24.588, 'y': 8.133}, 'left_image_aov': {'x': -23.811, 'y': 8.043}, 'orb_result': 168})
  (True, 45, {'object_id_r': 1, 'object_id_l': 0, 'object_name_right': 'chair', 'object_name_left': 'potted plant', 'object_center_right': {'x': 1062, 'y': 638}, 'object_center_left': {'x': 225, 'y': 718}, 'right_image_aov': {'x': 3.304, 'y': 4.428}, 'left_image_aov': {'x': -23.811, 'y': 8.043}, 'orb_result': 45})]]
2024-12-15 14:27:54,028 - INFO - The results of Max orb pairs are: [((0, 0), 168)]
2024-12-15 14:27:54,169 - INFO - The data of objects: [{'name': 'potted plant', 'distance': 15.58, 'angle': -24.2}]
2024-12-15 14:27:54,286 - INFO - ----New round of detections----
2024-12-15 14:27:55,480 - INFO - The data of objects: []
2024-12-15 14:27:55,592 - INFO - ----New round of detections----
2024-12-15 14:27:56,809 - INFO - The data of objects: []
2024-12-15 14:27:56,918 - INFO - ----New round of detections----
2024-12-15 14:27:58,029 - INFO - the objects are: [{'object_id_r': 0, 'object_id_l': 0, 'object_name_right': 'potted plant', 'object_name_left': 'potted plant', 'object_center_right': {'x': 145, 'y': 771}, 'object_center_left': {'x': 172, 'y': 741}, 'right_image_aov': {'x': -26.403, 'y': 10.438}, 'left_image_aov': {'x': -25.528, 'y': 9.082}, 'orb_result': 175}, {'object_id_r': 0, 'object_id_l': 1, 'object_name_right': 'potted plant', 'object_name_left': 'chair', 'object_center_right': {'x': 145, 'y': 771}, 'object_center_left': {'x': 1044, 'y': 652}, 'right_image_aov': {'x': -26.403, 'y': 10.438}, 'left_image_aov': {'x': 2.721, 'y': 5.061}, 'orb_result': 61}]
2024-12-15 14:27:58,029 - INFO - -----------------------------------------------------
2024-12-15 14:27:58,030 - INFO - 
the correlation matrixe: [[(True, 175, {'object_id_r': 0, 'object_id_l': 0, 'object_name_right': 'potted plant', 'object_name_left': 'potted plant', 'object_center_right': {'x': 145, 'y': 771}, 'object_center_left': {'x': 172, 'y': 741}, 'right_image_aov': {'x': -26.403, 'y': 10.438}, 'left_image_aov': {'x': -25.528, 'y': 9.082}, 'orb_result': 175})]
 [(True, 61, {'object_id_r': 0, 'object_id_l': 1, 'object_name_right': 'potted plant', 'object_name_left': 'chair', 'object_center_right': {'x': 145, 'y': 771}, 'object_center_left': {'x': 1044, 'y': 652}, 'right_image_aov': {'x': -26.403, 'y': 10.438}, 'left_image_aov': {'x': 2.721, 'y': 5.061}, 'orb_result': 61})]]
2024-12-15 14:27:58,030 - INFO - The results of Max orb pairs are: [((0, 0), 175)]
2024-12-15 14:27:58,181 - INFO - The data of objects: [{'name': 'potted plant', 'distance': 13.85, 'angle': -25.97}]
2024-12-15 14:27:58,293 - INFO - ----New round of detections----
2024-12-15 14:27:59,513 - INFO - the objects are: [{'object_id_r': 0, 'object_id_l': 0, 'object_name_right': 'potted plant', 'object_name_left': 'potted plant', 'object_center_right': {'x': 142, 'y': 768}, 'object_center_left': {'x': 159, 'y': 741}, 'right_image_aov': {'x': -26.5, 'y': 10.302}, 'left_image_aov': {'x': -25.949, 'y': 9.082}, 'orb_result': 163}]
2024-12-15 14:27:59,514 - INFO - -----------------------------------------------------
2024-12-15 14:27:59,514 - INFO - 
the correlation matrixe: [[(True, 163, {'object_id_r': 0, 'object_id_l': 0, 'object_name_right': 'potted plant', 'object_name_left': 'potted plant', 'object_center_right': {'x': 142, 'y': 768}, 'object_center_left': {'x': 159, 'y': 741}, 'right_image_aov': {'x': -26.5, 'y': 10.302}, 'left_image_aov': {'x': -25.949, 'y': 9.082}, 'orb_result': 163})]]
2024-12-15 14:27:59,514 - INFO - The results of Max orb pairs are: [((0, 0), 163)]
2024-12-15 14:27:59,661 - INFO - The data of objects: [{'name': 'potted plant', 'distance': 22.0, 'angle': -26.22}]
2024-12-15 14:27:59,776 - INFO - ----New round of detections----
2024-12-15 14:28:00,913 - INFO - the objects are: [{'object_id_r': 0, 'object_id_l': 0, 'object_name_right': 'potted plant', 'object_name_left': 'potted plant', 'object_center_right': {'x': 133, 'y': 754}, 'object_center_left': {'x': 161, 'y': 745}, 'right_image_aov': {'x': -26.791, 'y': 9.67}, 'left_image_aov': {'x': -25.884, 'y': 9.263}, 'orb_result': 140}, {'object_id_r': 0, 'object_id_l': 1, 'object_name_right': 'potted plant', 'object_name_left': 'chair', 'object_center_right': {'x': 133, 'y': 754}, 'object_center_left': {'x': 1039, 'y': 652}, 'right_image_aov': {'x': -26.791, 'y': 9.67}, 'left_image_aov': {'x': 2.559, 'y': 5.061}, 'orb_result': 54}]
2024-12-15 14:28:00,913 - INFO - -----------------------------------------------------
2024-12-15 14:28:00,914 - INFO - 
the correlation matrixe: [[(True, 140, {'object_id_r': 0, 'object_id_l': 0, 'object_name_right': 'potted plant', 'object_name_left': 'potted plant', 'object_center_right': {'x': 133, 'y': 754}, 'object_center_left': {'x': 161, 'y': 745}, 'right_image_aov': {'x': -26.791, 'y': 9.67}, 'left_image_aov': {'x': -25.884, 'y': 9.263}, 'orb_result': 140})]
 [(True, 54, {'object_id_r': 0, 'object_id_l': 1, 'object_name_right': 'potted plant', 'object_name_left': 'chair', 'object_center_right': {'x': 133, 'y': 754}, 'object_center_left': {'x': 1039, 'y': 652}, 'right_image_aov': {'x': -26.791, 'y': 9.67}, 'left_image_aov': {'x': 2.559, 'y': 5.061}, 'orb_result': 54})]]
2024-12-15 14:28:00,914 - INFO - The results of Max orb pairs are: [((0, 0), 140)]
2024-12-15 14:28:01,058 - INFO - The data of objects: [{'name': 'potted plant', 'distance': 13.36, 'angle': -26.34}]
2024-12-15 14:28:01,169 - INFO - ----New round of detections----
2024-12-15 14:28:02,230 - INFO - the objects are: [{'object_id_r': 0, 'object_id_l': 0, 'object_name_right': 'potted plant', 'object_name_left': 'chair', 'object_center_right': {'x': 139, 'y': 757}, 'object_center_left': {'x': 1066, 'y': 655}, 'right_image_aov': {'x': -26.597, 'y': 9.805}, 'left_image_aov': {'x': 3.434, 'y': 5.196}, 'orb_result': 85}, {'object_id_r': 1, 'object_id_l': 0, 'object_name_right': 'chair', 'object_name_left': 'chair', 'object_center_right': {'x': 1042, 'y': 665}, 'object_center_left': {'x': 1066, 'y': 655}, 'right_image_aov': {'x': 2.656, 'y': 5.648}, 'left_image_aov': {'x': 3.434, 'y': 5.196}, 'orb_result': 87}]
2024-12-15 14:28:02,230 - INFO - -----------------------------------------------------
2024-12-15 14:28:02,231 - INFO - 
the correlation matrixe: [[(True, 85, {'object_id_r': 0, 'object_id_l': 0, 'object_name_right': 'potted plant', 'object_name_left': 'chair', 'object_center_right': {'x': 139, 'y': 757}, 'object_center_left': {'x': 1066, 'y': 655}, 'right_image_aov': {'x': -26.597, 'y': 9.805}, 'left_image_aov': {'x': 3.434, 'y': 5.196}, 'orb_result': 85})
  (True, 87, {'object_id_r': 1, 'object_id_l': 0, 'object_name_right': 'chair', 'object_name_left': 'chair', 'object_center_right': {'x': 1042, 'y': 665}, 'object_center_left': {'x': 1066, 'y': 655}, 'right_image_aov': {'x': 2.656, 'y': 5.648}, 'left_image_aov': {'x': 3.434, 'y': 5.196}, 'orb_result': 87})]]
2024-12-15 14:28:02,231 - INFO - The results of Max orb pairs are: [((0, 1), 87)]
2024-12-15 14:28:02,289 - INFO - The data of objects: [{'name': 'chair', 'distance': 15.58, 'angle': 3.04}]
2024-12-15 14:28:02,397 - INFO - ----New round of detections----
2024-12-15 14:28:02,954 - INFO - The data of objects: []
2024-12-15 14:28:03,057 - INFO - ----New round of detections----
2024-12-15 14:28:03,649 - INFO - The data of objects: []
2024-12-15 14:28:03,756 - INFO - ----New round of detections----
2024-12-15 14:28:04,384 - INFO - The data of objects: []
2024-12-15 14:28:04,492 - INFO - ----New round of detections----
2024-12-15 14:28:04,970 - INFO - The data of objects: []
2024-12-15 14:28:05,085 - INFO - ----New round of detections----
2024-12-15 14:28:05,656 - INFO - The data of objects: []
2024-12-15 14:28:05,771 - INFO - ----New round of detections----
2024-12-15 14:28:06,262 - INFO - the objects are: [{'object_id_r': 0, 'object_id_l': 0, 'object_name_right': 'potted plant', 'object_name_left': 'potted plant', 'object_center_right': {'x': 149, 'y': 772}, 'object_center_left': {'x': 174, 'y': 750}, 'right_image_aov': {'x': -26.273, 'y': 10.483}, 'left_image_aov': {'x': -25.463, 'y': 9.489}, 'orb_result': 172}]
2024-12-15 14:28:06,262 - INFO - -----------------------------------------------------
2024-12-15 14:28:06,262 - INFO - 
the correlation matrixe: [[(True, 172, {'object_id_r': 0, 'object_id_l': 0, 'object_name_right': 'potted plant', 'object_name_left': 'potted plant', 'object_center_right': {'x': 149, 'y': 772}, 'object_center_left': {'x': 174, 'y': 750}, 'right_image_aov': {'x': -26.273, 'y': 10.483}, 'left_image_aov': {'x': -25.463, 'y': 9.489}, 'orb_result': 172})]]
2024-12-15 14:28:06,262 - INFO - The results of Max orb pairs are: [((0, 0), 172)]
2024-12-15 14:28:06,327 - INFO - The data of objects: [{'name': 'potted plant', 'distance': 14.96, 'angle': -25.87}]
2024-12-15 14:28:06,443 - INFO - ----New round of detections----
2024-12-15 14:28:07,027 - INFO - The data of objects: []
2024-12-15 14:28:07,130 - INFO - ----New round of detections----
2024-12-15 14:28:07,623 - INFO - the objects are: [{'object_id_r': 0, 'object_id_l': 0, 'object_name_right': 'potted plant', 'object_name_left': 'potted plant', 'object_center_right': {'x': 128, 'y': 780}, 'object_center_left': {'x': 144, 'y': 734}, 'right_image_aov': {'x': -26.953, 'y': 10.844}, 'left_image_aov': {'x': -26.435, 'y': 8.766}, 'orb_result': 150}]
2024-12-15 14:28:07,623 - INFO - -----------------------------------------------------
2024-12-15 14:28:07,624 - INFO - 
the correlation matrixe: [[(True, 150, {'object_id_r': 0, 'object_id_l': 0, 'object_name_right': 'potted plant', 'object_name_left': 'potted plant', 'object_center_right': {'x': 128, 'y': 780}, 'object_center_left': {'x': 144, 'y': 734}, 'right_image_aov': {'x': -26.953, 'y': 10.844}, 'left_image_aov': {'x': -26.435, 'y': 8.766}, 'orb_result': 150})]]
2024-12-15 14:28:07,624 - INFO - The results of Max orb pairs are: [((0, 0), 150)]
2024-12-15 14:28:07,679 - INFO - The data of objects: [{'name': 'potted plant', 'distance': 23.37, 'angle': -26.69}]
2024-12-15 14:28:07,787 - INFO - ----New round of detections----
2024-12-15 14:28:08,476 - INFO - The data of objects: []
2024-12-15 14:28:08,583 - INFO - ----New round of detections----
2024-12-15 14:28:09,070 - INFO - the objects are: [{'object_id_r': 0, 'object_id_l': 0, 'object_name_right': 'potted plant', 'object_name_left': 'potted plant', 'object_center_right': {'x': 115, 'y': 761}, 'object_center_left': {'x': 123, 'y': 677}, 'right_image_aov': {'x': -27.374, 'y': 9.986}, 'left_image_aov': {'x': -27.115, 'y': 6.19}, 'orb_result': 160}]
2024-12-15 14:28:09,070 - INFO - -----------------------------------------------------
2024-12-15 14:28:09,070 - INFO - 
the correlation matrixe: [[(True, 160, {'object_id_r': 0, 'object_id_l': 0, 'object_name_right': 'potted plant', 'object_name_left': 'potted plant', 'object_center_right': {'x': 115, 'y': 761}, 'object_center_left': {'x': 123, 'y': 677}, 'right_image_aov': {'x': -27.374, 'y': 9.986}, 'left_image_aov': {'x': -27.115, 'y': 6.19}, 'orb_result': 160})]]
2024-12-15 14:28:09,070 - INFO - The results of Max orb pairs are: [((0, 0), 160)]
2024-12-15 14:28:09,122 - INFO - The data of objects: [{'name': 'potted plant', 'distance': 46.75, 'angle': -27.24}]
2024-12-15 14:28:09,237 - INFO - ----New round of detections----
2024-12-15 14:28:09,746 - INFO - The data of objects: []
2024-12-15 14:28:09,860 - INFO - ----New round of detections----
2024-12-15 14:28:10,468 - INFO - The data of objects: []
2024-12-15 14:28:10,579 - INFO - ----New round of detections----
2024-12-15 14:28:11,154 - INFO - The data of objects: []
2024-12-15 14:28:11,263 - INFO - ----New round of detections----
2024-12-15 14:28:11,860 - INFO - The data of objects: []
2024-12-15 14:28:11,966 - INFO - ----New round of detections----
2024-12-15 14:28:12,575 - INFO - The data of objects: []
2024-12-15 14:28:12,685 - INFO - ----New round of detections----
2024-12-15 14:28:13,303 - INFO - The data of objects: []
2024-12-15 14:28:13,418 - INFO - ----New round of detections----
2024-12-15 14:28:14,083 - INFO - The data of objects: []
2024-12-15 14:28:14,184 - INFO - ----New round of detections----
2024-12-15 14:28:14,966 - INFO - The data of objects: []
2024-12-15 14:28:15,079 - INFO - ----New round of detections----
2024-12-15 14:28:15,674 - INFO - The data of objects: []
2024-12-15 14:28:15,778 - INFO - ----New round of detections----
2024-12-15 14:28:16,369 - INFO - The data of objects: []
2024-12-15 14:28:16,479 - INFO - ----New round of detections----
2024-12-15 14:28:17,099 - INFO - The data of objects: []
2024-12-15 14:28:17,212 - INFO - ----New round of detections----
2024-12-15 14:28:18,477 - INFO - The data of objects: []
2024-12-15 14:28:18,586 - INFO - ----New round of detections----
2024-12-15 14:28:19,809 - INFO - The data of objects: []
2024-12-15 14:28:19,914 - INFO - ----New round of detections----
2024-12-15 14:28:21,086 - INFO - The data of objects: []
2024-12-15 14:28:21,192 - INFO - ----New round of detections----
2024-12-15 14:28:22,409 - INFO - The data of objects: []
2024-12-15 14:28:22,523 - INFO - ----New round of detections----
2024-12-15 14:28:23,698 - INFO - The data of objects: []
2024-12-15 14:28:23,804 - INFO - ----New round of detections----
2024-12-15 14:28:25,023 - INFO - The data of objects: []
2024-12-15 14:28:25,137 - INFO - ----New round of detections----
2024-12-15 14:28:26,335 - INFO - The data of objects: []
2024-12-15 14:28:26,443 - INFO - ----New round of detections----
2024-12-15 14:28:27,635 - INFO - The data of objects: []
2024-12-15 14:28:27,750 - INFO - ----New round of detections----
2024-12-15 14:28:28,954 - INFO - The data of objects: []
2024-12-15 14:28:29,058 - INFO - ----New round of detections----
2024-12-15 14:28:30,209 - INFO - The data of objects: []
2024-12-15 14:28:30,327 - INFO - ----New round of detections----
2024-12-15 14:28:31,531 - INFO - The data of objects: []
2024-12-15 14:28:31,646 - INFO - ----New round of detections----
2024-12-15 14:28:32,829 - INFO - The data of objects: []
2024-12-15 14:28:32,941 - INFO - ----New round of detections----
2024-12-15 14:28:34,132 - INFO - The data of objects: []
2024-12-15 14:28:34,237 - INFO - ----New round of detections----
2024-12-15 14:28:35,359 - INFO - The data of objects: []
2024-12-15 14:28:35,475 - INFO - ----New round of detections----
2024-12-15 14:28:36,703 - INFO - The data of objects: []
2024-12-15 14:28:36,815 - INFO - ----New round of detections----
2024-12-15 14:28:38,004 - INFO - The data of objects: []
2024-12-15 14:28:38,116 - INFO - ----New round of detections----
2024-12-15 14:28:39,285 - INFO - The data of objects: []
2024-12-15 14:28:39,386 - INFO - ----New round of detections----
2024-12-15 14:28:40,523 - INFO - The data of objects: []
2024-12-15 14:28:40,634 - INFO - ----New round of detections----
2024-12-15 14:28:41,764 - INFO - The data of objects: []
2024-12-15 14:28:41,873 - INFO - ----New round of detections----
2024-12-15 14:28:43,025 - INFO - The data of objects: []
2024-12-15 14:28:43,140 - INFO - ----New round of detections----
2024-12-15 14:28:44,220 - INFO - The data of objects: []
2024-12-15 14:28:44,331 - INFO - ----New round of detections----
2024-12-15 14:28:45,451 - INFO - The data of objects: []
2024-12-15 14:28:45,553 - INFO - ----New round of detections----
2024-12-15 14:28:46,699 - INFO - The data of objects: []
2024-12-15 14:28:46,809 - INFO - ----New round of detections----
2024-12-15 14:28:47,940 - INFO - The data of objects: []
2024-12-15 14:28:48,046 - INFO - ----New round of detections----
2024-12-15 14:28:49,105 - INFO - The data of objects: []
2024-12-15 14:28:49,217 - INFO - ----New round of detections----
2024-12-15 14:28:50,310 - INFO - The data of objects: []
2024-12-15 14:28:50,412 - INFO - ----New round of detections----
2024-12-15 14:28:51,558 - INFO - The data of objects: []
2024-12-15 14:28:51,668 - INFO - ----New round of detections----
2024-12-15 14:28:52,799 - INFO - The data of objects: []
2024-12-15 14:28:52,903 - INFO - ----New round of detections----
2024-12-15 14:28:54,025 - INFO - The data of objects: []
2024-12-15 14:28:54,129 - INFO - ----New round of detections----
2024-12-15 14:28:55,310 - INFO - The data of objects: []
2024-12-15 14:28:55,418 - INFO - ----New round of detections----
2024-12-15 14:28:56,530 - INFO - The data of objects: []
2024-12-15 14:28:56,639 - INFO - ----New round of detections----
2024-12-15 14:28:57,803 - INFO - The data of objects: []
2024-12-15 14:28:57,905 - INFO - ----New round of detections----
2024-12-15 14:28:59,097 - INFO - The data of objects: []
2024-12-15 14:28:59,199 - INFO - ----New round of detections----
2024-12-15 14:29:00,311 - INFO - The data of objects: []
2024-12-15 14:29:00,424 - INFO - ----New round of detections----
2024-12-15 14:29:01,587 - INFO - The data of objects: []
2024-12-15 14:29:01,697 - INFO - ----New round of detections----
2024-12-15 14:29:02,841 - INFO - The data of objects: []
2024-12-15 14:29:02,953 - INFO - ----New round of detections----
2024-12-15 14:29:04,137 - INFO - The data of objects: []
2024-12-15 14:29:04,243 - INFO - ----New round of detections----
2024-12-15 14:29:05,323 - INFO - The data of objects: []
2024-12-15 14:29:05,435 - INFO - ----New round of detections----
2024-12-15 14:29:06,562 - INFO - The data of objects: []
2024-12-15 14:29:06,667 - INFO - ----New round of detections----
2024-12-15 14:29:07,790 - INFO - The data of objects: []
2024-12-15 14:29:07,901 - INFO - ----New round of detections----
2024-12-15 14:29:09,161 - INFO - The data of objects: []
2024-12-15 14:29:09,274 - INFO - ----New round of detections----
2024-12-15 14:29:10,451 - INFO - The data of objects: []
2024-12-15 14:29:10,555 - INFO - ----New round of detections----
2024-12-15 14:29:11,737 - INFO - The data of objects: []
2024-12-15 14:29:11,854 - INFO - ----New round of detections----
2024-12-15 14:29:12,971 - INFO - The data of objects: []
2024-12-15 14:29:13,085 - INFO - ----New round of detections----
2024-12-15 14:29:14,144 - INFO - the objects are: [{'object_id_r': 0, 'object_id_l': 0, 'object_name_right': 'chair', 'object_name_left': 'chair', 'object_center_right': {'x': 914, 'y': 633}, 'object_center_left': {'x': 978, 'y': 592}, 'right_image_aov': {'x': -1.49, 'y': 4.202}, 'left_image_aov': {'x': 0.583, 'y': 2.35}, 'orb_result': 131}]
2024-12-15 14:29:14,145 - INFO - -----------------------------------------------------
2024-12-15 14:29:14,145 - INFO - 
the correlation matrixe: [[(True, 131, {'object_id_r': 0, 'object_id_l': 0, 'object_name_right': 'chair', 'object_name_left': 'chair', 'object_center_right': {'x': 914, 'y': 633}, 'object_center_left': {'x': 978, 'y': 592}, 'right_image_aov': {'x': -1.49, 'y': 4.202}, 'left_image_aov': {'x': 0.583, 'y': 2.35}, 'orb_result': 131})]]
2024-12-15 14:29:14,145 - INFO - The results of Max orb pairs are: [((0, 0), 131)]
2024-12-15 14:29:14,279 - INFO - The data of objects: [{'name': 'chair', 'distance': 5.84, 'angle': -0.45}]
2024-12-15 14:29:14,383 - INFO - ----New round of detections----
2024-12-15 14:29:15,533 - INFO - The data of objects: []
2024-12-15 14:29:15,636 - INFO - ----New round of detections----
2024-12-15 14:29:15,637 - CRITICAL - Critical error in while loop
Traceback (most recent call last):
  File "c:\Users\User\OneDrive - Afeka College Of Engineering\שולחן העבודה\final Project - Eye sight\code\main_with_gui.py", line 208, in processing_loop
    frames = {0: usb_camera.increase_image_quality(frame_left), 1: usb_camera.increase_image_quality(frame_right)}
  File "c:\Users\User\OneDrive - Afeka College Of Engineering\שולחן העבודה\final Project - Eye sight\code\OOP_webcam.py", line 223, in increase_image_quality
    raise ValueError("Input image is None. Please provide a valid image.")
ValueError: Input image is None. Please provide a valid image.
2024-12-15 14:29:15,639 - INFO - The video ended and now the App will be close! Bey Bey
