2024-12-15 16:28:19,019 - INFO - Application started
2024-12-15 16:28:23,417 - INFO - ----------Processing loop started----------
2024-12-15 16:28:37,050 - INFO - ----New round of detections----
2024-12-15 16:28:40,831 - INFO - The data of objects: []
2024-12-15 16:28:40,931 - INFO - ----New round of detections----
2024-12-15 16:28:41,921 - INFO - The data of objects: []
2024-12-15 16:28:42,024 - INFO - ----New round of detections----
2024-12-15 16:28:42,805 - INFO - The data of objects: []
2024-12-15 16:28:42,911 - INFO - ----New round of detections----
2024-12-15 16:28:43,423 - INFO - The data of objects: []
2024-12-15 16:28:43,534 - INFO - ----New round of detections----
2024-12-15 16:28:44,177 - INFO - The data of objects: []
2024-12-15 16:28:44,282 - INFO - ----New round of detections----
2024-12-15 16:28:44,815 - INFO - The data of objects: []
2024-12-15 16:28:44,931 - INFO - ----New round of detections----
2024-12-15 16:28:45,410 - INFO - The data of objects: []
2024-12-15 16:28:45,517 - INFO - ----New round of detections----
2024-12-15 16:28:46,084 - INFO - The data of objects: []
2024-12-15 16:28:46,187 - INFO - ----New round of detections----
2024-12-15 16:28:46,725 - INFO - The data of objects: []
2024-12-15 16:28:46,838 - INFO - ----New round of detections----
2024-12-15 16:28:47,414 - INFO - The data of objects: []
2024-12-15 16:28:47,524 - INFO - ----New round of detections----
2024-12-15 16:28:48,076 - INFO - The data of objects: []
2024-12-15 16:28:48,177 - INFO - ----New round of detections----
2024-12-15 16:28:48,710 - INFO - The data of objects: []
2024-12-15 16:28:48,820 - INFO - ----New round of detections----
2024-12-15 16:28:49,860 - INFO - the objects are: [{'object_id_r': 0, 'object_id_l': 0, 'object_name_right': 'bottle', 'object_name_left': 'cup', 'object_center_right': {'x': 810, 'y': 458}, 'object_center_left': {'x': 1085, 'y': 645}, 'right_image_aov': {'x': -4.859, 'y': -3.705}, 'left_image_aov': {'x': 4.049, 'y': 4.744}, 'orb_result': 71}, {'object_id_r': 0, 'object_id_l': 1, 'object_name_right': 'bottle', 'object_name_left': 'cup', 'object_center_right': {'x': 810, 'y': 458}, 'object_center_left': {'x': 675, 'y': 780}, 'right_image_aov': {'x': -4.859, 'y': -3.705}, 'left_image_aov': {'x': -9.233, 'y': 10.844}, 'orb_result': 93}, {'object_id_r': 0, 'object_id_l': 2, 'object_name_right': 'bottle', 'object_name_left': 'bottle', 'object_center_right': {'x': 810, 'y': 458}, 'object_center_left': {'x': 1431, 'y': 457}, 'right_image_aov': {'x': -4.859, 'y': -3.705}, 'left_image_aov': {'x': 15.258, 'y': -3.75}, 'orb_result': 182}, {'object_id_r': 0, 'object_id_l': 3, 'object_name_right': 'bottle', 'object_name_left': 'couch', 'object_center_right': {'x': 810, 'y': 458}, 'object_center_left': {'x': 967, 'y': 339}, 'right_image_aov': {'x': -4.859, 'y': -3.705}, 'left_image_aov': {'x': 0.227, 'y': -9.082}, 'orb_result': 136}, {'object_id_r': 1, 'object_id_l': 0, 'object_name_right': 'cup', 'object_name_left': 'cup', 'object_center_right': {'x': 545, 'y': 661}, 'object_center_left': {'x': 1085, 'y': 645}, 'right_image_aov': {'x': -13.444, 'y': 5.467}, 'left_image_aov': {'x': 4.049, 'y': 4.744}, 'orb_result': 76}, {'object_id_r': 1, 'object_id_l': 1, 'object_name_right': 'cup', 'object_name_left': 'cup', 'object_center_right': {'x': 545, 'y': 661}, 'object_center_left': {'x': 675, 'y': 780}, 'right_image_aov': {'x': -13.444, 'y': 5.467}, 'left_image_aov': {'x': -9.233, 'y': 10.844}, 'orb_result': 82}, {'object_id_r': 1, 'object_id_l': 2, 'object_name_right': 'cup', 'object_name_left': 'bottle', 'object_center_right': {'x': 545, 'y': 661}, 'object_center_left': {'x': 1431, 'y': 457}, 'right_image_aov': {'x': -13.444, 'y': 5.467}, 'left_image_aov': {'x': 15.258, 'y': -3.75}, 'orb_result': 64}, {'object_id_r': 1, 'object_id_l': 3, 'object_name_right': 'cup', 'object_name_left': 'couch', 'object_center_right': {'x': 545, 'y': 661}, 'object_center_left': {'x': 967, 'y': 339}, 'right_image_aov': {'x': -13.444, 'y': 5.467}, 'left_image_aov': {'x': 0.227, 'y': -9.082}, 'orb_result': 62}]
2024-12-15 16:28:49,860 - INFO - -----------------------------------------------------
2024-12-15 16:28:49,861 - INFO - 
the correlation matrixe: [[(True, 71, {'object_id_r': 0, 'object_id_l': 0, 'object_name_right': 'bottle', 'object_name_left': 'cup', 'object_center_right': {'x': 810, 'y': 458}, 'object_center_left': {'x': 1085, 'y': 645}, 'right_image_aov': {'x': -4.859, 'y': -3.705}, 'left_image_aov': {'x': 4.049, 'y': 4.744}, 'orb_result': 71})
  (True, 76, {'object_id_r': 1, 'object_id_l': 0, 'object_name_right': 'cup', 'object_name_left': 'cup', 'object_center_right': {'x': 545, 'y': 661}, 'object_center_left': {'x': 1085, 'y': 645}, 'right_image_aov': {'x': -13.444, 'y': 5.467}, 'left_image_aov': {'x': 4.049, 'y': 4.744}, 'orb_result': 76})]
 [(True, 93, {'object_id_r': 0, 'object_id_l': 1, 'object_name_right': 'bottle', 'object_name_left': 'cup', 'object_center_right': {'x': 810, 'y': 458}, 'object_center_left': {'x': 675, 'y': 780}, 'right_image_aov': {'x': -4.859, 'y': -3.705}, 'left_image_aov': {'x': -9.233, 'y': 10.844}, 'orb_result': 93})
  (True, 82, {'object_id_r': 1, 'object_id_l': 1, 'object_name_right': 'cup', 'object_name_left': 'cup', 'object_center_right': {'x': 545, 'y': 661}, 'object_center_left': {'x': 675, 'y': 780}, 'right_image_aov': {'x': -13.444, 'y': 5.467}, 'left_image_aov': {'x': -9.233, 'y': 10.844}, 'orb_result': 82})]
 [(True, 182, {'object_id_r': 0, 'object_id_l': 2, 'object_name_right': 'bottle', 'object_name_left': 'bottle', 'object_center_right': {'x': 810, 'y': 458}, 'object_center_left': {'x': 1431, 'y': 457}, 'right_image_aov': {'x': -4.859, 'y': -3.705}, 'left_image_aov': {'x': 15.258, 'y': -3.75}, 'orb_result': 182})
  (True, 64, {'object_id_r': 1, 'object_id_l': 2, 'object_name_right': 'cup', 'object_name_left': 'bottle', 'object_center_right': {'x': 545, 'y': 661}, 'object_center_left': {'x': 1431, 'y': 457}, 'right_image_aov': {'x': -13.444, 'y': 5.467}, 'left_image_aov': {'x': 15.258, 'y': -3.75}, 'orb_result': 64})]
 [(True, 136, {'object_id_r': 0, 'object_id_l': 3, 'object_name_right': 'bottle', 'object_name_left': 'couch', 'object_center_right': {'x': 810, 'y': 458}, 'object_center_left': {'x': 967, 'y': 339}, 'right_image_aov': {'x': -4.859, 'y': -3.705}, 'left_image_aov': {'x': 0.227, 'y': -9.082}, 'orb_result': 136})
  (True, 62, {'object_id_r': 1, 'object_id_l': 3, 'object_name_right': 'cup', 'object_name_left': 'couch', 'object_center_right': {'x': 545, 'y': 661}, 'object_center_left': {'x': 967, 'y': 339}, 'right_image_aov': {'x': -13.444, 'y': 5.467}, 'left_image_aov': {'x': 0.227, 'y': -9.082}, 'orb_result': 62})]]
2024-12-15 16:28:49,861 - INFO - The results of Max orb pairs are: [((2, 0), 182), ((1, 1), 82)]
2024-12-15 16:28:49,954 - INFO - The data of objects: [{'name': 'bottle', 'distance': 0.6, 'angle': 5.2}, {'name': 'cup', 'distance': 2.88, 'angle': -11.34}]
2024-12-15 16:28:50,057 - INFO - ----New round of detections----
2024-12-15 16:28:51,114 - INFO - the objects are: [{'object_id_r': 0, 'object_id_l': 0, 'object_name_right': 'bottle', 'object_name_left': 'cup', 'object_center_right': {'x': 801, 'y': 442}, 'object_center_left': {'x': 1077, 'y': 606}, 'right_image_aov': {'x': -5.151, 'y': -4.428}, 'left_image_aov': {'x': 3.79, 'y': 2.982}, 'orb_result': 104}, {'object_id_r': 0, 'object_id_l': 1, 'object_name_right': 'bottle', 'object_name_left': 'cup', 'object_center_right': {'x': 801, 'y': 442}, 'object_center_left': {'x': 668, 'y': 740}, 'right_image_aov': {'x': -5.151, 'y': -4.428}, 'left_image_aov': {'x': -9.46, 'y': 9.037}, 'orb_result': 111}, {'object_id_r': 0, 'object_id_l': 2, 'object_name_right': 'bottle', 'object_name_left': 'bottle', 'object_center_right': {'x': 801, 'y': 442}, 'object_center_left': {'x': 1425, 'y': 436}, 'right_image_aov': {'x': -5.151, 'y': -4.428}, 'left_image_aov': {'x': 15.064, 'y': -4.699}, 'orb_result': 198}, {'object_id_r': 0, 'object_id_l': 3, 'object_name_right': 'bottle', 'object_name_left': 'couch', 'object_center_right': {'x': 801, 'y': 442}, 'object_center_left': {'x': 960, 'y': 325}, 'right_image_aov': {'x': -5.151, 'y': -4.428}, 'left_image_aov': {'x': 0.0, 'y': -9.715}, 'orb_result': 129}, {'object_id_r': 1, 'object_id_l': 0, 'object_name_right': 'cup', 'object_name_left': 'cup', 'object_center_right': {'x': 535, 'y': 622}, 'object_center_left': {'x': 1077, 'y': 606}, 'right_image_aov': {'x': -13.768, 'y': 3.705}, 'left_image_aov': {'x': 3.79, 'y': 2.982}, 'orb_result': 144}, {'object_id_r': 1, 'object_id_l': 1, 'object_name_right': 'cup', 'object_name_left': 'cup', 'object_center_right': {'x': 535, 'y': 622}, 'object_center_left': {'x': 668, 'y': 740}, 'right_image_aov': {'x': -13.768, 'y': 3.705}, 'left_image_aov': {'x': -9.46, 'y': 9.037}, 'orb_result': 140}, {'object_id_r': 1, 'object_id_l': 2, 'object_name_right': 'cup', 'object_name_left': 'bottle', 'object_center_right': {'x': 535, 'y': 622}, 'object_center_left': {'x': 1425, 'y': 436}, 'right_image_aov': {'x': -13.768, 'y': 3.705}, 'left_image_aov': {'x': 15.064, 'y': -4.699}, 'orb_result': 93}, {'object_id_r': 1, 'object_id_l': 3, 'object_name_right': 'cup', 'object_name_left': 'couch', 'object_center_right': {'x': 535, 'y': 622}, 'object_center_left': {'x': 960, 'y': 325}, 'right_image_aov': {'x': -13.768, 'y': 3.705}, 'left_image_aov': {'x': 0.0, 'y': -9.715}, 'orb_result': 76}, {'object_id_r': 2, 'object_id_l': 0, 'object_name_right': 'couch', 'object_name_left': 'cup', 'object_center_right': {'x': 1702, 'y': 570}, 'object_center_left': {'x': 1077, 'y': 606}, 'right_image_aov': {'x': 24.038, 'y': 1.356}, 'left_image_aov': {'x': 3.79, 'y': 2.982}, 'orb_result': 50}, {'object_id_r': 2, 'object_id_l': 1, 'object_name_right': 'couch', 'object_name_left': 'cup', 'object_center_right': {'x': 1702, 'y': 570}, 'object_center_left': {'x': 668, 'y': 740}, 'right_image_aov': {'x': 24.038, 'y': 1.356}, 'left_image_aov': {'x': -9.46, 'y': 9.037}, 'orb_result': 60}, {'object_id_r': 2, 'object_id_l': 2, 'object_name_right': 'couch', 'object_name_left': 'bottle', 'object_center_right': {'x': 1702, 'y': 570}, 'object_center_left': {'x': 1425, 'y': 436}, 'right_image_aov': {'x': 24.038, 'y': 1.356}, 'left_image_aov': {'x': 15.064, 'y': -4.699}, 'orb_result': 83}, {'object_id_r': 2, 'object_id_l': 3, 'object_name_right': 'couch', 'object_name_left': 'couch', 'object_center_right': {'x': 1702, 'y': 570}, 'object_center_left': {'x': 960, 'y': 325}, 'right_image_aov': {'x': 24.038, 'y': 1.356}, 'left_image_aov': {'x': 0.0, 'y': -9.715}, 'orb_result': 94}, {'object_id_r': 3, 'object_id_l': 0, 'object_name_right': 'cup', 'object_name_left': 'cup', 'object_center_right': {'x': 67, 'y': 724}, 'object_center_left': {'x': 1077, 'y': 606}, 'right_image_aov': {'x': -28.929, 'y': 8.314}, 'left_image_aov': {'x': 3.79, 'y': 2.982}, 'orb_result': 83}, {'object_id_r': 3, 'object_id_l': 1, 'object_name_right': 'cup', 'object_name_left': 'cup', 'object_center_right': {'x': 67, 'y': 724}, 'object_center_left': {'x': 668, 'y': 740}, 'right_image_aov': {'x': -28.929, 'y': 8.314}, 'left_image_aov': {'x': -9.46, 'y': 9.037}, 'orb_result': 96}, {'object_id_r': 3, 'object_id_l': 2, 'object_name_right': 'cup', 'object_name_left': 'bottle', 'object_center_right': {'x': 67, 'y': 724}, 'object_center_left': {'x': 1425, 'y': 436}, 'right_image_aov': {'x': -28.929, 'y': 8.314}, 'left_image_aov': {'x': 15.064, 'y': -4.699}, 'orb_result': 82}, {'object_id_r': 3, 'object_id_l': 3, 'object_name_right': 'cup', 'object_name_left': 'couch', 'object_center_right': {'x': 67, 'y': 724}, 'object_center_left': {'x': 960, 'y': 325}, 'right_image_aov': {'x': -28.929, 'y': 8.314}, 'left_image_aov': {'x': 0.0, 'y': -9.715}, 'orb_result': 75}]
2024-12-15 16:28:51,114 - INFO - -----------------------------------------------------
2024-12-15 16:28:51,115 - INFO - 
the correlation matrixe: [[(True, 104, {'object_id_r': 0, 'object_id_l': 0, 'object_name_right': 'bottle', 'object_name_left': 'cup', 'object_center_right': {'x': 801, 'y': 442}, 'object_center_left': {'x': 1077, 'y': 606}, 'right_image_aov': {'x': -5.151, 'y': -4.428}, 'left_image_aov': {'x': 3.79, 'y': 2.982}, 'orb_result': 104})
  (True, 144, {'object_id_r': 1, 'object_id_l': 0, 'object_name_right': 'cup', 'object_name_left': 'cup', 'object_center_right': {'x': 535, 'y': 622}, 'object_center_left': {'x': 1077, 'y': 606}, 'right_image_aov': {'x': -13.768, 'y': 3.705}, 'left_image_aov': {'x': 3.79, 'y': 2.982}, 'orb_result': 144})
  (True, 50, {'object_id_r': 2, 'object_id_l': 0, 'object_name_right': 'couch', 'object_name_left': 'cup', 'object_center_right': {'x': 1702, 'y': 570}, 'object_center_left': {'x': 1077, 'y': 606}, 'right_image_aov': {'x': 24.038, 'y': 1.356}, 'left_image_aov': {'x': 3.79, 'y': 2.982}, 'orb_result': 50})
  (True, 83, {'object_id_r': 3, 'object_id_l': 0, 'object_name_right': 'cup', 'object_name_left': 'cup', 'object_center_right': {'x': 67, 'y': 724}, 'object_center_left': {'x': 1077, 'y': 606}, 'right_image_aov': {'x': -28.929, 'y': 8.314}, 'left_image_aov': {'x': 3.79, 'y': 2.982}, 'orb_result': 83})]
 [(True, 111, {'object_id_r': 0, 'object_id_l': 1, 'object_name_right': 'bottle', 'object_name_left': 'cup', 'object_center_right': {'x': 801, 'y': 442}, 'object_center_left': {'x': 668, 'y': 740}, 'right_image_aov': {'x': -5.151, 'y': -4.428}, 'left_image_aov': {'x': -9.46, 'y': 9.037}, 'orb_result': 111})
  (True, 140, {'object_id_r': 1, 'object_id_l': 1, 'object_name_right': 'cup', 'object_name_left': 'cup', 'object_center_right': {'x': 535, 'y': 622}, 'object_center_left': {'x': 668, 'y': 740}, 'right_image_aov': {'x': -13.768, 'y': 3.705}, 'left_image_aov': {'x': -9.46, 'y': 9.037}, 'orb_result': 140})
  (True, 60, {'object_id_r': 2, 'object_id_l': 1, 'object_name_right': 'couch', 'object_name_left': 'cup', 'object_center_right': {'x': 1702, 'y': 570}, 'object_center_left': {'x': 668, 'y': 740}, 'right_image_aov': {'x': 24.038, 'y': 1.356}, 'left_image_aov': {'x': -9.46, 'y': 9.037}, 'orb_result': 60})
  (True, 96, {'object_id_r': 3, 'object_id_l': 1, 'object_name_right': 'cup', 'object_name_left': 'cup', 'object_center_right': {'x': 67, 'y': 724}, 'object_center_left': {'x': 668, 'y': 740}, 'right_image_aov': {'x': -28.929, 'y': 8.314}, 'left_image_aov': {'x': -9.46, 'y': 9.037}, 'orb_result': 96})]
 [(True, 198, {'object_id_r': 0, 'object_id_l': 2, 'object_name_right': 'bottle', 'object_name_left': 'bottle', 'object_center_right': {'x': 801, 'y': 442}, 'object_center_left': {'x': 1425, 'y': 436}, 'right_image_aov': {'x': -5.151, 'y': -4.428}, 'left_image_aov': {'x': 15.064, 'y': -4.699}, 'orb_result': 198})
  (True, 93, {'object_id_r': 1, 'object_id_l': 2, 'object_name_right': 'cup', 'object_name_left': 'bottle', 'object_center_right': {'x': 535, 'y': 622}, 'object_center_left': {'x': 1425, 'y': 436}, 'right_image_aov': {'x': -13.768, 'y': 3.705}, 'left_image_aov': {'x': 15.064, 'y': -4.699}, 'orb_result': 93})
  (True, 83, {'object_id_r': 2, 'object_id_l': 2, 'object_name_right': 'couch', 'object_name_left': 'bottle', 'object_center_right': {'x': 1702, 'y': 570}, 'object_center_left': {'x': 1425, 'y': 436}, 'right_image_aov': {'x': 24.038, 'y': 1.356}, 'left_image_aov': {'x': 15.064, 'y': -4.699}, 'orb_result': 83})
  (True, 82, {'object_id_r': 3, 'object_id_l': 2, 'object_name_right': 'cup', 'object_name_left': 'bottle', 'object_center_right': {'x': 67, 'y': 724}, 'object_center_left': {'x': 1425, 'y': 436}, 'right_image_aov': {'x': -28.929, 'y': 8.314}, 'left_image_aov': {'x': 15.064, 'y': -4.699}, 'orb_result': 82})]
 [(True, 129, {'object_id_r': 0, 'object_id_l': 3, 'object_name_right': 'bottle', 'object_name_left': 'couch', 'object_center_right': {'x': 801, 'y': 442}, 'object_center_left': {'x': 960, 'y': 325}, 'right_image_aov': {'x': -5.151, 'y': -4.428}, 'left_image_aov': {'x': 0.0, 'y': -9.715}, 'orb_result': 129})
  (True, 76, {'object_id_r': 1, 'object_id_l': 3, 'object_name_right': 'cup', 'object_name_left': 'couch', 'object_center_right': {'x': 535, 'y': 622}, 'object_center_left': {'x': 960, 'y': 325}, 'right_image_aov': {'x': -13.768, 'y': 3.705}, 'left_image_aov': {'x': 0.0, 'y': -9.715}, 'orb_result': 76})
  (True, 94, {'object_id_r': 2, 'object_id_l': 3, 'object_name_right': 'couch', 'object_name_left': 'couch', 'object_center_right': {'x': 1702, 'y': 570}, 'object_center_left': {'x': 960, 'y': 325}, 'right_image_aov': {'x': 24.038, 'y': 1.356}, 'left_image_aov': {'x': 0.0, 'y': -9.715}, 'orb_result': 94})
  (True, 75, {'object_id_r': 3, 'object_id_l': 3, 'object_name_right': 'cup', 'object_name_left': 'couch', 'object_center_right': {'x': 67, 'y': 724}, 'object_center_left': {'x': 960, 'y': 325}, 'right_image_aov': {'x': -28.929, 'y': 8.314}, 'left_image_aov': {'x': 0.0, 'y': -9.715}, 'orb_result': 75})]]
2024-12-15 16:28:51,115 - INFO - The results of Max orb pairs are: [((2, 0), 198), ((0, 1), 144), ((1, 3), 96), ((3, 2), 94)]
2024-12-15 16:28:51,178 - INFO - The data of objects: [{'name': 'bottle', 'distance': 0.6, 'angle': 4.96}, {'name': 'cup', 'distance': 0.69, 'angle': -4.99}, {'name': 'cup', 'distance': 0.62, 'angle': -19.19}, {'name': 'couch', 'distance': 0.5, 'angle': 12.02}]
2024-12-15 16:28:51,289 - INFO - ----New round of detections----
2024-12-15 16:28:52,206 - INFO - the objects are: [{'object_id_r': 0, 'object_id_l': 0, 'object_name_right': 'bottle', 'object_name_left': 'cup', 'object_center_right': {'x': 804, 'y': 441}, 'object_center_left': {'x': 1078, 'y': 606}, 'right_image_aov': {'x': -5.054, 'y': -4.473}, 'left_image_aov': {'x': 3.823, 'y': 2.982}, 'orb_result': 95}, {'object_id_r': 0, 'object_id_l': 1, 'object_name_right': 'bottle', 'object_name_left': 'cup', 'object_center_right': {'x': 804, 'y': 441}, 'object_center_left': {'x': 671, 'y': 741}, 'right_image_aov': {'x': -5.054, 'y': -4.473}, 'left_image_aov': {'x': -9.362, 'y': 9.082}, 'orb_result': 110}, {'object_id_r': 0, 'object_id_l': 2, 'object_name_right': 'bottle', 'object_name_left': 'bottle', 'object_center_right': {'x': 804, 'y': 441}, 'object_center_left': {'x': 1426, 'y': 440}, 'right_image_aov': {'x': -5.054, 'y': -4.473}, 'left_image_aov': {'x': 15.096, 'y': -4.519}, 'orb_result': 206}, {'object_id_r': 0, 'object_id_l': 3, 'object_name_right': 'bottle', 'object_name_left': 'couch', 'object_center_right': {'x': 804, 'y': 441}, 'object_center_left': {'x': 957, 'y': 349}, 'right_image_aov': {'x': -5.054, 'y': -4.473}, 'left_image_aov': {'x': -0.097, 'y': -8.63}, 'orb_result': 131}, {'object_id_r': 1, 'object_id_l': 0, 'object_name_right': 'cup', 'object_name_left': 'cup', 'object_center_right': {'x': 542, 'y': 624}, 'object_center_left': {'x': 1078, 'y': 606}, 'right_image_aov': {'x': -13.541, 'y': 3.796}, 'left_image_aov': {'x': 3.823, 'y': 2.982}, 'orb_result': 144}, {'object_id_r': 1, 'object_id_l': 1, 'object_name_right': 'cup', 'object_name_left': 'cup', 'object_center_right': {'x': 542, 'y': 624}, 'object_center_left': {'x': 671, 'y': 741}, 'right_image_aov': {'x': -13.541, 'y': 3.796}, 'left_image_aov': {'x': -9.362, 'y': 9.082}, 'orb_result': 149}, {'object_id_r': 1, 'object_id_l': 2, 'object_name_right': 'cup', 'object_name_left': 'bottle', 'object_center_right': {'x': 542, 'y': 624}, 'object_center_left': {'x': 1426, 'y': 440}, 'right_image_aov': {'x': -13.541, 'y': 3.796}, 'left_image_aov': {'x': 15.096, 'y': -4.519}, 'orb_result': 96}, {'object_id_r': 1, 'object_id_l': 3, 'object_name_right': 'cup', 'object_name_left': 'couch', 'object_center_right': {'x': 542, 'y': 624}, 'object_center_left': {'x': 957, 'y': 349}, 'right_image_aov': {'x': -13.541, 'y': 3.796}, 'left_image_aov': {'x': -0.097, 'y': -8.63}, 'orb_result': 80}]
2024-12-15 16:28:52,206 - INFO - -----------------------------------------------------
2024-12-15 16:28:52,206 - INFO - 
the correlation matrixe: [[(True, 95, {'object_id_r': 0, 'object_id_l': 0, 'object_name_right': 'bottle', 'object_name_left': 'cup', 'object_center_right': {'x': 804, 'y': 441}, 'object_center_left': {'x': 1078, 'y': 606}, 'right_image_aov': {'x': -5.054, 'y': -4.473}, 'left_image_aov': {'x': 3.823, 'y': 2.982}, 'orb_result': 95})
  (True, 144, {'object_id_r': 1, 'object_id_l': 0, 'object_name_right': 'cup', 'object_name_left': 'cup', 'object_center_right': {'x': 542, 'y': 624}, 'object_center_left': {'x': 1078, 'y': 606}, 'right_image_aov': {'x': -13.541, 'y': 3.796}, 'left_image_aov': {'x': 3.823, 'y': 2.982}, 'orb_result': 144})]
 [(True, 110, {'object_id_r': 0, 'object_id_l': 1, 'object_name_right': 'bottle', 'object_name_left': 'cup', 'object_center_right': {'x': 804, 'y': 441}, 'object_center_left': {'x': 671, 'y': 741}, 'right_image_aov': {'x': -5.054, 'y': -4.473}, 'left_image_aov': {'x': -9.362, 'y': 9.082}, 'orb_result': 110})
  (True, 149, {'object_id_r': 1, 'object_id_l': 1, 'object_name_right': 'cup', 'object_name_left': 'cup', 'object_center_right': {'x': 542, 'y': 624}, 'object_center_left': {'x': 671, 'y': 741}, 'right_image_aov': {'x': -13.541, 'y': 3.796}, 'left_image_aov': {'x': -9.362, 'y': 9.082}, 'orb_result': 149})]
 [(True, 206, {'object_id_r': 0, 'object_id_l': 2, 'object_name_right': 'bottle', 'object_name_left': 'bottle', 'object_center_right': {'x': 804, 'y': 441}, 'object_center_left': {'x': 1426, 'y': 440}, 'right_image_aov': {'x': -5.054, 'y': -4.473}, 'left_image_aov': {'x': 15.096, 'y': -4.519}, 'orb_result': 206})
  (True, 96, {'object_id_r': 1, 'object_id_l': 2, 'object_name_right': 'cup', 'object_name_left': 'bottle', 'object_center_right': {'x': 542, 'y': 624}, 'object_center_left': {'x': 1426, 'y': 440}, 'right_image_aov': {'x': -13.541, 'y': 3.796}, 'left_image_aov': {'x': 15.096, 'y': -4.519}, 'orb_result': 96})]
 [(True, 131, {'object_id_r': 0, 'object_id_l': 3, 'object_name_right': 'bottle', 'object_name_left': 'couch', 'object_center_right': {'x': 804, 'y': 441}, 'object_center_left': {'x': 957, 'y': 349}, 'right_image_aov': {'x': -5.054, 'y': -4.473}, 'left_image_aov': {'x': -0.097, 'y': -8.63}, 'orb_result': 131})
  (True, 80, {'object_id_r': 1, 'object_id_l': 3, 'object_name_right': 'cup', 'object_name_left': 'couch', 'object_center_right': {'x': 542, 'y': 624}, 'object_center_left': {'x': 957, 'y': 349}, 'right_image_aov': {'x': -13.541, 'y': 3.796}, 'left_image_aov': {'x': -0.097, 'y': -8.63}, 'orb_result': 80})]]
2024-12-15 16:28:52,207 - INFO - The results of Max orb pairs are: [((2, 0), 206), ((1, 1), 149)]
2024-12-15 16:28:52,280 - INFO - The data of objects: [{'name': 'bottle', 'distance': 0.6, 'angle': 5.02}, {'name': 'cup', 'distance': 2.9, 'angle': -11.45}]
2024-12-15 16:28:52,385 - INFO - ----New round of detections----
2024-12-15 16:28:53,131 - INFO - the objects are: [{'object_id_r': 0, 'object_id_l': 0, 'object_name_right': 'bottle', 'object_name_left': 'cup', 'object_center_right': {'x': 806, 'y': 436}, 'object_center_left': {'x': 1082, 'y': 608}, 'right_image_aov': {'x': -4.989, 'y': -4.699}, 'left_image_aov': {'x': 3.952, 'y': 3.073}, 'orb_result': 80}, {'object_id_r': 0, 'object_id_l': 1, 'object_name_right': 'bottle', 'object_name_left': 'cup', 'object_center_right': {'x': 806, 'y': 436}, 'object_center_left': {'x': 673, 'y': 748}, 'right_image_aov': {'x': -4.989, 'y': -4.699}, 'left_image_aov': {'x': -9.298, 'y': 9.399}, 'orb_result': 89}, {'object_id_r': 0, 'object_id_l': 2, 'object_name_right': 'bottle', 'object_name_left': 'bottle', 'object_center_right': {'x': 806, 'y': 436}, 'object_center_left': {'x': 1427, 'y': 443}, 'right_image_aov': {'x': -4.989, 'y': -4.699}, 'left_image_aov': {'x': 15.129, 'y': -4.383}, 'orb_result': 191}, {'object_id_r': 0, 'object_id_l': 3, 'object_name_right': 'bottle', 'object_name_left': 'couch', 'object_center_right': {'x': 806, 'y': 436}, 'object_center_left': {'x': 960, 'y': 326}, 'right_image_aov': {'x': -4.989, 'y': -4.699}, 'left_image_aov': {'x': 0.0, 'y': -9.67}, 'orb_result': 124}, {'object_id_r': 1, 'object_id_l': 0, 'object_name_right': 'cup', 'object_name_left': 'cup', 'object_center_right': {'x': 540, 'y': 630}, 'object_center_left': {'x': 1082, 'y': 608}, 'right_image_aov': {'x': -13.606, 'y': 4.067}, 'left_image_aov': {'x': 3.952, 'y': 3.073}, 'orb_result': 81}, {'object_id_r': 1, 'object_id_l': 1, 'object_name_right': 'cup', 'object_name_left': 'cup', 'object_center_right': {'x': 540, 'y': 630}, 'object_center_left': {'x': 673, 'y': 748}, 'right_image_aov': {'x': -13.606, 'y': 4.067}, 'left_image_aov': {'x': -9.298, 'y': 9.399}, 'orb_result': 83}, {'object_id_r': 1, 'object_id_l': 2, 'object_name_right': 'cup', 'object_name_left': 'bottle', 'object_center_right': {'x': 540, 'y': 630}, 'object_center_left': {'x': 1427, 'y': 443}, 'right_image_aov': {'x': -13.606, 'y': 4.067}, 'left_image_aov': {'x': 15.129, 'y': -4.383}, 'orb_result': 71}, {'object_id_r': 1, 'object_id_l': 3, 'object_name_right': 'cup', 'object_name_left': 'couch', 'object_center_right': {'x': 540, 'y': 630}, 'object_center_left': {'x': 960, 'y': 326}, 'right_image_aov': {'x': -13.606, 'y': 4.067}, 'left_image_aov': {'x': 0.0, 'y': -9.67}, 'orb_result': 65}]
2024-12-15 16:28:53,131 - INFO - -----------------------------------------------------
2024-12-15 16:28:53,131 - INFO - 
the correlation matrixe: [[(True, 80, {'object_id_r': 0, 'object_id_l': 0, 'object_name_right': 'bottle', 'object_name_left': 'cup', 'object_center_right': {'x': 806, 'y': 436}, 'object_center_left': {'x': 1082, 'y': 608}, 'right_image_aov': {'x': -4.989, 'y': -4.699}, 'left_image_aov': {'x': 3.952, 'y': 3.073}, 'orb_result': 80})
  (True, 81, {'object_id_r': 1, 'object_id_l': 0, 'object_name_right': 'cup', 'object_name_left': 'cup', 'object_center_right': {'x': 540, 'y': 630}, 'object_center_left': {'x': 1082, 'y': 608}, 'right_image_aov': {'x': -13.606, 'y': 4.067}, 'left_image_aov': {'x': 3.952, 'y': 3.073}, 'orb_result': 81})]
 [(True, 89, {'object_id_r': 0, 'object_id_l': 1, 'object_name_right': 'bottle', 'object_name_left': 'cup', 'object_center_right': {'x': 806, 'y': 436}, 'object_center_left': {'x': 673, 'y': 748}, 'right_image_aov': {'x': -4.989, 'y': -4.699}, 'left_image_aov': {'x': -9.298, 'y': 9.399}, 'orb_result': 89})
  (True, 83, {'object_id_r': 1, 'object_id_l': 1, 'object_name_right': 'cup', 'object_name_left': 'cup', 'object_center_right': {'x': 540, 'y': 630}, 'object_center_left': {'x': 673, 'y': 748}, 'right_image_aov': {'x': -13.606, 'y': 4.067}, 'left_image_aov': {'x': -9.298, 'y': 9.399}, 'orb_result': 83})]
 [(True, 191, {'object_id_r': 0, 'object_id_l': 2, 'object_name_right': 'bottle', 'object_name_left': 'bottle', 'object_center_right': {'x': 806, 'y': 436}, 'object_center_left': {'x': 1427, 'y': 443}, 'right_image_aov': {'x': -4.989, 'y': -4.699}, 'left_image_aov': {'x': 15.129, 'y': -4.383}, 'orb_result': 191})
  (True, 71, {'object_id_r': 1, 'object_id_l': 2, 'object_name_right': 'cup', 'object_name_left': 'bottle', 'object_center_right': {'x': 540, 'y': 630}, 'object_center_left': {'x': 1427, 'y': 443}, 'right_image_aov': {'x': -13.606, 'y': 4.067}, 'left_image_aov': {'x': 15.129, 'y': -4.383}, 'orb_result': 71})]
 [(True, 124, {'object_id_r': 0, 'object_id_l': 3, 'object_name_right': 'bottle', 'object_name_left': 'couch', 'object_center_right': {'x': 806, 'y': 436}, 'object_center_left': {'x': 960, 'y': 326}, 'right_image_aov': {'x': -4.989, 'y': -4.699}, 'left_image_aov': {'x': 0.0, 'y': -9.67}, 'orb_result': 124})
  (True, 65, {'object_id_r': 1, 'object_id_l': 3, 'object_name_right': 'cup', 'object_name_left': 'couch', 'object_center_right': {'x': 540, 'y': 630}, 'object_center_left': {'x': 960, 'y': 326}, 'right_image_aov': {'x': -13.606, 'y': 4.067}, 'left_image_aov': {'x': 0.0, 'y': -9.67}, 'orb_result': 65})]]
2024-12-15 16:28:53,131 - INFO - The results of Max orb pairs are: [((2, 0), 191), ((1, 1), 83)]
2024-12-15 16:28:53,190 - INFO - The data of objects: [{'name': 'bottle', 'distance': 0.6, 'angle': 5.07}, {'name': 'cup', 'distance': 2.81, 'angle': -11.45}]
2024-12-15 16:28:53,295 - INFO - ----New round of detections----
2024-12-15 16:28:53,859 - INFO - The data of objects: []
2024-12-15 16:28:53,973 - INFO - ----New round of detections----
2024-12-15 16:28:54,560 - INFO - The data of objects: []
2024-12-15 16:28:54,666 - INFO - ----New round of detections----
2024-12-15 16:28:55,338 - INFO - The data of objects: []
2024-12-15 16:28:55,453 - INFO - ----New round of detections----
2024-12-15 16:28:56,027 - INFO - The data of objects: []
2024-12-15 16:28:56,134 - INFO - ----New round of detections----
2024-12-15 16:28:57,084 - INFO - The data of objects: []
2024-12-15 16:28:57,199 - INFO - ----New round of detections----
2024-12-15 16:28:57,797 - INFO - The data of objects: []
2024-12-15 16:28:57,907 - INFO - ----New round of detections----
2024-12-15 16:28:58,504 - INFO - The data of objects: []
2024-12-15 16:28:58,606 - INFO - ----New round of detections----
2024-12-15 16:28:59,167 - INFO - The data of objects: []
2024-12-15 16:28:59,282 - INFO - ----New round of detections----
2024-12-15 16:28:59,746 - INFO - The data of objects: []
2024-12-15 16:28:59,855 - INFO - ----New round of detections----
2024-12-15 16:29:00,430 - INFO - The data of objects: []
2024-12-15 16:29:00,546 - INFO - ----New round of detections----
2024-12-15 16:29:01,266 - INFO - The data of objects: []
2024-12-15 16:29:01,374 - INFO - ----New round of detections----
2024-12-15 16:29:01,962 - INFO - The data of objects: []
2024-12-15 16:29:02,067 - INFO - ----New round of detections----
2024-12-15 16:29:02,769 - INFO - The data of objects: []
2024-12-15 16:29:02,876 - INFO - ----New round of detections----
2024-12-15 16:29:03,404 - INFO - The data of objects: []
2024-12-15 16:29:03,508 - INFO - ----New round of detections----
2024-12-15 16:29:04,090 - INFO - The data of objects: []
2024-12-15 16:29:04,204 - INFO - ----New round of detections----
2024-12-15 16:29:04,844 - INFO - The data of objects: []
2024-12-15 16:29:04,957 - INFO - ----New round of detections----
2024-12-15 16:29:05,604 - INFO - The data of objects: []
2024-12-15 16:29:05,706 - INFO - ----New round of detections----
2024-12-15 16:29:06,286 - INFO - The data of objects: []
2024-12-15 16:29:06,396 - INFO - ----New round of detections----
2024-12-15 16:29:06,948 - INFO - The data of objects: []
2024-12-15 16:29:07,056 - INFO - ----New round of detections----
2024-12-15 16:29:07,550 - INFO - The data of objects: []
2024-12-15 16:29:07,655 - INFO - ----New round of detections----
2024-12-15 16:29:08,574 - INFO - The data of objects: []
2024-12-15 16:29:08,681 - INFO - ----New round of detections----
2024-12-15 16:29:09,309 - INFO - The data of objects: []
2024-12-15 16:29:09,419 - INFO - ----New round of detections----
2024-12-15 16:29:09,886 - CRITICAL - Critical error in while loop
Traceback (most recent call last):
  File "c:\Users\User\OneDrive - Afeka College Of Engineering\שולחן העבודה\final Project - Eye sight\code\main_with_gui.py", line 325, in processing_loop
    radar_display.update_display(radar_objects)
  File "c:\Users\User\OneDrive - Afeka College Of Engineering\שולחן העבודה\final Project - Eye sight\code\OOP_GUI_radar.py", line 58, in update_display
    self.canvas.draw()
  File "C:\Users\User\AppData\Local\Packages\PythonSoftwareFoundation.Python.3.9_qbz5n2kfra8p0\LocalCache\local-packages\Python39\site-packages\matplotlib\backends\backend_tkagg.py", line 11, in draw
    self.blit()
  File "C:\Users\User\AppData\Local\Packages\PythonSoftwareFoundation.Python.3.9_qbz5n2kfra8p0\LocalCache\local-packages\Python39\site-packages\matplotlib\backends\backend_tkagg.py", line 14, in blit
    _backend_tk.blit(self._tkphoto, self.renderer.buffer_rgba(),
  File "C:\Users\User\AppData\Local\Packages\PythonSoftwareFoundation.Python.3.9_qbz5n2kfra8p0\LocalCache\local-packages\Python39\site-packages\matplotlib\backends\_backend_tk.py", line 119, in blit
    photoimage.tk.call(_blit_tcl_name, argsid)
_tkinter.TclError
2024-12-15 16:29:09,888 - INFO - The video ended and now the App will be close! Bey Bey
