2024-12-27 23:59:34,936 - INFO - Application started
2024-12-27 23:59:45,137 - INFO - ----------GPU details----------
2024-12-27 23:59:45,138 - INFO - PyTorch version: 2.5.1+cu124
2024-12-27 23:59:45,138 - INFO - CUDA device: NVIDIA RTX 3500 Ada Generation Laptop GPU
2024-12-27 23:59:45,138 - INFO - ----------Processing loop started----------
2024-12-27 23:59:53,424 - INFO - ----New round of detections----
2024-12-27 23:59:55,568 - INFO - The data of objects: []
2024-12-27 23:59:55,568 - INFO - ----New round of detections----
2024-12-27 23:59:55,855 - INFO - The data of objects: []
2024-12-27 23:59:55,855 - INFO - ----New round of detections----
2024-12-27 23:59:56,146 - INFO - The data of objects: []
2024-12-27 23:59:56,146 - INFO - ----New round of detections----
2024-12-27 23:59:56,420 - INFO - The data of objects: []
2024-12-27 23:59:56,420 - INFO - ----New round of detections----
2024-12-27 23:59:56,690 - INFO - The data of objects: []
2024-12-27 23:59:56,691 - INFO - ----New round of detections----
2024-12-27 23:59:56,929 - INFO - The data of objects: []
2024-12-27 23:59:56,929 - INFO - ----New round of detections----
2024-12-27 23:59:57,175 - INFO - The data of objects: []
2024-12-27 23:59:57,175 - INFO - ----New round of detections----
2024-12-27 23:59:57,459 - INFO - The data of objects: []
2024-12-27 23:59:57,459 - INFO - ----New round of detections----
2024-12-27 23:59:57,756 - INFO - The data of objects: []
2024-12-27 23:59:57,756 - INFO - ----New round of detections----
2024-12-27 23:59:58,014 - INFO - The data of objects: []
2024-12-27 23:59:58,014 - INFO - ----New round of detections----
2024-12-27 23:59:58,281 - INFO - The data of objects: []
2024-12-27 23:59:58,282 - INFO - ----New round of detections----
2024-12-27 23:59:58,529 - INFO - The data of objects: []
2024-12-27 23:59:58,529 - INFO - ----New round of detections----
2024-12-27 23:59:58,792 - INFO - The data of objects: []
2024-12-27 23:59:58,792 - INFO - ----New round of detections----
2024-12-27 23:59:59,089 - INFO - The data of objects: []
2024-12-27 23:59:59,089 - INFO - ----New round of detections----
2024-12-27 23:59:59,354 - INFO - The data of objects: []
2024-12-27 23:59:59,354 - INFO - ----New round of detections----
2024-12-27 23:59:59,605 - INFO - The data of objects: []
2024-12-27 23:59:59,605 - INFO - ----New round of detections----
2024-12-27 23:59:59,883 - INFO - The data of objects: []
2024-12-27 23:59:59,883 - INFO - ----New round of detections----
2024-12-28 00:00:00,187 - INFO - The data of objects: []
2024-12-28 00:00:00,188 - INFO - ----New round of detections----
2024-12-28 00:00:00,501 - INFO - The data of objects: []
2024-12-28 00:00:00,501 - INFO - ----New round of detections----
2024-12-28 00:00:00,766 - INFO - The data of objects: []
2024-12-28 00:00:00,766 - INFO - ----New round of detections----
2024-12-28 00:00:01,030 - INFO - The data of objects: []
2024-12-28 00:00:01,030 - INFO - ----New round of detections----
2024-12-28 00:00:01,301 - INFO - The data of objects: []
2024-12-28 00:00:01,301 - INFO - ----New round of detections----
2024-12-28 00:00:01,560 - INFO - The data of objects: []
2024-12-28 00:00:01,561 - INFO - ----New round of detections----
2024-12-28 00:00:01,820 - INFO - The data of objects: []
2024-12-28 00:00:01,820 - INFO - ----New round of detections----
2024-12-28 00:00:02,111 - INFO - The data of objects: []
2024-12-28 00:00:02,111 - INFO - ----New round of detections----
2024-12-28 00:00:02,467 - INFO - The data of objects: []
2024-12-28 00:00:02,468 - INFO - ----New round of detections----
2024-12-28 00:00:02,761 - INFO - The data of objects: []
2024-12-28 00:00:02,761 - INFO - ----New round of detections----
2024-12-28 00:00:03,046 - INFO - The data of objects: []
2024-12-28 00:00:03,047 - INFO - ----New round of detections----
2024-12-28 00:00:03,357 - INFO - The data of objects: []
2024-12-28 00:00:03,357 - INFO - ----New round of detections----
2024-12-28 00:00:03,648 - INFO - The data of objects: []
2024-12-28 00:00:03,649 - INFO - ----New round of detections----
2024-12-28 00:00:03,923 - INFO - The data of objects: []
2024-12-28 00:00:03,923 - INFO - ----New round of detections----
2024-12-28 00:00:04,228 - INFO - The data of objects: []
2024-12-28 00:00:04,228 - INFO - ----New round of detections----
2024-12-28 00:00:04,502 - INFO - The data of objects: []
2024-12-28 00:00:04,502 - INFO - ----New round of detections----
2024-12-28 00:00:04,805 - INFO - The data of objects: []
2024-12-28 00:00:04,806 - INFO - ----New round of detections----
2024-12-28 00:00:05,097 - INFO - The data of objects: []
2024-12-28 00:00:05,098 - INFO - ----New round of detections----
2024-12-28 00:00:05,373 - INFO - The data of objects: []
2024-12-28 00:00:05,373 - INFO - ----New round of detections----
2024-12-28 00:00:05,659 - INFO - The data of objects: []
2024-12-28 00:00:05,660 - INFO - ----New round of detections----
2024-12-28 00:00:05,934 - INFO - The data of objects: []
2024-12-28 00:00:05,934 - INFO - ----New round of detections----
2024-12-28 00:00:06,190 - INFO - The data of objects: []
2024-12-28 00:00:06,190 - INFO - ----New round of detections----
2024-12-28 00:00:06,467 - INFO - The data of objects: []
2024-12-28 00:00:06,467 - INFO - ----New round of detections----
2024-12-28 00:00:06,739 - INFO - The data of objects: []
2024-12-28 00:00:06,739 - INFO - ----New round of detections----
2024-12-28 00:00:07,004 - INFO - The data of objects: []
2024-12-28 00:00:07,004 - INFO - ----New round of detections----
2024-12-28 00:00:07,248 - INFO - The data of objects: []
2024-12-28 00:00:07,248 - INFO - ----New round of detections----
2024-12-28 00:00:07,520 - INFO - The data of objects: []
2024-12-28 00:00:07,520 - INFO - ----New round of detections----
2024-12-28 00:00:07,767 - INFO - The data of objects: []
2024-12-28 00:00:07,767 - INFO - ----New round of detections----
2024-12-28 00:00:08,007 - INFO - The data of objects: []
2024-12-28 00:00:08,008 - INFO - ----New round of detections----
2024-12-28 00:00:08,294 - INFO - The data of objects: []
2024-12-28 00:00:08,294 - INFO - ----New round of detections----
2024-12-28 00:00:08,538 - INFO - The data of objects: []
2024-12-28 00:00:08,538 - INFO - ----New round of detections----
2024-12-28 00:00:08,825 - INFO - The data of objects: []
2024-12-28 00:00:08,825 - INFO - ----New round of detections----
2024-12-28 00:00:09,126 - INFO - The data of objects: []
2024-12-28 00:00:09,126 - INFO - ----New round of detections----
2024-12-28 00:00:09,388 - INFO - The data of objects: []
2024-12-28 00:00:09,388 - INFO - ----New round of detections----
2024-12-28 00:00:09,662 - INFO - The data of objects: []
2024-12-28 00:00:09,663 - INFO - ----New round of detections----
2024-12-28 00:00:09,912 - INFO - The data of objects: []
2024-12-28 00:00:09,912 - INFO - ----New round of detections----
2024-12-28 00:00:10,187 - INFO - The data of objects: []
2024-12-28 00:00:10,187 - INFO - ----New round of detections----
2024-12-28 00:00:10,451 - INFO - The data of objects: []
2024-12-28 00:00:10,451 - INFO - ----New round of detections----
2024-12-28 00:00:10,697 - INFO - The data of objects: []
2024-12-28 00:00:10,697 - INFO - ----New round of detections----
2024-12-28 00:00:10,972 - INFO - The data of objects: []
2024-12-28 00:00:10,972 - INFO - ----New round of detections----
2024-12-28 00:00:11,214 - INFO - The data of objects: []
2024-12-28 00:00:11,215 - INFO - ----New round of detections----
2024-12-28 00:00:11,489 - INFO - The data of objects: []
2024-12-28 00:00:11,489 - INFO - ----New round of detections----
2024-12-28 00:00:11,735 - INFO - The data of objects: []
2024-12-28 00:00:11,735 - INFO - ----New round of detections----
2024-12-28 00:00:11,995 - INFO - The data of objects: []
2024-12-28 00:00:11,995 - INFO - ----New round of detections----
2024-12-28 00:00:12,280 - INFO - The data of objects: []
2024-12-28 00:00:12,280 - INFO - ----New round of detections----
2024-12-28 00:00:12,542 - INFO - The data of objects: []
2024-12-28 00:00:12,543 - INFO - ----New round of detections----
2024-12-28 00:00:12,795 - INFO - The data of objects: []
2024-12-28 00:00:12,795 - INFO - ----New round of detections----
2024-12-28 00:00:13,062 - INFO - The data of objects: []
2024-12-28 00:00:13,062 - INFO - ----New round of detections----
2024-12-28 00:00:13,333 - INFO - The data of objects: []
2024-12-28 00:00:13,333 - INFO - ----New round of detections----
2024-12-28 00:00:13,632 - INFO - The data of objects: []
2024-12-28 00:00:13,632 - INFO - ----New round of detections----
2024-12-28 00:00:13,883 - INFO - The data of objects: []
2024-12-28 00:00:13,883 - INFO - ----New round of detections----
2024-12-28 00:00:14,151 - INFO - The data of objects: []
2024-12-28 00:00:14,151 - INFO - ----New round of detections----
2024-12-28 00:00:14,435 - INFO - The data of objects: []
2024-12-28 00:00:14,435 - INFO - ----New round of detections----
2024-12-28 00:00:14,679 - INFO - The data of objects: []
2024-12-28 00:00:14,679 - INFO - ----New round of detections----
2024-12-28 00:00:14,957 - INFO - The data of objects: []
2024-12-28 00:00:14,957 - INFO - ----New round of detections----
2024-12-28 00:00:15,251 - INFO - The data of objects: []
2024-12-28 00:00:15,251 - INFO - ----New round of detections----
2024-12-28 00:00:15,506 - INFO - The data of objects: []
2024-12-28 00:00:15,506 - INFO - ----New round of detections----
2024-12-28 00:00:15,861 - INFO - The data of objects: []
2024-12-28 00:00:15,862 - INFO - ----New round of detections----
2024-12-28 00:00:16,287 - INFO - The data of objects: []
2024-12-28 00:00:16,288 - INFO - ----New round of detections----
2024-12-28 00:00:16,584 - INFO - The data of objects: []
2024-12-28 00:00:16,584 - INFO - ----New round of detections----
2024-12-28 00:00:16,877 - INFO - The data of objects: []
2024-12-28 00:00:16,877 - INFO - ----New round of detections----
2024-12-28 00:00:17,176 - INFO - The data of objects: []
2024-12-28 00:00:17,176 - INFO - ----New round of detections----
2024-12-28 00:00:17,476 - INFO - The data of objects: []
2024-12-28 00:00:17,477 - INFO - ----New round of detections----
2024-12-28 00:00:17,780 - INFO - The data of objects: []
2024-12-28 00:00:17,780 - INFO - ----New round of detections----
2024-12-28 00:00:18,084 - INFO - The data of objects: []
2024-12-28 00:00:18,084 - INFO - ----New round of detections----
2024-12-28 00:00:18,363 - INFO - The data of objects: []
2024-12-28 00:00:18,363 - INFO - ----New round of detections----
2024-12-28 00:00:18,660 - INFO - The data of objects: []
2024-12-28 00:00:18,660 - INFO - ----New round of detections----
2024-12-28 00:00:18,999 - INFO - The data of objects: []
2024-12-28 00:00:18,999 - INFO - ----New round of detections----
2024-12-28 00:00:19,313 - INFO - The data of objects: []
2024-12-28 00:00:19,313 - INFO - ----New round of detections----
2024-12-28 00:00:19,644 - INFO - The data of objects: []
2024-12-28 00:00:19,644 - INFO - ----New round of detections----
2024-12-28 00:00:19,932 - INFO - The data of objects: []
2024-12-28 00:00:19,932 - INFO - ----New round of detections----
2024-12-28 00:00:20,207 - INFO - The data of objects: []
2024-12-28 00:00:20,207 - INFO - ----New round of detections----
2024-12-28 00:00:20,552 - INFO - The data of objects: []
2024-12-28 00:00:20,552 - INFO - ----New round of detections----
2024-12-28 00:00:20,849 - INFO - The data of objects: []
2024-12-28 00:00:20,849 - INFO - ----New round of detections----
2024-12-28 00:00:21,129 - INFO - The data of objects: []
2024-12-28 00:00:21,129 - INFO - ----New round of detections----
2024-12-28 00:00:21,407 - INFO - The data of objects: []
2024-12-28 00:00:21,407 - INFO - ----New round of detections----
2024-12-28 00:00:21,734 - INFO - The data of objects: []
2024-12-28 00:00:21,734 - INFO - ----New round of detections----
2024-12-28 00:00:22,004 - INFO - The data of objects: []
2024-12-28 00:00:22,004 - INFO - ----New round of detections----
2024-12-28 00:00:22,311 - INFO - The data of objects: []
2024-12-28 00:00:22,311 - INFO - ----New round of detections----
2024-12-28 00:00:22,620 - INFO - The data of objects: []
2024-12-28 00:00:22,620 - INFO - ----New round of detections----
2024-12-28 00:00:22,912 - INFO - The data of objects: []
2024-12-28 00:00:22,912 - INFO - ----New round of detections----
2024-12-28 00:00:23,212 - INFO - The data of objects: []
2024-12-28 00:00:23,212 - INFO - ----New round of detections----
2024-12-28 00:00:23,521 - INFO - The data of objects: []
2024-12-28 00:00:23,521 - INFO - ----New round of detections----
2024-12-28 00:00:23,840 - INFO - The data of objects: []
2024-12-28 00:00:23,840 - INFO - ----New round of detections----
2024-12-28 00:00:24,124 - INFO - The data of objects: []
2024-12-28 00:00:24,124 - INFO - ----New round of detections----
2024-12-28 00:00:24,437 - INFO - The data of objects: []
2024-12-28 00:00:24,438 - INFO - ----New round of detections----
2024-12-28 00:00:24,741 - INFO - The data of objects: []
2024-12-28 00:00:24,741 - INFO - ----New round of detections----
2024-12-28 00:00:25,031 - INFO - The data of objects: []
2024-12-28 00:00:25,031 - INFO - ----New round of detections----
2024-12-28 00:00:25,328 - INFO - The data of objects: []
2024-12-28 00:00:25,328 - INFO - ----New round of detections----
2024-12-28 00:00:25,619 - INFO - The data of objects: []
2024-12-28 00:00:25,619 - INFO - ----New round of detections----
2024-12-28 00:00:25,909 - INFO - The data of objects: []
2024-12-28 00:00:25,909 - INFO - ----New round of detections----
2024-12-28 00:00:26,204 - INFO - The data of objects: []
2024-12-28 00:00:26,204 - INFO - ----New round of detections----
2024-12-28 00:00:26,488 - INFO - The data of objects: []
2024-12-28 00:00:26,488 - INFO - ----New round of detections----
2024-12-28 00:00:26,800 - INFO - The data of objects: []
2024-12-28 00:00:26,800 - INFO - ----New round of detections----
2024-12-28 00:00:27,121 - INFO - The data of objects: []
2024-12-28 00:00:27,122 - INFO - ----New round of detections----
2024-12-28 00:00:27,426 - INFO - The data of objects: []
2024-12-28 00:00:27,426 - INFO - ----New round of detections----
2024-12-28 00:00:27,740 - INFO - The data of objects: []
2024-12-28 00:00:27,740 - INFO - ----New round of detections----
2024-12-28 00:00:28,076 - INFO - The data of objects: []
2024-12-28 00:00:28,076 - INFO - ----New round of detections----
2024-12-28 00:00:28,369 - INFO - The data of objects: []
2024-12-28 00:00:28,369 - INFO - ----New round of detections----
2024-12-28 00:00:28,680 - INFO - The data of objects: []
2024-12-28 00:00:28,680 - INFO - ----New round of detections----
2024-12-28 00:00:28,984 - INFO - The data of objects: []
2024-12-28 00:00:28,984 - INFO - ----New round of detections----
2024-12-28 00:00:29,324 - INFO - The data of objects: []
2024-12-28 00:00:29,324 - INFO - ----New round of detections----
2024-12-28 00:00:30,006 - INFO - -----------------------------------------------------
2024-12-28 00:00:30,006 - INFO - 
the correlation matrixe: [[(True, 112, {'object_id_r': 0, 'object_id_l': 0, 'confidence_r': 60.81, 'confidence_l': 85.68, 'object_name_right': 'person', 'object_name_left': 'person', 'object_center_right': {'x': 952, 'y': 520}, 'object_center_left': {'x': 1003, 'y': 756}, 'right_image_aov': {'x': -0.259, 'y': -0.904}, 'left_image_aov': {'x': 1.393, 'y': 9.76}, 'orb_result': 112})]]
2024-12-28 00:00:30,006 - INFO - The results of Max orb pairs are: [((0, 0), 112)]
2024-12-28 00:00:30,042 - INFO - The data of objects: [{'name': 'person', 'distance': 7.33, 'angle': 0.57}]
2024-12-28 00:00:30,043 - INFO - ----New round of detections----
2024-12-28 00:00:30,393 - INFO - -----------------------------------------------------
2024-12-28 00:00:30,394 - INFO - 
the correlation matrixe: [[(True, 57, {'object_id_r': 0, 'object_id_l': 0, 'confidence_r': 63.46, 'confidence_l': 85.54, 'object_name_right': 'person', 'object_name_left': 'person', 'object_center_right': {'x': 960, 'y': 524}, 'object_center_left': {'x': 1019, 'y': 757}, 'right_image_aov': {'x': 0.0, 'y': -0.723}, 'left_image_aov': {'x': 1.911, 'y': 9.805}, 'orb_result': 57})]]
2024-12-28 00:00:30,394 - INFO - The results of Max orb pairs are: [((0, 0), 57)]
2024-12-28 00:00:30,430 - INFO - The data of objects: [{'name': 'person', 'distance': 6.34, 'angle': 0.96}]
2024-12-28 00:00:30,430 - INFO - ----New round of detections----
2024-12-28 00:00:30,752 - INFO - The data of objects: []
2024-12-28 00:00:30,752 - INFO - ----New round of detections----
2024-12-28 00:00:31,045 - INFO - The data of objects: []
2024-12-28 00:00:31,045 - INFO - ----New round of detections----
2024-12-28 00:00:31,363 - INFO - The data of objects: []
2024-12-28 00:00:31,363 - INFO - ----New round of detections----
2024-12-28 00:00:31,700 - INFO - The data of objects: []
2024-12-28 00:00:31,700 - INFO - ----New round of detections----
2024-12-28 00:00:31,983 - INFO - The data of objects: []
2024-12-28 00:00:31,983 - INFO - ----New round of detections----
2024-12-28 00:00:32,263 - INFO - The data of objects: []
2024-12-28 00:00:32,263 - INFO - ----New round of detections----
2024-12-28 00:00:32,566 - INFO - The data of objects: []
2024-12-28 00:00:32,566 - INFO - ----New round of detections----
2024-12-28 00:00:32,888 - INFO - The data of objects: []
2024-12-28 00:00:32,888 - INFO - ----New round of detections----
2024-12-28 00:00:33,208 - INFO - The data of objects: []
2024-12-28 00:00:33,208 - INFO - ----New round of detections----
2024-12-28 00:00:33,550 - INFO - The data of objects: []
2024-12-28 00:00:33,550 - INFO - ----New round of detections----
2024-12-28 00:00:33,857 - INFO - The data of objects: []
2024-12-28 00:00:33,858 - INFO - ----New round of detections----
2024-12-28 00:00:34,153 - INFO - The data of objects: []
2024-12-28 00:00:34,153 - INFO - ----New round of detections----
2024-12-28 00:00:34,441 - INFO - The data of objects: []
2024-12-28 00:00:34,441 - INFO - ----New round of detections----
2024-12-28 00:00:34,758 - INFO - The data of objects: []
2024-12-28 00:00:34,758 - INFO - ----New round of detections----
2024-12-28 00:00:35,060 - INFO - The data of objects: []
2024-12-28 00:00:35,061 - INFO - ----New round of detections----
2024-12-28 00:00:35,343 - INFO - The data of objects: []
2024-12-28 00:00:35,343 - INFO - ----New round of detections----
2024-12-28 00:00:35,653 - INFO - The data of objects: []
2024-12-28 00:00:35,653 - INFO - ----New round of detections----
2024-12-28 00:00:35,930 - INFO - The data of objects: []
2024-12-28 00:00:35,931 - INFO - ----New round of detections----
2024-12-28 00:00:36,243 - INFO - The data of objects: []
2024-12-28 00:00:36,243 - INFO - ----New round of detections----
2024-12-28 00:00:36,537 - INFO - The data of objects: []
2024-12-28 00:00:36,537 - INFO - ----New round of detections----
2024-12-28 00:00:36,828 - INFO - The data of objects: []
2024-12-28 00:00:36,828 - INFO - ----New round of detections----
2024-12-28 00:00:37,117 - INFO - The data of objects: []
2024-12-28 00:00:37,117 - INFO - ----New round of detections----
2024-12-28 00:00:37,447 - INFO - The data of objects: []
2024-12-28 00:00:37,447 - INFO - ----New round of detections----
2024-12-28 00:00:37,772 - INFO - The data of objects: []
2024-12-28 00:00:37,773 - INFO - ----New round of detections----
2024-12-28 00:00:38,090 - INFO - The data of objects: []
2024-12-28 00:00:38,090 - INFO - ----New round of detections----
2024-12-28 00:00:38,368 - INFO - The data of objects: []
2024-12-28 00:00:38,368 - INFO - ----New round of detections----
2024-12-28 00:00:38,691 - INFO - The data of objects: []
2024-12-28 00:00:38,691 - INFO - ----New round of detections----
2024-12-28 00:00:38,997 - INFO - The data of objects: []
2024-12-28 00:00:38,997 - INFO - ----New round of detections----
2024-12-28 00:00:39,309 - INFO - The data of objects: []
2024-12-28 00:00:39,309 - INFO - ----New round of detections----
2024-12-28 00:00:39,612 - INFO - The data of objects: []
2024-12-28 00:00:39,612 - INFO - ----New round of detections----
2024-12-28 00:00:39,928 - INFO - The data of objects: []
2024-12-28 00:00:39,928 - INFO - ----New round of detections----
2024-12-28 00:00:40,238 - INFO - The data of objects: []
2024-12-28 00:00:40,238 - INFO - ----New round of detections----
2024-12-28 00:00:40,570 - INFO - The data of objects: []
2024-12-28 00:00:40,570 - INFO - ----New round of detections----
2024-12-28 00:00:40,927 - INFO - The data of objects: []
2024-12-28 00:00:40,927 - INFO - ----New round of detections----
2024-12-28 00:00:41,239 - INFO - The data of objects: []
2024-12-28 00:00:41,239 - INFO - ----New round of detections----
2024-12-28 00:00:41,552 - INFO - The data of objects: []
2024-12-28 00:00:41,552 - INFO - ----New round of detections----
2024-12-28 00:00:41,884 - INFO - The data of objects: []
2024-12-28 00:00:41,884 - INFO - ----New round of detections----
2024-12-28 00:00:42,199 - INFO - The data of objects: []
2024-12-28 00:00:42,200 - INFO - ----New round of detections----
2024-12-28 00:00:42,517 - CRITICAL - Critical error in while loop
Traceback (most recent call last):
  File "c:\Users\shai.y\Documents\Naggles_tmp-main\code\main_with_gui.py", line 332, in processing_loop
    radar_display.update_display(radar_objects)
  File "c:\Users\shai.y\Documents\Naggles_tmp-main\code\OOP_GUI_radar.py", line 58, in update_display
    self.canvas.draw()
  File "C:\Users\shai.y\AppData\Roaming\Python\Python310\site-packages\matplotlib\backends\backend_tkagg.py", line 11, in draw
    self.blit()
  File "C:\Users\shai.y\AppData\Roaming\Python\Python310\site-packages\matplotlib\backends\backend_tkagg.py", line 14, in blit
    _backend_tk.blit(self._tkphoto, self.renderer.buffer_rgba(),
  File "C:\Users\shai.y\AppData\Roaming\Python\Python310\site-packages\matplotlib\backends\_backend_tk.py", line 116, in blit
    photoimage.tk.call(_blit_tcl_name, argsid)
_tkinter.TclError
2024-12-28 00:00:42,519 - INFO - The video ended and now the App will be close! Bey Bey
